CRITICAL - 2022-09-15 21:59:24 --> Undefined variable: thn_lulus
#0 D:\Teknik Informatika\SKRIPSI\tcunnur\app\Views\layout\admin\v_footer.php(70): CodeIgniter\Debug\Exceptions->errorHandler(8, 'Undefined varia...', 'D:\\Teknik Infor...', 70, Array)
#1 D:\Teknik Informatika\SKRIPSI\tcunnur\system\View\View.php(210): include('D:\\Teknik Infor...')
#2 D:\Teknik Informatika\SKRIPSI\tcunnur\system\View\View.php(213): CodeIgniter\View\View->CodeIgniter\View\{closure}()
#3 D:\Teknik Informatika\SKRIPSI\tcunnur\system\Common.php(1089): CodeIgniter\View\View->render('layout/admin/v_...', Array, true)
#4 D:\Teknik Informatika\SKRIPSI\tcunnur\app\Views\layout\admin\v_wrapper.php(6): view('layout/admin/v_...')
#5 D:\Teknik Informatika\SKRIPSI\tcunnur\system\View\View.php(210): include('D:\\Teknik Infor...')
#6 D:\Teknik Informatika\SKRIPSI\tcunnur\system\View\View.php(213): CodeIgniter\View\View->CodeIgniter\View\{closure}()
#7 D:\Teknik Informatika\SKRIPSI\tcunnur\system\Common.php(1089): CodeIgniter\View\View->render('layout/admin/v_...', Array, true)
#8 D:\Teknik Informatika\SKRIPSI\tcunnur\app\Controllers\Hasil.php(25): view('layout/admin/v_...', Array)
#9 D:\Teknik Informatika\SKRIPSI\tcunnur\system\CodeIgniter.php(825): App\Controllers\Hasil->index()
#10 D:\Teknik Informatika\SKRIPSI\tcunnur\system\CodeIgniter.php(412): CodeIgniter\CodeIgniter->runController(Object(App\Controllers\Hasil))
#11 D:\Teknik Informatika\SKRIPSI\tcunnur\system\CodeIgniter.php(320): CodeIgniter\CodeIgniter->handleRequest(NULL, Object(Config\Cache), false)
#12 D:\Teknik Informatika\SKRIPSI\tcunnur\public\index.php(37): CodeIgniter\CodeIgniter->run()
#13 D:\Teknik Informatika\SKRIPSI\tcunnur\system\Commands\Server\rewrite.php(43): require_once('D:\\Teknik Infor...')
#14 {main}
CRITICAL - 2022-09-15 21:59:44 --> Undefined variable: thn_lulus
#0 D:\Teknik Informatika\SKRIPSI\tcunnur\app\Views\layout\admin\v_footer.php(70): CodeIgniter\Debug\Exceptions->errorHandler(8, 'Undefined varia...', 'D:\\Teknik Infor...', 70, Array)
#1 D:\Teknik Informatika\SKRIPSI\tcunnur\system\View\View.php(210): include('D:\\Teknik Infor...')
#2 D:\Teknik Informatika\SKRIPSI\tcunnur\system\View\View.php(213): CodeIgniter\View\View->CodeIgniter\View\{closure}()
#3 D:\Teknik Informatika\SKRIPSI\tcunnur\system\Common.php(1089): CodeIgniter\View\View->render('layout/admin/v_...', Array, true)
#4 D:\Teknik Informatika\SKRIPSI\tcunnur\app\Views\layout\admin\v_wrapper.php(6): view('layout/admin/v_...')
#5 D:\Teknik Informatika\SKRIPSI\tcunnur\system\View\View.php(210): include('D:\\Teknik Infor...')
#6 D:\Teknik Informatika\SKRIPSI\tcunnur\system\View\View.php(213): CodeIgniter\View\View->CodeIgniter\View\{closure}()
#7 D:\Teknik Informatika\SKRIPSI\tcunnur\system\Common.php(1089): CodeIgniter\View\View->render('layout/admin/v_...', Array, true)
#8 D:\Teknik Informatika\SKRIPSI\tcunnur\app\Controllers\Hasil.php(37): view('layout/admin/v_...', Array)
#9 D:\Teknik Informatika\SKRIPSI\tcunnur\system\CodeIgniter.php(825): App\Controllers\Hasil->detail_hasil('3')
#10 D:\Teknik Informatika\SKRIPSI\tcunnur\system\CodeIgniter.php(412): CodeIgniter\CodeIgniter->runController(Object(App\Controllers\Hasil))
#11 D:\Teknik Informatika\SKRIPSI\tcunnur\system\CodeIgniter.php(320): CodeIgniter\CodeIgniter->handleRequest(NULL, Object(Config\Cache), false)
#12 D:\Teknik Informatika\SKRIPSI\tcunnur\public\index.php(37): CodeIgniter\CodeIgniter->run()
#13 D:\Teknik Informatika\SKRIPSI\tcunnur\system\Commands\Server\rewrite.php(43): require_once('D:\\Teknik Infor...')
#14 {main}
CRITICAL - 2022-09-15 21:59:45 --> Trying to access array offset on value of type null
#0 D:\Teknik Informatika\SKRIPSI\tcunnur\app\Controllers\Hasil.php(33): CodeIgniter\Debug\Exceptions->errorHandler(8, 'Trying to acces...', 'D:\\Teknik Infor...', 33, Array)
#1 D:\Teknik Informatika\SKRIPSI\tcunnur\system\CodeIgniter.php(825): App\Controllers\Hasil->detail_hasil('plugins', 'fontawesome-fre...', 'css', 'all.min.css')
#2 D:\Teknik Informatika\SKRIPSI\tcunnur\system\CodeIgniter.php(412): CodeIgniter\CodeIgniter->runController(Object(App\Controllers\Hasil))
#3 D:\Teknik Informatika\SKRIPSI\tcunnur\system\CodeIgniter.php(320): CodeIgniter\CodeIgniter->handleRequest(NULL, Object(Config\Cache), false)
#4 D:\Teknik Informatika\SKRIPSI\tcunnur\public\index.php(37): CodeIgniter\CodeIgniter->run()
#5 D:\Teknik Informatika\SKRIPSI\tcunnur\system\Commands\Server\rewrite.php(43): require_once('D:\\Teknik Infor...')
#6 {main}
CRITICAL - 2022-09-15 22:01:13 --> Undefined variable: thn_lulus
#0 D:\Teknik Informatika\SKRIPSI\tcunnur\app\Views\layout\admin\v_footer.php(70): CodeIgniter\Debug\Exceptions->errorHandler(8, 'Undefined varia...', 'D:\\Teknik Infor...', 70, Array)
#1 D:\Teknik Informatika\SKRIPSI\tcunnur\system\View\View.php(210): include('D:\\Teknik Infor...')
#2 D:\Teknik Informatika\SKRIPSI\tcunnur\system\View\View.php(213): CodeIgniter\View\View->CodeIgniter\View\{closure}()
#3 D:\Teknik Informatika\SKRIPSI\tcunnur\system\Common.php(1089): CodeIgniter\View\View->render('layout/admin/v_...', Array, true)
#4 D:\Teknik Informatika\SKRIPSI\tcunnur\app\Views\layout\admin\v_wrapper.php(6): view('layout/admin/v_...')
#5 D:\Teknik Informatika\SKRIPSI\tcunnur\system\View\View.php(210): include('D:\\Teknik Infor...')
#6 D:\Teknik Informatika\SKRIPSI\tcunnur\system\View\View.php(213): CodeIgniter\View\View->CodeIgniter\View\{closure}()
#7 D:\Teknik Informatika\SKRIPSI\tcunnur\system\Common.php(1089): CodeIgniter\View\View->render('layout/admin/v_...', Array, true)
#8 D:\Teknik Informatika\SKRIPSI\tcunnur\app\Controllers\Users.php(54): view('layout/admin/v_...', Array)
#9 D:\Teknik Informatika\SKRIPSI\tcunnur\system\CodeIgniter.php(825): App\Controllers\Users->viewstatus()
#10 D:\Teknik Informatika\SKRIPSI\tcunnur\system\CodeIgniter.php(412): CodeIgniter\CodeIgniter->runController(Object(App\Controllers\Users))
#11 D:\Teknik Informatika\SKRIPSI\tcunnur\system\CodeIgniter.php(320): CodeIgniter\CodeIgniter->handleRequest(NULL, Object(Config\Cache), false)
#12 D:\Teknik Informatika\SKRIPSI\tcunnur\public\index.php(37): CodeIgniter\CodeIgniter->run()
#13 D:\Teknik Informatika\SKRIPSI\tcunnur\system\Commands\Server\rewrite.php(43): require_once('D:\\Teknik Infor...')
#14 {main}
ERROR - 2022-09-15 22:45:31 --> Unknown column 'plugins' in 'where clause'
CRITICAL - 2022-09-15 22:45:31 --> Unknown column 'plugins' in 'where clause'
#0 D:\Teknik Informatika\SKRIPSI\tcunnur\system\Database\MySQLi\Connection.php(292): mysqli->query('SELECT *\nFROM `...', 0)
#1 D:\Teknik Informatika\SKRIPSI\tcunnur\system\Database\BaseConnection.php(670): CodeIgniter\Database\MySQLi\Connection->execute('SELECT *\nFROM `...')
#2 D:\Teknik Informatika\SKRIPSI\tcunnur\system\Database\BaseConnection.php(598): CodeIgniter\Database\BaseConnection->simpleQuery('SELECT *\nFROM `...')
#3 D:\Teknik Informatika\SKRIPSI\tcunnur\system\Database\BaseBuilder.php(1455): CodeIgniter\Database\BaseConnection->query('SELECT *\nFROM `...', Array, false)
#4 D:\Teknik Informatika\SKRIPSI\tcunnur\app\Models\ModelKuesioner.php(40): CodeIgniter\Database\BaseBuilder->get()
#5 D:\Teknik Informatika\SKRIPSI\tcunnur\app\Controllers\Kuesioner.php(96): App\Models\ModelKuesioner->detail('plugins')
#6 D:\Teknik Informatika\SKRIPSI\tcunnur\system\CodeIgniter.php(825): App\Controllers\Kuesioner->add_question('plugins', 'fontawesome-fre...', 'css', 'all.min.css')
#7 D:\Teknik Informatika\SKRIPSI\tcunnur\system\CodeIgniter.php(412): CodeIgniter\CodeIgniter->runController(Object(App\Controllers\Kuesioner))
#8 D:\Teknik Informatika\SKRIPSI\tcunnur\system\CodeIgniter.php(320): CodeIgniter\CodeIgniter->handleRequest(NULL, Object(Config\Cache), false)
#9 D:\Teknik Informatika\SKRIPSI\tcunnur\public\index.php(37): CodeIgniter\CodeIgniter->run()
#10 D:\Teknik Informatika\SKRIPSI\tcunnur\system\Commands\Server\rewrite.php(43): require_once('D:\\Teknik Infor...')
#11 {main}
