CRITICAL - 2022-06-26 01:53:59 --> Trying to get property 'nama_alumni' of non-object
#0 C:\xampp\htdocs\tcunnur\app\Views\main\admin\users_detail.php(48): CodeIgniter\Debug\Exceptions->errorHandler(8, 'Trying to get p...', 'C:\\xampp\\htdocs...', 48, Array)
#1 C:\xampp\htdocs\tcunnur\system\View\View.php(210): include('C:\\xampp\\htdocs...')
#2 C:\xampp\htdocs\tcunnur\system\View\View.php(213): CodeIgniter\View\View->CodeIgniter\View\{closure}()
#3 C:\xampp\htdocs\tcunnur\system\Common.php(1089): CodeIgniter\View\View->render('main/admin/user...', Array, true)
#4 C:\xampp\htdocs\tcunnur\app\Views\layout\admin\v_content.php(3): view('main/admin/user...')
#5 C:\xampp\htdocs\tcunnur\system\View\View.php(210): include('C:\\xampp\\htdocs...')
#6 C:\xampp\htdocs\tcunnur\system\View\View.php(213): CodeIgniter\View\View->CodeIgniter\View\{closure}()
#7 C:\xampp\htdocs\tcunnur\system\Common.php(1089): CodeIgniter\View\View->render('layout/admin/v_...', Array, true)
#8 C:\xampp\htdocs\tcunnur\app\Views\layout\admin\v_wrapper.php(5): view('layout/admin/v_...')
#9 C:\xampp\htdocs\tcunnur\system\View\View.php(210): include('C:\\xampp\\htdocs...')
#10 C:\xampp\htdocs\tcunnur\system\View\View.php(213): CodeIgniter\View\View->CodeIgniter\View\{closure}()
#11 C:\xampp\htdocs\tcunnur\system\Common.php(1089): CodeIgniter\View\View->render('layout/admin/v_...', Array, true)
#12 C:\xampp\htdocs\tcunnur\app\Controllers\Users.php(96): view('layout/admin/v_...', Array)
#13 C:\xampp\htdocs\tcunnur\system\CodeIgniter.php(825): App\Controllers\Users->detail('6')
#14 C:\xampp\htdocs\tcunnur\system\CodeIgniter.php(412): CodeIgniter\CodeIgniter->runController(Object(App\Controllers\Users))
#15 C:\xampp\htdocs\tcunnur\system\CodeIgniter.php(320): CodeIgniter\CodeIgniter->handleRequest(NULL, Object(Config\Cache), false)
#16 C:\xampp\htdocs\tcunnur\public\index.php(37): CodeIgniter\CodeIgniter->run()
#17 C:\xampp\htdocs\tcunnur\system\Commands\Server\rewrite.php(43): require_once('C:\\xampp\\htdocs...')
#18 {main}
CRITICAL - 2022-06-26 06:35:19 --> Undefined variable: head
#0 C:\xampp\htdocs\tcunnur\app\Views\layout\admin\v_head.php(7): CodeIgniter\Debug\Exceptions->errorHandler(8, 'Undefined varia...', 'C:\\xampp\\htdocs...', 7, Array)
#1 C:\xampp\htdocs\tcunnur\system\View\View.php(210): include('C:\\xampp\\htdocs...')
#2 C:\xampp\htdocs\tcunnur\system\View\View.php(213): CodeIgniter\View\View->CodeIgniter\View\{closure}()
#3 C:\xampp\htdocs\tcunnur\system\Common.php(1089): CodeIgniter\View\View->render('layout/admin/v_...', Array, true)
#4 C:\xampp\htdocs\tcunnur\app\Views\layout\admin\v_wrapper.php(2): view('layout/admin/v_...')
#5 C:\xampp\htdocs\tcunnur\system\View\View.php(210): include('C:\\xampp\\htdocs...')
#6 C:\xampp\htdocs\tcunnur\system\View\View.php(213): CodeIgniter\View\View->CodeIgniter\View\{closure}()
#7 C:\xampp\htdocs\tcunnur\system\Common.php(1089): CodeIgniter\View\View->render('layout/admin/v_...', Array, true)
#8 C:\xampp\htdocs\tcunnur\app\Controllers\Home.php(14): view('layout/admin/v_...', Array)
#9 C:\xampp\htdocs\tcunnur\system\CodeIgniter.php(825): App\Controllers\Home->index()
#10 C:\xampp\htdocs\tcunnur\system\CodeIgniter.php(412): CodeIgniter\CodeIgniter->runController(Object(App\Controllers\Home))
#11 C:\xampp\htdocs\tcunnur\system\CodeIgniter.php(320): CodeIgniter\CodeIgniter->handleRequest(NULL, Object(Config\Cache), false)
#12 C:\xampp\htdocs\tcunnur\public\index.php(37): CodeIgniter\CodeIgniter->run()
#13 C:\xampp\htdocs\tcunnur\system\Commands\Server\rewrite.php(43): require_once('C:\\xampp\\htdocs...')
#14 {main}
CRITICAL - 2022-06-26 23:14:03 --> Undefined variable: head
#0 C:\xampp\htdocs\tcunnur\app\Views\layout\admin\v_head.php(7): CodeIgniter\Debug\Exceptions->errorHandler(8, 'Undefined varia...', 'C:\\xampp\\htdocs...', 7, Array)
#1 C:\xampp\htdocs\tcunnur\system\View\View.php(210): include('C:\\xampp\\htdocs...')
#2 C:\xampp\htdocs\tcunnur\system\View\View.php(213): CodeIgniter\View\View->CodeIgniter\View\{closure}()
#3 C:\xampp\htdocs\tcunnur\system\Common.php(1089): CodeIgniter\View\View->render('layout/admin/v_...', Array, true)
#4 C:\xampp\htdocs\tcunnur\app\Views\layout\admin\v_wrapper.php(2): view('layout/admin/v_...')
#5 C:\xampp\htdocs\tcunnur\system\View\View.php(210): include('C:\\xampp\\htdocs...')
#6 C:\xampp\htdocs\tcunnur\system\View\View.php(213): CodeIgniter\View\View->CodeIgniter\View\{closure}()
#7 C:\xampp\htdocs\tcunnur\system\Common.php(1089): CodeIgniter\View\View->render('layout/admin/v_...', Array, true)
#8 C:\xampp\htdocs\tcunnur\app\Controllers\Profil.php(13): view('layout/admin/v_...', Array)
#9 C:\xampp\htdocs\tcunnur\system\CodeIgniter.php(825): App\Controllers\Profil->index()
#10 C:\xampp\htdocs\tcunnur\system\CodeIgniter.php(412): CodeIgniter\CodeIgniter->runController(Object(App\Controllers\Profil))
#11 C:\xampp\htdocs\tcunnur\system\CodeIgniter.php(320): CodeIgniter\CodeIgniter->handleRequest(NULL, Object(Config\Cache), false)
#12 C:\xampp\htdocs\tcunnur\public\index.php(37): CodeIgniter\CodeIgniter->run()
#13 C:\xampp\htdocs\tcunnur\system\Commands\Server\rewrite.php(43): require_once('C:\\xampp\\htdocs...')
#14 {main}
CRITICAL - 2022-06-26 23:46:43 --> Too few arguments to function App\Models\ModelProfil::tampildata(), 0 passed in C:\xampp\htdocs\tcunnur\app\Controllers\Profil.php on line 20 and exactly 1 expected
#0 C:\xampp\htdocs\tcunnur\app\Controllers\Profil.php(20): App\Models\ModelProfil->tampildata()
#1 C:\xampp\htdocs\tcunnur\system\CodeIgniter.php(825): App\Controllers\Profil->index()
#2 C:\xampp\htdocs\tcunnur\system\CodeIgniter.php(412): CodeIgniter\CodeIgniter->runController(Object(App\Controllers\Profil))
#3 C:\xampp\htdocs\tcunnur\system\CodeIgniter.php(320): CodeIgniter\CodeIgniter->handleRequest(NULL, Object(Config\Cache), false)
#4 C:\xampp\htdocs\tcunnur\public\index.php(37): CodeIgniter\CodeIgniter->run()
#5 C:\xampp\htdocs\tcunnur\system\Commands\Server\rewrite.php(43): require_once('C:\\xampp\\htdocs...')
#6 {main}
CRITICAL - 2022-06-26 23:48:54 --> Call to undefined method CodeIgniter\Database\MySQLi\Result::where()
#0 C:\xampp\htdocs\tcunnur\system\CodeIgniter.php(825): App\Controllers\Profil->index()
#1 C:\xampp\htdocs\tcunnur\system\CodeIgniter.php(412): CodeIgniter\CodeIgniter->runController(Object(App\Controllers\Profil))
#2 C:\xampp\htdocs\tcunnur\system\CodeIgniter.php(320): CodeIgniter\CodeIgniter->handleRequest(NULL, Object(Config\Cache), false)
#3 C:\xampp\htdocs\tcunnur\public\index.php(37): CodeIgniter\CodeIgniter->run()
#4 C:\xampp\htdocs\tcunnur\system\Commands\Server\rewrite.php(43): require_once('C:\\xampp\\htdocs...')
#5 {main}
CRITICAL - 2022-06-26 23:49:19 --> Call to undefined method CodeIgniter\Database\MySQLi\Result::where()
#0 C:\xampp\htdocs\tcunnur\system\CodeIgniter.php(825): App\Controllers\Profil->index()
#1 C:\xampp\htdocs\tcunnur\system\CodeIgniter.php(412): CodeIgniter\CodeIgniter->runController(Object(App\Controllers\Profil))
#2 C:\xampp\htdocs\tcunnur\system\CodeIgniter.php(320): CodeIgniter\CodeIgniter->handleRequest(NULL, Object(Config\Cache), false)
#3 C:\xampp\htdocs\tcunnur\public\index.php(37): CodeIgniter\CodeIgniter->run()
#4 C:\xampp\htdocs\tcunnur\system\Commands\Server\rewrite.php(43): require_once('C:\\xampp\\htdocs...')
#5 {main}
CRITICAL - 2022-06-26 23:51:24 --> Call to undefined method CodeIgniter\Database\MySQLi\Result::where()
#0 C:\xampp\htdocs\tcunnur\system\CodeIgniter.php(825): App\Controllers\Profil->index()
#1 C:\xampp\htdocs\tcunnur\system\CodeIgniter.php(412): CodeIgniter\CodeIgniter->runController(Object(App\Controllers\Profil))
#2 C:\xampp\htdocs\tcunnur\system\CodeIgniter.php(320): CodeIgniter\CodeIgniter->handleRequest(NULL, Object(Config\Cache), false)
#3 C:\xampp\htdocs\tcunnur\public\index.php(37): CodeIgniter\CodeIgniter->run()
#4 C:\xampp\htdocs\tcunnur\system\Commands\Server\rewrite.php(43): require_once('C:\\xampp\\htdocs...')
#5 {main}
CRITICAL - 2022-06-26 23:51:25 --> Call to undefined method CodeIgniter\Database\MySQLi\Result::where()
#0 C:\xampp\htdocs\tcunnur\system\CodeIgniter.php(825): App\Controllers\Profil->index()
#1 C:\xampp\htdocs\tcunnur\system\CodeIgniter.php(412): CodeIgniter\CodeIgniter->runController(Object(App\Controllers\Profil))
#2 C:\xampp\htdocs\tcunnur\system\CodeIgniter.php(320): CodeIgniter\CodeIgniter->handleRequest(NULL, Object(Config\Cache), false)
#3 C:\xampp\htdocs\tcunnur\public\index.php(37): CodeIgniter\CodeIgniter->run()
#4 C:\xampp\htdocs\tcunnur\system\Commands\Server\rewrite.php(43): require_once('C:\\xampp\\htdocs...')
#5 {main}
CRITICAL - 2022-06-26 23:51:26 --> Call to undefined method CodeIgniter\Database\MySQLi\Result::where()
#0 C:\xampp\htdocs\tcunnur\system\CodeIgniter.php(825): App\Controllers\Profil->index()
#1 C:\xampp\htdocs\tcunnur\system\CodeIgniter.php(412): CodeIgniter\CodeIgniter->runController(Object(App\Controllers\Profil))
#2 C:\xampp\htdocs\tcunnur\system\CodeIgniter.php(320): CodeIgniter\CodeIgniter->handleRequest(NULL, Object(Config\Cache), false)
#3 C:\xampp\htdocs\tcunnur\public\index.php(37): CodeIgniter\CodeIgniter->run()
#4 C:\xampp\htdocs\tcunnur\system\Commands\Server\rewrite.php(43): require_once('C:\\xampp\\htdocs...')
#5 {main}
CRITICAL - 2022-06-26 23:51:26 --> Call to undefined method CodeIgniter\Database\MySQLi\Result::where()
#0 C:\xampp\htdocs\tcunnur\system\CodeIgniter.php(825): App\Controllers\Profil->index()
#1 C:\xampp\htdocs\tcunnur\system\CodeIgniter.php(412): CodeIgniter\CodeIgniter->runController(Object(App\Controllers\Profil))
#2 C:\xampp\htdocs\tcunnur\system\CodeIgniter.php(320): CodeIgniter\CodeIgniter->handleRequest(NULL, Object(Config\Cache), false)
#3 C:\xampp\htdocs\tcunnur\public\index.php(37): CodeIgniter\CodeIgniter->run()
#4 C:\xampp\htdocs\tcunnur\system\Commands\Server\rewrite.php(43): require_once('C:\\xampp\\htdocs...')
#5 {main}
CRITICAL - 2022-06-26 23:51:26 --> Call to undefined method CodeIgniter\Database\MySQLi\Result::where()
#0 C:\xampp\htdocs\tcunnur\system\CodeIgniter.php(825): App\Controllers\Profil->index()
#1 C:\xampp\htdocs\tcunnur\system\CodeIgniter.php(412): CodeIgniter\CodeIgniter->runController(Object(App\Controllers\Profil))
#2 C:\xampp\htdocs\tcunnur\system\CodeIgniter.php(320): CodeIgniter\CodeIgniter->handleRequest(NULL, Object(Config\Cache), false)
#3 C:\xampp\htdocs\tcunnur\public\index.php(37): CodeIgniter\CodeIgniter->run()
#4 C:\xampp\htdocs\tcunnur\system\Commands\Server\rewrite.php(43): require_once('C:\\xampp\\htdocs...')
#5 {main}
CRITICAL - 2022-06-26 23:51:27 --> Call to undefined method CodeIgniter\Database\MySQLi\Result::where()
#0 C:\xampp\htdocs\tcunnur\system\CodeIgniter.php(825): App\Controllers\Profil->index()
#1 C:\xampp\htdocs\tcunnur\system\CodeIgniter.php(412): CodeIgniter\CodeIgniter->runController(Object(App\Controllers\Profil))
#2 C:\xampp\htdocs\tcunnur\system\CodeIgniter.php(320): CodeIgniter\CodeIgniter->handleRequest(NULL, Object(Config\Cache), false)
#3 C:\xampp\htdocs\tcunnur\public\index.php(37): CodeIgniter\CodeIgniter->run()
#4 C:\xampp\htdocs\tcunnur\system\Commands\Server\rewrite.php(43): require_once('C:\\xampp\\htdocs...')
#5 {main}
