CRITICAL - 2022-05-04 03:19:49 -->  route cannot be found while reverse-routing.
#0 C:\xampp\htdocs\tracerunnur\system\HTTP\RedirectResponse.php(56): CodeIgniter\HTTP\Exceptions\HTTPException::forInvalidRedirectRoute('')
#1 C:\xampp\htdocs\tracerunnur\system\Common.php(832): CodeIgniter\HTTP\RedirectResponse->route(false)
#2 C:\xampp\htdocs\tracerunnur\app\Views\login\index.php(87): redirect('/login/register')
#3 C:\xampp\htdocs\tracerunnur\system\View\View.php(210): include('C:\\xampp\\htdocs...')
#4 C:\xampp\htdocs\tracerunnur\system\View\View.php(213): CodeIgniter\View\View->CodeIgniter\View\{closure}()
#5 C:\xampp\htdocs\tracerunnur\system\Common.php(1089): CodeIgniter\View\View->render('login/index', Array, true)
#6 C:\xampp\htdocs\tracerunnur\app\Controllers\Login.php(16): view('login/index')
#7 C:\xampp\htdocs\tracerunnur\system\CodeIgniter.php(825): App\Controllers\Login->index()
#8 C:\xampp\htdocs\tracerunnur\system\CodeIgniter.php(412): CodeIgniter\CodeIgniter->runController(Object(App\Controllers\Login))
#9 C:\xampp\htdocs\tracerunnur\system\CodeIgniter.php(320): CodeIgniter\CodeIgniter->handleRequest(NULL, Object(Config\Cache), false)
#10 C:\xampp\htdocs\tracerunnur\public\index.php(37): CodeIgniter\CodeIgniter->run()
#11 C:\xampp\htdocs\tracerunnur\system\Commands\Server\rewrite.php(43): require_once('C:\\xampp\\htdocs...')
#12 {main}
CRITICAL - 2022-05-04 03:20:15 -->  route cannot be found while reverse-routing.
#0 C:\xampp\htdocs\tracerunnur\system\HTTP\RedirectResponse.php(56): CodeIgniter\HTTP\Exceptions\HTTPException::forInvalidRedirectRoute('')
#1 C:\xampp\htdocs\tracerunnur\system\Common.php(832): CodeIgniter\HTTP\RedirectResponse->route(false)
#2 C:\xampp\htdocs\tracerunnur\app\Views\login\index.php(87): redirect('/login/register')
#3 C:\xampp\htdocs\tracerunnur\system\View\View.php(210): include('C:\\xampp\\htdocs...')
#4 C:\xampp\htdocs\tracerunnur\system\View\View.php(213): CodeIgniter\View\View->CodeIgniter\View\{closure}()
#5 C:\xampp\htdocs\tracerunnur\system\Common.php(1089): CodeIgniter\View\View->render('login/index', Array, true)
#6 C:\xampp\htdocs\tracerunnur\app\Controllers\Login.php(16): view('login/index')
#7 C:\xampp\htdocs\tracerunnur\system\CodeIgniter.php(825): App\Controllers\Login->index()
#8 C:\xampp\htdocs\tracerunnur\system\CodeIgniter.php(412): CodeIgniter\CodeIgniter->runController(Object(App\Controllers\Login))
#9 C:\xampp\htdocs\tracerunnur\system\CodeIgniter.php(320): CodeIgniter\CodeIgniter->handleRequest(NULL, Object(Config\Cache), false)
#10 C:\xampp\htdocs\tracerunnur\public\index.php(37): CodeIgniter\CodeIgniter->run()
#11 C:\xampp\htdocs\tracerunnur\system\Commands\Server\rewrite.php(43): require_once('C:\\xampp\\htdocs...')
#12 {main}
CRITICAL - 2022-05-04 03:21:36 --> Object of class CodeIgniter\HTTP\RedirectResponse could not be converted to string
#0 C:\xampp\htdocs\tracerunnur\system\View\View.php(210): include()
#1 C:\xampp\htdocs\tracerunnur\system\View\View.php(213): CodeIgniter\View\View->CodeIgniter\View\{closure}()
#2 C:\xampp\htdocs\tracerunnur\system\Common.php(1089): CodeIgniter\View\View->render('login/index', Array, true)
#3 C:\xampp\htdocs\tracerunnur\app\Controllers\Login.php(16): view('login/index')
#4 C:\xampp\htdocs\tracerunnur\system\CodeIgniter.php(825): App\Controllers\Login->index()
#5 C:\xampp\htdocs\tracerunnur\system\CodeIgniter.php(412): CodeIgniter\CodeIgniter->runController(Object(App\Controllers\Login))
#6 C:\xampp\htdocs\tracerunnur\system\CodeIgniter.php(320): CodeIgniter\CodeIgniter->handleRequest(NULL, Object(Config\Cache), false)
#7 C:\xampp\htdocs\tracerunnur\public\index.php(37): CodeIgniter\CodeIgniter->run()
#8 C:\xampp\htdocs\tracerunnur\system\Commands\Server\rewrite.php(43): require_once('C:\\xampp\\htdocs...')
#9 {main}
CRITICAL - 2022-05-04 03:21:37 --> Object of class CodeIgniter\HTTP\RedirectResponse could not be converted to string
#0 C:\xampp\htdocs\tracerunnur\system\View\View.php(210): include()
#1 C:\xampp\htdocs\tracerunnur\system\View\View.php(213): CodeIgniter\View\View->CodeIgniter\View\{closure}()
#2 C:\xampp\htdocs\tracerunnur\system\Common.php(1089): CodeIgniter\View\View->render('login/index', Array, true)
#3 C:\xampp\htdocs\tracerunnur\app\Controllers\Login.php(16): view('login/index')
#4 C:\xampp\htdocs\tracerunnur\system\CodeIgniter.php(825): App\Controllers\Login->index()
#5 C:\xampp\htdocs\tracerunnur\system\CodeIgniter.php(412): CodeIgniter\CodeIgniter->runController(Object(App\Controllers\Login))
#6 C:\xampp\htdocs\tracerunnur\system\CodeIgniter.php(320): CodeIgniter\CodeIgniter->handleRequest(NULL, Object(Config\Cache), false)
#7 C:\xampp\htdocs\tracerunnur\public\index.php(37): CodeIgniter\CodeIgniter->run()
#8 C:\xampp\htdocs\tracerunnur\system\Commands\Server\rewrite.php(43): require_once('C:\\xampp\\htdocs...')
#9 {main}
