CRITICAL - 2022-06-11 15:31:09 --> The framework needs the following extension(s) installed and loaded: intl.
#0 H:\SKRIPSI\tracerunnur\system\CodeIgniter.php(219): CodeIgniter\Exceptions\FrameworkException::forMissingExtension('intl')
#1 H:\SKRIPSI\tracerunnur\system\CodeIgniter.php(177): CodeIgniter\CodeIgniter->resolvePlatformExtensions()
#2 H:\SKRIPSI\tracerunnur\system\bootstrap.php(146): CodeIgniter\CodeIgniter->initialize()
#3 H:\SKRIPSI\tracerunnur\spark(45): require('H:\\SKRIPSI\\trac...')
#4 {main}
CRITICAL - 2022-06-11 15:33:42 --> The framework needs the following extension(s) installed and loaded: intl.
#0 C:\xampp\htdocs\tracerunnur\system\CodeIgniter.php(219): CodeIgniter\Exceptions\FrameworkException::forMissingExtension('intl')
#1 C:\xampp\htdocs\tracerunnur\system\CodeIgniter.php(177): CodeIgniter\CodeIgniter->resolvePlatformExtensions()
#2 C:\xampp\htdocs\tracerunnur\system\bootstrap.php(146): CodeIgniter\CodeIgniter->initialize()
#3 C:\xampp\htdocs\tracerunnur\spark(45): require('C:\\xampp\\htdocs...')
#4 {main}
CRITICAL - 2022-06-11 15:33:59 --> The framework needs the following extension(s) installed and loaded: intl.
#0 C:\xampp\htdocs\tracerunnur\system\CodeIgniter.php(219): CodeIgniter\Exceptions\FrameworkException::forMissingExtension('intl')
#1 C:\xampp\htdocs\tracerunnur\system\CodeIgniter.php(177): CodeIgniter\CodeIgniter->resolvePlatformExtensions()
#2 C:\xampp\htdocs\tracerunnur\system\bootstrap.php(146): CodeIgniter\CodeIgniter->initialize()
#3 C:\xampp\htdocs\tracerunnur\public\index.php(28): require('C:\\xampp\\htdocs...')
#4 {main}
CRITICAL - 2022-06-11 15:40:15 --> The framework needs the following extension(s) installed and loaded: intl.
#0 C:\xampp\htdocs\tracerunnur\system\CodeIgniter.php(219): CodeIgniter\Exceptions\FrameworkException::forMissingExtension('intl')
#1 C:\xampp\htdocs\tracerunnur\system\CodeIgniter.php(177): CodeIgniter\CodeIgniter->resolvePlatformExtensions()
#2 C:\xampp\htdocs\tracerunnur\system\bootstrap.php(146): CodeIgniter\CodeIgniter->initialize()
#3 C:\xampp\htdocs\tracerunnur\public\index.php(28): require('C:\\xampp\\htdocs...')
#4 {main}
CRITICAL - 2022-06-11 15:40:18 --> The framework needs the following extension(s) installed and loaded: intl.
#0 C:\xampp\htdocs\tracerunnur\system\CodeIgniter.php(219): CodeIgniter\Exceptions\FrameworkException::forMissingExtension('intl')
#1 C:\xampp\htdocs\tracerunnur\system\CodeIgniter.php(177): CodeIgniter\CodeIgniter->resolvePlatformExtensions()
#2 C:\xampp\htdocs\tracerunnur\system\bootstrap.php(146): CodeIgniter\CodeIgniter->initialize()
#3 C:\xampp\htdocs\tracerunnur\public\index.php(28): require('C:\\xampp\\htdocs...')
#4 {main}
CRITICAL - 2022-06-11 10:34:51 --> Invalid file: page/main_page.php
#0 C:\xampp\htdocs\tracerunnur\system\View\View.php(198): CodeIgniter\Exceptions\FrameworkException::forInvalidFile('page/main_page....')
#1 C:\xampp\htdocs\tracerunnur\system\Common.php(1089): CodeIgniter\View\View->render('page/main_page', Array, true)
#2 C:\xampp\htdocs\tracerunnur\app\Views\layout\page\v_content.php(3): view('page/main_page')
#3 C:\xampp\htdocs\tracerunnur\system\View\View.php(210): include('C:\\xampp\\htdocs...')
#4 C:\xampp\htdocs\tracerunnur\system\View\View.php(213): CodeIgniter\View\View->CodeIgniter\View\{closure}()
#5 C:\xampp\htdocs\tracerunnur\system\Common.php(1089): CodeIgniter\View\View->render('layout/page/v_c...', Array, true)
#6 C:\xampp\htdocs\tracerunnur\app\Views\layout\page\v_wrapper.php(4): view('layout/page/v_c...')
#7 C:\xampp\htdocs\tracerunnur\system\View\View.php(210): include('C:\\xampp\\htdocs...')
#8 C:\xampp\htdocs\tracerunnur\system\View\View.php(213): CodeIgniter\View\View->CodeIgniter\View\{closure}()
#9 C:\xampp\htdocs\tracerunnur\system\Common.php(1089): CodeIgniter\View\View->render('layout/page/v_w...', Array, true)
#10 C:\xampp\htdocs\tracerunnur\app\Controllers\Page.php(13): view('layout/page/v_w...', Array)
#11 C:\xampp\htdocs\tracerunnur\system\CodeIgniter.php(825): App\Controllers\Page->index()
#12 C:\xampp\htdocs\tracerunnur\system\CodeIgniter.php(412): CodeIgniter\CodeIgniter->runController(Object(App\Controllers\Page))
#13 C:\xampp\htdocs\tracerunnur\system\CodeIgniter.php(320): CodeIgniter\CodeIgniter->handleRequest(NULL, Object(Config\Cache), false)
#14 C:\xampp\htdocs\tracerunnur\public\index.php(37): CodeIgniter\CodeIgniter->run()
#15 C:\xampp\htdocs\tracerunnur\system\Commands\Server\rewrite.php(43): require_once('C:\\xampp\\htdocs...')
#16 {main}
CRITICAL - 2022-06-11 10:36:53 --> Invalid file: page/main_page.php
#0 C:\xampp\htdocs\tracerunnur\system\View\View.php(198): CodeIgniter\Exceptions\FrameworkException::forInvalidFile('page/main_page....')
#1 C:\xampp\htdocs\tracerunnur\system\Common.php(1089): CodeIgniter\View\View->render('page/main_page', Array, true)
#2 C:\xampp\htdocs\tracerunnur\app\Views\layout\page\v_content.php(3): view('page/main_page')
#3 C:\xampp\htdocs\tracerunnur\system\View\View.php(210): include('C:\\xampp\\htdocs...')
#4 C:\xampp\htdocs\tracerunnur\system\View\View.php(213): CodeIgniter\View\View->CodeIgniter\View\{closure}()
#5 C:\xampp\htdocs\tracerunnur\system\Common.php(1089): CodeIgniter\View\View->render('layout/page/v_c...', Array, true)
#6 C:\xampp\htdocs\tracerunnur\app\Views\layout\page\v_wrapper.php(4): view('layout/page/v_c...')
#7 C:\xampp\htdocs\tracerunnur\system\View\View.php(210): include('C:\\xampp\\htdocs...')
#8 C:\xampp\htdocs\tracerunnur\system\View\View.php(213): CodeIgniter\View\View->CodeIgniter\View\{closure}()
#9 C:\xampp\htdocs\tracerunnur\system\Common.php(1089): CodeIgniter\View\View->render('layout/page/v_w...', Array, true)
#10 C:\xampp\htdocs\tracerunnur\app\Controllers\Page.php(13): view('layout/page/v_w...', Array)
#11 C:\xampp\htdocs\tracerunnur\system\CodeIgniter.php(825): App\Controllers\Page->index()
#12 C:\xampp\htdocs\tracerunnur\system\CodeIgniter.php(412): CodeIgniter\CodeIgniter->runController(Object(App\Controllers\Page))
#13 C:\xampp\htdocs\tracerunnur\system\CodeIgniter.php(320): CodeIgniter\CodeIgniter->handleRequest(NULL, Object(Config\Cache), false)
#14 C:\xampp\htdocs\tracerunnur\public\index.php(37): CodeIgniter\CodeIgniter->run()
#15 C:\xampp\htdocs\tracerunnur\system\Commands\Server\rewrite.php(43): require_once('C:\\xampp\\htdocs...')
#16 {main}
CRITICAL - 2022-06-11 10:37:21 --> Invalid file: page/main_page.php
#0 C:\xampp\htdocs\tracerunnur\system\View\View.php(198): CodeIgniter\Exceptions\FrameworkException::forInvalidFile('page/main_page....')
#1 C:\xampp\htdocs\tracerunnur\system\Common.php(1089): CodeIgniter\View\View->render('page/main_page', Array, true)
#2 C:\xampp\htdocs\tracerunnur\app\Views\layout\page\v_content.php(3): view('page/main_page')
#3 C:\xampp\htdocs\tracerunnur\system\View\View.php(210): include('C:\\xampp\\htdocs...')
#4 C:\xampp\htdocs\tracerunnur\system\View\View.php(213): CodeIgniter\View\View->CodeIgniter\View\{closure}()
#5 C:\xampp\htdocs\tracerunnur\system\Common.php(1089): CodeIgniter\View\View->render('layout/page/v_c...', Array, true)
#6 C:\xampp\htdocs\tracerunnur\app\Views\layout\page\v_wrapper.php(4): view('layout/page/v_c...')
#7 C:\xampp\htdocs\tracerunnur\system\View\View.php(210): include('C:\\xampp\\htdocs...')
#8 C:\xampp\htdocs\tracerunnur\system\View\View.php(213): CodeIgniter\View\View->CodeIgniter\View\{closure}()
#9 C:\xampp\htdocs\tracerunnur\system\Common.php(1089): CodeIgniter\View\View->render('layout/page/v_w...', Array, true)
#10 C:\xampp\htdocs\tracerunnur\app\Controllers\Page.php(13): view('layout/page/v_w...', Array)
#11 C:\xampp\htdocs\tracerunnur\system\CodeIgniter.php(825): App\Controllers\Page->index()
#12 C:\xampp\htdocs\tracerunnur\system\CodeIgniter.php(412): CodeIgniter\CodeIgniter->runController(Object(App\Controllers\Page))
#13 C:\xampp\htdocs\tracerunnur\system\CodeIgniter.php(320): CodeIgniter\CodeIgniter->handleRequest(NULL, Object(Config\Cache), false)
#14 C:\xampp\htdocs\tracerunnur\public\index.php(37): CodeIgniter\CodeIgniter->run()
#15 C:\xampp\htdocs\tracerunnur\system\Commands\Server\rewrite.php(43): require_once('C:\\xampp\\htdocs...')
#16 {main}
CRITICAL - 2022-06-11 10:38:07 --> Invalid file: page/main_page.php
#0 C:\xampp\htdocs\tracerunnur\system\View\View.php(198): CodeIgniter\Exceptions\FrameworkException::forInvalidFile('page/main_page....')
#1 C:\xampp\htdocs\tracerunnur\system\Common.php(1089): CodeIgniter\View\View->render('page/main_page', Array, true)
#2 C:\xampp\htdocs\tracerunnur\app\Views\layout\page\v_content.php(3): view('page/main_page')
#3 C:\xampp\htdocs\tracerunnur\system\View\View.php(210): include('C:\\xampp\\htdocs...')
#4 C:\xampp\htdocs\tracerunnur\system\View\View.php(213): CodeIgniter\View\View->CodeIgniter\View\{closure}()
#5 C:\xampp\htdocs\tracerunnur\system\Common.php(1089): CodeIgniter\View\View->render('layout/page/v_c...', Array, true)
#6 C:\xampp\htdocs\tracerunnur\app\Views\layout\page\v_wrapper.php(4): view('layout/page/v_c...')
#7 C:\xampp\htdocs\tracerunnur\system\View\View.php(210): include('C:\\xampp\\htdocs...')
#8 C:\xampp\htdocs\tracerunnur\system\View\View.php(213): CodeIgniter\View\View->CodeIgniter\View\{closure}()
#9 C:\xampp\htdocs\tracerunnur\system\Common.php(1089): CodeIgniter\View\View->render('layout/page/v_w...', Array, true)
#10 C:\xampp\htdocs\tracerunnur\app\Controllers\Page.php(13): view('layout/page/v_w...', Array)
#11 C:\xampp\htdocs\tracerunnur\system\CodeIgniter.php(825): App\Controllers\Page->index()
#12 C:\xampp\htdocs\tracerunnur\system\CodeIgniter.php(412): CodeIgniter\CodeIgniter->runController(Object(App\Controllers\Page))
#13 C:\xampp\htdocs\tracerunnur\system\CodeIgniter.php(320): CodeIgniter\CodeIgniter->handleRequest(NULL, Object(Config\Cache), false)
#14 C:\xampp\htdocs\tracerunnur\public\index.php(37): CodeIgniter\CodeIgniter->run()
#15 C:\xampp\htdocs\tracerunnur\system\Commands\Server\rewrite.php(43): require_once('C:\\xampp\\htdocs...')
#16 {main}
CRITICAL - 2022-06-11 10:38:09 --> Invalid file: page/main_page.php
#0 C:\xampp\htdocs\tracerunnur\system\View\View.php(198): CodeIgniter\Exceptions\FrameworkException::forInvalidFile('page/main_page....')
#1 C:\xampp\htdocs\tracerunnur\system\Common.php(1089): CodeIgniter\View\View->render('page/main_page', Array, true)
#2 C:\xampp\htdocs\tracerunnur\app\Views\layout\page\v_content.php(3): view('page/main_page')
#3 C:\xampp\htdocs\tracerunnur\system\View\View.php(210): include('C:\\xampp\\htdocs...')
#4 C:\xampp\htdocs\tracerunnur\system\View\View.php(213): CodeIgniter\View\View->CodeIgniter\View\{closure}()
#5 C:\xampp\htdocs\tracerunnur\system\Common.php(1089): CodeIgniter\View\View->render('layout/page/v_c...', Array, true)
#6 C:\xampp\htdocs\tracerunnur\app\Views\layout\page\v_wrapper.php(4): view('layout/page/v_c...')
#7 C:\xampp\htdocs\tracerunnur\system\View\View.php(210): include('C:\\xampp\\htdocs...')
#8 C:\xampp\htdocs\tracerunnur\system\View\View.php(213): CodeIgniter\View\View->CodeIgniter\View\{closure}()
#9 C:\xampp\htdocs\tracerunnur\system\Common.php(1089): CodeIgniter\View\View->render('layout/page/v_w...', Array, true)
#10 C:\xampp\htdocs\tracerunnur\app\Controllers\Page.php(13): view('layout/page/v_w...', Array)
#11 C:\xampp\htdocs\tracerunnur\system\CodeIgniter.php(825): App\Controllers\Page->index()
#12 C:\xampp\htdocs\tracerunnur\system\CodeIgniter.php(412): CodeIgniter\CodeIgniter->runController(Object(App\Controllers\Page))
#13 C:\xampp\htdocs\tracerunnur\system\CodeIgniter.php(320): CodeIgniter\CodeIgniter->handleRequest(NULL, Object(Config\Cache), false)
#14 C:\xampp\htdocs\tracerunnur\public\index.php(37): CodeIgniter\CodeIgniter->run()
#15 C:\xampp\htdocs\tracerunnur\system\Commands\Server\rewrite.php(43): require_once('C:\\xampp\\htdocs...')
#16 {main}
CRITICAL - 2022-06-11 10:41:19 --> Invalid file: page/main_page.php
#0 C:\xampp\htdocs\tracerunnur\system\View\View.php(198): CodeIgniter\Exceptions\FrameworkException::forInvalidFile('page/main_page....')
#1 C:\xampp\htdocs\tracerunnur\system\Common.php(1089): CodeIgniter\View\View->render('page/main_page', Array, true)
#2 C:\xampp\htdocs\tracerunnur\app\Views\layout\page\v_content.php(3): view('page/main_page')
#3 C:\xampp\htdocs\tracerunnur\system\View\View.php(210): include('C:\\xampp\\htdocs...')
#4 C:\xampp\htdocs\tracerunnur\system\View\View.php(213): CodeIgniter\View\View->CodeIgniter\View\{closure}()
#5 C:\xampp\htdocs\tracerunnur\system\Common.php(1089): CodeIgniter\View\View->render('layout/page/v_c...', Array, true)
#6 C:\xampp\htdocs\tracerunnur\app\Views\layout\page\v_wrapper.php(4): view('layout/page/v_c...')
#7 C:\xampp\htdocs\tracerunnur\system\View\View.php(210): include('C:\\xampp\\htdocs...')
#8 C:\xampp\htdocs\tracerunnur\system\View\View.php(213): CodeIgniter\View\View->CodeIgniter\View\{closure}()
#9 C:\xampp\htdocs\tracerunnur\system\Common.php(1089): CodeIgniter\View\View->render('layout/page/v_w...', Array, true)
#10 C:\xampp\htdocs\tracerunnur\app\Controllers\Page.php(13): view('layout/page/v_w...', Array)
#11 C:\xampp\htdocs\tracerunnur\system\CodeIgniter.php(825): App\Controllers\Page->index()
#12 C:\xampp\htdocs\tracerunnur\system\CodeIgniter.php(412): CodeIgniter\CodeIgniter->runController(Object(App\Controllers\Page))
#13 C:\xampp\htdocs\tracerunnur\system\CodeIgniter.php(320): CodeIgniter\CodeIgniter->handleRequest(NULL, Object(Config\Cache), false)
#14 C:\xampp\htdocs\tracerunnur\public\index.php(37): CodeIgniter\CodeIgniter->run()
#15 C:\xampp\htdocs\tracerunnur\system\Commands\Server\rewrite.php(43): require_once('C:\\xampp\\htdocs...')
#16 {main}
CRITICAL - 2022-06-11 10:41:20 --> Invalid file: page/main_page.php
#0 C:\xampp\htdocs\tracerunnur\system\View\View.php(198): CodeIgniter\Exceptions\FrameworkException::forInvalidFile('page/main_page....')
#1 C:\xampp\htdocs\tracerunnur\system\Common.php(1089): CodeIgniter\View\View->render('page/main_page', Array, true)
#2 C:\xampp\htdocs\tracerunnur\app\Views\layout\page\v_content.php(3): view('page/main_page')
#3 C:\xampp\htdocs\tracerunnur\system\View\View.php(210): include('C:\\xampp\\htdocs...')
#4 C:\xampp\htdocs\tracerunnur\system\View\View.php(213): CodeIgniter\View\View->CodeIgniter\View\{closure}()
#5 C:\xampp\htdocs\tracerunnur\system\Common.php(1089): CodeIgniter\View\View->render('layout/page/v_c...', Array, true)
#6 C:\xampp\htdocs\tracerunnur\app\Views\layout\page\v_wrapper.php(4): view('layout/page/v_c...')
#7 C:\xampp\htdocs\tracerunnur\system\View\View.php(210): include('C:\\xampp\\htdocs...')
#8 C:\xampp\htdocs\tracerunnur\system\View\View.php(213): CodeIgniter\View\View->CodeIgniter\View\{closure}()
#9 C:\xampp\htdocs\tracerunnur\system\Common.php(1089): CodeIgniter\View\View->render('layout/page/v_w...', Array, true)
#10 C:\xampp\htdocs\tracerunnur\app\Controllers\Page.php(13): view('layout/page/v_w...', Array)
#11 C:\xampp\htdocs\tracerunnur\system\CodeIgniter.php(825): App\Controllers\Page->index()
#12 C:\xampp\htdocs\tracerunnur\system\CodeIgniter.php(412): CodeIgniter\CodeIgniter->runController(Object(App\Controllers\Page))
#13 C:\xampp\htdocs\tracerunnur\system\CodeIgniter.php(320): CodeIgniter\CodeIgniter->handleRequest(NULL, Object(Config\Cache), false)
#14 C:\xampp\htdocs\tracerunnur\public\index.php(37): CodeIgniter\CodeIgniter->run()
#15 C:\xampp\htdocs\tracerunnur\system\Commands\Server\rewrite.php(43): require_once('C:\\xampp\\htdocs...')
#16 {main}
CRITICAL - 2022-06-11 10:41:21 --> Invalid file: page/main_page.php
#0 C:\xampp\htdocs\tracerunnur\system\View\View.php(198): CodeIgniter\Exceptions\FrameworkException::forInvalidFile('page/main_page....')
#1 C:\xampp\htdocs\tracerunnur\system\Common.php(1089): CodeIgniter\View\View->render('page/main_page', Array, true)
#2 C:\xampp\htdocs\tracerunnur\app\Views\layout\page\v_content.php(3): view('page/main_page')
#3 C:\xampp\htdocs\tracerunnur\system\View\View.php(210): include('C:\\xampp\\htdocs...')
#4 C:\xampp\htdocs\tracerunnur\system\View\View.php(213): CodeIgniter\View\View->CodeIgniter\View\{closure}()
#5 C:\xampp\htdocs\tracerunnur\system\Common.php(1089): CodeIgniter\View\View->render('layout/page/v_c...', Array, true)
#6 C:\xampp\htdocs\tracerunnur\app\Views\layout\page\v_wrapper.php(4): view('layout/page/v_c...')
#7 C:\xampp\htdocs\tracerunnur\system\View\View.php(210): include('C:\\xampp\\htdocs...')
#8 C:\xampp\htdocs\tracerunnur\system\View\View.php(213): CodeIgniter\View\View->CodeIgniter\View\{closure}()
#9 C:\xampp\htdocs\tracerunnur\system\Common.php(1089): CodeIgniter\View\View->render('layout/page/v_w...', Array, true)
#10 C:\xampp\htdocs\tracerunnur\app\Controllers\Page.php(13): view('layout/page/v_w...', Array)
#11 C:\xampp\htdocs\tracerunnur\system\CodeIgniter.php(825): App\Controllers\Page->index()
#12 C:\xampp\htdocs\tracerunnur\system\CodeIgniter.php(412): CodeIgniter\CodeIgniter->runController(Object(App\Controllers\Page))
#13 C:\xampp\htdocs\tracerunnur\system\CodeIgniter.php(320): CodeIgniter\CodeIgniter->handleRequest(NULL, Object(Config\Cache), false)
#14 C:\xampp\htdocs\tracerunnur\public\index.php(37): CodeIgniter\CodeIgniter->run()
#15 C:\xampp\htdocs\tracerunnur\system\Commands\Server\rewrite.php(43): require_once('C:\\xampp\\htdocs...')
#16 {main}
CRITICAL - 2022-06-11 11:17:10 --> Invalid file: page/main_page.php
#0 C:\xampp\htdocs\tracerunnur\system\View\View.php(198): CodeIgniter\Exceptions\FrameworkException::forInvalidFile('page/main_page....')
#1 C:\xampp\htdocs\tracerunnur\system\Common.php(1089): CodeIgniter\View\View->render('page/main_page', Array, true)
#2 C:\xampp\htdocs\tracerunnur\app\Views\layout\page\v_content.php(3): view('page/main_page')
#3 C:\xampp\htdocs\tracerunnur\system\View\View.php(210): include('C:\\xampp\\htdocs...')
#4 C:\xampp\htdocs\tracerunnur\system\View\View.php(213): CodeIgniter\View\View->CodeIgniter\View\{closure}()
#5 C:\xampp\htdocs\tracerunnur\system\Common.php(1089): CodeIgniter\View\View->render('layout/page/v_c...', Array, true)
#6 C:\xampp\htdocs\tracerunnur\app\Views\layout\page\v_wrapper.php(4): view('layout/page/v_c...')
#7 C:\xampp\htdocs\tracerunnur\system\View\View.php(210): include('C:\\xampp\\htdocs...')
#8 C:\xampp\htdocs\tracerunnur\system\View\View.php(213): CodeIgniter\View\View->CodeIgniter\View\{closure}()
#9 C:\xampp\htdocs\tracerunnur\system\Common.php(1089): CodeIgniter\View\View->render('layout/page/v_w...', Array, true)
#10 C:\xampp\htdocs\tracerunnur\app\Controllers\Page.php(13): view('layout/page/v_w...', Array)
#11 C:\xampp\htdocs\tracerunnur\system\CodeIgniter.php(825): App\Controllers\Page->index()
#12 C:\xampp\htdocs\tracerunnur\system\CodeIgniter.php(412): CodeIgniter\CodeIgniter->runController(Object(App\Controllers\Page))
#13 C:\xampp\htdocs\tracerunnur\system\CodeIgniter.php(320): CodeIgniter\CodeIgniter->handleRequest(NULL, Object(Config\Cache), false)
#14 C:\xampp\htdocs\tracerunnur\public\index.php(37): CodeIgniter\CodeIgniter->run()
#15 C:\xampp\htdocs\tracerunnur\system\Commands\Server\rewrite.php(43): require_once('C:\\xampp\\htdocs...')
#16 {main}
CRITICAL - 2022-06-11 11:18:49 --> Invalid file: page/main_page.php
#0 C:\xampp\htdocs\tracerunnur\system\View\View.php(198): CodeIgniter\Exceptions\FrameworkException::forInvalidFile('page/main_page....')
#1 C:\xampp\htdocs\tracerunnur\system\Common.php(1089): CodeIgniter\View\View->render('page/main_page', Array, true)
#2 C:\xampp\htdocs\tracerunnur\app\Views\layout\page\v_content.php(3): view('page/main_page')
#3 C:\xampp\htdocs\tracerunnur\system\View\View.php(210): include('C:\\xampp\\htdocs...')
#4 C:\xampp\htdocs\tracerunnur\system\View\View.php(213): CodeIgniter\View\View->CodeIgniter\View\{closure}()
#5 C:\xampp\htdocs\tracerunnur\system\Common.php(1089): CodeIgniter\View\View->render('layout/page/v_c...', Array, true)
#6 C:\xampp\htdocs\tracerunnur\app\Views\layout\page\v_wrapper.php(4): view('layout/page/v_c...')
#7 C:\xampp\htdocs\tracerunnur\system\View\View.php(210): include('C:\\xampp\\htdocs...')
#8 C:\xampp\htdocs\tracerunnur\system\View\View.php(213): CodeIgniter\View\View->CodeIgniter\View\{closure}()
#9 C:\xampp\htdocs\tracerunnur\system\Common.php(1089): CodeIgniter\View\View->render('layout/page/v_w...', Array, true)
#10 C:\xampp\htdocs\tracerunnur\app\Controllers\Page.php(13): view('layout/page/v_w...', Array)
#11 C:\xampp\htdocs\tracerunnur\system\CodeIgniter.php(825): App\Controllers\Page->index()
#12 C:\xampp\htdocs\tracerunnur\system\CodeIgniter.php(412): CodeIgniter\CodeIgniter->runController(Object(App\Controllers\Page))
#13 C:\xampp\htdocs\tracerunnur\system\CodeIgniter.php(320): CodeIgniter\CodeIgniter->handleRequest(NULL, Object(Config\Cache), false)
#14 C:\xampp\htdocs\tracerunnur\public\index.php(37): CodeIgniter\CodeIgniter->run()
#15 C:\xampp\htdocs\tracerunnur\system\Commands\Server\rewrite.php(43): require_once('C:\\xampp\\htdocs...')
#16 {main}
