CRITICAL - 2022-09-19 21:24:23 --> Undefined variable: row
#0 D:\Teknik Informatika\SKRIPSI\tcunnur\app\Views\main\admin\view_status.php(34): CodeIgniter\Debug\Exceptions->errorHandler(8, 'Undefined varia...', 'D:\\Teknik Infor...', 34, Array)
#1 D:\Teknik Informatika\SKRIPSI\tcunnur\system\View\View.php(210): include('D:\\Teknik Infor...')
#2 D:\Teknik Informatika\SKRIPSI\tcunnur\system\View\View.php(213): CodeIgniter\View\View->CodeIgniter\View\{closure}()
#3 D:\Teknik Informatika\SKRIPSI\tcunnur\system\Common.php(1089): CodeIgniter\View\View->render('main/admin/view...', Array, true)
#4 D:\Teknik Informatika\SKRIPSI\tcunnur\app\Views\layout\admin\v_content.php(3): view('main/admin/view...')
#5 D:\Teknik Informatika\SKRIPSI\tcunnur\system\View\View.php(210): include('D:\\Teknik Infor...')
#6 D:\Teknik Informatika\SKRIPSI\tcunnur\system\View\View.php(213): CodeIgniter\View\View->CodeIgniter\View\{closure}()
#7 D:\Teknik Informatika\SKRIPSI\tcunnur\system\Common.php(1089): CodeIgniter\View\View->render('layout/admin/v_...', Array, true)
#8 D:\Teknik Informatika\SKRIPSI\tcunnur\app\Views\layout\admin\v_wrapper.php(5): view('layout/admin/v_...')
#9 D:\Teknik Informatika\SKRIPSI\tcunnur\system\View\View.php(210): include('D:\\Teknik Infor...')
#10 D:\Teknik Informatika\SKRIPSI\tcunnur\system\View\View.php(213): CodeIgniter\View\View->CodeIgniter\View\{closure}()
#11 D:\Teknik Informatika\SKRIPSI\tcunnur\system\Common.php(1089): CodeIgniter\View\View->render('layout/admin/v_...', Array, true)
#12 D:\Teknik Informatika\SKRIPSI\tcunnur\app\Controllers\Users.php(54): view('layout/admin/v_...', Array)
#13 D:\Teknik Informatika\SKRIPSI\tcunnur\system\CodeIgniter.php(825): App\Controllers\Users->viewstatus()
#14 D:\Teknik Informatika\SKRIPSI\tcunnur\system\CodeIgniter.php(412): CodeIgniter\CodeIgniter->runController(Object(App\Controllers\Users))
#15 D:\Teknik Informatika\SKRIPSI\tcunnur\system\CodeIgniter.php(320): CodeIgniter\CodeIgniter->handleRequest(NULL, Object(Config\Cache), false)
#16 D:\Teknik Informatika\SKRIPSI\tcunnur\public\index.php(37): CodeIgniter\CodeIgniter->run()
#17 D:\Teknik Informatika\SKRIPSI\tcunnur\system\Commands\Server\rewrite.php(43): require_once('D:\\Teknik Infor...')
#18 {main}
