ERROR - 2022-09-27 01:38:39 --> Unknown column 'nama_lengkap' in 'field list'
CRITICAL - 2022-09-27 01:38:39 --> Unknown column 'nama_lengkap' in 'field list'
#0 D:\Teknik Informatika\SKRIPSI\tcunnur\system\Database\MySQLi\Connection.php(292): mysqli->query('INSERT INTO `tb...', 0)
#1 D:\Teknik Informatika\SKRIPSI\tcunnur\system\Database\BaseConnection.php(670): CodeIgniter\Database\MySQLi\Connection->execute('INSERT INTO `tb...')
#2 D:\Teknik Informatika\SKRIPSI\tcunnur\system\Database\BaseConnection.php(598): CodeIgniter\Database\BaseConnection->simpleQuery('INSERT INTO `tb...')
#3 D:\Teknik Informatika\SKRIPSI\tcunnur\system\Database\BaseBuilder.php(1771): CodeIgniter\Database\BaseConnection->query('INSERT INTO `tb...', Array, false)
#4 D:\Teknik Informatika\SKRIPSI\tcunnur\app\Controllers\Users.php(365): CodeIgniter\Database\BaseBuilder->insert(Array)
#5 D:\Teknik Informatika\SKRIPSI\tcunnur\system\CodeIgniter.php(825): App\Controllers\Users->upload()
#6 D:\Teknik Informatika\SKRIPSI\tcunnur\system\CodeIgniter.php(412): CodeIgniter\CodeIgniter->runController(Object(App\Controllers\Users))
#7 D:\Teknik Informatika\SKRIPSI\tcunnur\system\CodeIgniter.php(320): CodeIgniter\CodeIgniter->handleRequest(NULL, Object(Config\Cache), false)
#8 D:\Teknik Informatika\SKRIPSI\tcunnur\public\index.php(37): CodeIgniter\CodeIgniter->run()
#9 D:\Teknik Informatika\SKRIPSI\tcunnur\system\Commands\Server\rewrite.php(43): require_once('D:\\Teknik Infor...')
#10 {main}
CRITICAL - 2022-09-27 01:50:42 --> Undefined index: kode_fakultas
#0 D:\Teknik Informatika\SKRIPSI\tcunnur\app\Controllers\Users.php(351): CodeIgniter\Debug\Exceptions->errorHandler(8, 'Undefined index...', 'D:\\Teknik Infor...', 351, Array)
#1 D:\Teknik Informatika\SKRIPSI\tcunnur\system\CodeIgniter.php(825): App\Controllers\Users->upload()
#2 D:\Teknik Informatika\SKRIPSI\tcunnur\system\CodeIgniter.php(412): CodeIgniter\CodeIgniter->runController(Object(App\Controllers\Users))
#3 D:\Teknik Informatika\SKRIPSI\tcunnur\system\CodeIgniter.php(320): CodeIgniter\CodeIgniter->handleRequest(NULL, Object(Config\Cache), false)
#4 D:\Teknik Informatika\SKRIPSI\tcunnur\public\index.php(37): CodeIgniter\CodeIgniter->run()
#5 D:\Teknik Informatika\SKRIPSI\tcunnur\system\Commands\Server\rewrite.php(43): require_once('D:\\Teknik Infor...')
#6 {main}
CRITICAL - 2022-09-27 01:53:03 --> Undefined index: kode_fakultas
#0 D:\Teknik Informatika\SKRIPSI\tcunnur\app\Controllers\Users.php(352): CodeIgniter\Debug\Exceptions->errorHandler(8, 'Undefined index...', 'D:\\Teknik Infor...', 352, Array)
#1 D:\Teknik Informatika\SKRIPSI\tcunnur\system\CodeIgniter.php(825): App\Controllers\Users->upload()
#2 D:\Teknik Informatika\SKRIPSI\tcunnur\system\CodeIgniter.php(412): CodeIgniter\CodeIgniter->runController(Object(App\Controllers\Users))
#3 D:\Teknik Informatika\SKRIPSI\tcunnur\system\CodeIgniter.php(320): CodeIgniter\CodeIgniter->handleRequest(NULL, Object(Config\Cache), false)
#4 D:\Teknik Informatika\SKRIPSI\tcunnur\public\index.php(37): CodeIgniter\CodeIgniter->run()
#5 D:\Teknik Informatika\SKRIPSI\tcunnur\system\Commands\Server\rewrite.php(43): require_once('D:\\Teknik Infor...')
#6 {main}
CRITICAL - 2022-09-27 01:53:35 --> Undefined index: kode_fakultas
#0 D:\Teknik Informatika\SKRIPSI\tcunnur\app\Controllers\Users.php(347): CodeIgniter\Debug\Exceptions->errorHandler(8, 'Undefined index...', 'D:\\Teknik Infor...', 347, Array)
#1 D:\Teknik Informatika\SKRIPSI\tcunnur\system\CodeIgniter.php(825): App\Controllers\Users->upload()
#2 D:\Teknik Informatika\SKRIPSI\tcunnur\system\CodeIgniter.php(412): CodeIgniter\CodeIgniter->runController(Object(App\Controllers\Users))
#3 D:\Teknik Informatika\SKRIPSI\tcunnur\system\CodeIgniter.php(320): CodeIgniter\CodeIgniter->handleRequest(NULL, Object(Config\Cache), false)
#4 D:\Teknik Informatika\SKRIPSI\tcunnur\public\index.php(37): CodeIgniter\CodeIgniter->run()
#5 D:\Teknik Informatika\SKRIPSI\tcunnur\system\Commands\Server\rewrite.php(43): require_once('D:\\Teknik Infor...')
#6 {main}
CRITICAL - 2022-09-27 01:54:01 --> Trying to get property 'kode_fakultas' of non-object
#0 D:\Teknik Informatika\SKRIPSI\tcunnur\app\Controllers\Users.php(347): CodeIgniter\Debug\Exceptions->errorHandler(8, 'Trying to get p...', 'D:\\Teknik Infor...', 347, Array)
#1 D:\Teknik Informatika\SKRIPSI\tcunnur\system\CodeIgniter.php(825): App\Controllers\Users->upload()
#2 D:\Teknik Informatika\SKRIPSI\tcunnur\system\CodeIgniter.php(412): CodeIgniter\CodeIgniter->runController(Object(App\Controllers\Users))
#3 D:\Teknik Informatika\SKRIPSI\tcunnur\system\CodeIgniter.php(320): CodeIgniter\CodeIgniter->handleRequest(NULL, Object(Config\Cache), false)
#4 D:\Teknik Informatika\SKRIPSI\tcunnur\public\index.php(37): CodeIgniter\CodeIgniter->run()
#5 D:\Teknik Informatika\SKRIPSI\tcunnur\system\Commands\Server\rewrite.php(43): require_once('D:\\Teknik Infor...')
#6 {main}
CRITICAL - 2022-09-27 01:54:10 --> Undefined index: kode_fakultas
#0 D:\Teknik Informatika\SKRIPSI\tcunnur\app\Controllers\Users.php(347): CodeIgniter\Debug\Exceptions->errorHandler(8, 'Undefined index...', 'D:\\Teknik Infor...', 347, Array)
#1 D:\Teknik Informatika\SKRIPSI\tcunnur\system\CodeIgniter.php(825): App\Controllers\Users->upload()
#2 D:\Teknik Informatika\SKRIPSI\tcunnur\system\CodeIgniter.php(412): CodeIgniter\CodeIgniter->runController(Object(App\Controllers\Users))
#3 D:\Teknik Informatika\SKRIPSI\tcunnur\system\CodeIgniter.php(320): CodeIgniter\CodeIgniter->handleRequest(NULL, Object(Config\Cache), false)
#4 D:\Teknik Informatika\SKRIPSI\tcunnur\public\index.php(37): CodeIgniter\CodeIgniter->run()
#5 D:\Teknik Informatika\SKRIPSI\tcunnur\system\Commands\Server\rewrite.php(43): require_once('D:\\Teknik Infor...')
#6 {main}
ERROR - 2022-09-27 02:00:50 --> Unknown column 'jenis_kelamin' in 'field list'
CRITICAL - 2022-09-27 02:00:51 --> Unknown column 'jenis_kelamin' in 'field list'
#0 D:\Teknik Informatika\SKRIPSI\tcunnur\system\Database\MySQLi\Connection.php(292): mysqli->query('INSERT INTO `us...', 0)
#1 D:\Teknik Informatika\SKRIPSI\tcunnur\system\Database\BaseConnection.php(670): CodeIgniter\Database\MySQLi\Connection->execute('INSERT INTO `us...')
#2 D:\Teknik Informatika\SKRIPSI\tcunnur\system\Database\BaseConnection.php(598): CodeIgniter\Database\BaseConnection->simpleQuery('INSERT INTO `us...')
#3 D:\Teknik Informatika\SKRIPSI\tcunnur\system\Database\BaseBuilder.php(1771): CodeIgniter\Database\BaseConnection->query('INSERT INTO `us...', Array, false)
#4 D:\Teknik Informatika\SKRIPSI\tcunnur\app\Controllers\Users.php(369): CodeIgniter\Database\BaseBuilder->insert(Array)
#5 D:\Teknik Informatika\SKRIPSI\tcunnur\system\CodeIgniter.php(825): App\Controllers\Users->upload()
#6 D:\Teknik Informatika\SKRIPSI\tcunnur\system\CodeIgniter.php(412): CodeIgniter\CodeIgniter->runController(Object(App\Controllers\Users))
#7 D:\Teknik Informatika\SKRIPSI\tcunnur\system\CodeIgniter.php(320): CodeIgniter\CodeIgniter->handleRequest(NULL, Object(Config\Cache), false)
#8 D:\Teknik Informatika\SKRIPSI\tcunnur\public\index.php(37): CodeIgniter\CodeIgniter->run()
#9 D:\Teknik Informatika\SKRIPSI\tcunnur\system\Commands\Server\rewrite.php(43): require_once('D:\\Teknik Infor...')
#10 {main}
ERROR - 2022-09-27 02:28:54 --> Unknown column 'plugins' in 'where clause'
CRITICAL - 2022-09-27 02:28:55 --> Unknown column 'plugins' in 'where clause'
#0 D:\Teknik Informatika\SKRIPSI\tcunnur\system\Database\MySQLi\Connection.php(292): mysqli->query('SELECT *\nFROM `...', 0)
#1 D:\Teknik Informatika\SKRIPSI\tcunnur\system\Database\BaseConnection.php(670): CodeIgniter\Database\MySQLi\Connection->execute('SELECT *\nFROM `...')
#2 D:\Teknik Informatika\SKRIPSI\tcunnur\system\Database\BaseConnection.php(598): CodeIgniter\Database\BaseConnection->simpleQuery('SELECT *\nFROM `...')
#3 D:\Teknik Informatika\SKRIPSI\tcunnur\system\Database\BaseBuilder.php(1455): CodeIgniter\Database\BaseConnection->query('SELECT *\nFROM `...', Array, false)
#4 D:\Teknik Informatika\SKRIPSI\tcunnur\app\Models\ModelKuesioner.php(40): CodeIgniter\Database\BaseBuilder->get()
#5 D:\Teknik Informatika\SKRIPSI\tcunnur\app\Controllers\KuesionerUsers.php(45): App\Models\ModelKuesioner->detail('plugins')
#6 D:\Teknik Informatika\SKRIPSI\tcunnur\system\CodeIgniter.php(825): App\Controllers\KuesionerUsers->detail('plugins', 'fontawesome-fre...', 'css', 'all.min.css')
#7 D:\Teknik Informatika\SKRIPSI\tcunnur\system\CodeIgniter.php(412): CodeIgniter\CodeIgniter->runController(Object(App\Controllers\KuesionerUsers))
#8 D:\Teknik Informatika\SKRIPSI\tcunnur\system\CodeIgniter.php(320): CodeIgniter\CodeIgniter->handleRequest(NULL, Object(Config\Cache), false)
#9 D:\Teknik Informatika\SKRIPSI\tcunnur\public\index.php(37): CodeIgniter\CodeIgniter->run()
#10 D:\Teknik Informatika\SKRIPSI\tcunnur\system\Commands\Server\rewrite.php(43): require_once('D:\\Teknik Infor...')
#11 {main}
CRITICAL - 2022-09-27 04:17:26 --> Trying to access array offset on value of type null
#0 D:\Teknik Informatika\SKRIPSI\tcunnur\app\Views\main\admin\kuesioner\kuesioner_detail.php(26): CodeIgniter\Debug\Exceptions->errorHandler(8, 'Trying to acces...', 'D:\\Teknik Infor...', 26, Array)
#1 D:\Teknik Informatika\SKRIPSI\tcunnur\system\View\View.php(210): include('D:\\Teknik Infor...')
#2 D:\Teknik Informatika\SKRIPSI\tcunnur\system\View\View.php(213): CodeIgniter\View\View->CodeIgniter\View\{closure}()
#3 D:\Teknik Informatika\SKRIPSI\tcunnur\system\Common.php(1089): CodeIgniter\View\View->render('main/admin/kues...', Array, true)
#4 D:\Teknik Informatika\SKRIPSI\tcunnur\app\Views\layout\admin\v_content.php(3): view('main/admin/kues...')
#5 D:\Teknik Informatika\SKRIPSI\tcunnur\system\View\View.php(210): include('D:\\Teknik Infor...')
#6 D:\Teknik Informatika\SKRIPSI\tcunnur\system\View\View.php(213): CodeIgniter\View\View->CodeIgniter\View\{closure}()
#7 D:\Teknik Informatika\SKRIPSI\tcunnur\system\Common.php(1089): CodeIgniter\View\View->render('layout/admin/v_...', Array, true)
#8 D:\Teknik Informatika\SKRIPSI\tcunnur\app\Views\layout\admin\v_wrapper.php(5): view('layout/admin/v_...')
#9 D:\Teknik Informatika\SKRIPSI\tcunnur\system\View\View.php(210): include('D:\\Teknik Infor...')
#10 D:\Teknik Informatika\SKRIPSI\tcunnur\system\View\View.php(213): CodeIgniter\View\View->CodeIgniter\View\{closure}()
#11 D:\Teknik Informatika\SKRIPSI\tcunnur\system\Common.php(1089): CodeIgniter\View\View->render('layout/admin/v_...', Array, true)
#12 D:\Teknik Informatika\SKRIPSI\tcunnur\app\Controllers\Kuesioner.php(137): view('layout/admin/v_...', Array)
#13 D:\Teknik Informatika\SKRIPSI\tcunnur\system\CodeIgniter.php(825): App\Controllers\Kuesioner->detail_kuesioner('', 'fontawesome-fre...', 'css', 'all.min.css')
#14 D:\Teknik Informatika\SKRIPSI\tcunnur\system\CodeIgniter.php(412): CodeIgniter\CodeIgniter->runController(Object(App\Controllers\Kuesioner))
#15 D:\Teknik Informatika\SKRIPSI\tcunnur\system\CodeIgniter.php(320): CodeIgniter\CodeIgniter->handleRequest(NULL, Object(Config\Cache), false)
#16 D:\Teknik Informatika\SKRIPSI\tcunnur\public\index.php(37): CodeIgniter\CodeIgniter->run()
#17 D:\Teknik Informatika\SKRIPSI\tcunnur\system\Commands\Server\rewrite.php(43): require_once('D:\\Teknik Infor...')
#18 {main}
CRITICAL - 2022-09-27 04:23:10 --> Undefined index: total
#0 D:\Teknik Informatika\SKRIPSI\tcunnur\app\Controllers\Kuesioner.php(143): CodeIgniter\Debug\Exceptions->errorHandler(8, 'Undefined index...', 'D:\\Teknik Infor...', 143, Array)
#1 D:\Teknik Informatika\SKRIPSI\tcunnur\system\CodeIgniter.php(825): App\Controllers\Kuesioner->edit_publish('9')
#2 D:\Teknik Informatika\SKRIPSI\tcunnur\system\CodeIgniter.php(412): CodeIgniter\CodeIgniter->runController(Object(App\Controllers\Kuesioner))
#3 D:\Teknik Informatika\SKRIPSI\tcunnur\system\CodeIgniter.php(320): CodeIgniter\CodeIgniter->handleRequest(NULL, Object(Config\Cache), false)
#4 D:\Teknik Informatika\SKRIPSI\tcunnur\public\index.php(37): CodeIgniter\CodeIgniter->run()
#5 D:\Teknik Informatika\SKRIPSI\tcunnur\system\Commands\Server\rewrite.php(43): require_once('D:\\Teknik Infor...')
#6 {main}
CRITICAL - 2022-09-27 04:27:07 --> Undefined index: total
#0 D:\Teknik Informatika\SKRIPSI\tcunnur\app\Controllers\Kuesioner.php(143): CodeIgniter\Debug\Exceptions->errorHandler(8, 'Undefined index...', 'D:\\Teknik Infor...', 143, Array)
#1 D:\Teknik Informatika\SKRIPSI\tcunnur\system\CodeIgniter.php(825): App\Controllers\Kuesioner->edit_publish('9')
#2 D:\Teknik Informatika\SKRIPSI\tcunnur\system\CodeIgniter.php(412): CodeIgniter\CodeIgniter->runController(Object(App\Controllers\Kuesioner))
#3 D:\Teknik Informatika\SKRIPSI\tcunnur\system\CodeIgniter.php(320): CodeIgniter\CodeIgniter->handleRequest(NULL, Object(Config\Cache), false)
#4 D:\Teknik Informatika\SKRIPSI\tcunnur\public\index.php(37): CodeIgniter\CodeIgniter->run()
#5 D:\Teknik Informatika\SKRIPSI\tcunnur\system\Commands\Server\rewrite.php(43): require_once('D:\\Teknik Infor...')
#6 {main}
CRITICAL - 2022-09-27 08:20:03 --> Cannot use object of type CodeIgniter\Database\MySQLi\Builder as array
#0 D:\Teknik Informatika\SKRIPSI\tcunnur\system\CodeIgniter.php(825): App\Controllers\Login->cekUser()
#1 D:\Teknik Informatika\SKRIPSI\tcunnur\system\CodeIgniter.php(412): CodeIgniter\CodeIgniter->runController(Object(App\Controllers\Login))
#2 D:\Teknik Informatika\SKRIPSI\tcunnur\system\CodeIgniter.php(320): CodeIgniter\CodeIgniter->handleRequest(NULL, Object(Config\Cache), false)
#3 D:\Teknik Informatika\SKRIPSI\tcunnur\public\index.php(37): CodeIgniter\CodeIgniter->run()
#4 D:\Teknik Informatika\SKRIPSI\tcunnur\system\Commands\Server\rewrite.php(43): require_once('D:\\Teknik Infor...')
#5 {main}
CRITICAL - 2022-09-27 08:20:52 --> Cannot use object of type CodeIgniter\Database\MySQLi\Builder as array
#0 D:\Teknik Informatika\SKRIPSI\tcunnur\system\CodeIgniter.php(825): App\Controllers\Login->cekUser()
#1 D:\Teknik Informatika\SKRIPSI\tcunnur\system\CodeIgniter.php(412): CodeIgniter\CodeIgniter->runController(Object(App\Controllers\Login))
#2 D:\Teknik Informatika\SKRIPSI\tcunnur\system\CodeIgniter.php(320): CodeIgniter\CodeIgniter->handleRequest(NULL, Object(Config\Cache), false)
#3 D:\Teknik Informatika\SKRIPSI\tcunnur\public\index.php(37): CodeIgniter\CodeIgniter->run()
#4 D:\Teknik Informatika\SKRIPSI\tcunnur\system\Commands\Server\rewrite.php(43): require_once('D:\\Teknik Infor...')
#5 {main}
CRITICAL - 2022-09-27 08:22:32 --> Cannot use object of type CodeIgniter\Database\MySQLi\Result as array
#0 D:\Teknik Informatika\SKRIPSI\tcunnur\system\CodeIgniter.php(825): App\Controllers\Login->cekUser()
#1 D:\Teknik Informatika\SKRIPSI\tcunnur\system\CodeIgniter.php(412): CodeIgniter\CodeIgniter->runController(Object(App\Controllers\Login))
#2 D:\Teknik Informatika\SKRIPSI\tcunnur\system\CodeIgniter.php(320): CodeIgniter\CodeIgniter->handleRequest(NULL, Object(Config\Cache), false)
#3 D:\Teknik Informatika\SKRIPSI\tcunnur\public\index.php(37): CodeIgniter\CodeIgniter->run()
#4 D:\Teknik Informatika\SKRIPSI\tcunnur\system\Commands\Server\rewrite.php(43): require_once('D:\\Teknik Infor...')
#5 {main}
CRITICAL - 2022-09-27 08:22:43 --> Cannot use object of type CodeIgniter\Database\MySQLi\Builder as array
#0 D:\Teknik Informatika\SKRIPSI\tcunnur\system\CodeIgniter.php(825): App\Controllers\Login->cekUser()
#1 D:\Teknik Informatika\SKRIPSI\tcunnur\system\CodeIgniter.php(412): CodeIgniter\CodeIgniter->runController(Object(App\Controllers\Login))
#2 D:\Teknik Informatika\SKRIPSI\tcunnur\system\CodeIgniter.php(320): CodeIgniter\CodeIgniter->handleRequest(NULL, Object(Config\Cache), false)
#3 D:\Teknik Informatika\SKRIPSI\tcunnur\public\index.php(37): CodeIgniter\CodeIgniter->run()
#4 D:\Teknik Informatika\SKRIPSI\tcunnur\system\Commands\Server\rewrite.php(43): require_once('D:\\Teknik Infor...')
#5 {main}
CRITICAL - 2022-09-27 08:26:06 --> Undefined index: password
#0 D:\Teknik Informatika\SKRIPSI\tcunnur\app\Controllers\Login.php(230): CodeIgniter\Debug\Exceptions->errorHandler(8, 'Undefined index...', 'D:\\Teknik Infor...', 230, Array)
#1 D:\Teknik Informatika\SKRIPSI\tcunnur\system\CodeIgniter.php(825): App\Controllers\Login->cekUser()
#2 D:\Teknik Informatika\SKRIPSI\tcunnur\system\CodeIgniter.php(412): CodeIgniter\CodeIgniter->runController(Object(App\Controllers\Login))
#3 D:\Teknik Informatika\SKRIPSI\tcunnur\system\CodeIgniter.php(320): CodeIgniter\CodeIgniter->handleRequest(NULL, Object(Config\Cache), false)
#4 D:\Teknik Informatika\SKRIPSI\tcunnur\public\index.php(37): CodeIgniter\CodeIgniter->run()
#5 D:\Teknik Informatika\SKRIPSI\tcunnur\system\Commands\Server\rewrite.php(43): require_once('D:\\Teknik Infor...')
#6 {main}
CRITICAL - 2022-09-27 08:28:57 --> Undefined index: level
#0 D:\Teknik Informatika\SKRIPSI\tcunnur\app\Controllers\Login.php(234): CodeIgniter\Debug\Exceptions->errorHandler(8, 'Undefined index...', 'D:\\Teknik Infor...', 234, Array)
#1 D:\Teknik Informatika\SKRIPSI\tcunnur\system\CodeIgniter.php(825): App\Controllers\Login->cekUser()
#2 D:\Teknik Informatika\SKRIPSI\tcunnur\system\CodeIgniter.php(412): CodeIgniter\CodeIgniter->runController(Object(App\Controllers\Login))
#3 D:\Teknik Informatika\SKRIPSI\tcunnur\system\CodeIgniter.php(320): CodeIgniter\CodeIgniter->handleRequest(NULL, Object(Config\Cache), false)
#4 D:\Teknik Informatika\SKRIPSI\tcunnur\public\index.php(37): CodeIgniter\CodeIgniter->run()
#5 D:\Teknik Informatika\SKRIPSI\tcunnur\system\Commands\Server\rewrite.php(43): require_once('D:\\Teknik Infor...')
#6 {main}
CRITICAL - 2022-09-27 08:29:21 --> Undefined index: nama_lengkap
#0 D:\Teknik Informatika\SKRIPSI\tcunnur\app\Controllers\Login.php(238): CodeIgniter\Debug\Exceptions->errorHandler(8, 'Undefined index...', 'D:\\Teknik Infor...', 238, Array)
#1 D:\Teknik Informatika\SKRIPSI\tcunnur\system\CodeIgniter.php(825): App\Controllers\Login->cekUser()
#2 D:\Teknik Informatika\SKRIPSI\tcunnur\system\CodeIgniter.php(412): CodeIgniter\CodeIgniter->runController(Object(App\Controllers\Login))
#3 D:\Teknik Informatika\SKRIPSI\tcunnur\system\CodeIgniter.php(320): CodeIgniter\CodeIgniter->handleRequest(NULL, Object(Config\Cache), false)
#4 D:\Teknik Informatika\SKRIPSI\tcunnur\public\index.php(37): CodeIgniter\CodeIgniter->run()
#5 D:\Teknik Informatika\SKRIPSI\tcunnur\system\Commands\Server\rewrite.php(43): require_once('D:\\Teknik Infor...')
#6 {main}
ERROR - 2022-09-27 09:10:29 --> Unknown column 'plugins' in 'where clause'
CRITICAL - 2022-09-27 09:10:30 --> Unknown column 'plugins' in 'where clause'
#0 D:\Teknik Informatika\SKRIPSI\tcunnur\system\Database\MySQLi\Connection.php(292): mysqli->query('SELECT *\nFROM `...', 0)
#1 D:\Teknik Informatika\SKRIPSI\tcunnur\system\Database\BaseConnection.php(670): CodeIgniter\Database\MySQLi\Connection->execute('SELECT *\nFROM `...')
#2 D:\Teknik Informatika\SKRIPSI\tcunnur\system\Database\BaseConnection.php(598): CodeIgniter\Database\BaseConnection->simpleQuery('SELECT *\nFROM `...')
#3 D:\Teknik Informatika\SKRIPSI\tcunnur\system\Database\BaseBuilder.php(1455): CodeIgniter\Database\BaseConnection->query('SELECT *\nFROM `...', Array, false)
#4 D:\Teknik Informatika\SKRIPSI\tcunnur\app\Models\ModelKuesioner.php(42): CodeIgniter\Database\BaseBuilder->get()
#5 D:\Teknik Informatika\SKRIPSI\tcunnur\app\Controllers\Kuesioner.php(96): App\Models\ModelKuesioner->detail('plugins')
#6 D:\Teknik Informatika\SKRIPSI\tcunnur\system\CodeIgniter.php(825): App\Controllers\Kuesioner->add_question('plugins', 'fontawesome-fre...', 'css', 'all.min.css')
#7 D:\Teknik Informatika\SKRIPSI\tcunnur\system\CodeIgniter.php(412): CodeIgniter\CodeIgniter->runController(Object(App\Controllers\Kuesioner))
#8 D:\Teknik Informatika\SKRIPSI\tcunnur\system\CodeIgniter.php(320): CodeIgniter\CodeIgniter->handleRequest(NULL, Object(Config\Cache), false)
#9 D:\Teknik Informatika\SKRIPSI\tcunnur\public\index.php(37): CodeIgniter\CodeIgniter->run()
#10 D:\Teknik Informatika\SKRIPSI\tcunnur\system\Commands\Server\rewrite.php(43): require_once('D:\\Teknik Infor...')
#11 {main}
CRITICAL - 2022-09-27 09:12:47 --> Undefined index: tipe_pertanyaan
#0 D:\Teknik Informatika\SKRIPSI\tcunnur\app\Views\main\admin\kuesioner\kuesioner_add_quest.php(57): CodeIgniter\Debug\Exceptions->errorHandler(8, 'Undefined index...', 'D:\\Teknik Infor...', 57, Array)
#1 D:\Teknik Informatika\SKRIPSI\tcunnur\system\View\View.php(210): include('D:\\Teknik Infor...')
#2 D:\Teknik Informatika\SKRIPSI\tcunnur\system\View\View.php(213): CodeIgniter\View\View->CodeIgniter\View\{closure}()
#3 D:\Teknik Informatika\SKRIPSI\tcunnur\system\Common.php(1089): CodeIgniter\View\View->render('main/admin/kues...', Array, true)
#4 D:\Teknik Informatika\SKRIPSI\tcunnur\app\Views\layout\admin\v_content.php(3): view('main/admin/kues...')
#5 D:\Teknik Informatika\SKRIPSI\tcunnur\system\View\View.php(210): include('D:\\Teknik Infor...')
#6 D:\Teknik Informatika\SKRIPSI\tcunnur\system\View\View.php(213): CodeIgniter\View\View->CodeIgniter\View\{closure}()
#7 D:\Teknik Informatika\SKRIPSI\tcunnur\system\Common.php(1089): CodeIgniter\View\View->render('layout/admin/v_...', Array, true)
#8 D:\Teknik Informatika\SKRIPSI\tcunnur\app\Views\layout\admin\v_wrapper.php(5): view('layout/admin/v_...')
#9 D:\Teknik Informatika\SKRIPSI\tcunnur\system\View\View.php(210): include('D:\\Teknik Infor...')
#10 D:\Teknik Informatika\SKRIPSI\tcunnur\system\View\View.php(213): CodeIgniter\View\View->CodeIgniter\View\{closure}()
#11 D:\Teknik Informatika\SKRIPSI\tcunnur\system\Common.php(1089): CodeIgniter\View\View->render('layout/admin/v_...', Array, true)
#12 D:\Teknik Informatika\SKRIPSI\tcunnur\app\Controllers\Kuesioner.php(106): view('layout/admin/v_...', Array)
#13 D:\Teknik Informatika\SKRIPSI\tcunnur\system\CodeIgniter.php(825): App\Controllers\Kuesioner->add_question('8')
#14 D:\Teknik Informatika\SKRIPSI\tcunnur\system\CodeIgniter.php(412): CodeIgniter\CodeIgniter->runController(Object(App\Controllers\Kuesioner))
#15 D:\Teknik Informatika\SKRIPSI\tcunnur\system\CodeIgniter.php(320): CodeIgniter\CodeIgniter->handleRequest(NULL, Object(Config\Cache), false)
#16 D:\Teknik Informatika\SKRIPSI\tcunnur\public\index.php(37): CodeIgniter\CodeIgniter->run()
#17 D:\Teknik Informatika\SKRIPSI\tcunnur\system\Commands\Server\rewrite.php(43): require_once('D:\\Teknik Infor...')
#18 {main}
ERROR - 2022-09-27 09:12:48 --> Unknown column 'plugins' in 'where clause'
CRITICAL - 2022-09-27 09:12:48 --> Unknown column 'plugins' in 'where clause'
#0 D:\Teknik Informatika\SKRIPSI\tcunnur\system\Database\MySQLi\Connection.php(292): mysqli->query('SELECT *\nFROM `...', 0)
#1 D:\Teknik Informatika\SKRIPSI\tcunnur\system\Database\BaseConnection.php(670): CodeIgniter\Database\MySQLi\Connection->execute('SELECT *\nFROM `...')
#2 D:\Teknik Informatika\SKRIPSI\tcunnur\system\Database\BaseConnection.php(598): CodeIgniter\Database\BaseConnection->simpleQuery('SELECT *\nFROM `...')
#3 D:\Teknik Informatika\SKRIPSI\tcunnur\system\Database\BaseBuilder.php(1455): CodeIgniter\Database\BaseConnection->query('SELECT *\nFROM `...', Array, false)
#4 D:\Teknik Informatika\SKRIPSI\tcunnur\app\Models\ModelKuesioner.php(42): CodeIgniter\Database\BaseBuilder->get()
#5 D:\Teknik Informatika\SKRIPSI\tcunnur\app\Controllers\Kuesioner.php(96): App\Models\ModelKuesioner->detail('plugins')
#6 D:\Teknik Informatika\SKRIPSI\tcunnur\system\CodeIgniter.php(825): App\Controllers\Kuesioner->add_question('plugins', 'fontawesome-fre...', 'css', 'all.min.css')
#7 D:\Teknik Informatika\SKRIPSI\tcunnur\system\CodeIgniter.php(412): CodeIgniter\CodeIgniter->runController(Object(App\Controllers\Kuesioner))
#8 D:\Teknik Informatika\SKRIPSI\tcunnur\system\CodeIgniter.php(320): CodeIgniter\CodeIgniter->handleRequest(NULL, Object(Config\Cache), false)
#9 D:\Teknik Informatika\SKRIPSI\tcunnur\public\index.php(37): CodeIgniter\CodeIgniter->run()
#10 D:\Teknik Informatika\SKRIPSI\tcunnur\system\Commands\Server\rewrite.php(43): require_once('D:\\Teknik Infor...')
#11 {main}
ERROR - 2022-09-27 09:15:19 --> Unknown column 'plugins' in 'where clause'
CRITICAL - 2022-09-27 09:15:19 --> Unknown column 'plugins' in 'where clause'
#0 D:\Teknik Informatika\SKRIPSI\tcunnur\system\Database\MySQLi\Connection.php(292): mysqli->query('SELECT *\nFROM `...', 0)
#1 D:\Teknik Informatika\SKRIPSI\tcunnur\system\Database\BaseConnection.php(670): CodeIgniter\Database\MySQLi\Connection->execute('SELECT *\nFROM `...')
#2 D:\Teknik Informatika\SKRIPSI\tcunnur\system\Database\BaseConnection.php(598): CodeIgniter\Database\BaseConnection->simpleQuery('SELECT *\nFROM `...')
#3 D:\Teknik Informatika\SKRIPSI\tcunnur\system\Database\BaseBuilder.php(1455): CodeIgniter\Database\BaseConnection->query('SELECT *\nFROM `...', Array, false)
#4 D:\Teknik Informatika\SKRIPSI\tcunnur\app\Models\ModelKuesioner.php(42): CodeIgniter\Database\BaseBuilder->get()
#5 D:\Teknik Informatika\SKRIPSI\tcunnur\app\Controllers\Kuesioner.php(96): App\Models\ModelKuesioner->detail('plugins')
#6 D:\Teknik Informatika\SKRIPSI\tcunnur\system\CodeIgniter.php(825): App\Controllers\Kuesioner->add_question('plugins', 'fontawesome-fre...', 'css', 'all.min.css')
#7 D:\Teknik Informatika\SKRIPSI\tcunnur\system\CodeIgniter.php(412): CodeIgniter\CodeIgniter->runController(Object(App\Controllers\Kuesioner))
#8 D:\Teknik Informatika\SKRIPSI\tcunnur\system\CodeIgniter.php(320): CodeIgniter\CodeIgniter->handleRequest(NULL, Object(Config\Cache), false)
#9 D:\Teknik Informatika\SKRIPSI\tcunnur\public\index.php(37): CodeIgniter\CodeIgniter->run()
#10 D:\Teknik Informatika\SKRIPSI\tcunnur\system\Commands\Server\rewrite.php(43): require_once('D:\\Teknik Infor...')
#11 {main}
ERROR - 2022-09-27 09:16:19 --> Unknown column 'plugins' in 'where clause'
CRITICAL - 2022-09-27 09:16:20 --> Unknown column 'plugins' in 'where clause'
#0 D:\Teknik Informatika\SKRIPSI\tcunnur\system\Database\MySQLi\Connection.php(292): mysqli->query('SELECT *\nFROM `...', 0)
#1 D:\Teknik Informatika\SKRIPSI\tcunnur\system\Database\BaseConnection.php(670): CodeIgniter\Database\MySQLi\Connection->execute('SELECT *\nFROM `...')
#2 D:\Teknik Informatika\SKRIPSI\tcunnur\system\Database\BaseConnection.php(598): CodeIgniter\Database\BaseConnection->simpleQuery('SELECT *\nFROM `...')
#3 D:\Teknik Informatika\SKRIPSI\tcunnur\system\Database\BaseBuilder.php(1455): CodeIgniter\Database\BaseConnection->query('SELECT *\nFROM `...', Array, false)
#4 D:\Teknik Informatika\SKRIPSI\tcunnur\app\Models\ModelKuesioner.php(42): CodeIgniter\Database\BaseBuilder->get()
#5 D:\Teknik Informatika\SKRIPSI\tcunnur\app\Controllers\Kuesioner.php(96): App\Models\ModelKuesioner->detail('plugins')
#6 D:\Teknik Informatika\SKRIPSI\tcunnur\system\CodeIgniter.php(825): App\Controllers\Kuesioner->add_question('plugins', 'fontawesome-fre...', 'css', 'all.min.css')
#7 D:\Teknik Informatika\SKRIPSI\tcunnur\system\CodeIgniter.php(412): CodeIgniter\CodeIgniter->runController(Object(App\Controllers\Kuesioner))
#8 D:\Teknik Informatika\SKRIPSI\tcunnur\system\CodeIgniter.php(320): CodeIgniter\CodeIgniter->handleRequest(NULL, Object(Config\Cache), false)
#9 D:\Teknik Informatika\SKRIPSI\tcunnur\public\index.php(37): CodeIgniter\CodeIgniter->run()
#10 D:\Teknik Informatika\SKRIPSI\tcunnur\system\Commands\Server\rewrite.php(43): require_once('D:\\Teknik Infor...')
#11 {main}
CRITICAL - 2022-09-27 10:39:09 --> Undefined variable: konten
#0 D:\Teknik Informatika\SKRIPSI\tcunnur\app\Views\main\user\home_user.php(25): CodeIgniter\Debug\Exceptions->errorHandler(8, 'Undefined varia...', 'D:\\Teknik Infor...', 25, Array)
#1 D:\Teknik Informatika\SKRIPSI\tcunnur\system\View\View.php(210): include('D:\\Teknik Infor...')
#2 D:\Teknik Informatika\SKRIPSI\tcunnur\system\View\View.php(213): CodeIgniter\View\View->CodeIgniter\View\{closure}()
#3 D:\Teknik Informatika\SKRIPSI\tcunnur\system\Common.php(1089): CodeIgniter\View\View->render('main/user/home_...', Array, true)
#4 D:\Teknik Informatika\SKRIPSI\tcunnur\app\Views\layout\admin\v_content.php(3): view('main/user/home_...')
#5 D:\Teknik Informatika\SKRIPSI\tcunnur\system\View\View.php(210): include('D:\\Teknik Infor...')
#6 D:\Teknik Informatika\SKRIPSI\tcunnur\system\View\View.php(213): CodeIgniter\View\View->CodeIgniter\View\{closure}()
#7 D:\Teknik Informatika\SKRIPSI\tcunnur\system\Common.php(1089): CodeIgniter\View\View->render('layout/admin/v_...', Array, true)
#8 D:\Teknik Informatika\SKRIPSI\tcunnur\app\Views\layout\admin\v_wrapper.php(5): view('layout/admin/v_...')
#9 D:\Teknik Informatika\SKRIPSI\tcunnur\system\View\View.php(210): include('D:\\Teknik Infor...')
#10 D:\Teknik Informatika\SKRIPSI\tcunnur\system\View\View.php(213): CodeIgniter\View\View->CodeIgniter\View\{closure}()
#11 D:\Teknik Informatika\SKRIPSI\tcunnur\system\Common.php(1089): CodeIgniter\View\View->render('layout/admin/v_...', Array, true)
#12 D:\Teknik Informatika\SKRIPSI\tcunnur\app\Controllers\HomeUsers.php(24): view('layout/admin/v_...', Array)
#13 D:\Teknik Informatika\SKRIPSI\tcunnur\system\CodeIgniter.php(825): App\Controllers\HomeUsers->index()
#14 D:\Teknik Informatika\SKRIPSI\tcunnur\system\CodeIgniter.php(412): CodeIgniter\CodeIgniter->runController(Object(App\Controllers\HomeUsers))
#15 D:\Teknik Informatika\SKRIPSI\tcunnur\system\CodeIgniter.php(320): CodeIgniter\CodeIgniter->handleRequest(NULL, Object(Config\Cache), false)
#16 D:\Teknik Informatika\SKRIPSI\tcunnur\public\index.php(37): CodeIgniter\CodeIgniter->run()
#17 D:\Teknik Informatika\SKRIPSI\tcunnur\system\Commands\Server\rewrite.php(43): require_once('D:\\Teknik Infor...')
#18 {main}
CRITICAL - 2022-09-27 10:39:36 --> Undefined variable: konten
#0 D:\Teknik Informatika\SKRIPSI\tcunnur\app\Views\main\user\home_user.php(25): CodeIgniter\Debug\Exceptions->errorHandler(8, 'Undefined varia...', 'D:\\Teknik Infor...', 25, Array)
#1 D:\Teknik Informatika\SKRIPSI\tcunnur\system\View\View.php(210): include('D:\\Teknik Infor...')
#2 D:\Teknik Informatika\SKRIPSI\tcunnur\system\View\View.php(213): CodeIgniter\View\View->CodeIgniter\View\{closure}()
#3 D:\Teknik Informatika\SKRIPSI\tcunnur\system\Common.php(1089): CodeIgniter\View\View->render('main/user/home_...', Array, true)
#4 D:\Teknik Informatika\SKRIPSI\tcunnur\app\Views\layout\admin\v_content.php(3): view('main/user/home_...')
#5 D:\Teknik Informatika\SKRIPSI\tcunnur\system\View\View.php(210): include('D:\\Teknik Infor...')
#6 D:\Teknik Informatika\SKRIPSI\tcunnur\system\View\View.php(213): CodeIgniter\View\View->CodeIgniter\View\{closure}()
#7 D:\Teknik Informatika\SKRIPSI\tcunnur\system\Common.php(1089): CodeIgniter\View\View->render('layout/admin/v_...', Array, true)
#8 D:\Teknik Informatika\SKRIPSI\tcunnur\app\Views\layout\admin\v_wrapper.php(5): view('layout/admin/v_...')
#9 D:\Teknik Informatika\SKRIPSI\tcunnur\system\View\View.php(210): include('D:\\Teknik Infor...')
#10 D:\Teknik Informatika\SKRIPSI\tcunnur\system\View\View.php(213): CodeIgniter\View\View->CodeIgniter\View\{closure}()
#11 D:\Teknik Informatika\SKRIPSI\tcunnur\system\Common.php(1089): CodeIgniter\View\View->render('layout/admin/v_...', Array, true)
#12 D:\Teknik Informatika\SKRIPSI\tcunnur\app\Controllers\HomeUsers.php(24): view('layout/admin/v_...', Array)
#13 D:\Teknik Informatika\SKRIPSI\tcunnur\system\CodeIgniter.php(825): App\Controllers\HomeUsers->index()
#14 D:\Teknik Informatika\SKRIPSI\tcunnur\system\CodeIgniter.php(412): CodeIgniter\CodeIgniter->runController(Object(App\Controllers\HomeUsers))
#15 D:\Teknik Informatika\SKRIPSI\tcunnur\system\CodeIgniter.php(320): CodeIgniter\CodeIgniter->handleRequest(NULL, Object(Config\Cache), false)
#16 D:\Teknik Informatika\SKRIPSI\tcunnur\public\index.php(37): CodeIgniter\CodeIgniter->run()
#17 D:\Teknik Informatika\SKRIPSI\tcunnur\system\Commands\Server\rewrite.php(43): require_once('D:\\Teknik Infor...')
#18 {main}
CRITICAL - 2022-09-27 10:43:03 --> Undefined variable: konten
#0 D:\Teknik Informatika\SKRIPSI\tcunnur\app\Views\main\user\home_user.php(25): CodeIgniter\Debug\Exceptions->errorHandler(8, 'Undefined varia...', 'D:\\Teknik Infor...', 25, Array)
#1 D:\Teknik Informatika\SKRIPSI\tcunnur\system\View\View.php(210): include('D:\\Teknik Infor...')
#2 D:\Teknik Informatika\SKRIPSI\tcunnur\system\View\View.php(213): CodeIgniter\View\View->CodeIgniter\View\{closure}()
#3 D:\Teknik Informatika\SKRIPSI\tcunnur\system\Common.php(1089): CodeIgniter\View\View->render('main/user/home_...', Array, true)
#4 D:\Teknik Informatika\SKRIPSI\tcunnur\app\Views\layout\admin\v_content.php(3): view('main/user/home_...')
#5 D:\Teknik Informatika\SKRIPSI\tcunnur\system\View\View.php(210): include('D:\\Teknik Infor...')
#6 D:\Teknik Informatika\SKRIPSI\tcunnur\system\View\View.php(213): CodeIgniter\View\View->CodeIgniter\View\{closure}()
#7 D:\Teknik Informatika\SKRIPSI\tcunnur\system\Common.php(1089): CodeIgniter\View\View->render('layout/admin/v_...', Array, true)
#8 D:\Teknik Informatika\SKRIPSI\tcunnur\app\Views\layout\admin\v_wrapper.php(5): view('layout/admin/v_...')
#9 D:\Teknik Informatika\SKRIPSI\tcunnur\system\View\View.php(210): include('D:\\Teknik Infor...')
#10 D:\Teknik Informatika\SKRIPSI\tcunnur\system\View\View.php(213): CodeIgniter\View\View->CodeIgniter\View\{closure}()
#11 D:\Teknik Informatika\SKRIPSI\tcunnur\system\Common.php(1089): CodeIgniter\View\View->render('layout/admin/v_...', Array, true)
#12 D:\Teknik Informatika\SKRIPSI\tcunnur\app\Controllers\HomeUsers.php(25): view('layout/admin/v_...', Array)
#13 D:\Teknik Informatika\SKRIPSI\tcunnur\system\CodeIgniter.php(825): App\Controllers\HomeUsers->index()
#14 D:\Teknik Informatika\SKRIPSI\tcunnur\system\CodeIgniter.php(412): CodeIgniter\CodeIgniter->runController(Object(App\Controllers\HomeUsers))
#15 D:\Teknik Informatika\SKRIPSI\tcunnur\system\CodeIgniter.php(320): CodeIgniter\CodeIgniter->handleRequest(NULL, Object(Config\Cache), false)
#16 D:\Teknik Informatika\SKRIPSI\tcunnur\public\index.php(37): CodeIgniter\CodeIgniter->run()
#17 D:\Teknik Informatika\SKRIPSI\tcunnur\system\Commands\Server\rewrite.php(43): require_once('D:\\Teknik Infor...')
#18 {main}
CRITICAL - 2022-09-27 10:43:44 --> Undefined variable: konten
#0 D:\Teknik Informatika\SKRIPSI\tcunnur\app\Views\main\user\home_user.php(25): CodeIgniter\Debug\Exceptions->errorHandler(8, 'Undefined varia...', 'D:\\Teknik Infor...', 25, Array)
#1 D:\Teknik Informatika\SKRIPSI\tcunnur\system\View\View.php(210): include('D:\\Teknik Infor...')
#2 D:\Teknik Informatika\SKRIPSI\tcunnur\system\View\View.php(213): CodeIgniter\View\View->CodeIgniter\View\{closure}()
#3 D:\Teknik Informatika\SKRIPSI\tcunnur\system\Common.php(1089): CodeIgniter\View\View->render('main/user/home_...', Array, true)
#4 D:\Teknik Informatika\SKRIPSI\tcunnur\app\Views\layout\admin\v_content.php(3): view('main/user/home_...')
#5 D:\Teknik Informatika\SKRIPSI\tcunnur\system\View\View.php(210): include('D:\\Teknik Infor...')
#6 D:\Teknik Informatika\SKRIPSI\tcunnur\system\View\View.php(213): CodeIgniter\View\View->CodeIgniter\View\{closure}()
#7 D:\Teknik Informatika\SKRIPSI\tcunnur\system\Common.php(1089): CodeIgniter\View\View->render('layout/admin/v_...', Array, true)
#8 D:\Teknik Informatika\SKRIPSI\tcunnur\app\Views\layout\admin\v_wrapper.php(5): view('layout/admin/v_...')
#9 D:\Teknik Informatika\SKRIPSI\tcunnur\system\View\View.php(210): include('D:\\Teknik Infor...')
#10 D:\Teknik Informatika\SKRIPSI\tcunnur\system\View\View.php(213): CodeIgniter\View\View->CodeIgniter\View\{closure}()
#11 D:\Teknik Informatika\SKRIPSI\tcunnur\system\Common.php(1089): CodeIgniter\View\View->render('layout/admin/v_...', Array, true)
#12 D:\Teknik Informatika\SKRIPSI\tcunnur\app\Controllers\HomeUsers.php(25): view('layout/admin/v_...', Array)
#13 D:\Teknik Informatika\SKRIPSI\tcunnur\system\CodeIgniter.php(825): App\Controllers\HomeUsers->index()
#14 D:\Teknik Informatika\SKRIPSI\tcunnur\system\CodeIgniter.php(412): CodeIgniter\CodeIgniter->runController(Object(App\Controllers\HomeUsers))
#15 D:\Teknik Informatika\SKRIPSI\tcunnur\system\CodeIgniter.php(320): CodeIgniter\CodeIgniter->handleRequest(NULL, Object(Config\Cache), false)
#16 D:\Teknik Informatika\SKRIPSI\tcunnur\public\index.php(37): CodeIgniter\CodeIgniter->run()
#17 D:\Teknik Informatika\SKRIPSI\tcunnur\system\Commands\Server\rewrite.php(43): require_once('D:\\Teknik Infor...')
#18 {main}
CRITICAL - 2022-09-27 12:12:55 --> You must set the database table to be used with your query.
#0 D:\Teknik Informatika\SKRIPSI\tcunnur\system\Model.php(545): CodeIgniter\Database\BaseConnection->table(NULL)
#1 D:\Teknik Informatika\SKRIPSI\tcunnur\system\Model.php(722): CodeIgniter\Model->builder()
#2 D:\Teknik Informatika\SKRIPSI\tcunnur\app\Controllers\KuesionerUsers.php(26): CodeIgniter\Model->__call('get_answer1', Array)
#3 D:\Teknik Informatika\SKRIPSI\tcunnur\system\CodeIgniter.php(825): App\Controllers\KuesionerUsers->index()
#4 D:\Teknik Informatika\SKRIPSI\tcunnur\system\CodeIgniter.php(412): CodeIgniter\CodeIgniter->runController(Object(App\Controllers\KuesionerUsers))
#5 D:\Teknik Informatika\SKRIPSI\tcunnur\system\CodeIgniter.php(320): CodeIgniter\CodeIgniter->handleRequest(NULL, Object(Config\Cache), false)
#6 D:\Teknik Informatika\SKRIPSI\tcunnur\public\index.php(37): CodeIgniter\CodeIgniter->run()
#7 D:\Teknik Informatika\SKRIPSI\tcunnur\system\Commands\Server\rewrite.php(43): require_once('D:\\Teknik Infor...')
#8 {main}
CRITICAL - 2022-09-27 12:13:07 --> You must set the database table to be used with your query.
#0 D:\Teknik Informatika\SKRIPSI\tcunnur\system\Model.php(545): CodeIgniter\Database\BaseConnection->table(NULL)
#1 D:\Teknik Informatika\SKRIPSI\tcunnur\system\Model.php(722): CodeIgniter\Model->builder()
#2 D:\Teknik Informatika\SKRIPSI\tcunnur\app\Controllers\KuesionerUsers.php(26): CodeIgniter\Model->__call('get_answer1', Array)
#3 D:\Teknik Informatika\SKRIPSI\tcunnur\system\CodeIgniter.php(825): App\Controllers\KuesionerUsers->index()
#4 D:\Teknik Informatika\SKRIPSI\tcunnur\system\CodeIgniter.php(412): CodeIgniter\CodeIgniter->runController(Object(App\Controllers\KuesionerUsers))
#5 D:\Teknik Informatika\SKRIPSI\tcunnur\system\CodeIgniter.php(320): CodeIgniter\CodeIgniter->handleRequest(NULL, Object(Config\Cache), false)
#6 D:\Teknik Informatika\SKRIPSI\tcunnur\public\index.php(37): CodeIgniter\CodeIgniter->run()
#7 D:\Teknik Informatika\SKRIPSI\tcunnur\system\Commands\Server\rewrite.php(43): require_once('D:\\Teknik Infor...')
#8 {main}
ERROR - 2022-09-27 12:42:49 --> Unknown column 'plugins' in 'where clause'
CRITICAL - 2022-09-27 12:42:49 --> Unknown column 'plugins' in 'where clause'
#0 D:\Teknik Informatika\SKRIPSI\tcunnur\system\Database\MySQLi\Connection.php(292): mysqli->query('SELECT *\nFROM `...', 0)
#1 D:\Teknik Informatika\SKRIPSI\tcunnur\system\Database\BaseConnection.php(670): CodeIgniter\Database\MySQLi\Connection->execute('SELECT *\nFROM `...')
#2 D:\Teknik Informatika\SKRIPSI\tcunnur\system\Database\BaseConnection.php(598): CodeIgniter\Database\BaseConnection->simpleQuery('SELECT *\nFROM `...')
#3 D:\Teknik Informatika\SKRIPSI\tcunnur\system\Database\BaseBuilder.php(1455): CodeIgniter\Database\BaseConnection->query('SELECT *\nFROM `...', Array, false)
#4 D:\Teknik Informatika\SKRIPSI\tcunnur\app\Models\ModelKuesioner.php(42): CodeIgniter\Database\BaseBuilder->get()
#5 D:\Teknik Informatika\SKRIPSI\tcunnur\app\Controllers\Kuesioner.php(96): App\Models\ModelKuesioner->detail('plugins')
#6 D:\Teknik Informatika\SKRIPSI\tcunnur\system\CodeIgniter.php(825): App\Controllers\Kuesioner->add_question('plugins', 'fontawesome-fre...', 'css', 'all.min.css')
#7 D:\Teknik Informatika\SKRIPSI\tcunnur\system\CodeIgniter.php(412): CodeIgniter\CodeIgniter->runController(Object(App\Controllers\Kuesioner))
#8 D:\Teknik Informatika\SKRIPSI\tcunnur\system\CodeIgniter.php(320): CodeIgniter\CodeIgniter->handleRequest(NULL, Object(Config\Cache), false)
#9 D:\Teknik Informatika\SKRIPSI\tcunnur\public\index.php(37): CodeIgniter\CodeIgniter->run()
#10 D:\Teknik Informatika\SKRIPSI\tcunnur\system\Commands\Server\rewrite.php(43): require_once('D:\\Teknik Infor...')
#11 {main}
CRITICAL - 2022-09-27 21:55:39 --> You must set the database table to be used with your query.
#0 D:\Teknik Informatika\SKRIPSI\tcunnur\system\Model.php(545): CodeIgniter\Database\BaseConnection->table(NULL)
#1 D:\Teknik Informatika\SKRIPSI\tcunnur\system\Model.php(722): CodeIgniter\Model->builder()
#2 D:\Teknik Informatika\SKRIPSI\tcunnur\app\Controllers\KuesionerUsers.php(26): CodeIgniter\Model->__call('get_answer1', Array)
#3 D:\Teknik Informatika\SKRIPSI\tcunnur\system\CodeIgniter.php(825): App\Controllers\KuesionerUsers->index()
#4 D:\Teknik Informatika\SKRIPSI\tcunnur\system\CodeIgniter.php(412): CodeIgniter\CodeIgniter->runController(Object(App\Controllers\KuesionerUsers))
#5 D:\Teknik Informatika\SKRIPSI\tcunnur\system\CodeIgniter.php(320): CodeIgniter\CodeIgniter->handleRequest(NULL, Object(Config\Cache), false)
#6 D:\Teknik Informatika\SKRIPSI\tcunnur\public\index.php(37): CodeIgniter\CodeIgniter->run()
#7 D:\Teknik Informatika\SKRIPSI\tcunnur\system\Commands\Server\rewrite.php(43): require_once('D:\\Teknik Infor...')
#8 {main}
CRITICAL - 2022-09-27 21:56:35 --> You must set the database table to be used with your query.
#0 D:\Teknik Informatika\SKRIPSI\tcunnur\system\Model.php(545): CodeIgniter\Database\BaseConnection->table(NULL)
#1 D:\Teknik Informatika\SKRIPSI\tcunnur\system\Model.php(722): CodeIgniter\Model->builder()
#2 D:\Teknik Informatika\SKRIPSI\tcunnur\app\Controllers\KuesionerUsers.php(26): CodeIgniter\Model->__call('get_answer1', Array)
#3 D:\Teknik Informatika\SKRIPSI\tcunnur\system\CodeIgniter.php(825): App\Controllers\KuesionerUsers->index()
#4 D:\Teknik Informatika\SKRIPSI\tcunnur\system\CodeIgniter.php(412): CodeIgniter\CodeIgniter->runController(Object(App\Controllers\KuesionerUsers))
#5 D:\Teknik Informatika\SKRIPSI\tcunnur\system\CodeIgniter.php(320): CodeIgniter\CodeIgniter->handleRequest(NULL, Object(Config\Cache), false)
#6 D:\Teknik Informatika\SKRIPSI\tcunnur\public\index.php(37): CodeIgniter\CodeIgniter->run()
#7 D:\Teknik Informatika\SKRIPSI\tcunnur\system\Commands\Server\rewrite.php(43): require_once('D:\\Teknik Infor...')
#8 {main}
CRITICAL - 2022-09-27 21:56:36 --> You must set the database table to be used with your query.
#0 D:\Teknik Informatika\SKRIPSI\tcunnur\system\Model.php(545): CodeIgniter\Database\BaseConnection->table(NULL)
#1 D:\Teknik Informatika\SKRIPSI\tcunnur\system\Model.php(722): CodeIgniter\Model->builder()
#2 D:\Teknik Informatika\SKRIPSI\tcunnur\app\Controllers\KuesionerUsers.php(26): CodeIgniter\Model->__call('get_answer1', Array)
#3 D:\Teknik Informatika\SKRIPSI\tcunnur\system\CodeIgniter.php(825): App\Controllers\KuesionerUsers->index()
#4 D:\Teknik Informatika\SKRIPSI\tcunnur\system\CodeIgniter.php(412): CodeIgniter\CodeIgniter->runController(Object(App\Controllers\KuesionerUsers))
#5 D:\Teknik Informatika\SKRIPSI\tcunnur\system\CodeIgniter.php(320): CodeIgniter\CodeIgniter->handleRequest(NULL, Object(Config\Cache), false)
#6 D:\Teknik Informatika\SKRIPSI\tcunnur\public\index.php(37): CodeIgniter\CodeIgniter->run()
#7 D:\Teknik Informatika\SKRIPSI\tcunnur\system\Commands\Server\rewrite.php(43): require_once('D:\\Teknik Infor...')
#8 {main}
ERROR - 2022-09-27 22:35:12 --> Unknown column 'plugins' in 'where clause'
CRITICAL - 2022-09-27 22:35:13 --> Unknown column 'plugins' in 'where clause'
#0 D:\Teknik Informatika\SKRIPSI\tcunnur\system\Database\MySQLi\Connection.php(292): mysqli->query('SELECT *\nFROM `...', 0)
#1 D:\Teknik Informatika\SKRIPSI\tcunnur\system\Database\BaseConnection.php(670): CodeIgniter\Database\MySQLi\Connection->execute('SELECT *\nFROM `...')
#2 D:\Teknik Informatika\SKRIPSI\tcunnur\system\Database\BaseConnection.php(598): CodeIgniter\Database\BaseConnection->simpleQuery('SELECT *\nFROM `...')
#3 D:\Teknik Informatika\SKRIPSI\tcunnur\system\Database\BaseBuilder.php(1455): CodeIgniter\Database\BaseConnection->query('SELECT *\nFROM `...', Array, false)
#4 D:\Teknik Informatika\SKRIPSI\tcunnur\app\Models\ModelKuesioner.php(42): CodeIgniter\Database\BaseBuilder->get()
#5 D:\Teknik Informatika\SKRIPSI\tcunnur\app\Controllers\KuesionerUsers.php(44): App\Models\ModelKuesioner->detail('plugins')
#6 D:\Teknik Informatika\SKRIPSI\tcunnur\system\CodeIgniter.php(825): App\Controllers\KuesionerUsers->detail('plugins', 'fontawesome-fre...', 'css', 'all.min.css')
#7 D:\Teknik Informatika\SKRIPSI\tcunnur\system\CodeIgniter.php(412): CodeIgniter\CodeIgniter->runController(Object(App\Controllers\KuesionerUsers))
#8 D:\Teknik Informatika\SKRIPSI\tcunnur\system\CodeIgniter.php(320): CodeIgniter\CodeIgniter->handleRequest(NULL, Object(Config\Cache), false)
#9 D:\Teknik Informatika\SKRIPSI\tcunnur\public\index.php(37): CodeIgniter\CodeIgniter->run()
#10 D:\Teknik Informatika\SKRIPSI\tcunnur\system\Commands\Server\rewrite.php(43): require_once('D:\\Teknik Infor...')
#11 {main}
CRITICAL - 2022-09-27 22:51:30 --> Undefined index: total
#0 D:\Teknik Informatika\SKRIPSI\tcunnur\app\Views\layout\admin\v_nav.php(138): CodeIgniter\Debug\Exceptions->errorHandler(8, 'Undefined index...', 'D:\\Teknik Infor...', 138, Array)
#1 D:\Teknik Informatika\SKRIPSI\tcunnur\system\View\View.php(210): include('D:\\Teknik Infor...')
#2 D:\Teknik Informatika\SKRIPSI\tcunnur\system\View\View.php(213): CodeIgniter\View\View->CodeIgniter\View\{closure}()
#3 D:\Teknik Informatika\SKRIPSI\tcunnur\system\Common.php(1089): CodeIgniter\View\View->render('layout/admin/v_...', Array, true)
#4 D:\Teknik Informatika\SKRIPSI\tcunnur\app\Views\layout\admin\v_wrapper.php(4): view('layout/admin/v_...')
#5 D:\Teknik Informatika\SKRIPSI\tcunnur\system\View\View.php(210): include('D:\\Teknik Infor...')
#6 D:\Teknik Informatika\SKRIPSI\tcunnur\system\View\View.php(213): CodeIgniter\View\View->CodeIgniter\View\{closure}()
#7 D:\Teknik Informatika\SKRIPSI\tcunnur\system\Common.php(1089): CodeIgniter\View\View->render('layout/admin/v_...', Array, true)
#8 D:\Teknik Informatika\SKRIPSI\tcunnur\app\Controllers\KuesionerUsers.php(28): view('layout/admin/v_...', Array)
#9 D:\Teknik Informatika\SKRIPSI\tcunnur\system\CodeIgniter.php(825): App\Controllers\KuesionerUsers->index()
#10 D:\Teknik Informatika\SKRIPSI\tcunnur\system\CodeIgniter.php(412): CodeIgniter\CodeIgniter->runController(Object(App\Controllers\KuesionerUsers))
#11 D:\Teknik Informatika\SKRIPSI\tcunnur\system\CodeIgniter.php(320): CodeIgniter\CodeIgniter->handleRequest(NULL, Object(Config\Cache), false)
#12 D:\Teknik Informatika\SKRIPSI\tcunnur\public\index.php(37): CodeIgniter\CodeIgniter->run()
#13 D:\Teknik Informatika\SKRIPSI\tcunnur\system\Commands\Server\rewrite.php(43): require_once('D:\\Teknik Infor...')
#14 {main}
CRITICAL - 2022-09-27 22:51:59 --> Cannot use object of type stdClass as array
#0 D:\Teknik Informatika\SKRIPSI\tcunnur\system\View\View.php(210): include()
#1 D:\Teknik Informatika\SKRIPSI\tcunnur\system\View\View.php(213): CodeIgniter\View\View->CodeIgniter\View\{closure}()
#2 D:\Teknik Informatika\SKRIPSI\tcunnur\system\Common.php(1089): CodeIgniter\View\View->render('layout/admin/v_...', Array, true)
#3 D:\Teknik Informatika\SKRIPSI\tcunnur\app\Views\layout\admin\v_wrapper.php(4): view('layout/admin/v_...')
#4 D:\Teknik Informatika\SKRIPSI\tcunnur\system\View\View.php(210): include('D:\\Teknik Infor...')
#5 D:\Teknik Informatika\SKRIPSI\tcunnur\system\View\View.php(213): CodeIgniter\View\View->CodeIgniter\View\{closure}()
#6 D:\Teknik Informatika\SKRIPSI\tcunnur\system\Common.php(1089): CodeIgniter\View\View->render('layout/admin/v_...', Array, true)
#7 D:\Teknik Informatika\SKRIPSI\tcunnur\app\Controllers\KuesionerUsers.php(28): view('layout/admin/v_...', Array)
#8 D:\Teknik Informatika\SKRIPSI\tcunnur\system\CodeIgniter.php(825): App\Controllers\KuesionerUsers->index()
#9 D:\Teknik Informatika\SKRIPSI\tcunnur\system\CodeIgniter.php(412): CodeIgniter\CodeIgniter->runController(Object(App\Controllers\KuesionerUsers))
#10 D:\Teknik Informatika\SKRIPSI\tcunnur\system\CodeIgniter.php(320): CodeIgniter\CodeIgniter->handleRequest(NULL, Object(Config\Cache), false)
#11 D:\Teknik Informatika\SKRIPSI\tcunnur\public\index.php(37): CodeIgniter\CodeIgniter->run()
#12 D:\Teknik Informatika\SKRIPSI\tcunnur\system\Commands\Server\rewrite.php(43): require_once('D:\\Teknik Infor...')
#13 {main}
CRITICAL - 2022-09-27 22:54:14 --> Undefined index: total
#0 D:\Teknik Informatika\SKRIPSI\tcunnur\app\Views\layout\admin\v_nav.php(138): CodeIgniter\Debug\Exceptions->errorHandler(8, 'Undefined index...', 'D:\\Teknik Infor...', 138, Array)
#1 D:\Teknik Informatika\SKRIPSI\tcunnur\system\View\View.php(210): include('D:\\Teknik Infor...')
#2 D:\Teknik Informatika\SKRIPSI\tcunnur\system\View\View.php(213): CodeIgniter\View\View->CodeIgniter\View\{closure}()
#3 D:\Teknik Informatika\SKRIPSI\tcunnur\system\Common.php(1089): CodeIgniter\View\View->render('layout/admin/v_...', Array, true)
#4 D:\Teknik Informatika\SKRIPSI\tcunnur\app\Views\layout\admin\v_wrapper.php(4): view('layout/admin/v_...')
#5 D:\Teknik Informatika\SKRIPSI\tcunnur\system\View\View.php(210): include('D:\\Teknik Infor...')
#6 D:\Teknik Informatika\SKRIPSI\tcunnur\system\View\View.php(213): CodeIgniter\View\View->CodeIgniter\View\{closure}()
#7 D:\Teknik Informatika\SKRIPSI\tcunnur\system\Common.php(1089): CodeIgniter\View\View->render('layout/admin/v_...', Array, true)
#8 D:\Teknik Informatika\SKRIPSI\tcunnur\app\Controllers\KuesionerUsers.php(28): view('layout/admin/v_...', Array)
#9 D:\Teknik Informatika\SKRIPSI\tcunnur\system\CodeIgniter.php(825): App\Controllers\KuesionerUsers->index()
#10 D:\Teknik Informatika\SKRIPSI\tcunnur\system\CodeIgniter.php(412): CodeIgniter\CodeIgniter->runController(Object(App\Controllers\KuesionerUsers))
#11 D:\Teknik Informatika\SKRIPSI\tcunnur\system\CodeIgniter.php(320): CodeIgniter\CodeIgniter->handleRequest(NULL, Object(Config\Cache), false)
#12 D:\Teknik Informatika\SKRIPSI\tcunnur\public\index.php(37): CodeIgniter\CodeIgniter->run()
#13 D:\Teknik Informatika\SKRIPSI\tcunnur\system\Commands\Server\rewrite.php(43): require_once('D:\\Teknik Infor...')
#14 {main}
CRITICAL - 2022-09-27 22:54:45 --> Undefined index: total
#0 D:\Teknik Informatika\SKRIPSI\tcunnur\app\Views\layout\admin\v_nav.php(138): CodeIgniter\Debug\Exceptions->errorHandler(8, 'Undefined index...', 'D:\\Teknik Infor...', 138, Array)
#1 D:\Teknik Informatika\SKRIPSI\tcunnur\system\View\View.php(210): include('D:\\Teknik Infor...')
#2 D:\Teknik Informatika\SKRIPSI\tcunnur\system\View\View.php(213): CodeIgniter\View\View->CodeIgniter\View\{closure}()
#3 D:\Teknik Informatika\SKRIPSI\tcunnur\system\Common.php(1089): CodeIgniter\View\View->render('layout/admin/v_...', Array, true)
#4 D:\Teknik Informatika\SKRIPSI\tcunnur\app\Views\layout\admin\v_wrapper.php(4): view('layout/admin/v_...')
#5 D:\Teknik Informatika\SKRIPSI\tcunnur\system\View\View.php(210): include('D:\\Teknik Infor...')
#6 D:\Teknik Informatika\SKRIPSI\tcunnur\system\View\View.php(213): CodeIgniter\View\View->CodeIgniter\View\{closure}()
#7 D:\Teknik Informatika\SKRIPSI\tcunnur\system\Common.php(1089): CodeIgniter\View\View->render('layout/admin/v_...', Array, true)
#8 D:\Teknik Informatika\SKRIPSI\tcunnur\app\Controllers\KuesionerUsers.php(28): view('layout/admin/v_...', Array)
#9 D:\Teknik Informatika\SKRIPSI\tcunnur\system\CodeIgniter.php(825): App\Controllers\KuesionerUsers->index()
#10 D:\Teknik Informatika\SKRIPSI\tcunnur\system\CodeIgniter.php(412): CodeIgniter\CodeIgniter->runController(Object(App\Controllers\KuesionerUsers))
#11 D:\Teknik Informatika\SKRIPSI\tcunnur\system\CodeIgniter.php(320): CodeIgniter\CodeIgniter->handleRequest(NULL, Object(Config\Cache), false)
#12 D:\Teknik Informatika\SKRIPSI\tcunnur\public\index.php(37): CodeIgniter\CodeIgniter->run()
#13 D:\Teknik Informatika\SKRIPSI\tcunnur\system\Commands\Server\rewrite.php(43): require_once('D:\\Teknik Infor...')
#14 {main}
CRITICAL - 2022-09-27 22:56:22 --> Undefined index: total
#0 D:\Teknik Informatika\SKRIPSI\tcunnur\app\Views\layout\admin\v_nav.php(138): CodeIgniter\Debug\Exceptions->errorHandler(8, 'Undefined index...', 'D:\\Teknik Infor...', 138, Array)
#1 D:\Teknik Informatika\SKRIPSI\tcunnur\system\View\View.php(210): include('D:\\Teknik Infor...')
#2 D:\Teknik Informatika\SKRIPSI\tcunnur\system\View\View.php(213): CodeIgniter\View\View->CodeIgniter\View\{closure}()
#3 D:\Teknik Informatika\SKRIPSI\tcunnur\system\Common.php(1089): CodeIgniter\View\View->render('layout/admin/v_...', Array, true)
#4 D:\Teknik Informatika\SKRIPSI\tcunnur\app\Views\layout\admin\v_wrapper.php(4): view('layout/admin/v_...')
#5 D:\Teknik Informatika\SKRIPSI\tcunnur\system\View\View.php(210): include('D:\\Teknik Infor...')
#6 D:\Teknik Informatika\SKRIPSI\tcunnur\system\View\View.php(213): CodeIgniter\View\View->CodeIgniter\View\{closure}()
#7 D:\Teknik Informatika\SKRIPSI\tcunnur\system\Common.php(1089): CodeIgniter\View\View->render('layout/admin/v_...', Array, true)
#8 D:\Teknik Informatika\SKRIPSI\tcunnur\app\Controllers\KuesionerUsers.php(28): view('layout/admin/v_...', Array)
#9 D:\Teknik Informatika\SKRIPSI\tcunnur\system\CodeIgniter.php(825): App\Controllers\KuesionerUsers->index()
#10 D:\Teknik Informatika\SKRIPSI\tcunnur\system\CodeIgniter.php(412): CodeIgniter\CodeIgniter->runController(Object(App\Controllers\KuesionerUsers))
#11 D:\Teknik Informatika\SKRIPSI\tcunnur\system\CodeIgniter.php(320): CodeIgniter\CodeIgniter->handleRequest(NULL, Object(Config\Cache), false)
#12 D:\Teknik Informatika\SKRIPSI\tcunnur\public\index.php(37): CodeIgniter\CodeIgniter->run()
#13 D:\Teknik Informatika\SKRIPSI\tcunnur\system\Commands\Server\rewrite.php(43): require_once('D:\\Teknik Infor...')
#14 {main}
CRITICAL - 2022-09-27 22:57:02 --> Undefined index: total
#0 D:\Teknik Informatika\SKRIPSI\tcunnur\app\Views\layout\admin\v_nav.php(138): CodeIgniter\Debug\Exceptions->errorHandler(8, 'Undefined index...', 'D:\\Teknik Infor...', 138, Array)
#1 D:\Teknik Informatika\SKRIPSI\tcunnur\system\View\View.php(210): include('D:\\Teknik Infor...')
#2 D:\Teknik Informatika\SKRIPSI\tcunnur\system\View\View.php(213): CodeIgniter\View\View->CodeIgniter\View\{closure}()
#3 D:\Teknik Informatika\SKRIPSI\tcunnur\system\Common.php(1089): CodeIgniter\View\View->render('layout/admin/v_...', Array, true)
#4 D:\Teknik Informatika\SKRIPSI\tcunnur\app\Views\layout\admin\v_wrapper.php(4): view('layout/admin/v_...')
#5 D:\Teknik Informatika\SKRIPSI\tcunnur\system\View\View.php(210): include('D:\\Teknik Infor...')
#6 D:\Teknik Informatika\SKRIPSI\tcunnur\system\View\View.php(213): CodeIgniter\View\View->CodeIgniter\View\{closure}()
#7 D:\Teknik Informatika\SKRIPSI\tcunnur\system\Common.php(1089): CodeIgniter\View\View->render('layout/admin/v_...', Array, true)
#8 D:\Teknik Informatika\SKRIPSI\tcunnur\app\Controllers\KuesionerUsers.php(28): view('layout/admin/v_...', Array)
#9 D:\Teknik Informatika\SKRIPSI\tcunnur\system\CodeIgniter.php(825): App\Controllers\KuesionerUsers->index()
#10 D:\Teknik Informatika\SKRIPSI\tcunnur\system\CodeIgniter.php(412): CodeIgniter\CodeIgniter->runController(Object(App\Controllers\KuesionerUsers))
#11 D:\Teknik Informatika\SKRIPSI\tcunnur\system\CodeIgniter.php(320): CodeIgniter\CodeIgniter->handleRequest(NULL, Object(Config\Cache), false)
#12 D:\Teknik Informatika\SKRIPSI\tcunnur\public\index.php(37): CodeIgniter\CodeIgniter->run()
#13 D:\Teknik Informatika\SKRIPSI\tcunnur\system\Commands\Server\rewrite.php(43): require_once('D:\\Teknik Infor...')
#14 {main}
CRITICAL - 2022-09-27 22:59:12 --> Undefined index: total
#0 D:\Teknik Informatika\SKRIPSI\tcunnur\app\Views\layout\admin\v_nav.php(138): CodeIgniter\Debug\Exceptions->errorHandler(8, 'Undefined index...', 'D:\\Teknik Infor...', 138, Array)
#1 D:\Teknik Informatika\SKRIPSI\tcunnur\system\View\View.php(210): include('D:\\Teknik Infor...')
#2 D:\Teknik Informatika\SKRIPSI\tcunnur\system\View\View.php(213): CodeIgniter\View\View->CodeIgniter\View\{closure}()
#3 D:\Teknik Informatika\SKRIPSI\tcunnur\system\Common.php(1089): CodeIgniter\View\View->render('layout/admin/v_...', Array, true)
#4 D:\Teknik Informatika\SKRIPSI\tcunnur\app\Views\layout\admin\v_wrapper.php(4): view('layout/admin/v_...')
#5 D:\Teknik Informatika\SKRIPSI\tcunnur\system\View\View.php(210): include('D:\\Teknik Infor...')
#6 D:\Teknik Informatika\SKRIPSI\tcunnur\system\View\View.php(213): CodeIgniter\View\View->CodeIgniter\View\{closure}()
#7 D:\Teknik Informatika\SKRIPSI\tcunnur\system\Common.php(1089): CodeIgniter\View\View->render('layout/admin/v_...', Array, true)
#8 D:\Teknik Informatika\SKRIPSI\tcunnur\app\Controllers\KuesionerUsers.php(28): view('layout/admin/v_...', Array)
#9 D:\Teknik Informatika\SKRIPSI\tcunnur\system\CodeIgniter.php(825): App\Controllers\KuesionerUsers->index()
#10 D:\Teknik Informatika\SKRIPSI\tcunnur\system\CodeIgniter.php(412): CodeIgniter\CodeIgniter->runController(Object(App\Controllers\KuesionerUsers))
#11 D:\Teknik Informatika\SKRIPSI\tcunnur\system\CodeIgniter.php(320): CodeIgniter\CodeIgniter->handleRequest(NULL, Object(Config\Cache), false)
#12 D:\Teknik Informatika\SKRIPSI\tcunnur\public\index.php(37): CodeIgniter\CodeIgniter->run()
#13 D:\Teknik Informatika\SKRIPSI\tcunnur\system\Commands\Server\rewrite.php(43): require_once('D:\\Teknik Infor...')
#14 {main}
CRITICAL - 2022-09-27 23:00:48 --> Undefined index: total
#0 D:\Teknik Informatika\SKRIPSI\tcunnur\app\Views\layout\admin\v_nav.php(138): CodeIgniter\Debug\Exceptions->errorHandler(8, 'Undefined index...', 'D:\\Teknik Infor...', 138, Array)
#1 D:\Teknik Informatika\SKRIPSI\tcunnur\system\View\View.php(210): include('D:\\Teknik Infor...')
#2 D:\Teknik Informatika\SKRIPSI\tcunnur\system\View\View.php(213): CodeIgniter\View\View->CodeIgniter\View\{closure}()
#3 D:\Teknik Informatika\SKRIPSI\tcunnur\system\Common.php(1089): CodeIgniter\View\View->render('layout/admin/v_...', Array, true)
#4 D:\Teknik Informatika\SKRIPSI\tcunnur\app\Views\layout\admin\v_wrapper.php(4): view('layout/admin/v_...')
#5 D:\Teknik Informatika\SKRIPSI\tcunnur\system\View\View.php(210): include('D:\\Teknik Infor...')
#6 D:\Teknik Informatika\SKRIPSI\tcunnur\system\View\View.php(213): CodeIgniter\View\View->CodeIgniter\View\{closure}()
#7 D:\Teknik Informatika\SKRIPSI\tcunnur\system\Common.php(1089): CodeIgniter\View\View->render('layout/admin/v_...', Array, true)
#8 D:\Teknik Informatika\SKRIPSI\tcunnur\app\Controllers\KuesionerUsers.php(28): view('layout/admin/v_...', Array)
#9 D:\Teknik Informatika\SKRIPSI\tcunnur\system\CodeIgniter.php(825): App\Controllers\KuesionerUsers->index()
#10 D:\Teknik Informatika\SKRIPSI\tcunnur\system\CodeIgniter.php(412): CodeIgniter\CodeIgniter->runController(Object(App\Controllers\KuesionerUsers))
#11 D:\Teknik Informatika\SKRIPSI\tcunnur\system\CodeIgniter.php(320): CodeIgniter\CodeIgniter->handleRequest(NULL, Object(Config\Cache), false)
#12 D:\Teknik Informatika\SKRIPSI\tcunnur\public\index.php(37): CodeIgniter\CodeIgniter->run()
#13 D:\Teknik Informatika\SKRIPSI\tcunnur\system\Commands\Server\rewrite.php(43): require_once('D:\\Teknik Infor...')
#14 {main}
CRITICAL - 2022-09-27 23:03:32 --> Undefined index: total
#0 D:\Teknik Informatika\SKRIPSI\tcunnur\app\Views\layout\admin\v_nav.php(138): CodeIgniter\Debug\Exceptions->errorHandler(8, 'Undefined index...', 'D:\\Teknik Infor...', 138, Array)
#1 D:\Teknik Informatika\SKRIPSI\tcunnur\system\View\View.php(210): include('D:\\Teknik Infor...')
#2 D:\Teknik Informatika\SKRIPSI\tcunnur\system\View\View.php(213): CodeIgniter\View\View->CodeIgniter\View\{closure}()
#3 D:\Teknik Informatika\SKRIPSI\tcunnur\system\Common.php(1089): CodeIgniter\View\View->render('layout/admin/v_...', Array, true)
#4 D:\Teknik Informatika\SKRIPSI\tcunnur\app\Views\layout\admin\v_wrapper.php(4): view('layout/admin/v_...')
#5 D:\Teknik Informatika\SKRIPSI\tcunnur\system\View\View.php(210): include('D:\\Teknik Infor...')
#6 D:\Teknik Informatika\SKRIPSI\tcunnur\system\View\View.php(213): CodeIgniter\View\View->CodeIgniter\View\{closure}()
#7 D:\Teknik Informatika\SKRIPSI\tcunnur\system\Common.php(1089): CodeIgniter\View\View->render('layout/admin/v_...', Array, true)
#8 D:\Teknik Informatika\SKRIPSI\tcunnur\app\Controllers\KuesionerUsers.php(28): view('layout/admin/v_...', Array)
#9 D:\Teknik Informatika\SKRIPSI\tcunnur\system\CodeIgniter.php(825): App\Controllers\KuesionerUsers->index()
#10 D:\Teknik Informatika\SKRIPSI\tcunnur\system\CodeIgniter.php(412): CodeIgniter\CodeIgniter->runController(Object(App\Controllers\KuesionerUsers))
#11 D:\Teknik Informatika\SKRIPSI\tcunnur\system\CodeIgniter.php(320): CodeIgniter\CodeIgniter->handleRequest(NULL, Object(Config\Cache), false)
#12 D:\Teknik Informatika\SKRIPSI\tcunnur\public\index.php(37): CodeIgniter\CodeIgniter->run()
#13 D:\Teknik Informatika\SKRIPSI\tcunnur\system\Commands\Server\rewrite.php(43): require_once('D:\\Teknik Infor...')
#14 {main}
CRITICAL - 2022-09-27 23:16:28 --> Undefined index: total
#0 D:\Teknik Informatika\SKRIPSI\tcunnur\app\Views\layout\admin\v_nav.php(138): CodeIgniter\Debug\Exceptions->errorHandler(8, 'Undefined index...', 'D:\\Teknik Infor...', 138, Array)
#1 D:\Teknik Informatika\SKRIPSI\tcunnur\system\View\View.php(210): include('D:\\Teknik Infor...')
#2 D:\Teknik Informatika\SKRIPSI\tcunnur\system\View\View.php(213): CodeIgniter\View\View->CodeIgniter\View\{closure}()
#3 D:\Teknik Informatika\SKRIPSI\tcunnur\system\Common.php(1089): CodeIgniter\View\View->render('layout/admin/v_...', Array, true)
#4 D:\Teknik Informatika\SKRIPSI\tcunnur\app\Views\layout\admin\v_wrapper.php(4): view('layout/admin/v_...')
#5 D:\Teknik Informatika\SKRIPSI\tcunnur\system\View\View.php(210): include('D:\\Teknik Infor...')
#6 D:\Teknik Informatika\SKRIPSI\tcunnur\system\View\View.php(213): CodeIgniter\View\View->CodeIgniter\View\{closure}()
#7 D:\Teknik Informatika\SKRIPSI\tcunnur\system\Common.php(1089): CodeIgniter\View\View->render('layout/admin/v_...', Array, true)
#8 D:\Teknik Informatika\SKRIPSI\tcunnur\app\Controllers\KuesionerUsers.php(28): view('layout/admin/v_...', Array)
#9 D:\Teknik Informatika\SKRIPSI\tcunnur\system\CodeIgniter.php(825): App\Controllers\KuesionerUsers->index()
#10 D:\Teknik Informatika\SKRIPSI\tcunnur\system\CodeIgniter.php(412): CodeIgniter\CodeIgniter->runController(Object(App\Controllers\KuesionerUsers))
#11 D:\Teknik Informatika\SKRIPSI\tcunnur\system\CodeIgniter.php(320): CodeIgniter\CodeIgniter->handleRequest(NULL, Object(Config\Cache), false)
#12 D:\Teknik Informatika\SKRIPSI\tcunnur\public\index.php(37): CodeIgniter\CodeIgniter->run()
#13 D:\Teknik Informatika\SKRIPSI\tcunnur\system\Commands\Server\rewrite.php(43): require_once('D:\\Teknik Infor...')
#14 {main}
CRITICAL - 2022-09-27 23:17:07 --> Undefined variable: total
#0 D:\Teknik Informatika\SKRIPSI\tcunnur\app\Views\layout\admin\v_nav.php(141): CodeIgniter\Debug\Exceptions->errorHandler(8, 'Undefined varia...', 'D:\\Teknik Infor...', 141, Array)
#1 D:\Teknik Informatika\SKRIPSI\tcunnur\system\View\View.php(210): include('D:\\Teknik Infor...')
#2 D:\Teknik Informatika\SKRIPSI\tcunnur\system\View\View.php(213): CodeIgniter\View\View->CodeIgniter\View\{closure}()
#3 D:\Teknik Informatika\SKRIPSI\tcunnur\system\Common.php(1089): CodeIgniter\View\View->render('layout/admin/v_...', Array, true)
#4 D:\Teknik Informatika\SKRIPSI\tcunnur\app\Views\layout\admin\v_wrapper.php(4): view('layout/admin/v_...')
#5 D:\Teknik Informatika\SKRIPSI\tcunnur\system\View\View.php(210): include('D:\\Teknik Infor...')
#6 D:\Teknik Informatika\SKRIPSI\tcunnur\system\View\View.php(213): CodeIgniter\View\View->CodeIgniter\View\{closure}()
#7 D:\Teknik Informatika\SKRIPSI\tcunnur\system\Common.php(1089): CodeIgniter\View\View->render('layout/admin/v_...', Array, true)
#8 D:\Teknik Informatika\SKRIPSI\tcunnur\app\Controllers\KuesionerUsers.php(28): view('layout/admin/v_...', Array)
#9 D:\Teknik Informatika\SKRIPSI\tcunnur\system\CodeIgniter.php(825): App\Controllers\KuesionerUsers->index()
#10 D:\Teknik Informatika\SKRIPSI\tcunnur\system\CodeIgniter.php(412): CodeIgniter\CodeIgniter->runController(Object(App\Controllers\KuesionerUsers))
#11 D:\Teknik Informatika\SKRIPSI\tcunnur\system\CodeIgniter.php(320): CodeIgniter\CodeIgniter->handleRequest(NULL, Object(Config\Cache), false)
#12 D:\Teknik Informatika\SKRIPSI\tcunnur\public\index.php(37): CodeIgniter\CodeIgniter->run()
#13 D:\Teknik Informatika\SKRIPSI\tcunnur\system\Commands\Server\rewrite.php(43): require_once('D:\\Teknik Infor...')
#14 {main}
CRITICAL - 2022-09-27 23:17:31 --> Cannot use object of type stdClass as array
#0 D:\Teknik Informatika\SKRIPSI\tcunnur\system\View\View.php(210): include()
#1 D:\Teknik Informatika\SKRIPSI\tcunnur\system\View\View.php(213): CodeIgniter\View\View->CodeIgniter\View\{closure}()
#2 D:\Teknik Informatika\SKRIPSI\tcunnur\system\Common.php(1089): CodeIgniter\View\View->render('layout/admin/v_...', Array, true)
#3 D:\Teknik Informatika\SKRIPSI\tcunnur\app\Views\layout\admin\v_wrapper.php(4): view('layout/admin/v_...')
#4 D:\Teknik Informatika\SKRIPSI\tcunnur\system\View\View.php(210): include('D:\\Teknik Infor...')
#5 D:\Teknik Informatika\SKRIPSI\tcunnur\system\View\View.php(213): CodeIgniter\View\View->CodeIgniter\View\{closure}()
#6 D:\Teknik Informatika\SKRIPSI\tcunnur\system\Common.php(1089): CodeIgniter\View\View->render('layout/admin/v_...', Array, true)
#7 D:\Teknik Informatika\SKRIPSI\tcunnur\app\Controllers\KuesionerUsers.php(28): view('layout/admin/v_...', Array)
#8 D:\Teknik Informatika\SKRIPSI\tcunnur\system\CodeIgniter.php(825): App\Controllers\KuesionerUsers->index()
#9 D:\Teknik Informatika\SKRIPSI\tcunnur\system\CodeIgniter.php(412): CodeIgniter\CodeIgniter->runController(Object(App\Controllers\KuesionerUsers))
#10 D:\Teknik Informatika\SKRIPSI\tcunnur\system\CodeIgniter.php(320): CodeIgniter\CodeIgniter->handleRequest(NULL, Object(Config\Cache), false)
#11 D:\Teknik Informatika\SKRIPSI\tcunnur\public\index.php(37): CodeIgniter\CodeIgniter->run()
#12 D:\Teknik Informatika\SKRIPSI\tcunnur\system\Commands\Server\rewrite.php(43): require_once('D:\\Teknik Infor...')
#13 {main}
CRITICAL - 2022-09-27 23:18:41 --> Undefined variable: count
#0 D:\Teknik Informatika\SKRIPSI\tcunnur\app\Views\layout\admin\v_nav.php(138): CodeIgniter\Debug\Exceptions->errorHandler(8, 'Undefined varia...', 'D:\\Teknik Infor...', 138, Array)
#1 D:\Teknik Informatika\SKRIPSI\tcunnur\system\View\View.php(210): include('D:\\Teknik Infor...')
#2 D:\Teknik Informatika\SKRIPSI\tcunnur\system\View\View.php(213): CodeIgniter\View\View->CodeIgniter\View\{closure}()
#3 D:\Teknik Informatika\SKRIPSI\tcunnur\system\Common.php(1089): CodeIgniter\View\View->render('layout/admin/v_...', Array, true)
#4 D:\Teknik Informatika\SKRIPSI\tcunnur\app\Views\layout\admin\v_wrapper.php(4): view('layout/admin/v_...')
#5 D:\Teknik Informatika\SKRIPSI\tcunnur\system\View\View.php(210): include('D:\\Teknik Infor...')
#6 D:\Teknik Informatika\SKRIPSI\tcunnur\system\View\View.php(213): CodeIgniter\View\View->CodeIgniter\View\{closure}()
#7 D:\Teknik Informatika\SKRIPSI\tcunnur\system\Common.php(1089): CodeIgniter\View\View->render('layout/admin/v_...', Array, true)
#8 D:\Teknik Informatika\SKRIPSI\tcunnur\app\Controllers\Profil.php(32): view('layout/admin/v_...', Array)
#9 D:\Teknik Informatika\SKRIPSI\tcunnur\system\CodeIgniter.php(825): App\Controllers\Profil->index()
#10 D:\Teknik Informatika\SKRIPSI\tcunnur\system\CodeIgniter.php(412): CodeIgniter\CodeIgniter->runController(Object(App\Controllers\Profil))
#11 D:\Teknik Informatika\SKRIPSI\tcunnur\system\CodeIgniter.php(320): CodeIgniter\CodeIgniter->handleRequest(NULL, Object(Config\Cache), false)
#12 D:\Teknik Informatika\SKRIPSI\tcunnur\public\index.php(37): CodeIgniter\CodeIgniter->run()
#13 D:\Teknik Informatika\SKRIPSI\tcunnur\system\Commands\Server\rewrite.php(43): require_once('D:\\Teknik Infor...')
#14 {main}
CRITICAL - 2022-09-27 23:21:41 --> Undefined property: CodeIgniter\View\View::$db
#0 D:\Teknik Informatika\SKRIPSI\tcunnur\app\Views\layout\admin\v_nav.php(10): CodeIgniter\Debug\Exceptions->errorHandler(8, 'Undefined prope...', 'D:\\Teknik Infor...', 10, Array)
#1 D:\Teknik Informatika\SKRIPSI\tcunnur\system\View\View.php(210): include('D:\\Teknik Infor...')
#2 D:\Teknik Informatika\SKRIPSI\tcunnur\system\View\View.php(213): CodeIgniter\View\View->CodeIgniter\View\{closure}()
#3 D:\Teknik Informatika\SKRIPSI\tcunnur\system\Common.php(1089): CodeIgniter\View\View->render('layout/admin/v_...', Array, true)
#4 D:\Teknik Informatika\SKRIPSI\tcunnur\app\Views\layout\admin\v_wrapper.php(4): view('layout/admin/v_...')
#5 D:\Teknik Informatika\SKRIPSI\tcunnur\system\View\View.php(210): include('D:\\Teknik Infor...')
#6 D:\Teknik Informatika\SKRIPSI\tcunnur\system\View\View.php(213): CodeIgniter\View\View->CodeIgniter\View\{closure}()
#7 D:\Teknik Informatika\SKRIPSI\tcunnur\system\Common.php(1089): CodeIgniter\View\View->render('layout/admin/v_...', Array, true)
#8 D:\Teknik Informatika\SKRIPSI\tcunnur\app\Controllers\Profil.php(32): view('layout/admin/v_...', Array)
#9 D:\Teknik Informatika\SKRIPSI\tcunnur\system\CodeIgniter.php(825): App\Controllers\Profil->index()
#10 D:\Teknik Informatika\SKRIPSI\tcunnur\system\CodeIgniter.php(412): CodeIgniter\CodeIgniter->runController(Object(App\Controllers\Profil))
#11 D:\Teknik Informatika\SKRIPSI\tcunnur\system\CodeIgniter.php(320): CodeIgniter\CodeIgniter->handleRequest(NULL, Object(Config\Cache), false)
#12 D:\Teknik Informatika\SKRIPSI\tcunnur\public\index.php(37): CodeIgniter\CodeIgniter->run()
#13 D:\Teknik Informatika\SKRIPSI\tcunnur\system\Commands\Server\rewrite.php(43): require_once('D:\\Teknik Infor...')
#14 {main}
