CRITICAL - 2022-06-20 01:45:29 --> syntax error, unexpected ';', expecting ']'
#0 C:\xampp\htdocs\tcunnur\system\Autoloader\Autoloader.php(241): CodeIgniter\Autoloader\Autoloader->includeFile('C:\\xampp\\htdocs...')
#1 C:\xampp\htdocs\tcunnur\system\Autoloader\Autoloader.php(219): CodeIgniter\Autoloader\Autoloader->loadInNamespace('Config\\Filters')
#2 [internal function]: CodeIgniter\Autoloader\Autoloader->loadClass('Config\\Filters')
#3 [internal function]: spl_autoload_call('Config\\Filters')
#4 C:\xampp\htdocs\tcunnur\system\Config\Factories.php(136): class_exists('Config\\Filters')
#5 C:\xampp\htdocs\tcunnur\system\Config\Factories.php(106): CodeIgniter\Config\Factories::locateClass(Array, 'Filters')
#6 C:\xampp\htdocs\tcunnur\system\Common.php(198): CodeIgniter\Config\Factories::__callStatic('config', Array)
#7 C:\xampp\htdocs\tcunnur\system\Config\Services.php(258): config('Filters')
#8 C:\xampp\htdocs\tcunnur\system\Config\BaseService.php(248): CodeIgniter\Config\Services::filters(NULL, false)
#9 C:\xampp\htdocs\tcunnur\system\Config\BaseService.php(189): CodeIgniter\Config\BaseService::__callStatic('filters', Array)
#10 C:\xampp\htdocs\tcunnur\system\Config\Services.php(255): CodeIgniter\Config\BaseService::getSharedInstance('filters', NULL)
#11 C:\xampp\htdocs\tcunnur\system\Config\BaseService.php(248): CodeIgniter\Config\Services::filters()
#12 C:\xampp\htdocs\tcunnur\system\CodeIgniter.php(366): CodeIgniter\Config\BaseService::__callStatic('filters', Array)
#13 C:\xampp\htdocs\tcunnur\system\CodeIgniter.php(320): CodeIgniter\CodeIgniter->handleRequest(NULL, Object(Config\Cache), false)
#14 C:\xampp\htdocs\tcunnur\public\index.php(37): CodeIgniter\CodeIgniter->run()
#15 C:\xampp\htdocs\tcunnur\system\Commands\Server\rewrite.php(43): require_once('C:\\xampp\\htdocs...')
#16 {main}
CRITICAL - 2022-06-20 09:18:19 --> Undefined property: stdClass::$nama_alumni
#0 C:\xampp\htdocs\tcunnur\app\Views\main\admin\users.php(56): CodeIgniter\Debug\Exceptions->errorHandler(8, 'Undefined prope...', 'C:\\xampp\\htdocs...', 56, Array)
#1 C:\xampp\htdocs\tcunnur\system\View\View.php(210): include('C:\\xampp\\htdocs...')
#2 C:\xampp\htdocs\tcunnur\system\View\View.php(213): CodeIgniter\View\View->CodeIgniter\View\{closure}()
#3 C:\xampp\htdocs\tcunnur\system\Common.php(1089): CodeIgniter\View\View->render('main/admin/user...', Array, true)
#4 C:\xampp\htdocs\tcunnur\app\Views\layout\admin\v_content.php(3): view('main/admin/user...')
#5 C:\xampp\htdocs\tcunnur\system\View\View.php(210): include('C:\\xampp\\htdocs...')
#6 C:\xampp\htdocs\tcunnur\system\View\View.php(213): CodeIgniter\View\View->CodeIgniter\View\{closure}()
#7 C:\xampp\htdocs\tcunnur\system\Common.php(1089): CodeIgniter\View\View->render('layout/admin/v_...', Array, true)
#8 C:\xampp\htdocs\tcunnur\app\Views\layout\admin\v_wrapper.php(5): view('layout/admin/v_...')
#9 C:\xampp\htdocs\tcunnur\system\View\View.php(210): include('C:\\xampp\\htdocs...')
#10 C:\xampp\htdocs\tcunnur\system\View\View.php(213): CodeIgniter\View\View->CodeIgniter\View\{closure}()
#11 C:\xampp\htdocs\tcunnur\system\Common.php(1089): CodeIgniter\View\View->render('layout/admin/v_...', Array, true)
#12 C:\xampp\htdocs\tcunnur\app\Controllers\Users.php(22): view('layout/admin/v_...', Array)
#13 C:\xampp\htdocs\tcunnur\system\CodeIgniter.php(825): App\Controllers\Users->index()
#14 C:\xampp\htdocs\tcunnur\system\CodeIgniter.php(412): CodeIgniter\CodeIgniter->runController(Object(App\Controllers\Users))
#15 C:\xampp\htdocs\tcunnur\system\CodeIgniter.php(320): CodeIgniter\CodeIgniter->handleRequest(NULL, Object(Config\Cache), false)
#16 C:\xampp\htdocs\tcunnur\public\index.php(37): CodeIgniter\CodeIgniter->run()
#17 C:\xampp\htdocs\tcunnur\system\Commands\Server\rewrite.php(43): require_once('C:\\xampp\\htdocs...')
#18 {main}
CRITICAL - 2022-06-20 09:18:45 --> Undefined property: stdClass::$jenis_klm
#0 C:\xampp\htdocs\tcunnur\app\Views\main\admin\users.php(57): CodeIgniter\Debug\Exceptions->errorHandler(8, 'Undefined prope...', 'C:\\xampp\\htdocs...', 57, Array)
#1 C:\xampp\htdocs\tcunnur\system\View\View.php(210): include('C:\\xampp\\htdocs...')
#2 C:\xampp\htdocs\tcunnur\system\View\View.php(213): CodeIgniter\View\View->CodeIgniter\View\{closure}()
#3 C:\xampp\htdocs\tcunnur\system\Common.php(1089): CodeIgniter\View\View->render('main/admin/user...', Array, true)
#4 C:\xampp\htdocs\tcunnur\app\Views\layout\admin\v_content.php(3): view('main/admin/user...')
#5 C:\xampp\htdocs\tcunnur\system\View\View.php(210): include('C:\\xampp\\htdocs...')
#6 C:\xampp\htdocs\tcunnur\system\View\View.php(213): CodeIgniter\View\View->CodeIgniter\View\{closure}()
#7 C:\xampp\htdocs\tcunnur\system\Common.php(1089): CodeIgniter\View\View->render('layout/admin/v_...', Array, true)
#8 C:\xampp\htdocs\tcunnur\app\Views\layout\admin\v_wrapper.php(5): view('layout/admin/v_...')
#9 C:\xampp\htdocs\tcunnur\system\View\View.php(210): include('C:\\xampp\\htdocs...')
#10 C:\xampp\htdocs\tcunnur\system\View\View.php(213): CodeIgniter\View\View->CodeIgniter\View\{closure}()
#11 C:\xampp\htdocs\tcunnur\system\Common.php(1089): CodeIgniter\View\View->render('layout/admin/v_...', Array, true)
#12 C:\xampp\htdocs\tcunnur\app\Controllers\Users.php(22): view('layout/admin/v_...', Array)
#13 C:\xampp\htdocs\tcunnur\system\CodeIgniter.php(825): App\Controllers\Users->index()
#14 C:\xampp\htdocs\tcunnur\system\CodeIgniter.php(412): CodeIgniter\CodeIgniter->runController(Object(App\Controllers\Users))
#15 C:\xampp\htdocs\tcunnur\system\CodeIgniter.php(320): CodeIgniter\CodeIgniter->handleRequest(NULL, Object(Config\Cache), false)
#16 C:\xampp\htdocs\tcunnur\public\index.php(37): CodeIgniter\CodeIgniter->run()
#17 C:\xampp\htdocs\tcunnur\system\Commands\Server\rewrite.php(43): require_once('C:\\xampp\\htdocs...')
#18 {main}
CRITICAL - 2022-06-20 09:20:11 --> Trying to get property 'nama_alumni' of non-object
#0 C:\xampp\htdocs\tcunnur\app\Views\main\admin\users_detail.php(48): CodeIgniter\Debug\Exceptions->errorHandler(8, 'Trying to get p...', 'C:\\xampp\\htdocs...', 48, Array)
#1 C:\xampp\htdocs\tcunnur\system\View\View.php(210): include('C:\\xampp\\htdocs...')
#2 C:\xampp\htdocs\tcunnur\system\View\View.php(213): CodeIgniter\View\View->CodeIgniter\View\{closure}()
#3 C:\xampp\htdocs\tcunnur\system\Common.php(1089): CodeIgniter\View\View->render('main/admin/user...', Array, true)
#4 C:\xampp\htdocs\tcunnur\app\Views\layout\admin\v_content.php(3): view('main/admin/user...')
#5 C:\xampp\htdocs\tcunnur\system\View\View.php(210): include('C:\\xampp\\htdocs...')
#6 C:\xampp\htdocs\tcunnur\system\View\View.php(213): CodeIgniter\View\View->CodeIgniter\View\{closure}()
#7 C:\xampp\htdocs\tcunnur\system\Common.php(1089): CodeIgniter\View\View->render('layout/admin/v_...', Array, true)
#8 C:\xampp\htdocs\tcunnur\app\Views\layout\admin\v_wrapper.php(5): view('layout/admin/v_...')
#9 C:\xampp\htdocs\tcunnur\system\View\View.php(210): include('C:\\xampp\\htdocs...')
#10 C:\xampp\htdocs\tcunnur\system\View\View.php(213): CodeIgniter\View\View->CodeIgniter\View\{closure}()
#11 C:\xampp\htdocs\tcunnur\system\Common.php(1089): CodeIgniter\View\View->render('layout/admin/v_...', Array, true)
#12 C:\xampp\htdocs\tcunnur\app\Controllers\Users.php(46): view('layout/admin/v_...', Array)
#13 C:\xampp\htdocs\tcunnur\system\CodeIgniter.php(825): App\Controllers\Users->detail('1')
#14 C:\xampp\htdocs\tcunnur\system\CodeIgniter.php(412): CodeIgniter\CodeIgniter->runController(Object(App\Controllers\Users))
#15 C:\xampp\htdocs\tcunnur\system\CodeIgniter.php(320): CodeIgniter\CodeIgniter->handleRequest(NULL, Object(Config\Cache), false)
#16 C:\xampp\htdocs\tcunnur\public\index.php(37): CodeIgniter\CodeIgniter->run()
#17 C:\xampp\htdocs\tcunnur\system\Commands\Server\rewrite.php(43): require_once('C:\\xampp\\htdocs...')
#18 {main}
CRITICAL - 2022-06-20 09:20:15 --> Trying to get property 'nama_alumni' of non-object
#0 C:\xampp\htdocs\tcunnur\app\Views\main\admin\users_detail.php(48): CodeIgniter\Debug\Exceptions->errorHandler(8, 'Trying to get p...', 'C:\\xampp\\htdocs...', 48, Array)
#1 C:\xampp\htdocs\tcunnur\system\View\View.php(210): include('C:\\xampp\\htdocs...')
#2 C:\xampp\htdocs\tcunnur\system\View\View.php(213): CodeIgniter\View\View->CodeIgniter\View\{closure}()
#3 C:\xampp\htdocs\tcunnur\system\Common.php(1089): CodeIgniter\View\View->render('main/admin/user...', Array, true)
#4 C:\xampp\htdocs\tcunnur\app\Views\layout\admin\v_content.php(3): view('main/admin/user...')
#5 C:\xampp\htdocs\tcunnur\system\View\View.php(210): include('C:\\xampp\\htdocs...')
#6 C:\xampp\htdocs\tcunnur\system\View\View.php(213): CodeIgniter\View\View->CodeIgniter\View\{closure}()
#7 C:\xampp\htdocs\tcunnur\system\Common.php(1089): CodeIgniter\View\View->render('layout/admin/v_...', Array, true)
#8 C:\xampp\htdocs\tcunnur\app\Views\layout\admin\v_wrapper.php(5): view('layout/admin/v_...')
#9 C:\xampp\htdocs\tcunnur\system\View\View.php(210): include('C:\\xampp\\htdocs...')
#10 C:\xampp\htdocs\tcunnur\system\View\View.php(213): CodeIgniter\View\View->CodeIgniter\View\{closure}()
#11 C:\xampp\htdocs\tcunnur\system\Common.php(1089): CodeIgniter\View\View->render('layout/admin/v_...', Array, true)
#12 C:\xampp\htdocs\tcunnur\app\Controllers\Users.php(46): view('layout/admin/v_...', Array)
#13 C:\xampp\htdocs\tcunnur\system\CodeIgniter.php(825): App\Controllers\Users->detail('3')
#14 C:\xampp\htdocs\tcunnur\system\CodeIgniter.php(412): CodeIgniter\CodeIgniter->runController(Object(App\Controllers\Users))
#15 C:\xampp\htdocs\tcunnur\system\CodeIgniter.php(320): CodeIgniter\CodeIgniter->handleRequest(NULL, Object(Config\Cache), false)
#16 C:\xampp\htdocs\tcunnur\public\index.php(37): CodeIgniter\CodeIgniter->run()
#17 C:\xampp\htdocs\tcunnur\system\Commands\Server\rewrite.php(43): require_once('C:\\xampp\\htdocs...')
#18 {main}
