ERROR - 2022-11-27 21:37:49 --> Unknown column 'plugins' in 'where clause'
CRITICAL - 2022-11-27 21:37:50 --> Call to a member function getRow() on bool
#0 D:\Teknik Informatika\SKRIPSI\tcunnur\system\CodeIgniter.php(825): App\Controllers\Question->add_option('plugins', 'fontawesome-fre...', 'css', 'all.min.css')
#1 D:\Teknik Informatika\SKRIPSI\tcunnur\system\CodeIgniter.php(412): CodeIgniter\CodeIgniter->runController(Object(App\Controllers\Question))
#2 D:\Teknik Informatika\SKRIPSI\tcunnur\system\CodeIgniter.php(320): CodeIgniter\CodeIgniter->handleRequest(NULL, Object(Config\Cache), false)
#3 D:\Teknik Informatika\SKRIPSI\tcunnur\public\index.php(37): CodeIgniter\CodeIgniter->run()
#4 D:\Teknik Informatika\SKRIPSI\tcunnur\system\Commands\Server\rewrite.php(43): require_once('D:\\Teknik Infor...')
#5 {main}
ERROR - 2022-11-27 21:38:16 --> Unknown column 'plugins' in 'where clause'
CRITICAL - 2022-11-27 21:38:16 --> Call to a member function getRow() on bool
#0 D:\Teknik Informatika\SKRIPSI\tcunnur\system\CodeIgniter.php(825): App\Controllers\Question->add_option('plugins', 'fontawesome-fre...', 'css', 'all.min.css')
#1 D:\Teknik Informatika\SKRIPSI\tcunnur\system\CodeIgniter.php(412): CodeIgniter\CodeIgniter->runController(Object(App\Controllers\Question))
#2 D:\Teknik Informatika\SKRIPSI\tcunnur\system\CodeIgniter.php(320): CodeIgniter\CodeIgniter->handleRequest(NULL, Object(Config\Cache), false)
#3 D:\Teknik Informatika\SKRIPSI\tcunnur\public\index.php(37): CodeIgniter\CodeIgniter->run()
#4 D:\Teknik Informatika\SKRIPSI\tcunnur\system\Commands\Server\rewrite.php(43): require_once('D:\\Teknik Infor...')
#5 {main}
ERROR - 2022-11-27 22:00:56 --> Unknown column 'plugins' in 'where clause'
CRITICAL - 2022-11-27 22:00:56 --> Call to a member function getRowArray() on bool
#0 D:\Teknik Informatika\SKRIPSI\tcunnur\app\Controllers\Kuesioner.php(96): App\Models\ModelKuesioner->detail('plugins')
#1 D:\Teknik Informatika\SKRIPSI\tcunnur\system\CodeIgniter.php(825): App\Controllers\Kuesioner->add_question('plugins', 'fontawesome-fre...', 'css', 'all.min.css')
#2 D:\Teknik Informatika\SKRIPSI\tcunnur\system\CodeIgniter.php(412): CodeIgniter\CodeIgniter->runController(Object(App\Controllers\Kuesioner))
#3 D:\Teknik Informatika\SKRIPSI\tcunnur\system\CodeIgniter.php(320): CodeIgniter\CodeIgniter->handleRequest(NULL, Object(Config\Cache), false)
#4 D:\Teknik Informatika\SKRIPSI\tcunnur\public\index.php(37): CodeIgniter\CodeIgniter->run()
#5 D:\Teknik Informatika\SKRIPSI\tcunnur\system\Commands\Server\rewrite.php(43): require_once('D:\\Teknik Infor...')
#6 {main}
ERROR - 2022-11-27 22:01:36 --> Unknown column 'plugins' in 'where clause'
CRITICAL - 2022-11-27 22:01:36 --> Call to a member function getRowArray() on bool
#0 D:\Teknik Informatika\SKRIPSI\tcunnur\app\Controllers\Kuesioner.php(96): App\Models\ModelKuesioner->detail('plugins')
#1 D:\Teknik Informatika\SKRIPSI\tcunnur\system\CodeIgniter.php(825): App\Controllers\Kuesioner->add_question('plugins', 'fontawesome-fre...', 'css', 'all.min.css')
#2 D:\Teknik Informatika\SKRIPSI\tcunnur\system\CodeIgniter.php(412): CodeIgniter\CodeIgniter->runController(Object(App\Controllers\Kuesioner))
#3 D:\Teknik Informatika\SKRIPSI\tcunnur\system\CodeIgniter.php(320): CodeIgniter\CodeIgniter->handleRequest(NULL, Object(Config\Cache), false)
#4 D:\Teknik Informatika\SKRIPSI\tcunnur\public\index.php(37): CodeIgniter\CodeIgniter->run()
#5 D:\Teknik Informatika\SKRIPSI\tcunnur\system\Commands\Server\rewrite.php(43): require_once('D:\\Teknik Infor...')
#6 {main}
ERROR - 2022-11-27 22:02:08 --> Unknown column 'plugins' in 'where clause'
CRITICAL - 2022-11-27 22:02:09 --> Call to a member function getRowArray() on bool
#0 D:\Teknik Informatika\SKRIPSI\tcunnur\app\Controllers\Kuesioner.php(96): App\Models\ModelKuesioner->detail('plugins')
#1 D:\Teknik Informatika\SKRIPSI\tcunnur\system\CodeIgniter.php(825): App\Controllers\Kuesioner->add_question('plugins', 'fontawesome-fre...', 'css', 'all.min.css')
#2 D:\Teknik Informatika\SKRIPSI\tcunnur\system\CodeIgniter.php(412): CodeIgniter\CodeIgniter->runController(Object(App\Controllers\Kuesioner))
#3 D:\Teknik Informatika\SKRIPSI\tcunnur\system\CodeIgniter.php(320): CodeIgniter\CodeIgniter->handleRequest(NULL, Object(Config\Cache), false)
#4 D:\Teknik Informatika\SKRIPSI\tcunnur\public\index.php(37): CodeIgniter\CodeIgniter->run()
#5 D:\Teknik Informatika\SKRIPSI\tcunnur\system\Commands\Server\rewrite.php(43): require_once('D:\\Teknik Infor...')
#6 {main}
ERROR - 2022-11-27 22:08:16 --> Unknown column 'plugins' in 'where clause'
CRITICAL - 2022-11-27 22:08:16 --> Call to a member function getRowArray() on bool
#0 D:\Teknik Informatika\SKRIPSI\tcunnur\app\Controllers\Kuesioner.php(96): App\Models\ModelKuesioner->detail('plugins')
#1 D:\Teknik Informatika\SKRIPSI\tcunnur\system\CodeIgniter.php(825): App\Controllers\Kuesioner->add_question('plugins', 'fontawesome-fre...', 'css', 'all.min.css')
#2 D:\Teknik Informatika\SKRIPSI\tcunnur\system\CodeIgniter.php(412): CodeIgniter\CodeIgniter->runController(Object(App\Controllers\Kuesioner))
#3 D:\Teknik Informatika\SKRIPSI\tcunnur\system\CodeIgniter.php(320): CodeIgniter\CodeIgniter->handleRequest(NULL, Object(Config\Cache), false)
#4 D:\Teknik Informatika\SKRIPSI\tcunnur\public\index.php(37): CodeIgniter\CodeIgniter->run()
#5 D:\Teknik Informatika\SKRIPSI\tcunnur\system\Commands\Server\rewrite.php(43): require_once('D:\\Teknik Infor...')
#6 {main}
ERROR - 2022-11-27 22:08:30 --> Unknown column 'plugins' in 'where clause'
CRITICAL - 2022-11-27 22:08:30 --> Call to a member function getRowArray() on bool
#0 D:\Teknik Informatika\SKRIPSI\tcunnur\app\Controllers\Kuesioner.php(96): App\Models\ModelKuesioner->detail('plugins')
#1 D:\Teknik Informatika\SKRIPSI\tcunnur\system\CodeIgniter.php(825): App\Controllers\Kuesioner->add_question('plugins', 'fontawesome-fre...', 'css', 'all.min.css')
#2 D:\Teknik Informatika\SKRIPSI\tcunnur\system\CodeIgniter.php(412): CodeIgniter\CodeIgniter->runController(Object(App\Controllers\Kuesioner))
#3 D:\Teknik Informatika\SKRIPSI\tcunnur\system\CodeIgniter.php(320): CodeIgniter\CodeIgniter->handleRequest(NULL, Object(Config\Cache), false)
#4 D:\Teknik Informatika\SKRIPSI\tcunnur\public\index.php(37): CodeIgniter\CodeIgniter->run()
#5 D:\Teknik Informatika\SKRIPSI\tcunnur\system\Commands\Server\rewrite.php(43): require_once('D:\\Teknik Infor...')
#6 {main}
ERROR - 2022-11-27 22:11:25 --> Unknown column 'plugins' in 'where clause'
CRITICAL - 2022-11-27 22:11:26 --> Call to a member function getRowArray() on bool
#0 D:\Teknik Informatika\SKRIPSI\tcunnur\app\Controllers\Kuesioner.php(96): App\Models\ModelKuesioner->detail('plugins')
#1 D:\Teknik Informatika\SKRIPSI\tcunnur\system\CodeIgniter.php(825): App\Controllers\Kuesioner->add_question('plugins', 'fontawesome-fre...', 'css', 'all.min.css')
#2 D:\Teknik Informatika\SKRIPSI\tcunnur\system\CodeIgniter.php(412): CodeIgniter\CodeIgniter->runController(Object(App\Controllers\Kuesioner))
#3 D:\Teknik Informatika\SKRIPSI\tcunnur\system\CodeIgniter.php(320): CodeIgniter\CodeIgniter->handleRequest(NULL, Object(Config\Cache), false)
#4 D:\Teknik Informatika\SKRIPSI\tcunnur\public\index.php(37): CodeIgniter\CodeIgniter->run()
#5 D:\Teknik Informatika\SKRIPSI\tcunnur\system\Commands\Server\rewrite.php(43): require_once('D:\\Teknik Infor...')
#6 {main}
ERROR - 2022-11-27 22:12:19 --> Unknown column 'plugins' in 'where clause'
CRITICAL - 2022-11-27 22:12:19 --> Call to a member function getRowArray() on bool
#0 D:\Teknik Informatika\SKRIPSI\tcunnur\app\Controllers\Kuesioner.php(96): App\Models\ModelKuesioner->detail('plugins')
#1 D:\Teknik Informatika\SKRIPSI\tcunnur\system\CodeIgniter.php(825): App\Controllers\Kuesioner->add_question('plugins', 'fontawesome-fre...', 'css', 'all.min.css')
#2 D:\Teknik Informatika\SKRIPSI\tcunnur\system\CodeIgniter.php(412): CodeIgniter\CodeIgniter->runController(Object(App\Controllers\Kuesioner))
#3 D:\Teknik Informatika\SKRIPSI\tcunnur\system\CodeIgniter.php(320): CodeIgniter\CodeIgniter->handleRequest(NULL, Object(Config\Cache), false)
#4 D:\Teknik Informatika\SKRIPSI\tcunnur\public\index.php(37): CodeIgniter\CodeIgniter->run()
#5 D:\Teknik Informatika\SKRIPSI\tcunnur\system\Commands\Server\rewrite.php(43): require_once('D:\\Teknik Infor...')
#6 {main}
ERROR - 2022-11-27 22:13:51 --> Unknown column 'plugins' in 'where clause'
CRITICAL - 2022-11-27 22:13:51 --> Call to a member function getRowArray() on bool
#0 D:\Teknik Informatika\SKRIPSI\tcunnur\app\Controllers\Kuesioner.php(96): App\Models\ModelKuesioner->detail('plugins')
#1 D:\Teknik Informatika\SKRIPSI\tcunnur\system\CodeIgniter.php(825): App\Controllers\Kuesioner->add_question('plugins', 'fontawesome-fre...', 'css', 'all.min.css')
#2 D:\Teknik Informatika\SKRIPSI\tcunnur\system\CodeIgniter.php(412): CodeIgniter\CodeIgniter->runController(Object(App\Controllers\Kuesioner))
#3 D:\Teknik Informatika\SKRIPSI\tcunnur\system\CodeIgniter.php(320): CodeIgniter\CodeIgniter->handleRequest(NULL, Object(Config\Cache), false)
#4 D:\Teknik Informatika\SKRIPSI\tcunnur\public\index.php(37): CodeIgniter\CodeIgniter->run()
#5 D:\Teknik Informatika\SKRIPSI\tcunnur\system\Commands\Server\rewrite.php(43): require_once('D:\\Teknik Infor...')
#6 {main}
ERROR - 2022-11-27 22:35:20 --> Unknown column 'plugins' in 'where clause'
CRITICAL - 2022-11-27 22:35:20 --> Call to a member function getRowArray() on bool
#0 D:\Teknik Informatika\SKRIPSI\tcunnur\app\Controllers\Kuesioner.php(96): App\Models\ModelKuesioner->detail('plugins')
#1 D:\Teknik Informatika\SKRIPSI\tcunnur\system\CodeIgniter.php(825): App\Controllers\Kuesioner->add_question('plugins', 'fontawesome-fre...', 'css', 'all.min.css')
#2 D:\Teknik Informatika\SKRIPSI\tcunnur\system\CodeIgniter.php(412): CodeIgniter\CodeIgniter->runController(Object(App\Controllers\Kuesioner))
#3 D:\Teknik Informatika\SKRIPSI\tcunnur\system\CodeIgniter.php(320): CodeIgniter\CodeIgniter->handleRequest(NULL, Object(Config\Cache), false)
#4 D:\Teknik Informatika\SKRIPSI\tcunnur\public\index.php(37): CodeIgniter\CodeIgniter->run()
#5 D:\Teknik Informatika\SKRIPSI\tcunnur\system\Commands\Server\rewrite.php(43): require_once('D:\\Teknik Infor...')
#6 {main}
ERROR - 2022-11-27 22:39:11 --> Unknown column 'plugins' in 'where clause'
CRITICAL - 2022-11-27 22:39:11 --> Call to a member function getRowArray() on bool
#0 D:\Teknik Informatika\SKRIPSI\tcunnur\app\Controllers\Kuesioner.php(96): App\Models\ModelKuesioner->detail('plugins')
#1 D:\Teknik Informatika\SKRIPSI\tcunnur\system\CodeIgniter.php(825): App\Controllers\Kuesioner->add_question('plugins', 'fontawesome-fre...', 'css', 'all.min.css')
#2 D:\Teknik Informatika\SKRIPSI\tcunnur\system\CodeIgniter.php(412): CodeIgniter\CodeIgniter->runController(Object(App\Controllers\Kuesioner))
#3 D:\Teknik Informatika\SKRIPSI\tcunnur\system\CodeIgniter.php(320): CodeIgniter\CodeIgniter->handleRequest(NULL, Object(Config\Cache), false)
#4 D:\Teknik Informatika\SKRIPSI\tcunnur\public\index.php(37): CodeIgniter\CodeIgniter->run()
#5 D:\Teknik Informatika\SKRIPSI\tcunnur\system\Commands\Server\rewrite.php(43): require_once('D:\\Teknik Infor...')
#6 {main}
