ERROR - 2022-07-23 05:15:36 --> Unknown column 'plugins' in 'where clause'
CRITICAL - 2022-07-23 05:15:36 --> Unknown column 'plugins' in 'where clause'
#0 C:\xampp\htdocs\tcunnur\system\Database\MySQLi\Connection.php(292): mysqli->query('SELECT *\nFROM `...', 0)
#1 C:\xampp\htdocs\tcunnur\system\Database\BaseConnection.php(670): CodeIgniter\Database\MySQLi\Connection->execute('SELECT *\nFROM `...')
#2 C:\xampp\htdocs\tcunnur\system\Database\BaseConnection.php(598): CodeIgniter\Database\BaseConnection->simpleQuery('SELECT *\nFROM `...')
#3 C:\xampp\htdocs\tcunnur\system\Database\BaseBuilder.php(1455): CodeIgniter\Database\BaseConnection->query('SELECT *\nFROM `...', Array, false)
#4 C:\xampp\htdocs\tcunnur\app\Models\ModelKuesioner.php(36): CodeIgniter\Database\BaseBuilder->get()
#5 C:\xampp\htdocs\tcunnur\app\Controllers\Kuesioner.php(98): App\Models\ModelKuesioner->detail('plugins')
#6 C:\xampp\htdocs\tcunnur\system\CodeIgniter.php(825): App\Controllers\Kuesioner->detail_kuesioner('plugins', 'fontawesome-fre...', 'css', 'all.min.css')
#7 C:\xampp\htdocs\tcunnur\system\CodeIgniter.php(412): CodeIgniter\CodeIgniter->runController(Object(App\Controllers\Kuesioner))
#8 C:\xampp\htdocs\tcunnur\system\CodeIgniter.php(320): CodeIgniter\CodeIgniter->handleRequest(NULL, Object(Config\Cache), false)
#9 C:\xampp\htdocs\tcunnur\public\index.php(37): CodeIgniter\CodeIgniter->run()
#10 C:\xampp\htdocs\tcunnur\system\Commands\Server\rewrite.php(43): require_once('C:\\xampp\\htdocs...')
#11 {main}
ERROR - 2022-07-23 05:17:25 --> Unknown column 'plugins' in 'where clause'
CRITICAL - 2022-07-23 05:17:26 --> Unknown column 'plugins' in 'where clause'
#0 C:\xampp\htdocs\tcunnur\system\Database\MySQLi\Connection.php(292): mysqli->query('SELECT *\nFROM `...', 0)
#1 C:\xampp\htdocs\tcunnur\system\Database\BaseConnection.php(670): CodeIgniter\Database\MySQLi\Connection->execute('SELECT *\nFROM `...')
#2 C:\xampp\htdocs\tcunnur\system\Database\BaseConnection.php(598): CodeIgniter\Database\BaseConnection->simpleQuery('SELECT *\nFROM `...')
#3 C:\xampp\htdocs\tcunnur\system\Database\BaseBuilder.php(1455): CodeIgniter\Database\BaseConnection->query('SELECT *\nFROM `...', Array, false)
#4 C:\xampp\htdocs\tcunnur\app\Models\ModelKuesioner.php(36): CodeIgniter\Database\BaseBuilder->get()
#5 C:\xampp\htdocs\tcunnur\app\Controllers\Kuesioner.php(98): App\Models\ModelKuesioner->detail('plugins')
#6 C:\xampp\htdocs\tcunnur\system\CodeIgniter.php(825): App\Controllers\Kuesioner->detail_kuesioner('plugins', 'fontawesome-fre...', 'css', 'all.min.css')
#7 C:\xampp\htdocs\tcunnur\system\CodeIgniter.php(412): CodeIgniter\CodeIgniter->runController(Object(App\Controllers\Kuesioner))
#8 C:\xampp\htdocs\tcunnur\system\CodeIgniter.php(320): CodeIgniter\CodeIgniter->handleRequest(NULL, Object(Config\Cache), false)
#9 C:\xampp\htdocs\tcunnur\public\index.php(37): CodeIgniter\CodeIgniter->run()
#10 C:\xampp\htdocs\tcunnur\system\Commands\Server\rewrite.php(43): require_once('C:\\xampp\\htdocs...')
#11 {main}
ERROR - 2022-07-23 05:22:30 --> Unknown column 'plugins' in 'where clause'
CRITICAL - 2022-07-23 05:22:30 --> Unknown column 'plugins' in 'where clause'
#0 C:\xampp\htdocs\tcunnur\system\Database\MySQLi\Connection.php(292): mysqli->query('SELECT *\nFROM `...', 0)
#1 C:\xampp\htdocs\tcunnur\system\Database\BaseConnection.php(670): CodeIgniter\Database\MySQLi\Connection->execute('SELECT *\nFROM `...')
#2 C:\xampp\htdocs\tcunnur\system\Database\BaseConnection.php(598): CodeIgniter\Database\BaseConnection->simpleQuery('SELECT *\nFROM `...')
#3 C:\xampp\htdocs\tcunnur\system\Database\BaseBuilder.php(1455): CodeIgniter\Database\BaseConnection->query('SELECT *\nFROM `...', Array, false)
#4 C:\xampp\htdocs\tcunnur\app\Models\ModelKuesioner.php(36): CodeIgniter\Database\BaseBuilder->get()
#5 C:\xampp\htdocs\tcunnur\app\Controllers\Kuesioner.php(98): App\Models\ModelKuesioner->detail('plugins')
#6 C:\xampp\htdocs\tcunnur\system\CodeIgniter.php(825): App\Controllers\Kuesioner->detail_kuesioner('plugins', 'fontawesome-fre...', 'css', 'all.min.css')
#7 C:\xampp\htdocs\tcunnur\system\CodeIgniter.php(412): CodeIgniter\CodeIgniter->runController(Object(App\Controllers\Kuesioner))
#8 C:\xampp\htdocs\tcunnur\system\CodeIgniter.php(320): CodeIgniter\CodeIgniter->handleRequest(NULL, Object(Config\Cache), false)
#9 C:\xampp\htdocs\tcunnur\public\index.php(37): CodeIgniter\CodeIgniter->run()
#10 C:\xampp\htdocs\tcunnur\system\Commands\Server\rewrite.php(43): require_once('C:\\xampp\\htdocs...')
#11 {main}
ERROR - 2022-07-23 05:26:15 --> Unknown column 'plugins' in 'where clause'
CRITICAL - 2022-07-23 05:26:15 --> Unknown column 'plugins' in 'where clause'
#0 C:\xampp\htdocs\tcunnur\system\Database\MySQLi\Connection.php(292): mysqli->query('SELECT *\nFROM `...', 0)
#1 C:\xampp\htdocs\tcunnur\system\Database\BaseConnection.php(670): CodeIgniter\Database\MySQLi\Connection->execute('SELECT *\nFROM `...')
#2 C:\xampp\htdocs\tcunnur\system\Database\BaseConnection.php(598): CodeIgniter\Database\BaseConnection->simpleQuery('SELECT *\nFROM `...')
#3 C:\xampp\htdocs\tcunnur\system\Database\BaseBuilder.php(1455): CodeIgniter\Database\BaseConnection->query('SELECT *\nFROM `...', Array, false)
#4 C:\xampp\htdocs\tcunnur\app\Models\ModelKuesioner.php(36): CodeIgniter\Database\BaseBuilder->get()
#5 C:\xampp\htdocs\tcunnur\app\Controllers\Kuesioner.php(98): App\Models\ModelKuesioner->detail('plugins')
#6 C:\xampp\htdocs\tcunnur\system\CodeIgniter.php(825): App\Controllers\Kuesioner->detail_kuesioner('plugins', 'fontawesome-fre...', 'css', 'all.min.css')
#7 C:\xampp\htdocs\tcunnur\system\CodeIgniter.php(412): CodeIgniter\CodeIgniter->runController(Object(App\Controllers\Kuesioner))
#8 C:\xampp\htdocs\tcunnur\system\CodeIgniter.php(320): CodeIgniter\CodeIgniter->handleRequest(NULL, Object(Config\Cache), false)
#9 C:\xampp\htdocs\tcunnur\public\index.php(37): CodeIgniter\CodeIgniter->run()
#10 C:\xampp\htdocs\tcunnur\system\Commands\Server\rewrite.php(43): require_once('C:\\xampp\\htdocs...')
#11 {main}
ERROR - 2022-07-23 05:28:57 --> Unknown column 'plugins' in 'where clause'
CRITICAL - 2022-07-23 05:28:57 --> Unknown column 'plugins' in 'where clause'
#0 C:\xampp\htdocs\tcunnur\system\Database\MySQLi\Connection.php(292): mysqli->query('SELECT *\nFROM `...', 0)
#1 C:\xampp\htdocs\tcunnur\system\Database\BaseConnection.php(670): CodeIgniter\Database\MySQLi\Connection->execute('SELECT *\nFROM `...')
#2 C:\xampp\htdocs\tcunnur\system\Database\BaseConnection.php(598): CodeIgniter\Database\BaseConnection->simpleQuery('SELECT *\nFROM `...')
#3 C:\xampp\htdocs\tcunnur\system\Database\BaseBuilder.php(1455): CodeIgniter\Database\BaseConnection->query('SELECT *\nFROM `...', Array, false)
#4 C:\xampp\htdocs\tcunnur\app\Models\ModelKuesioner.php(36): CodeIgniter\Database\BaseBuilder->get()
#5 C:\xampp\htdocs\tcunnur\app\Controllers\Kuesioner.php(98): App\Models\ModelKuesioner->detail('plugins')
#6 C:\xampp\htdocs\tcunnur\system\CodeIgniter.php(825): App\Controllers\Kuesioner->detail_kuesioner('plugins', 'fontawesome-fre...', 'css', 'all.min.css')
#7 C:\xampp\htdocs\tcunnur\system\CodeIgniter.php(412): CodeIgniter\CodeIgniter->runController(Object(App\Controllers\Kuesioner))
#8 C:\xampp\htdocs\tcunnur\system\CodeIgniter.php(320): CodeIgniter\CodeIgniter->handleRequest(NULL, Object(Config\Cache), false)
#9 C:\xampp\htdocs\tcunnur\public\index.php(37): CodeIgniter\CodeIgniter->run()
#10 C:\xampp\htdocs\tcunnur\system\Commands\Server\rewrite.php(43): require_once('C:\\xampp\\htdocs...')
#11 {main}
ERROR - 2022-07-23 05:30:35 --> Unknown column 'plugins' in 'where clause'
CRITICAL - 2022-07-23 05:30:35 --> Unknown column 'plugins' in 'where clause'
#0 C:\xampp\htdocs\tcunnur\system\Database\MySQLi\Connection.php(292): mysqli->query('SELECT *\nFROM `...', 0)
#1 C:\xampp\htdocs\tcunnur\system\Database\BaseConnection.php(670): CodeIgniter\Database\MySQLi\Connection->execute('SELECT *\nFROM `...')
#2 C:\xampp\htdocs\tcunnur\system\Database\BaseConnection.php(598): CodeIgniter\Database\BaseConnection->simpleQuery('SELECT *\nFROM `...')
#3 C:\xampp\htdocs\tcunnur\system\Database\BaseBuilder.php(1455): CodeIgniter\Database\BaseConnection->query('SELECT *\nFROM `...', Array, false)
#4 C:\xampp\htdocs\tcunnur\app\Models\ModelKuesioner.php(36): CodeIgniter\Database\BaseBuilder->get()
#5 C:\xampp\htdocs\tcunnur\app\Controllers\Kuesioner.php(98): App\Models\ModelKuesioner->detail('plugins')
#6 C:\xampp\htdocs\tcunnur\system\CodeIgniter.php(825): App\Controllers\Kuesioner->detail_kuesioner('plugins', 'fontawesome-fre...', 'css', 'all.min.css')
#7 C:\xampp\htdocs\tcunnur\system\CodeIgniter.php(412): CodeIgniter\CodeIgniter->runController(Object(App\Controllers\Kuesioner))
#8 C:\xampp\htdocs\tcunnur\system\CodeIgniter.php(320): CodeIgniter\CodeIgniter->handleRequest(NULL, Object(Config\Cache), false)
#9 C:\xampp\htdocs\tcunnur\public\index.php(37): CodeIgniter\CodeIgniter->run()
#10 C:\xampp\htdocs\tcunnur\system\Commands\Server\rewrite.php(43): require_once('C:\\xampp\\htdocs...')
#11 {main}
ERROR - 2022-07-23 05:32:35 --> Unknown column 'plugins' in 'where clause'
CRITICAL - 2022-07-23 05:32:35 --> Unknown column 'plugins' in 'where clause'
#0 C:\xampp\htdocs\tcunnur\system\Database\MySQLi\Connection.php(292): mysqli->query('SELECT *\nFROM `...', 0)
#1 C:\xampp\htdocs\tcunnur\system\Database\BaseConnection.php(670): CodeIgniter\Database\MySQLi\Connection->execute('SELECT *\nFROM `...')
#2 C:\xampp\htdocs\tcunnur\system\Database\BaseConnection.php(598): CodeIgniter\Database\BaseConnection->simpleQuery('SELECT *\nFROM `...')
#3 C:\xampp\htdocs\tcunnur\system\Database\BaseBuilder.php(1455): CodeIgniter\Database\BaseConnection->query('SELECT *\nFROM `...', Array, false)
#4 C:\xampp\htdocs\tcunnur\app\Models\ModelKuesioner.php(36): CodeIgniter\Database\BaseBuilder->get()
#5 C:\xampp\htdocs\tcunnur\app\Controllers\Kuesioner.php(98): App\Models\ModelKuesioner->detail('plugins')
#6 C:\xampp\htdocs\tcunnur\system\CodeIgniter.php(825): App\Controllers\Kuesioner->detail_kuesioner('plugins', 'fontawesome-fre...', 'css', 'all.min.css')
#7 C:\xampp\htdocs\tcunnur\system\CodeIgniter.php(412): CodeIgniter\CodeIgniter->runController(Object(App\Controllers\Kuesioner))
#8 C:\xampp\htdocs\tcunnur\system\CodeIgniter.php(320): CodeIgniter\CodeIgniter->handleRequest(NULL, Object(Config\Cache), false)
#9 C:\xampp\htdocs\tcunnur\public\index.php(37): CodeIgniter\CodeIgniter->run()
#10 C:\xampp\htdocs\tcunnur\system\Commands\Server\rewrite.php(43): require_once('C:\\xampp\\htdocs...')
#11 {main}
ERROR - 2022-07-23 05:33:03 --> Unknown column 'plugins' in 'where clause'
CRITICAL - 2022-07-23 05:33:03 --> Unknown column 'plugins' in 'where clause'
#0 C:\xampp\htdocs\tcunnur\system\Database\MySQLi\Connection.php(292): mysqli->query('SELECT *\nFROM `...', 0)
#1 C:\xampp\htdocs\tcunnur\system\Database\BaseConnection.php(670): CodeIgniter\Database\MySQLi\Connection->execute('SELECT *\nFROM `...')
#2 C:\xampp\htdocs\tcunnur\system\Database\BaseConnection.php(598): CodeIgniter\Database\BaseConnection->simpleQuery('SELECT *\nFROM `...')
#3 C:\xampp\htdocs\tcunnur\system\Database\BaseBuilder.php(1455): CodeIgniter\Database\BaseConnection->query('SELECT *\nFROM `...', Array, false)
#4 C:\xampp\htdocs\tcunnur\app\Models\ModelKuesioner.php(36): CodeIgniter\Database\BaseBuilder->get()
#5 C:\xampp\htdocs\tcunnur\app\Controllers\Kuesioner.php(98): App\Models\ModelKuesioner->detail('plugins')
#6 C:\xampp\htdocs\tcunnur\system\CodeIgniter.php(825): App\Controllers\Kuesioner->detail_kuesioner('plugins', 'fontawesome-fre...', 'css', 'all.min.css')
#7 C:\xampp\htdocs\tcunnur\system\CodeIgniter.php(412): CodeIgniter\CodeIgniter->runController(Object(App\Controllers\Kuesioner))
#8 C:\xampp\htdocs\tcunnur\system\CodeIgniter.php(320): CodeIgniter\CodeIgniter->handleRequest(NULL, Object(Config\Cache), false)
#9 C:\xampp\htdocs\tcunnur\public\index.php(37): CodeIgniter\CodeIgniter->run()
#10 C:\xampp\htdocs\tcunnur\system\Commands\Server\rewrite.php(43): require_once('C:\\xampp\\htdocs...')
#11 {main}
CRITICAL - 2022-07-23 05:41:31 --> Undefined variable: head
#0 C:\xampp\htdocs\tcunnur\app\Views\layout\admin\v_head.php(7): CodeIgniter\Debug\Exceptions->errorHandler(8, 'Undefined varia...', 'C:\\xampp\\htdocs...', 7, Array)
#1 C:\xampp\htdocs\tcunnur\system\View\View.php(210): include('C:\\xampp\\htdocs...')
#2 C:\xampp\htdocs\tcunnur\system\View\View.php(213): CodeIgniter\View\View->CodeIgniter\View\{closure}()
#3 C:\xampp\htdocs\tcunnur\system\Common.php(1089): CodeIgniter\View\View->render('layout/admin/v_...', Array, true)
#4 C:\xampp\htdocs\tcunnur\app\Views\layout\admin\v_wrapper.php(2): view('layout/admin/v_...')
#5 C:\xampp\htdocs\tcunnur\system\View\View.php(210): include('C:\\xampp\\htdocs...')
#6 C:\xampp\htdocs\tcunnur\system\View\View.php(213): CodeIgniter\View\View->CodeIgniter\View\{closure}()
#7 C:\xampp\htdocs\tcunnur\system\Common.php(1089): CodeIgniter\View\View->render('layout/admin/v_...', Array, true)
#8 C:\xampp\htdocs\tcunnur\app\Controllers\Hasil.php(15): view('layout/admin/v_...', Array)
#9 C:\xampp\htdocs\tcunnur\system\CodeIgniter.php(825): App\Controllers\Hasil->index()
#10 C:\xampp\htdocs\tcunnur\system\CodeIgniter.php(412): CodeIgniter\CodeIgniter->runController(Object(App\Controllers\Hasil))
#11 C:\xampp\htdocs\tcunnur\system\CodeIgniter.php(320): CodeIgniter\CodeIgniter->handleRequest(NULL, Object(Config\Cache), false)
#12 C:\xampp\htdocs\tcunnur\public\index.php(37): CodeIgniter\CodeIgniter->run()
#13 C:\xampp\htdocs\tcunnur\system\Commands\Server\rewrite.php(43): require_once('C:\\xampp\\htdocs...')
#14 {main}
ERROR - 2022-07-23 05:41:51 --> Error connecting to the database: Only one usage of each socket address (protocol/network address/port) is normally permitted.

CRITICAL - 2022-07-23 05:41:52 --> Unable to connect to the database.
Main connection [MySQLi]: Only one usage of each socket address (protocol/network address/port) is normally permitted.

#0 C:\xampp\htdocs\tcunnur\system\Database\BaseConnection.php(577): CodeIgniter\Database\BaseConnection->initialize()
#1 C:\xampp\htdocs\tcunnur\system\Database\BaseBuilder.php(1455): CodeIgniter\Database\BaseConnection->query('SELECT *\nFROM `...', Array, false)
#2 C:\xampp\htdocs\tcunnur\app\Models\ModelKuesioner.php(20): CodeIgniter\Database\BaseBuilder->get()
#3 C:\xampp\htdocs\tcunnur\app\Controllers\Kuesioner.php(24): App\Models\ModelKuesioner->tampildata()
#4 C:\xampp\htdocs\tcunnur\system\CodeIgniter.php(825): App\Controllers\Kuesioner->index()
#5 C:\xampp\htdocs\tcunnur\system\CodeIgniter.php(412): CodeIgniter\CodeIgniter->runController(Object(App\Controllers\Kuesioner))
#6 C:\xampp\htdocs\tcunnur\system\CodeIgniter.php(320): CodeIgniter\CodeIgniter->handleRequest(NULL, Object(Config\Cache), false)
#7 C:\xampp\htdocs\tcunnur\public\index.php(37): CodeIgniter\CodeIgniter->run()
#8 C:\xampp\htdocs\tcunnur\system\Commands\Server\rewrite.php(43): require_once('C:\\xampp\\htdocs...')
#9 {main}
ERROR - 2022-07-23 05:42:13 --> Error connecting to the database: Only one usage of each socket address (protocol/network address/port) is normally permitted.

CRITICAL - 2022-07-23 05:42:14 --> Unable to connect to the database.
Main connection [MySQLi]: Only one usage of each socket address (protocol/network address/port) is normally permitted.

#0 C:\xampp\htdocs\tcunnur\system\Database\BaseConnection.php(577): CodeIgniter\Database\BaseConnection->initialize()
#1 C:\xampp\htdocs\tcunnur\system\Database\BaseBuilder.php(1484): CodeIgniter\Database\BaseConnection->query('SELECT COUNT(*)...', NULL, false)
#2 C:\xampp\htdocs\tcunnur\app\Models\ModelAdmin.php(11): CodeIgniter\Database\BaseBuilder->countAll()
#3 C:\xampp\htdocs\tcunnur\app\Controllers\Home.php(23): App\Models\ModelAdmin->TotalAlumni()
#4 C:\xampp\htdocs\tcunnur\system\CodeIgniter.php(825): App\Controllers\Home->index()
#5 C:\xampp\htdocs\tcunnur\system\CodeIgniter.php(412): CodeIgniter\CodeIgniter->runController(Object(App\Controllers\Home))
#6 C:\xampp\htdocs\tcunnur\system\CodeIgniter.php(320): CodeIgniter\CodeIgniter->handleRequest(NULL, Object(Config\Cache), false)
#7 C:\xampp\htdocs\tcunnur\public\index.php(37): CodeIgniter\CodeIgniter->run()
#8 C:\xampp\htdocs\tcunnur\system\Commands\Server\rewrite.php(43): require_once('C:\\xampp\\htdocs...')
#9 {main}
ERROR - 2022-07-23 06:00:47 --> Unknown column 'plugins' in 'where clause'
CRITICAL - 2022-07-23 06:00:48 --> Unknown column 'plugins' in 'where clause'
#0 C:\xampp\htdocs\tcunnur\system\Database\MySQLi\Connection.php(292): mysqli->query('SELECT *\nFROM `...', 0)
#1 C:\xampp\htdocs\tcunnur\system\Database\BaseConnection.php(670): CodeIgniter\Database\MySQLi\Connection->execute('SELECT *\nFROM `...')
#2 C:\xampp\htdocs\tcunnur\system\Database\BaseConnection.php(598): CodeIgniter\Database\BaseConnection->simpleQuery('SELECT *\nFROM `...')
#3 C:\xampp\htdocs\tcunnur\system\Database\BaseBuilder.php(1455): CodeIgniter\Database\BaseConnection->query('SELECT *\nFROM `...', Array, false)
#4 C:\xampp\htdocs\tcunnur\app\Models\ModelKuesioner.php(36): CodeIgniter\Database\BaseBuilder->get()
#5 C:\xampp\htdocs\tcunnur\app\Controllers\Kuesioner.php(98): App\Models\ModelKuesioner->detail('plugins')
#6 C:\xampp\htdocs\tcunnur\system\CodeIgniter.php(825): App\Controllers\Kuesioner->detail_kuesioner('plugins', 'fontawesome-fre...', 'css', 'all.min.css')
#7 C:\xampp\htdocs\tcunnur\system\CodeIgniter.php(412): CodeIgniter\CodeIgniter->runController(Object(App\Controllers\Kuesioner))
#8 C:\xampp\htdocs\tcunnur\system\CodeIgniter.php(320): CodeIgniter\CodeIgniter->handleRequest(NULL, Object(Config\Cache), false)
#9 C:\xampp\htdocs\tcunnur\public\index.php(37): CodeIgniter\CodeIgniter->run()
#10 C:\xampp\htdocs\tcunnur\system\Commands\Server\rewrite.php(43): require_once('C:\\xampp\\htdocs...')
#11 {main}
ERROR - 2022-07-23 06:02:51 --> Unknown column 'plugins' in 'where clause'
CRITICAL - 2022-07-23 06:02:51 --> Unknown column 'plugins' in 'where clause'
#0 C:\xampp\htdocs\tcunnur\system\Database\MySQLi\Connection.php(292): mysqli->query('SELECT *\nFROM `...', 0)
#1 C:\xampp\htdocs\tcunnur\system\Database\BaseConnection.php(670): CodeIgniter\Database\MySQLi\Connection->execute('SELECT *\nFROM `...')
#2 C:\xampp\htdocs\tcunnur\system\Database\BaseConnection.php(598): CodeIgniter\Database\BaseConnection->simpleQuery('SELECT *\nFROM `...')
#3 C:\xampp\htdocs\tcunnur\system\Database\BaseBuilder.php(1455): CodeIgniter\Database\BaseConnection->query('SELECT *\nFROM `...', Array, false)
#4 C:\xampp\htdocs\tcunnur\app\Models\ModelKuesioner.php(36): CodeIgniter\Database\BaseBuilder->get()
#5 C:\xampp\htdocs\tcunnur\app\Controllers\Kuesioner.php(98): App\Models\ModelKuesioner->detail('plugins')
#6 C:\xampp\htdocs\tcunnur\system\CodeIgniter.php(825): App\Controllers\Kuesioner->detail_kuesioner('plugins', 'fontawesome-fre...', 'css', 'all.min.css')
#7 C:\xampp\htdocs\tcunnur\system\CodeIgniter.php(412): CodeIgniter\CodeIgniter->runController(Object(App\Controllers\Kuesioner))
#8 C:\xampp\htdocs\tcunnur\system\CodeIgniter.php(320): CodeIgniter\CodeIgniter->handleRequest(NULL, Object(Config\Cache), false)
#9 C:\xampp\htdocs\tcunnur\public\index.php(37): CodeIgniter\CodeIgniter->run()
#10 C:\xampp\htdocs\tcunnur\system\Commands\Server\rewrite.php(43): require_once('C:\\xampp\\htdocs...')
#11 {main}
ERROR - 2022-07-23 06:19:22 --> Unknown column 'plugins' in 'where clause'
CRITICAL - 2022-07-23 06:19:23 --> Unknown column 'plugins' in 'where clause'
#0 C:\xampp\htdocs\tcunnur\system\Database\MySQLi\Connection.php(292): mysqli->query('SELECT *\nFROM `...', 0)
#1 C:\xampp\htdocs\tcunnur\system\Database\BaseConnection.php(670): CodeIgniter\Database\MySQLi\Connection->execute('SELECT *\nFROM `...')
#2 C:\xampp\htdocs\tcunnur\system\Database\BaseConnection.php(598): CodeIgniter\Database\BaseConnection->simpleQuery('SELECT *\nFROM `...')
#3 C:\xampp\htdocs\tcunnur\system\Database\BaseBuilder.php(1455): CodeIgniter\Database\BaseConnection->query('SELECT *\nFROM `...', Array, false)
#4 C:\xampp\htdocs\tcunnur\app\Models\ModelKuesioner.php(36): CodeIgniter\Database\BaseBuilder->get()
#5 C:\xampp\htdocs\tcunnur\app\Controllers\Kuesioner.php(98): App\Models\ModelKuesioner->detail('plugins')
#6 C:\xampp\htdocs\tcunnur\system\CodeIgniter.php(825): App\Controllers\Kuesioner->detail_kuesioner('plugins', 'fontawesome-fre...', 'css', 'all.min.css')
#7 C:\xampp\htdocs\tcunnur\system\CodeIgniter.php(412): CodeIgniter\CodeIgniter->runController(Object(App\Controllers\Kuesioner))
#8 C:\xampp\htdocs\tcunnur\system\CodeIgniter.php(320): CodeIgniter\CodeIgniter->handleRequest(NULL, Object(Config\Cache), false)
#9 C:\xampp\htdocs\tcunnur\public\index.php(37): CodeIgniter\CodeIgniter->run()
#10 C:\xampp\htdocs\tcunnur\system\Commands\Server\rewrite.php(43): require_once('C:\\xampp\\htdocs...')
#11 {main}
ERROR - 2022-07-23 06:20:41 --> Unknown column 'plugins' in 'where clause'
CRITICAL - 2022-07-23 06:20:41 --> Unknown column 'plugins' in 'where clause'
#0 C:\xampp\htdocs\tcunnur\system\Database\MySQLi\Connection.php(292): mysqli->query('SELECT *\nFROM `...', 0)
#1 C:\xampp\htdocs\tcunnur\system\Database\BaseConnection.php(670): CodeIgniter\Database\MySQLi\Connection->execute('SELECT *\nFROM `...')
#2 C:\xampp\htdocs\tcunnur\system\Database\BaseConnection.php(598): CodeIgniter\Database\BaseConnection->simpleQuery('SELECT *\nFROM `...')
#3 C:\xampp\htdocs\tcunnur\system\Database\BaseBuilder.php(1455): CodeIgniter\Database\BaseConnection->query('SELECT *\nFROM `...', Array, false)
#4 C:\xampp\htdocs\tcunnur\app\Models\ModelKuesioner.php(36): CodeIgniter\Database\BaseBuilder->get()
#5 C:\xampp\htdocs\tcunnur\app\Controllers\Kuesioner.php(98): App\Models\ModelKuesioner->detail('plugins')
#6 C:\xampp\htdocs\tcunnur\system\CodeIgniter.php(825): App\Controllers\Kuesioner->detail_kuesioner('plugins', 'fontawesome-fre...', 'css', 'all.min.css')
#7 C:\xampp\htdocs\tcunnur\system\CodeIgniter.php(412): CodeIgniter\CodeIgniter->runController(Object(App\Controllers\Kuesioner))
#8 C:\xampp\htdocs\tcunnur\system\CodeIgniter.php(320): CodeIgniter\CodeIgniter->handleRequest(NULL, Object(Config\Cache), false)
#9 C:\xampp\htdocs\tcunnur\public\index.php(37): CodeIgniter\CodeIgniter->run()
#10 C:\xampp\htdocs\tcunnur\system\Commands\Server\rewrite.php(43): require_once('C:\\xampp\\htdocs...')
#11 {main}
ERROR - 2022-07-23 08:19:09 --> Unknown column 'plugins' in 'where clause'
CRITICAL - 2022-07-23 08:19:09 --> Unknown column 'plugins' in 'where clause'
#0 C:\xampp\htdocs\tcunnur\system\Database\MySQLi\Connection.php(292): mysqli->query('SELECT *\nFROM `...', 0)
#1 C:\xampp\htdocs\tcunnur\system\Database\BaseConnection.php(670): CodeIgniter\Database\MySQLi\Connection->execute('SELECT *\nFROM `...')
#2 C:\xampp\htdocs\tcunnur\system\Database\BaseConnection.php(598): CodeIgniter\Database\BaseConnection->simpleQuery('SELECT *\nFROM `...')
#3 C:\xampp\htdocs\tcunnur\system\Database\BaseBuilder.php(1455): CodeIgniter\Database\BaseConnection->query('SELECT *\nFROM `...', Array, false)
#4 C:\xampp\htdocs\tcunnur\app\Models\ModelKuesioner.php(36): CodeIgniter\Database\BaseBuilder->get()
#5 C:\xampp\htdocs\tcunnur\app\Controllers\Kuesioner.php(69): App\Models\ModelKuesioner->detail('plugins')
#6 C:\xampp\htdocs\tcunnur\system\CodeIgniter.php(825): App\Controllers\Kuesioner->add_question('plugins', 'fontawesome-fre...', 'css', 'all.min.css')
#7 C:\xampp\htdocs\tcunnur\system\CodeIgniter.php(412): CodeIgniter\CodeIgniter->runController(Object(App\Controllers\Kuesioner))
#8 C:\xampp\htdocs\tcunnur\system\CodeIgniter.php(320): CodeIgniter\CodeIgniter->handleRequest(NULL, Object(Config\Cache), false)
#9 C:\xampp\htdocs\tcunnur\public\index.php(37): CodeIgniter\CodeIgniter->run()
#10 C:\xampp\htdocs\tcunnur\system\Commands\Server\rewrite.php(43): require_once('C:\\xampp\\htdocs...')
#11 {main}
CRITICAL - 2022-07-23 08:24:52 --> Undefined variable: head
#0 C:\xampp\htdocs\tcunnur\app\Views\layout\admin\v_head.php(7): CodeIgniter\Debug\Exceptions->errorHandler(8, 'Undefined varia...', 'C:\\xampp\\htdocs...', 7, Array)
#1 C:\xampp\htdocs\tcunnur\system\View\View.php(210): include('C:\\xampp\\htdocs...')
#2 C:\xampp\htdocs\tcunnur\system\View\View.php(213): CodeIgniter\View\View->CodeIgniter\View\{closure}()
#3 C:\xampp\htdocs\tcunnur\system\Common.php(1089): CodeIgniter\View\View->render('layout/admin/v_...', Array, true)
#4 C:\xampp\htdocs\tcunnur\app\Views\layout\admin\v_wrapper.php(2): view('layout/admin/v_...')
#5 C:\xampp\htdocs\tcunnur\system\View\View.php(210): include('C:\\xampp\\htdocs...')
#6 C:\xampp\htdocs\tcunnur\system\View\View.php(213): CodeIgniter\View\View->CodeIgniter\View\{closure}()
#7 C:\xampp\htdocs\tcunnur\system\Common.php(1089): CodeIgniter\View\View->render('layout/admin/v_...', Array, true)
#8 C:\xampp\htdocs\tcunnur\app\Controllers\Hasil.php(15): view('layout/admin/v_...', Array)
#9 C:\xampp\htdocs\tcunnur\system\CodeIgniter.php(825): App\Controllers\Hasil->index()
#10 C:\xampp\htdocs\tcunnur\system\CodeIgniter.php(412): CodeIgniter\CodeIgniter->runController(Object(App\Controllers\Hasil))
#11 C:\xampp\htdocs\tcunnur\system\CodeIgniter.php(320): CodeIgniter\CodeIgniter->handleRequest(NULL, Object(Config\Cache), false)
#12 C:\xampp\htdocs\tcunnur\public\index.php(37): CodeIgniter\CodeIgniter->run()
#13 C:\xampp\htdocs\tcunnur\system\Commands\Server\rewrite.php(43): require_once('C:\\xampp\\htdocs...')
#14 {main}
ERROR - 2022-07-23 08:25:50 --> Unknown column 'plugins' in 'where clause'
CRITICAL - 2022-07-23 08:25:50 --> Unknown column 'plugins' in 'where clause'
#0 C:\xampp\htdocs\tcunnur\system\Database\MySQLi\Connection.php(292): mysqli->query('SELECT *\nFROM `...', 0)
#1 C:\xampp\htdocs\tcunnur\system\Database\BaseConnection.php(670): CodeIgniter\Database\MySQLi\Connection->execute('SELECT *\nFROM `...')
#2 C:\xampp\htdocs\tcunnur\system\Database\BaseConnection.php(598): CodeIgniter\Database\BaseConnection->simpleQuery('SELECT *\nFROM `...')
#3 C:\xampp\htdocs\tcunnur\system\Database\BaseBuilder.php(1455): CodeIgniter\Database\BaseConnection->query('SELECT *\nFROM `...', Array, false)
#4 C:\xampp\htdocs\tcunnur\app\Models\ModelKuesioner.php(36): CodeIgniter\Database\BaseBuilder->get()
#5 C:\xampp\htdocs\tcunnur\app\Controllers\Kuesioner.php(69): App\Models\ModelKuesioner->detail('plugins')
#6 C:\xampp\htdocs\tcunnur\system\CodeIgniter.php(825): App\Controllers\Kuesioner->add_question('plugins', 'fontawesome-fre...', 'css', 'all.min.css')
#7 C:\xampp\htdocs\tcunnur\system\CodeIgniter.php(412): CodeIgniter\CodeIgniter->runController(Object(App\Controllers\Kuesioner))
#8 C:\xampp\htdocs\tcunnur\system\CodeIgniter.php(320): CodeIgniter\CodeIgniter->handleRequest(NULL, Object(Config\Cache), false)
#9 C:\xampp\htdocs\tcunnur\public\index.php(37): CodeIgniter\CodeIgniter->run()
#10 C:\xampp\htdocs\tcunnur\system\Commands\Server\rewrite.php(43): require_once('C:\\xampp\\htdocs...')
#11 {main}
ERROR - 2022-07-23 08:38:55 --> Unknown column 'plugins' in 'where clause'
CRITICAL - 2022-07-23 08:38:55 --> Unknown column 'plugins' in 'where clause'
#0 C:\xampp\htdocs\tcunnur\system\Database\MySQLi\Connection.php(292): mysqli->query('SELECT *\nFROM `...', 0)
#1 C:\xampp\htdocs\tcunnur\system\Database\BaseConnection.php(670): CodeIgniter\Database\MySQLi\Connection->execute('SELECT *\nFROM `...')
#2 C:\xampp\htdocs\tcunnur\system\Database\BaseConnection.php(598): CodeIgniter\Database\BaseConnection->simpleQuery('SELECT *\nFROM `...')
#3 C:\xampp\htdocs\tcunnur\system\Database\BaseBuilder.php(1455): CodeIgniter\Database\BaseConnection->query('SELECT *\nFROM `...', Array, false)
#4 C:\xampp\htdocs\tcunnur\app\Models\ModelQuestion.php(40): CodeIgniter\Database\BaseBuilder->get()
#5 C:\xampp\htdocs\tcunnur\app\Controllers\Question.php(73): App\Models\ModelQuestion->detail('plugins')
#6 C:\xampp\htdocs\tcunnur\system\CodeIgniter.php(825): App\Controllers\Question->add_option('plugins', 'fontawesome-fre...', 'css', 'all.min.css')
#7 C:\xampp\htdocs\tcunnur\system\CodeIgniter.php(412): CodeIgniter\CodeIgniter->runController(Object(App\Controllers\Question))
#8 C:\xampp\htdocs\tcunnur\system\CodeIgniter.php(320): CodeIgniter\CodeIgniter->handleRequest(NULL, Object(Config\Cache), false)
#9 C:\xampp\htdocs\tcunnur\public\index.php(37): CodeIgniter\CodeIgniter->run()
#10 C:\xampp\htdocs\tcunnur\system\Commands\Server\rewrite.php(43): require_once('C:\\xampp\\htdocs...')
#11 {main}
CRITICAL - 2022-07-23 21:05:39 --> Undefined index: nama_kuesioner
#0 C:\xampp\htdocs\tcunnur\app\Views\main\user\kuesioner\kuesioner_detail.php(25): CodeIgniter\Debug\Exceptions->errorHandler(8, 'Undefined index...', 'C:\\xampp\\htdocs...', 25, Array)
#1 C:\xampp\htdocs\tcunnur\system\View\View.php(210): include('C:\\xampp\\htdocs...')
#2 C:\xampp\htdocs\tcunnur\system\View\View.php(213): CodeIgniter\View\View->CodeIgniter\View\{closure}()
#3 C:\xampp\htdocs\tcunnur\system\Common.php(1089): CodeIgniter\View\View->render('main/user/kuesi...', Array, true)
#4 C:\xampp\htdocs\tcunnur\app\Views\layout\admin\v_content.php(3): view('main/user/kuesi...')
#5 C:\xampp\htdocs\tcunnur\system\View\View.php(210): include('C:\\xampp\\htdocs...')
#6 C:\xampp\htdocs\tcunnur\system\View\View.php(213): CodeIgniter\View\View->CodeIgniter\View\{closure}()
#7 C:\xampp\htdocs\tcunnur\system\Common.php(1089): CodeIgniter\View\View->render('layout/admin/v_...', Array, true)
#8 C:\xampp\htdocs\tcunnur\app\Views\layout\admin\v_wrapper.php(5): view('layout/admin/v_...')
#9 C:\xampp\htdocs\tcunnur\system\View\View.php(210): include('C:\\xampp\\htdocs...')
#10 C:\xampp\htdocs\tcunnur\system\View\View.php(213): CodeIgniter\View\View->CodeIgniter\View\{closure}()
#11 C:\xampp\htdocs\tcunnur\system\Common.php(1089): CodeIgniter\View\View->render('layout/admin/v_...', Array, true)
#12 C:\xampp\htdocs\tcunnur\app\Controllers\KuesionerUsers.php(38): view('layout/admin/v_...', Array)
#13 C:\xampp\htdocs\tcunnur\system\CodeIgniter.php(825): App\Controllers\KuesionerUsers->detail('3')
#14 C:\xampp\htdocs\tcunnur\system\CodeIgniter.php(412): CodeIgniter\CodeIgniter->runController(Object(App\Controllers\KuesionerUsers))
#15 C:\xampp\htdocs\tcunnur\system\CodeIgniter.php(320): CodeIgniter\CodeIgniter->handleRequest(NULL, Object(Config\Cache), false)
#16 C:\xampp\htdocs\tcunnur\public\index.php(37): CodeIgniter\CodeIgniter->run()
#17 C:\xampp\htdocs\tcunnur\system\Commands\Server\rewrite.php(43): require_once('C:\\xampp\\htdocs...')
#18 {main}
CRITICAL - 2022-07-23 21:05:42 --> Undefined index: nama_kuesioner
#0 C:\xampp\htdocs\tcunnur\app\Views\main\user\kuesioner\kuesioner_detail.php(25): CodeIgniter\Debug\Exceptions->errorHandler(8, 'Undefined index...', 'C:\\xampp\\htdocs...', 25, Array)
#1 C:\xampp\htdocs\tcunnur\system\View\View.php(210): include('C:\\xampp\\htdocs...')
#2 C:\xampp\htdocs\tcunnur\system\View\View.php(213): CodeIgniter\View\View->CodeIgniter\View\{closure}()
#3 C:\xampp\htdocs\tcunnur\system\Common.php(1089): CodeIgniter\View\View->render('main/user/kuesi...', Array, true)
#4 C:\xampp\htdocs\tcunnur\app\Views\layout\admin\v_content.php(3): view('main/user/kuesi...')
#5 C:\xampp\htdocs\tcunnur\system\View\View.php(210): include('C:\\xampp\\htdocs...')
#6 C:\xampp\htdocs\tcunnur\system\View\View.php(213): CodeIgniter\View\View->CodeIgniter\View\{closure}()
#7 C:\xampp\htdocs\tcunnur\system\Common.php(1089): CodeIgniter\View\View->render('layout/admin/v_...', Array, true)
#8 C:\xampp\htdocs\tcunnur\app\Views\layout\admin\v_wrapper.php(5): view('layout/admin/v_...')
#9 C:\xampp\htdocs\tcunnur\system\View\View.php(210): include('C:\\xampp\\htdocs...')
#10 C:\xampp\htdocs\tcunnur\system\View\View.php(213): CodeIgniter\View\View->CodeIgniter\View\{closure}()
#11 C:\xampp\htdocs\tcunnur\system\Common.php(1089): CodeIgniter\View\View->render('layout/admin/v_...', Array, true)
#12 C:\xampp\htdocs\tcunnur\app\Controllers\KuesionerUsers.php(38): view('layout/admin/v_...', Array)
#13 C:\xampp\htdocs\tcunnur\system\CodeIgniter.php(825): App\Controllers\KuesionerUsers->detail('plugins', 'fontawesome-fre...', 'css', 'all.min.css')
#14 C:\xampp\htdocs\tcunnur\system\CodeIgniter.php(412): CodeIgniter\CodeIgniter->runController(Object(App\Controllers\KuesionerUsers))
#15 C:\xampp\htdocs\tcunnur\system\CodeIgniter.php(320): CodeIgniter\CodeIgniter->handleRequest(NULL, Object(Config\Cache), false)
#16 C:\xampp\htdocs\tcunnur\public\index.php(37): CodeIgniter\CodeIgniter->run()
#17 C:\xampp\htdocs\tcunnur\system\Commands\Server\rewrite.php(43): require_once('C:\\xampp\\htdocs...')
#18 {main}
ERROR - 2022-07-23 21:10:00 --> Unknown column 'plugins' in 'where clause'
CRITICAL - 2022-07-23 21:10:00 --> Unknown column 'plugins' in 'where clause'
#0 C:\xampp\htdocs\tcunnur\system\Database\MySQLi\Connection.php(292): mysqli->query('SELECT *\nFROM `...', 0)
#1 C:\xampp\htdocs\tcunnur\system\Database\BaseConnection.php(670): CodeIgniter\Database\MySQLi\Connection->execute('SELECT *\nFROM `...')
#2 C:\xampp\htdocs\tcunnur\system\Database\BaseConnection.php(598): CodeIgniter\Database\BaseConnection->simpleQuery('SELECT *\nFROM `...')
#3 C:\xampp\htdocs\tcunnur\system\Database\BaseBuilder.php(1455): CodeIgniter\Database\BaseConnection->query('SELECT *\nFROM `...', Array, false)
#4 C:\xampp\htdocs\tcunnur\app\Models\ModelKuesioner.php(36): CodeIgniter\Database\BaseBuilder->get()
#5 C:\xampp\htdocs\tcunnur\app\Controllers\KuesionerUsers.php(36): App\Models\ModelKuesioner->detail('plugins')
#6 C:\xampp\htdocs\tcunnur\system\CodeIgniter.php(825): App\Controllers\KuesionerUsers->detail('plugins', 'fontawesome-fre...', 'css', 'all.min.css')
#7 C:\xampp\htdocs\tcunnur\system\CodeIgniter.php(412): CodeIgniter\CodeIgniter->runController(Object(App\Controllers\KuesionerUsers))
#8 C:\xampp\htdocs\tcunnur\system\CodeIgniter.php(320): CodeIgniter\CodeIgniter->handleRequest(NULL, Object(Config\Cache), false)
#9 C:\xampp\htdocs\tcunnur\public\index.php(37): CodeIgniter\CodeIgniter->run()
#10 C:\xampp\htdocs\tcunnur\system\Commands\Server\rewrite.php(43): require_once('C:\\xampp\\htdocs...')
#11 {main}
ERROR - 2022-07-23 21:21:47 --> Unknown column 'plugins' in 'where clause'
CRITICAL - 2022-07-23 21:21:47 --> Unknown column 'plugins' in 'where clause'
#0 C:\xampp\htdocs\tcunnur\system\Database\MySQLi\Connection.php(292): mysqli->query('SELECT *\nFROM `...', 0)
#1 C:\xampp\htdocs\tcunnur\system\Database\BaseConnection.php(670): CodeIgniter\Database\MySQLi\Connection->execute('SELECT *\nFROM `...')
#2 C:\xampp\htdocs\tcunnur\system\Database\BaseConnection.php(598): CodeIgniter\Database\BaseConnection->simpleQuery('SELECT *\nFROM `...')
#3 C:\xampp\htdocs\tcunnur\system\Database\BaseBuilder.php(1455): CodeIgniter\Database\BaseConnection->query('SELECT *\nFROM `...', Array, false)
#4 C:\xampp\htdocs\tcunnur\app\Models\ModelKuesioner.php(36): CodeIgniter\Database\BaseBuilder->get()
#5 C:\xampp\htdocs\tcunnur\app\Controllers\KuesionerUsers.php(36): App\Models\ModelKuesioner->detail('plugins')
#6 C:\xampp\htdocs\tcunnur\system\CodeIgniter.php(825): App\Controllers\KuesionerUsers->detail('plugins', 'fontawesome-fre...', 'css', 'all.min.css')
#7 C:\xampp\htdocs\tcunnur\system\CodeIgniter.php(412): CodeIgniter\CodeIgniter->runController(Object(App\Controllers\KuesionerUsers))
#8 C:\xampp\htdocs\tcunnur\system\CodeIgniter.php(320): CodeIgniter\CodeIgniter->handleRequest(NULL, Object(Config\Cache), false)
#9 C:\xampp\htdocs\tcunnur\public\index.php(37): CodeIgniter\CodeIgniter->run()
#10 C:\xampp\htdocs\tcunnur\system\Commands\Server\rewrite.php(43): require_once('C:\\xampp\\htdocs...')
#11 {main}
ERROR - 2022-07-23 21:24:44 --> Unknown column 'plugins' in 'where clause'
CRITICAL - 2022-07-23 21:24:44 --> Unknown column 'plugins' in 'where clause'
#0 C:\xampp\htdocs\tcunnur\system\Database\MySQLi\Connection.php(292): mysqli->query('SELECT *\nFROM `...', 0)
#1 C:\xampp\htdocs\tcunnur\system\Database\BaseConnection.php(670): CodeIgniter\Database\MySQLi\Connection->execute('SELECT *\nFROM `...')
#2 C:\xampp\htdocs\tcunnur\system\Database\BaseConnection.php(598): CodeIgniter\Database\BaseConnection->simpleQuery('SELECT *\nFROM `...')
#3 C:\xampp\htdocs\tcunnur\system\Database\BaseBuilder.php(1455): CodeIgniter\Database\BaseConnection->query('SELECT *\nFROM `...', Array, false)
#4 C:\xampp\htdocs\tcunnur\app\Models\ModelKuesioner.php(36): CodeIgniter\Database\BaseBuilder->get()
#5 C:\xampp\htdocs\tcunnur\app\Controllers\KuesionerUsers.php(36): App\Models\ModelKuesioner->detail('plugins')
#6 C:\xampp\htdocs\tcunnur\system\CodeIgniter.php(825): App\Controllers\KuesionerUsers->detail('plugins', 'fontawesome-fre...', 'css', 'all.min.css')
#7 C:\xampp\htdocs\tcunnur\system\CodeIgniter.php(412): CodeIgniter\CodeIgniter->runController(Object(App\Controllers\KuesionerUsers))
#8 C:\xampp\htdocs\tcunnur\system\CodeIgniter.php(320): CodeIgniter\CodeIgniter->handleRequest(NULL, Object(Config\Cache), false)
#9 C:\xampp\htdocs\tcunnur\public\index.php(37): CodeIgniter\CodeIgniter->run()
#10 C:\xampp\htdocs\tcunnur\system\Commands\Server\rewrite.php(43): require_once('C:\\xampp\\htdocs...')
#11 {main}
CRITICAL - 2022-07-23 21:24:54 --> Trying to get property 'nama_quest' of non-object
#0 C:\xampp\htdocs\tcunnur\app\Views\main\user\kuesioner\kuesioner_form.php(34): CodeIgniter\Debug\Exceptions->errorHandler(8, 'Trying to get p...', 'C:\\xampp\\htdocs...', 34, Array)
#1 C:\xampp\htdocs\tcunnur\system\View\View.php(210): include('C:\\xampp\\htdocs...')
#2 C:\xampp\htdocs\tcunnur\system\View\View.php(213): CodeIgniter\View\View->CodeIgniter\View\{closure}()
#3 C:\xampp\htdocs\tcunnur\system\Common.php(1089): CodeIgniter\View\View->render('main/user/kuesi...', Array, true)
#4 C:\xampp\htdocs\tcunnur\app\Views\layout\admin\v_content.php(3): view('main/user/kuesi...')
#5 C:\xampp\htdocs\tcunnur\system\View\View.php(210): include('C:\\xampp\\htdocs...')
#6 C:\xampp\htdocs\tcunnur\system\View\View.php(213): CodeIgniter\View\View->CodeIgniter\View\{closure}()
#7 C:\xampp\htdocs\tcunnur\system\Common.php(1089): CodeIgniter\View\View->render('layout/admin/v_...', Array, true)
#8 C:\xampp\htdocs\tcunnur\app\Views\layout\admin\v_wrapper.php(5): view('layout/admin/v_...')
#9 C:\xampp\htdocs\tcunnur\system\View\View.php(210): include('C:\\xampp\\htdocs...')
#10 C:\xampp\htdocs\tcunnur\system\View\View.php(213): CodeIgniter\View\View->CodeIgniter\View\{closure}()
#11 C:\xampp\htdocs\tcunnur\system\Common.php(1089): CodeIgniter\View\View->render('layout/admin/v_...', Array, true)
#12 C:\xampp\htdocs\tcunnur\app\Controllers\KuesionerUsers.php(50): view('layout/admin/v_...', Array)
#13 C:\xampp\htdocs\tcunnur\system\CodeIgniter.php(825): App\Controllers\KuesionerUsers->form_kuesioner('3')
#14 C:\xampp\htdocs\tcunnur\system\CodeIgniter.php(412): CodeIgniter\CodeIgniter->runController(Object(App\Controllers\KuesionerUsers))
#15 C:\xampp\htdocs\tcunnur\system\CodeIgniter.php(320): CodeIgniter\CodeIgniter->handleRequest(NULL, Object(Config\Cache), false)
#16 C:\xampp\htdocs\tcunnur\public\index.php(37): CodeIgniter\CodeIgniter->run()
#17 C:\xampp\htdocs\tcunnur\system\Commands\Server\rewrite.php(43): require_once('C:\\xampp\\htdocs...')
#18 {main}
CRITICAL - 2022-07-23 21:26:23 --> Trying to get property 'tipe_pertanyaan' of non-object
#0 C:\xampp\htdocs\tcunnur\app\Views\main\user\kuesioner\kuesioner_form.php(35): CodeIgniter\Debug\Exceptions->errorHandler(8, 'Trying to get p...', 'C:\\xampp\\htdocs...', 35, Array)
#1 C:\xampp\htdocs\tcunnur\system\View\View.php(210): include('C:\\xampp\\htdocs...')
#2 C:\xampp\htdocs\tcunnur\system\View\View.php(213): CodeIgniter\View\View->CodeIgniter\View\{closure}()
#3 C:\xampp\htdocs\tcunnur\system\Common.php(1089): CodeIgniter\View\View->render('main/user/kuesi...', Array, true)
#4 C:\xampp\htdocs\tcunnur\app\Views\layout\admin\v_content.php(3): view('main/user/kuesi...')
#5 C:\xampp\htdocs\tcunnur\system\View\View.php(210): include('C:\\xampp\\htdocs...')
#6 C:\xampp\htdocs\tcunnur\system\View\View.php(213): CodeIgniter\View\View->CodeIgniter\View\{closure}()
#7 C:\xampp\htdocs\tcunnur\system\Common.php(1089): CodeIgniter\View\View->render('layout/admin/v_...', Array, true)
#8 C:\xampp\htdocs\tcunnur\app\Views\layout\admin\v_wrapper.php(5): view('layout/admin/v_...')
#9 C:\xampp\htdocs\tcunnur\system\View\View.php(210): include('C:\\xampp\\htdocs...')
#10 C:\xampp\htdocs\tcunnur\system\View\View.php(213): CodeIgniter\View\View->CodeIgniter\View\{closure}()
#11 C:\xampp\htdocs\tcunnur\system\Common.php(1089): CodeIgniter\View\View->render('layout/admin/v_...', Array, true)
#12 C:\xampp\htdocs\tcunnur\app\Controllers\KuesionerUsers.php(50): view('layout/admin/v_...', Array)
#13 C:\xampp\htdocs\tcunnur\system\CodeIgniter.php(825): App\Controllers\KuesionerUsers->form_kuesioner('3')
#14 C:\xampp\htdocs\tcunnur\system\CodeIgniter.php(412): CodeIgniter\CodeIgniter->runController(Object(App\Controllers\KuesionerUsers))
#15 C:\xampp\htdocs\tcunnur\system\CodeIgniter.php(320): CodeIgniter\CodeIgniter->handleRequest(NULL, Object(Config\Cache), false)
#16 C:\xampp\htdocs\tcunnur\public\index.php(37): CodeIgniter\CodeIgniter->run()
#17 C:\xampp\htdocs\tcunnur\system\Commands\Server\rewrite.php(43): require_once('C:\\xampp\\htdocs...')
#18 {main}
CRITICAL - 2022-07-23 21:30:36 --> Undefined index: nama_kuesioner
#0 C:\xampp\htdocs\tcunnur\app\Views\main\user\kuesioner\kuesioner_form.php(27): CodeIgniter\Debug\Exceptions->errorHandler(8, 'Undefined index...', 'C:\\xampp\\htdocs...', 27, Array)
#1 C:\xampp\htdocs\tcunnur\system\View\View.php(210): include('C:\\xampp\\htdocs...')
#2 C:\xampp\htdocs\tcunnur\system\View\View.php(213): CodeIgniter\View\View->CodeIgniter\View\{closure}()
#3 C:\xampp\htdocs\tcunnur\system\Common.php(1089): CodeIgniter\View\View->render('main/user/kuesi...', Array, true)
#4 C:\xampp\htdocs\tcunnur\app\Views\layout\admin\v_content.php(3): view('main/user/kuesi...')
#5 C:\xampp\htdocs\tcunnur\system\View\View.php(210): include('C:\\xampp\\htdocs...')
#6 C:\xampp\htdocs\tcunnur\system\View\View.php(213): CodeIgniter\View\View->CodeIgniter\View\{closure}()
#7 C:\xampp\htdocs\tcunnur\system\Common.php(1089): CodeIgniter\View\View->render('layout/admin/v_...', Array, true)
#8 C:\xampp\htdocs\tcunnur\app\Views\layout\admin\v_wrapper.php(5): view('layout/admin/v_...')
#9 C:\xampp\htdocs\tcunnur\system\View\View.php(210): include('C:\\xampp\\htdocs...')
#10 C:\xampp\htdocs\tcunnur\system\View\View.php(213): CodeIgniter\View\View->CodeIgniter\View\{closure}()
#11 C:\xampp\htdocs\tcunnur\system\Common.php(1089): CodeIgniter\View\View->render('layout/admin/v_...', Array, true)
#12 C:\xampp\htdocs\tcunnur\app\Controllers\KuesionerUsers.php(50): view('layout/admin/v_...', Array)
#13 C:\xampp\htdocs\tcunnur\system\CodeIgniter.php(825): App\Controllers\KuesionerUsers->form_kuesioner('3')
#14 C:\xampp\htdocs\tcunnur\system\CodeIgniter.php(412): CodeIgniter\CodeIgniter->runController(Object(App\Controllers\KuesionerUsers))
#15 C:\xampp\htdocs\tcunnur\system\CodeIgniter.php(320): CodeIgniter\CodeIgniter->handleRequest(NULL, Object(Config\Cache), false)
#16 C:\xampp\htdocs\tcunnur\public\index.php(37): CodeIgniter\CodeIgniter->run()
#17 C:\xampp\htdocs\tcunnur\system\Commands\Server\rewrite.php(43): require_once('C:\\xampp\\htdocs...')
#18 {main}
CRITICAL - 2022-07-23 21:30:37 --> Undefined index: nama_kuesioner
#0 C:\xampp\htdocs\tcunnur\app\Views\main\user\kuesioner\kuesioner_form.php(27): CodeIgniter\Debug\Exceptions->errorHandler(8, 'Undefined index...', 'C:\\xampp\\htdocs...', 27, Array)
#1 C:\xampp\htdocs\tcunnur\system\View\View.php(210): include('C:\\xampp\\htdocs...')
#2 C:\xampp\htdocs\tcunnur\system\View\View.php(213): CodeIgniter\View\View->CodeIgniter\View\{closure}()
#3 C:\xampp\htdocs\tcunnur\system\Common.php(1089): CodeIgniter\View\View->render('main/user/kuesi...', Array, true)
#4 C:\xampp\htdocs\tcunnur\app\Views\layout\admin\v_content.php(3): view('main/user/kuesi...')
#5 C:\xampp\htdocs\tcunnur\system\View\View.php(210): include('C:\\xampp\\htdocs...')
#6 C:\xampp\htdocs\tcunnur\system\View\View.php(213): CodeIgniter\View\View->CodeIgniter\View\{closure}()
#7 C:\xampp\htdocs\tcunnur\system\Common.php(1089): CodeIgniter\View\View->render('layout/admin/v_...', Array, true)
#8 C:\xampp\htdocs\tcunnur\app\Views\layout\admin\v_wrapper.php(5): view('layout/admin/v_...')
#9 C:\xampp\htdocs\tcunnur\system\View\View.php(210): include('C:\\xampp\\htdocs...')
#10 C:\xampp\htdocs\tcunnur\system\View\View.php(213): CodeIgniter\View\View->CodeIgniter\View\{closure}()
#11 C:\xampp\htdocs\tcunnur\system\Common.php(1089): CodeIgniter\View\View->render('layout/admin/v_...', Array, true)
#12 C:\xampp\htdocs\tcunnur\app\Controllers\KuesionerUsers.php(50): view('layout/admin/v_...', Array)
#13 C:\xampp\htdocs\tcunnur\system\CodeIgniter.php(825): App\Controllers\KuesionerUsers->form_kuesioner('plugins', 'fontawesome-fre...', 'css', 'all.min.css')
#14 C:\xampp\htdocs\tcunnur\system\CodeIgniter.php(412): CodeIgniter\CodeIgniter->runController(Object(App\Controllers\KuesionerUsers))
#15 C:\xampp\htdocs\tcunnur\system\CodeIgniter.php(320): CodeIgniter\CodeIgniter->handleRequest(NULL, Object(Config\Cache), false)
#16 C:\xampp\htdocs\tcunnur\public\index.php(37): CodeIgniter\CodeIgniter->run()
#17 C:\xampp\htdocs\tcunnur\system\Commands\Server\rewrite.php(43): require_once('C:\\xampp\\htdocs...')
#18 {main}
CRITICAL - 2022-07-23 21:31:49 --> Undefined variable: user
#0 C:\xampp\htdocs\tcunnur\app\Views\main\user\kuesioner\kuesioner_form.php(27): CodeIgniter\Debug\Exceptions->errorHandler(8, 'Undefined varia...', 'C:\\xampp\\htdocs...', 27, Array)
#1 C:\xampp\htdocs\tcunnur\system\View\View.php(210): include('C:\\xampp\\htdocs...')
#2 C:\xampp\htdocs\tcunnur\system\View\View.php(213): CodeIgniter\View\View->CodeIgniter\View\{closure}()
#3 C:\xampp\htdocs\tcunnur\system\Common.php(1089): CodeIgniter\View\View->render('main/user/kuesi...', Array, true)
#4 C:\xampp\htdocs\tcunnur\app\Views\layout\admin\v_content.php(3): view('main/user/kuesi...')
#5 C:\xampp\htdocs\tcunnur\system\View\View.php(210): include('C:\\xampp\\htdocs...')
#6 C:\xampp\htdocs\tcunnur\system\View\View.php(213): CodeIgniter\View\View->CodeIgniter\View\{closure}()
#7 C:\xampp\htdocs\tcunnur\system\Common.php(1089): CodeIgniter\View\View->render('layout/admin/v_...', Array, true)
#8 C:\xampp\htdocs\tcunnur\app\Views\layout\admin\v_wrapper.php(5): view('layout/admin/v_...')
#9 C:\xampp\htdocs\tcunnur\system\View\View.php(210): include('C:\\xampp\\htdocs...')
#10 C:\xampp\htdocs\tcunnur\system\View\View.php(213): CodeIgniter\View\View->CodeIgniter\View\{closure}()
#11 C:\xampp\htdocs\tcunnur\system\Common.php(1089): CodeIgniter\View\View->render('layout/admin/v_...', Array, true)
#12 C:\xampp\htdocs\tcunnur\app\Controllers\KuesionerUsers.php(51): view('layout/admin/v_...', Array)
#13 C:\xampp\htdocs\tcunnur\system\CodeIgniter.php(825): App\Controllers\KuesionerUsers->form_kuesioner('3')
#14 C:\xampp\htdocs\tcunnur\system\CodeIgniter.php(412): CodeIgniter\CodeIgniter->runController(Object(App\Controllers\KuesionerUsers))
#15 C:\xampp\htdocs\tcunnur\system\CodeIgniter.php(320): CodeIgniter\CodeIgniter->handleRequest(NULL, Object(Config\Cache), false)
#16 C:\xampp\htdocs\tcunnur\public\index.php(37): CodeIgniter\CodeIgniter->run()
#17 C:\xampp\htdocs\tcunnur\system\Commands\Server\rewrite.php(43): require_once('C:\\xampp\\htdocs...')
#18 {main}
ERROR - 2022-07-23 21:31:49 --> Unknown column 'plugins' in 'where clause'
CRITICAL - 2022-07-23 21:31:50 --> Unknown column 'plugins' in 'where clause'
#0 C:\xampp\htdocs\tcunnur\system\Database\MySQLi\Connection.php(292): mysqli->query('SELECT *\nFROM `...', 0)
#1 C:\xampp\htdocs\tcunnur\system\Database\BaseConnection.php(670): CodeIgniter\Database\MySQLi\Connection->execute('SELECT *\nFROM `...')
#2 C:\xampp\htdocs\tcunnur\system\Database\BaseConnection.php(598): CodeIgniter\Database\BaseConnection->simpleQuery('SELECT *\nFROM `...')
#3 C:\xampp\htdocs\tcunnur\system\Database\BaseBuilder.php(1455): CodeIgniter\Database\BaseConnection->query('SELECT *\nFROM `...', Array, false)
#4 C:\xampp\htdocs\tcunnur\app\Models\ModelKuesioner.php(36): CodeIgniter\Database\BaseBuilder->get()
#5 C:\xampp\htdocs\tcunnur\app\Controllers\KuesionerUsers.php(48): App\Models\ModelKuesioner->detail('plugins')
#6 C:\xampp\htdocs\tcunnur\system\CodeIgniter.php(825): App\Controllers\KuesionerUsers->form_kuesioner('plugins', 'fontawesome-fre...', 'css', 'all.min.css')
#7 C:\xampp\htdocs\tcunnur\system\CodeIgniter.php(412): CodeIgniter\CodeIgniter->runController(Object(App\Controllers\KuesionerUsers))
#8 C:\xampp\htdocs\tcunnur\system\CodeIgniter.php(320): CodeIgniter\CodeIgniter->handleRequest(NULL, Object(Config\Cache), false)
#9 C:\xampp\htdocs\tcunnur\public\index.php(37): CodeIgniter\CodeIgniter->run()
#10 C:\xampp\htdocs\tcunnur\system\Commands\Server\rewrite.php(43): require_once('C:\\xampp\\htdocs...')
#11 {main}
CRITICAL - 2022-07-23 21:34:55 --> Too few arguments to function App\Controllers\KuesionerUsers::form_kuesioner(), 1 passed in C:\xampp\htdocs\tcunnur\system\CodeIgniter.php on line 825 and exactly 2 expected
#0 C:\xampp\htdocs\tcunnur\system\CodeIgniter.php(825): App\Controllers\KuesionerUsers->form_kuesioner('3')
#1 C:\xampp\htdocs\tcunnur\system\CodeIgniter.php(412): CodeIgniter\CodeIgniter->runController(Object(App\Controllers\KuesionerUsers))
#2 C:\xampp\htdocs\tcunnur\system\CodeIgniter.php(320): CodeIgniter\CodeIgniter->handleRequest(NULL, Object(Config\Cache), false)
#3 C:\xampp\htdocs\tcunnur\public\index.php(37): CodeIgniter\CodeIgniter->run()
#4 C:\xampp\htdocs\tcunnur\system\Commands\Server\rewrite.php(43): require_once('C:\\xampp\\htdocs...')
#5 {main}
CRITICAL - 2022-07-23 21:36:01 --> Too few arguments to function App\Models\ModelUsers::get_user(), 0 passed in C:\xampp\htdocs\tcunnur\app\Controllers\KuesionerUsers.php on line 48 and exactly 1 expected
#0 C:\xampp\htdocs\tcunnur\app\Controllers\KuesionerUsers.php(48): App\Models\ModelUsers->get_user()
#1 C:\xampp\htdocs\tcunnur\system\CodeIgniter.php(825): App\Controllers\KuesionerUsers->form_kuesioner('3')
#2 C:\xampp\htdocs\tcunnur\system\CodeIgniter.php(412): CodeIgniter\CodeIgniter->runController(Object(App\Controllers\KuesionerUsers))
#3 C:\xampp\htdocs\tcunnur\system\CodeIgniter.php(320): CodeIgniter\CodeIgniter->handleRequest(NULL, Object(Config\Cache), false)
#4 C:\xampp\htdocs\tcunnur\public\index.php(37): CodeIgniter\CodeIgniter->run()
#5 C:\xampp\htdocs\tcunnur\system\Commands\Server\rewrite.php(43): require_once('C:\\xampp\\htdocs...')
#6 {main}
CRITICAL - 2022-07-23 21:38:22 --> Too few arguments to function App\Controllers\KuesionerUsers::form_kuesioner(), 1 passed in C:\xampp\htdocs\tcunnur\system\CodeIgniter.php on line 825 and exactly 2 expected
#0 C:\xampp\htdocs\tcunnur\system\CodeIgniter.php(825): App\Controllers\KuesionerUsers->form_kuesioner('3')
#1 C:\xampp\htdocs\tcunnur\system\CodeIgniter.php(412): CodeIgniter\CodeIgniter->runController(Object(App\Controllers\KuesionerUsers))
#2 C:\xampp\htdocs\tcunnur\system\CodeIgniter.php(320): CodeIgniter\CodeIgniter->handleRequest(NULL, Object(Config\Cache), false)
#3 C:\xampp\htdocs\tcunnur\public\index.php(37): CodeIgniter\CodeIgniter->run()
#4 C:\xampp\htdocs\tcunnur\system\Commands\Server\rewrite.php(43): require_once('C:\\xampp\\htdocs...')
#5 {main}
CRITICAL - 2022-07-23 21:38:25 --> Too few arguments to function App\Controllers\KuesionerUsers::detail(), 1 passed in C:\xampp\htdocs\tcunnur\system\CodeIgniter.php on line 825 and exactly 2 expected
#0 C:\xampp\htdocs\tcunnur\system\CodeIgniter.php(825): App\Controllers\KuesionerUsers->detail('3')
#1 C:\xampp\htdocs\tcunnur\system\CodeIgniter.php(412): CodeIgniter\CodeIgniter->runController(Object(App\Controllers\KuesionerUsers))
#2 C:\xampp\htdocs\tcunnur\system\CodeIgniter.php(320): CodeIgniter\CodeIgniter->handleRequest(NULL, Object(Config\Cache), false)
#3 C:\xampp\htdocs\tcunnur\public\index.php(37): CodeIgniter\CodeIgniter->run()
#4 C:\xampp\htdocs\tcunnur\system\Commands\Server\rewrite.php(43): require_once('C:\\xampp\\htdocs...')
#5 {main}
ERROR - 2022-07-23 21:39:06 --> Unknown column 'plugins' in 'where clause'
CRITICAL - 2022-07-23 21:39:07 --> Unknown column 'plugins' in 'where clause'
#0 C:\xampp\htdocs\tcunnur\system\Database\MySQLi\Connection.php(292): mysqli->query('SELECT *\nFROM `...', 0)
#1 C:\xampp\htdocs\tcunnur\system\Database\BaseConnection.php(670): CodeIgniter\Database\MySQLi\Connection->execute('SELECT *\nFROM `...')
#2 C:\xampp\htdocs\tcunnur\system\Database\BaseConnection.php(598): CodeIgniter\Database\BaseConnection->simpleQuery('SELECT *\nFROM `...')
#3 C:\xampp\htdocs\tcunnur\system\Database\BaseBuilder.php(1455): CodeIgniter\Database\BaseConnection->query('SELECT *\nFROM `...', Array, false)
#4 C:\xampp\htdocs\tcunnur\app\Models\ModelKuesioner.php(36): CodeIgniter\Database\BaseBuilder->get()
#5 C:\xampp\htdocs\tcunnur\app\Controllers\KuesionerUsers.php(36): App\Models\ModelKuesioner->detail('plugins')
#6 C:\xampp\htdocs\tcunnur\system\CodeIgniter.php(825): App\Controllers\KuesionerUsers->detail('plugins', 'fontawesome-fre...', 'css', 'all.min.css')
#7 C:\xampp\htdocs\tcunnur\system\CodeIgniter.php(412): CodeIgniter\CodeIgniter->runController(Object(App\Controllers\KuesionerUsers))
#8 C:\xampp\htdocs\tcunnur\system\CodeIgniter.php(320): CodeIgniter\CodeIgniter->handleRequest(NULL, Object(Config\Cache), false)
#9 C:\xampp\htdocs\tcunnur\public\index.php(37): CodeIgniter\CodeIgniter->run()
#10 C:\xampp\htdocs\tcunnur\system\Commands\Server\rewrite.php(43): require_once('C:\\xampp\\htdocs...')
#11 {main}
CRITICAL - 2022-07-23 21:39:40 --> Too few arguments to function App\Controllers\KuesionerUsers::form_kuesioner(), 1 passed in C:\xampp\htdocs\tcunnur\system\CodeIgniter.php on line 825 and exactly 2 expected
#0 C:\xampp\htdocs\tcunnur\system\CodeIgniter.php(825): App\Controllers\KuesionerUsers->form_kuesioner('3')
#1 C:\xampp\htdocs\tcunnur\system\CodeIgniter.php(412): CodeIgniter\CodeIgniter->runController(Object(App\Controllers\KuesionerUsers))
#2 C:\xampp\htdocs\tcunnur\system\CodeIgniter.php(320): CodeIgniter\CodeIgniter->handleRequest(NULL, Object(Config\Cache), false)
#3 C:\xampp\htdocs\tcunnur\public\index.php(37): CodeIgniter\CodeIgniter->run()
#4 C:\xampp\htdocs\tcunnur\system\Commands\Server\rewrite.php(43): require_once('C:\\xampp\\htdocs...')
#5 {main}
CRITICAL - 2022-07-23 21:40:37 --> Too few arguments to function App\Controllers\KuesionerUsers::form_kuesioner(), 1 passed in C:\xampp\htdocs\tcunnur\system\CodeIgniter.php on line 825 and exactly 2 expected
#0 C:\xampp\htdocs\tcunnur\system\CodeIgniter.php(825): App\Controllers\KuesionerUsers->form_kuesioner('3')
#1 C:\xampp\htdocs\tcunnur\system\CodeIgniter.php(412): CodeIgniter\CodeIgniter->runController(Object(App\Controllers\KuesionerUsers))
#2 C:\xampp\htdocs\tcunnur\system\CodeIgniter.php(320): CodeIgniter\CodeIgniter->handleRequest(NULL, Object(Config\Cache), false)
#3 C:\xampp\htdocs\tcunnur\public\index.php(37): CodeIgniter\CodeIgniter->run()
#4 C:\xampp\htdocs\tcunnur\system\Commands\Server\rewrite.php(43): require_once('C:\\xampp\\htdocs...')
#5 {main}
ERROR - 2022-07-23 21:40:47 --> Unknown column 'plugins' in 'where clause'
CRITICAL - 2022-07-23 21:40:48 --> Unknown column 'plugins' in 'where clause'
#0 C:\xampp\htdocs\tcunnur\system\Database\MySQLi\Connection.php(292): mysqli->query('SELECT *\nFROM `...', 0)
#1 C:\xampp\htdocs\tcunnur\system\Database\BaseConnection.php(670): CodeIgniter\Database\MySQLi\Connection->execute('SELECT *\nFROM `...')
#2 C:\xampp\htdocs\tcunnur\system\Database\BaseConnection.php(598): CodeIgniter\Database\BaseConnection->simpleQuery('SELECT *\nFROM `...')
#3 C:\xampp\htdocs\tcunnur\system\Database\BaseBuilder.php(1455): CodeIgniter\Database\BaseConnection->query('SELECT *\nFROM `...', Array, false)
#4 C:\xampp\htdocs\tcunnur\app\Models\ModelKuesioner.php(36): CodeIgniter\Database\BaseBuilder->get()
#5 C:\xampp\htdocs\tcunnur\app\Controllers\KuesionerUsers.php(50): App\Models\ModelKuesioner->detail('plugins')
#6 C:\xampp\htdocs\tcunnur\system\CodeIgniter.php(825): App\Controllers\KuesionerUsers->form_kuesioner('plugins', 'fontawesome-fre...', 'css', 'all.min.css')
#7 C:\xampp\htdocs\tcunnur\system\CodeIgniter.php(412): CodeIgniter\CodeIgniter->runController(Object(App\Controllers\KuesionerUsers))
#8 C:\xampp\htdocs\tcunnur\system\CodeIgniter.php(320): CodeIgniter\CodeIgniter->handleRequest(NULL, Object(Config\Cache), false)
#9 C:\xampp\htdocs\tcunnur\public\index.php(37): CodeIgniter\CodeIgniter->run()
#10 C:\xampp\htdocs\tcunnur\system\Commands\Server\rewrite.php(43): require_once('C:\\xampp\\htdocs...')
#11 {main}
ERROR - 2022-07-23 21:41:54 --> Unknown column 'plugins' in 'where clause'
CRITICAL - 2022-07-23 21:41:55 --> Unknown column 'plugins' in 'where clause'
#0 C:\xampp\htdocs\tcunnur\system\Database\MySQLi\Connection.php(292): mysqli->query('SELECT *\nFROM `...', 0)
#1 C:\xampp\htdocs\tcunnur\system\Database\BaseConnection.php(670): CodeIgniter\Database\MySQLi\Connection->execute('SELECT *\nFROM `...')
#2 C:\xampp\htdocs\tcunnur\system\Database\BaseConnection.php(598): CodeIgniter\Database\BaseConnection->simpleQuery('SELECT *\nFROM `...')
#3 C:\xampp\htdocs\tcunnur\system\Database\BaseBuilder.php(1455): CodeIgniter\Database\BaseConnection->query('SELECT *\nFROM `...', Array, false)
#4 C:\xampp\htdocs\tcunnur\app\Models\ModelKuesioner.php(36): CodeIgniter\Database\BaseBuilder->get()
#5 C:\xampp\htdocs\tcunnur\app\Controllers\KuesionerUsers.php(50): App\Models\ModelKuesioner->detail('plugins')
#6 C:\xampp\htdocs\tcunnur\system\CodeIgniter.php(825): App\Controllers\KuesionerUsers->form_kuesioner('plugins', 'fontawesome-fre...', 'css', 'all.min.css')
#7 C:\xampp\htdocs\tcunnur\system\CodeIgniter.php(412): CodeIgniter\CodeIgniter->runController(Object(App\Controllers\KuesionerUsers))
#8 C:\xampp\htdocs\tcunnur\system\CodeIgniter.php(320): CodeIgniter\CodeIgniter->handleRequest(NULL, Object(Config\Cache), false)
#9 C:\xampp\htdocs\tcunnur\public\index.php(37): CodeIgniter\CodeIgniter->run()
#10 C:\xampp\htdocs\tcunnur\system\Commands\Server\rewrite.php(43): require_once('C:\\xampp\\htdocs...')
#11 {main}
ERROR - 2022-07-23 21:42:38 --> Unknown column 'plugins' in 'where clause'
CRITICAL - 2022-07-23 21:42:39 --> Unknown column 'plugins' in 'where clause'
#0 C:\xampp\htdocs\tcunnur\system\Database\MySQLi\Connection.php(292): mysqli->query('SELECT *\nFROM `...', 0)
#1 C:\xampp\htdocs\tcunnur\system\Database\BaseConnection.php(670): CodeIgniter\Database\MySQLi\Connection->execute('SELECT *\nFROM `...')
#2 C:\xampp\htdocs\tcunnur\system\Database\BaseConnection.php(598): CodeIgniter\Database\BaseConnection->simpleQuery('SELECT *\nFROM `...')
#3 C:\xampp\htdocs\tcunnur\system\Database\BaseBuilder.php(1455): CodeIgniter\Database\BaseConnection->query('SELECT *\nFROM `...', Array, false)
#4 C:\xampp\htdocs\tcunnur\app\Models\ModelKuesioner.php(36): CodeIgniter\Database\BaseBuilder->get()
#5 C:\xampp\htdocs\tcunnur\app\Controllers\KuesionerUsers.php(50): App\Models\ModelKuesioner->detail('plugins')
#6 C:\xampp\htdocs\tcunnur\system\CodeIgniter.php(825): App\Controllers\KuesionerUsers->form_kuesioner('plugins', 'fontawesome-fre...', 'css', 'all.min.css')
#7 C:\xampp\htdocs\tcunnur\system\CodeIgniter.php(412): CodeIgniter\CodeIgniter->runController(Object(App\Controllers\KuesionerUsers))
#8 C:\xampp\htdocs\tcunnur\system\CodeIgniter.php(320): CodeIgniter\CodeIgniter->handleRequest(NULL, Object(Config\Cache), false)
#9 C:\xampp\htdocs\tcunnur\public\index.php(37): CodeIgniter\CodeIgniter->run()
#10 C:\xampp\htdocs\tcunnur\system\Commands\Server\rewrite.php(43): require_once('C:\\xampp\\htdocs...')
#11 {main}
CRITICAL - 2022-07-23 21:44:38 --> Undefined variable: user
#0 C:\xampp\htdocs\tcunnur\app\Views\main\user\profil.php(28): CodeIgniter\Debug\Exceptions->errorHandler(8, 'Undefined varia...', 'C:\\xampp\\htdocs...', 28, Array)
#1 C:\xampp\htdocs\tcunnur\system\View\View.php(210): include('C:\\xampp\\htdocs...')
#2 C:\xampp\htdocs\tcunnur\system\View\View.php(213): CodeIgniter\View\View->CodeIgniter\View\{closure}()
#3 C:\xampp\htdocs\tcunnur\system\Common.php(1089): CodeIgniter\View\View->render('main/user/profi...', Array, true)
#4 C:\xampp\htdocs\tcunnur\app\Views\layout\admin\v_content.php(3): view('main/user/profi...')
#5 C:\xampp\htdocs\tcunnur\system\View\View.php(210): include('C:\\xampp\\htdocs...')
#6 C:\xampp\htdocs\tcunnur\system\View\View.php(213): CodeIgniter\View\View->CodeIgniter\View\{closure}()
#7 C:\xampp\htdocs\tcunnur\system\Common.php(1089): CodeIgniter\View\View->render('layout/admin/v_...', Array, true)
#8 C:\xampp\htdocs\tcunnur\app\Views\layout\admin\v_wrapper.php(5): view('layout/admin/v_...')
#9 C:\xampp\htdocs\tcunnur\system\View\View.php(210): include('C:\\xampp\\htdocs...')
#10 C:\xampp\htdocs\tcunnur\system\View\View.php(213): CodeIgniter\View\View->CodeIgniter\View\{closure}()
#11 C:\xampp\htdocs\tcunnur\system\Common.php(1089): CodeIgniter\View\View->render('layout/admin/v_...', Array, true)
#12 C:\xampp\htdocs\tcunnur\app\Controllers\Profil.php(30): view('layout/admin/v_...', Array)
#13 C:\xampp\htdocs\tcunnur\system\CodeIgniter.php(825): App\Controllers\Profil->index()
#14 C:\xampp\htdocs\tcunnur\system\CodeIgniter.php(412): CodeIgniter\CodeIgniter->runController(Object(App\Controllers\Profil))
#15 C:\xampp\htdocs\tcunnur\system\CodeIgniter.php(320): CodeIgniter\CodeIgniter->handleRequest(NULL, Object(Config\Cache), false)
#16 C:\xampp\htdocs\tcunnur\public\index.php(37): CodeIgniter\CodeIgniter->run()
#17 C:\xampp\htdocs\tcunnur\system\Commands\Server\rewrite.php(43): require_once('C:\\xampp\\htdocs...')
#18 {main}
ERROR - 2022-07-23 21:49:46 --> Unknown column 'plugins' in 'where clause'
CRITICAL - 2022-07-23 21:49:46 --> Unknown column 'plugins' in 'where clause'
#0 C:\xampp\htdocs\tcunnur\system\Database\MySQLi\Connection.php(292): mysqli->query('SELECT *\nFROM `...', 0)
#1 C:\xampp\htdocs\tcunnur\system\Database\BaseConnection.php(670): CodeIgniter\Database\MySQLi\Connection->execute('SELECT *\nFROM `...')
#2 C:\xampp\htdocs\tcunnur\system\Database\BaseConnection.php(598): CodeIgniter\Database\BaseConnection->simpleQuery('SELECT *\nFROM `...')
#3 C:\xampp\htdocs\tcunnur\system\Database\BaseBuilder.php(1455): CodeIgniter\Database\BaseConnection->query('SELECT *\nFROM `...', Array, false)
#4 C:\xampp\htdocs\tcunnur\app\Models\ModelKuesioner.php(36): CodeIgniter\Database\BaseBuilder->get()
#5 C:\xampp\htdocs\tcunnur\app\Controllers\KuesionerUsers.php(36): App\Models\ModelKuesioner->detail('plugins')
#6 C:\xampp\htdocs\tcunnur\system\CodeIgniter.php(825): App\Controllers\KuesionerUsers->detail('plugins', 'fontawesome-fre...', 'css', 'all.min.css')
#7 C:\xampp\htdocs\tcunnur\system\CodeIgniter.php(412): CodeIgniter\CodeIgniter->runController(Object(App\Controllers\KuesionerUsers))
#8 C:\xampp\htdocs\tcunnur\system\CodeIgniter.php(320): CodeIgniter\CodeIgniter->handleRequest(NULL, Object(Config\Cache), false)
#9 C:\xampp\htdocs\tcunnur\public\index.php(37): CodeIgniter\CodeIgniter->run()
#10 C:\xampp\htdocs\tcunnur\system\Commands\Server\rewrite.php(43): require_once('C:\\xampp\\htdocs...')
#11 {main}
ERROR - 2022-07-23 21:50:04 --> Unknown column 'plugins' in 'where clause'
CRITICAL - 2022-07-23 21:50:04 --> Unknown column 'plugins' in 'where clause'
#0 C:\xampp\htdocs\tcunnur\system\Database\MySQLi\Connection.php(292): mysqli->query('SELECT *\nFROM `...', 0)
#1 C:\xampp\htdocs\tcunnur\system\Database\BaseConnection.php(670): CodeIgniter\Database\MySQLi\Connection->execute('SELECT *\nFROM `...')
#2 C:\xampp\htdocs\tcunnur\system\Database\BaseConnection.php(598): CodeIgniter\Database\BaseConnection->simpleQuery('SELECT *\nFROM `...')
#3 C:\xampp\htdocs\tcunnur\system\Database\BaseBuilder.php(1455): CodeIgniter\Database\BaseConnection->query('SELECT *\nFROM `...', Array, false)
#4 C:\xampp\htdocs\tcunnur\app\Models\ModelKuesioner.php(36): CodeIgniter\Database\BaseBuilder->get()
#5 C:\xampp\htdocs\tcunnur\app\Controllers\KuesionerUsers.php(50): App\Models\ModelKuesioner->detail('plugins')
#6 C:\xampp\htdocs\tcunnur\system\CodeIgniter.php(825): App\Controllers\KuesionerUsers->form_kuesioner('plugins', 'fontawesome-fre...', 'css', 'all.min.css')
#7 C:\xampp\htdocs\tcunnur\system\CodeIgniter.php(412): CodeIgniter\CodeIgniter->runController(Object(App\Controllers\KuesionerUsers))
#8 C:\xampp\htdocs\tcunnur\system\CodeIgniter.php(320): CodeIgniter\CodeIgniter->handleRequest(NULL, Object(Config\Cache), false)
#9 C:\xampp\htdocs\tcunnur\public\index.php(37): CodeIgniter\CodeIgniter->run()
#10 C:\xampp\htdocs\tcunnur\system\Commands\Server\rewrite.php(43): require_once('C:\\xampp\\htdocs...')
#11 {main}
ERROR - 2022-07-23 21:50:58 --> Unknown column 'plugins' in 'where clause'
CRITICAL - 2022-07-23 21:50:58 --> Unknown column 'plugins' in 'where clause'
#0 C:\xampp\htdocs\tcunnur\system\Database\MySQLi\Connection.php(292): mysqli->query('SELECT *\nFROM `...', 0)
#1 C:\xampp\htdocs\tcunnur\system\Database\BaseConnection.php(670): CodeIgniter\Database\MySQLi\Connection->execute('SELECT *\nFROM `...')
#2 C:\xampp\htdocs\tcunnur\system\Database\BaseConnection.php(598): CodeIgniter\Database\BaseConnection->simpleQuery('SELECT *\nFROM `...')
#3 C:\xampp\htdocs\tcunnur\system\Database\BaseBuilder.php(1455): CodeIgniter\Database\BaseConnection->query('SELECT *\nFROM `...', Array, false)
#4 C:\xampp\htdocs\tcunnur\app\Models\ModelKuesioner.php(36): CodeIgniter\Database\BaseBuilder->get()
#5 C:\xampp\htdocs\tcunnur\app\Controllers\KuesionerUsers.php(50): App\Models\ModelKuesioner->detail('plugins')
#6 C:\xampp\htdocs\tcunnur\system\CodeIgniter.php(825): App\Controllers\KuesionerUsers->form_kuesioner('plugins', 'fontawesome-fre...', 'css', 'all.min.css')
#7 C:\xampp\htdocs\tcunnur\system\CodeIgniter.php(412): CodeIgniter\CodeIgniter->runController(Object(App\Controllers\KuesionerUsers))
#8 C:\xampp\htdocs\tcunnur\system\CodeIgniter.php(320): CodeIgniter\CodeIgniter->handleRequest(NULL, Object(Config\Cache), false)
#9 C:\xampp\htdocs\tcunnur\public\index.php(37): CodeIgniter\CodeIgniter->run()
#10 C:\xampp\htdocs\tcunnur\system\Commands\Server\rewrite.php(43): require_once('C:\\xampp\\htdocs...')
#11 {main}
ERROR - 2022-07-23 21:56:16 --> Unknown column 'plugins' in 'where clause'
CRITICAL - 2022-07-23 21:56:16 --> Unknown column 'plugins' in 'where clause'
#0 C:\xampp\htdocs\tcunnur\system\Database\MySQLi\Connection.php(292): mysqli->query('SELECT *\nFROM `...', 0)
#1 C:\xampp\htdocs\tcunnur\system\Database\BaseConnection.php(670): CodeIgniter\Database\MySQLi\Connection->execute('SELECT *\nFROM `...')
#2 C:\xampp\htdocs\tcunnur\system\Database\BaseConnection.php(598): CodeIgniter\Database\BaseConnection->simpleQuery('SELECT *\nFROM `...')
#3 C:\xampp\htdocs\tcunnur\system\Database\BaseBuilder.php(1455): CodeIgniter\Database\BaseConnection->query('SELECT *\nFROM `...', Array, false)
#4 C:\xampp\htdocs\tcunnur\app\Models\ModelKuesioner.php(36): CodeIgniter\Database\BaseBuilder->get()
#5 C:\xampp\htdocs\tcunnur\app\Controllers\KuesionerUsers.php(50): App\Models\ModelKuesioner->detail('plugins')
#6 C:\xampp\htdocs\tcunnur\system\CodeIgniter.php(825): App\Controllers\KuesionerUsers->form_kuesioner('plugins', 'fontawesome-fre...', 'css', 'all.min.css')
#7 C:\xampp\htdocs\tcunnur\system\CodeIgniter.php(412): CodeIgniter\CodeIgniter->runController(Object(App\Controllers\KuesionerUsers))
#8 C:\xampp\htdocs\tcunnur\system\CodeIgniter.php(320): CodeIgniter\CodeIgniter->handleRequest(NULL, Object(Config\Cache), false)
#9 C:\xampp\htdocs\tcunnur\public\index.php(37): CodeIgniter\CodeIgniter->run()
#10 C:\xampp\htdocs\tcunnur\system\Commands\Server\rewrite.php(43): require_once('C:\\xampp\\htdocs...')
#11 {main}
ERROR - 2022-07-23 21:56:53 --> Unknown column 'plugins' in 'where clause'
CRITICAL - 2022-07-23 21:56:54 --> Unknown column 'plugins' in 'where clause'
#0 C:\xampp\htdocs\tcunnur\system\Database\MySQLi\Connection.php(292): mysqli->query('SELECT *\nFROM `...', 0)
#1 C:\xampp\htdocs\tcunnur\system\Database\BaseConnection.php(670): CodeIgniter\Database\MySQLi\Connection->execute('SELECT *\nFROM `...')
#2 C:\xampp\htdocs\tcunnur\system\Database\BaseConnection.php(598): CodeIgniter\Database\BaseConnection->simpleQuery('SELECT *\nFROM `...')
#3 C:\xampp\htdocs\tcunnur\system\Database\BaseBuilder.php(1455): CodeIgniter\Database\BaseConnection->query('SELECT *\nFROM `...', Array, false)
#4 C:\xampp\htdocs\tcunnur\app\Models\ModelKuesioner.php(36): CodeIgniter\Database\BaseBuilder->get()
#5 C:\xampp\htdocs\tcunnur\app\Controllers\KuesionerUsers.php(50): App\Models\ModelKuesioner->detail('plugins')
#6 C:\xampp\htdocs\tcunnur\system\CodeIgniter.php(825): App\Controllers\KuesionerUsers->form_kuesioner('plugins', 'fontawesome-fre...', 'css', 'all.min.css')
#7 C:\xampp\htdocs\tcunnur\system\CodeIgniter.php(412): CodeIgniter\CodeIgniter->runController(Object(App\Controllers\KuesionerUsers))
#8 C:\xampp\htdocs\tcunnur\system\CodeIgniter.php(320): CodeIgniter\CodeIgniter->handleRequest(NULL, Object(Config\Cache), false)
#9 C:\xampp\htdocs\tcunnur\public\index.php(37): CodeIgniter\CodeIgniter->run()
#10 C:\xampp\htdocs\tcunnur\system\Commands\Server\rewrite.php(43): require_once('C:\\xampp\\htdocs...')
#11 {main}
ERROR - 2022-07-23 21:58:41 --> Unknown column 'plugins' in 'where clause'
CRITICAL - 2022-07-23 21:58:42 --> Unknown column 'plugins' in 'where clause'
#0 C:\xampp\htdocs\tcunnur\system\Database\MySQLi\Connection.php(292): mysqli->query('SELECT *\nFROM `...', 0)
#1 C:\xampp\htdocs\tcunnur\system\Database\BaseConnection.php(670): CodeIgniter\Database\MySQLi\Connection->execute('SELECT *\nFROM `...')
#2 C:\xampp\htdocs\tcunnur\system\Database\BaseConnection.php(598): CodeIgniter\Database\BaseConnection->simpleQuery('SELECT *\nFROM `...')
#3 C:\xampp\htdocs\tcunnur\system\Database\BaseBuilder.php(1455): CodeIgniter\Database\BaseConnection->query('SELECT *\nFROM `...', Array, false)
#4 C:\xampp\htdocs\tcunnur\app\Models\ModelKuesioner.php(36): CodeIgniter\Database\BaseBuilder->get()
#5 C:\xampp\htdocs\tcunnur\app\Controllers\KuesionerUsers.php(50): App\Models\ModelKuesioner->detail('plugins')
#6 C:\xampp\htdocs\tcunnur\system\CodeIgniter.php(825): App\Controllers\KuesionerUsers->form_kuesioner('plugins', 'fontawesome-fre...', 'css', 'all.min.css')
#7 C:\xampp\htdocs\tcunnur\system\CodeIgniter.php(412): CodeIgniter\CodeIgniter->runController(Object(App\Controllers\KuesionerUsers))
#8 C:\xampp\htdocs\tcunnur\system\CodeIgniter.php(320): CodeIgniter\CodeIgniter->handleRequest(NULL, Object(Config\Cache), false)
#9 C:\xampp\htdocs\tcunnur\public\index.php(37): CodeIgniter\CodeIgniter->run()
#10 C:\xampp\htdocs\tcunnur\system\Commands\Server\rewrite.php(43): require_once('C:\\xampp\\htdocs...')
#11 {main}
ERROR - 2022-07-23 22:00:57 --> Unknown column 'plugins' in 'where clause'
CRITICAL - 2022-07-23 22:00:57 --> Unknown column 'plugins' in 'where clause'
#0 C:\xampp\htdocs\tcunnur\system\Database\MySQLi\Connection.php(292): mysqli->query('SELECT *\nFROM `...', 0)
#1 C:\xampp\htdocs\tcunnur\system\Database\BaseConnection.php(670): CodeIgniter\Database\MySQLi\Connection->execute('SELECT *\nFROM `...')
#2 C:\xampp\htdocs\tcunnur\system\Database\BaseConnection.php(598): CodeIgniter\Database\BaseConnection->simpleQuery('SELECT *\nFROM `...')
#3 C:\xampp\htdocs\tcunnur\system\Database\BaseBuilder.php(1455): CodeIgniter\Database\BaseConnection->query('SELECT *\nFROM `...', Array, false)
#4 C:\xampp\htdocs\tcunnur\app\Models\ModelKuesioner.php(36): CodeIgniter\Database\BaseBuilder->get()
#5 C:\xampp\htdocs\tcunnur\app\Controllers\KuesionerUsers.php(50): App\Models\ModelKuesioner->detail('plugins')
#6 C:\xampp\htdocs\tcunnur\system\CodeIgniter.php(825): App\Controllers\KuesionerUsers->form_kuesioner('plugins', 'fontawesome-fre...', 'css', 'all.min.css')
#7 C:\xampp\htdocs\tcunnur\system\CodeIgniter.php(412): CodeIgniter\CodeIgniter->runController(Object(App\Controllers\KuesionerUsers))
#8 C:\xampp\htdocs\tcunnur\system\CodeIgniter.php(320): CodeIgniter\CodeIgniter->handleRequest(NULL, Object(Config\Cache), false)
#9 C:\xampp\htdocs\tcunnur\public\index.php(37): CodeIgniter\CodeIgniter->run()
#10 C:\xampp\htdocs\tcunnur\system\Commands\Server\rewrite.php(43): require_once('C:\\xampp\\htdocs...')
#11 {main}
CRITICAL - 2022-07-23 22:21:00 --> Undefined index: value
#0 C:\xampp\htdocs\tcunnur\app\Views\main\user\kuesioner\kuesioner_form.php(37): CodeIgniter\Debug\Exceptions->errorHandler(8, 'Undefined index...', 'C:\\xampp\\htdocs...', 37, Array)
#1 C:\xampp\htdocs\tcunnur\system\View\View.php(210): include('C:\\xampp\\htdocs...')
#2 C:\xampp\htdocs\tcunnur\system\View\View.php(213): CodeIgniter\View\View->CodeIgniter\View\{closure}()
#3 C:\xampp\htdocs\tcunnur\system\Common.php(1089): CodeIgniter\View\View->render('main/user/kuesi...', Array, true)
#4 C:\xampp\htdocs\tcunnur\app\Views\layout\admin\v_content.php(3): view('main/user/kuesi...')
#5 C:\xampp\htdocs\tcunnur\system\View\View.php(210): include('C:\\xampp\\htdocs...')
#6 C:\xampp\htdocs\tcunnur\system\View\View.php(213): CodeIgniter\View\View->CodeIgniter\View\{closure}()
#7 C:\xampp\htdocs\tcunnur\system\Common.php(1089): CodeIgniter\View\View->render('layout/admin/v_...', Array, true)
#8 C:\xampp\htdocs\tcunnur\app\Views\layout\admin\v_wrapper.php(5): view('layout/admin/v_...')
#9 C:\xampp\htdocs\tcunnur\system\View\View.php(210): include('C:\\xampp\\htdocs...')
#10 C:\xampp\htdocs\tcunnur\system\View\View.php(213): CodeIgniter\View\View->CodeIgniter\View\{closure}()
#11 C:\xampp\htdocs\tcunnur\system\Common.php(1089): CodeIgniter\View\View->render('layout/admin/v_...', Array, true)
#12 C:\xampp\htdocs\tcunnur\app\Controllers\KuesionerUsers.php(53): view('layout/admin/v_...', Array)
#13 C:\xampp\htdocs\tcunnur\system\CodeIgniter.php(825): App\Controllers\KuesionerUsers->form_kuesioner('3')
#14 C:\xampp\htdocs\tcunnur\system\CodeIgniter.php(412): CodeIgniter\CodeIgniter->runController(Object(App\Controllers\KuesionerUsers))
#15 C:\xampp\htdocs\tcunnur\system\CodeIgniter.php(320): CodeIgniter\CodeIgniter->handleRequest(NULL, Object(Config\Cache), false)
#16 C:\xampp\htdocs\tcunnur\public\index.php(37): CodeIgniter\CodeIgniter->run()
#17 C:\xampp\htdocs\tcunnur\system\Commands\Server\rewrite.php(43): require_once('C:\\xampp\\htdocs...')
#18 {main}
ERROR - 2022-07-23 22:21:01 --> Unknown column 'plugins' in 'where clause'
CRITICAL - 2022-07-23 22:21:01 --> Unknown column 'plugins' in 'where clause'
#0 C:\xampp\htdocs\tcunnur\system\Database\MySQLi\Connection.php(292): mysqli->query('SELECT *\nFROM `...', 0)
#1 C:\xampp\htdocs\tcunnur\system\Database\BaseConnection.php(670): CodeIgniter\Database\MySQLi\Connection->execute('SELECT *\nFROM `...')
#2 C:\xampp\htdocs\tcunnur\system\Database\BaseConnection.php(598): CodeIgniter\Database\BaseConnection->simpleQuery('SELECT *\nFROM `...')
#3 C:\xampp\htdocs\tcunnur\system\Database\BaseBuilder.php(1455): CodeIgniter\Database\BaseConnection->query('SELECT *\nFROM `...', Array, false)
#4 C:\xampp\htdocs\tcunnur\app\Models\ModelKuesioner.php(36): CodeIgniter\Database\BaseBuilder->get()
#5 C:\xampp\htdocs\tcunnur\app\Controllers\KuesionerUsers.php(50): App\Models\ModelKuesioner->detail('plugins')
#6 C:\xampp\htdocs\tcunnur\system\CodeIgniter.php(825): App\Controllers\KuesionerUsers->form_kuesioner('plugins', 'fontawesome-fre...', 'css', 'all.min.css')
#7 C:\xampp\htdocs\tcunnur\system\CodeIgniter.php(412): CodeIgniter\CodeIgniter->runController(Object(App\Controllers\KuesionerUsers))
#8 C:\xampp\htdocs\tcunnur\system\CodeIgniter.php(320): CodeIgniter\CodeIgniter->handleRequest(NULL, Object(Config\Cache), false)
#9 C:\xampp\htdocs\tcunnur\public\index.php(37): CodeIgniter\CodeIgniter->run()
#10 C:\xampp\htdocs\tcunnur\system\Commands\Server\rewrite.php(43): require_once('C:\\xampp\\htdocs...')
#11 {main}
ERROR - 2022-07-23 22:21:22 --> Unknown column 'plugins' in 'where clause'
CRITICAL - 2022-07-23 22:21:23 --> Unknown column 'plugins' in 'where clause'
#0 C:\xampp\htdocs\tcunnur\system\Database\MySQLi\Connection.php(292): mysqli->query('SELECT *\nFROM `...', 0)
#1 C:\xampp\htdocs\tcunnur\system\Database\BaseConnection.php(670): CodeIgniter\Database\MySQLi\Connection->execute('SELECT *\nFROM `...')
#2 C:\xampp\htdocs\tcunnur\system\Database\BaseConnection.php(598): CodeIgniter\Database\BaseConnection->simpleQuery('SELECT *\nFROM `...')
#3 C:\xampp\htdocs\tcunnur\system\Database\BaseBuilder.php(1455): CodeIgniter\Database\BaseConnection->query('SELECT *\nFROM `...', Array, false)
#4 C:\xampp\htdocs\tcunnur\app\Models\ModelKuesioner.php(36): CodeIgniter\Database\BaseBuilder->get()
#5 C:\xampp\htdocs\tcunnur\app\Controllers\KuesionerUsers.php(50): App\Models\ModelKuesioner->detail('plugins')
#6 C:\xampp\htdocs\tcunnur\system\CodeIgniter.php(825): App\Controllers\KuesionerUsers->form_kuesioner('plugins', 'fontawesome-fre...', 'css', 'all.min.css')
#7 C:\xampp\htdocs\tcunnur\system\CodeIgniter.php(412): CodeIgniter\CodeIgniter->runController(Object(App\Controllers\KuesionerUsers))
#8 C:\xampp\htdocs\tcunnur\system\CodeIgniter.php(320): CodeIgniter\CodeIgniter->handleRequest(NULL, Object(Config\Cache), false)
#9 C:\xampp\htdocs\tcunnur\public\index.php(37): CodeIgniter\CodeIgniter->run()
#10 C:\xampp\htdocs\tcunnur\system\Commands\Server\rewrite.php(43): require_once('C:\\xampp\\htdocs...')
#11 {main}
ERROR - 2022-07-23 22:22:46 --> Unknown column 'plugins' in 'where clause'
CRITICAL - 2022-07-23 22:22:47 --> Unknown column 'plugins' in 'where clause'
#0 C:\xampp\htdocs\tcunnur\system\Database\MySQLi\Connection.php(292): mysqli->query('SELECT *\nFROM `...', 0)
#1 C:\xampp\htdocs\tcunnur\system\Database\BaseConnection.php(670): CodeIgniter\Database\MySQLi\Connection->execute('SELECT *\nFROM `...')
#2 C:\xampp\htdocs\tcunnur\system\Database\BaseConnection.php(598): CodeIgniter\Database\BaseConnection->simpleQuery('SELECT *\nFROM `...')
#3 C:\xampp\htdocs\tcunnur\system\Database\BaseBuilder.php(1455): CodeIgniter\Database\BaseConnection->query('SELECT *\nFROM `...', Array, false)
#4 C:\xampp\htdocs\tcunnur\app\Models\ModelKuesioner.php(36): CodeIgniter\Database\BaseBuilder->get()
#5 C:\xampp\htdocs\tcunnur\app\Controllers\KuesionerUsers.php(50): App\Models\ModelKuesioner->detail('plugins')
#6 C:\xampp\htdocs\tcunnur\system\CodeIgniter.php(825): App\Controllers\KuesionerUsers->form_kuesioner('plugins', 'fontawesome-fre...', 'css', 'all.min.css')
#7 C:\xampp\htdocs\tcunnur\system\CodeIgniter.php(412): CodeIgniter\CodeIgniter->runController(Object(App\Controllers\KuesionerUsers))
#8 C:\xampp\htdocs\tcunnur\system\CodeIgniter.php(320): CodeIgniter\CodeIgniter->handleRequest(NULL, Object(Config\Cache), false)
#9 C:\xampp\htdocs\tcunnur\public\index.php(37): CodeIgniter\CodeIgniter->run()
#10 C:\xampp\htdocs\tcunnur\system\Commands\Server\rewrite.php(43): require_once('C:\\xampp\\htdocs...')
#11 {main}
ERROR - 2022-07-23 22:23:07 --> Unknown column 'plugins' in 'where clause'
CRITICAL - 2022-07-23 22:23:07 --> Unknown column 'plugins' in 'where clause'
#0 C:\xampp\htdocs\tcunnur\system\Database\MySQLi\Connection.php(292): mysqli->query('SELECT *\nFROM `...', 0)
#1 C:\xampp\htdocs\tcunnur\system\Database\BaseConnection.php(670): CodeIgniter\Database\MySQLi\Connection->execute('SELECT *\nFROM `...')
#2 C:\xampp\htdocs\tcunnur\system\Database\BaseConnection.php(598): CodeIgniter\Database\BaseConnection->simpleQuery('SELECT *\nFROM `...')
#3 C:\xampp\htdocs\tcunnur\system\Database\BaseBuilder.php(1455): CodeIgniter\Database\BaseConnection->query('SELECT *\nFROM `...', Array, false)
#4 C:\xampp\htdocs\tcunnur\app\Models\ModelKuesioner.php(36): CodeIgniter\Database\BaseBuilder->get()
#5 C:\xampp\htdocs\tcunnur\app\Controllers\KuesionerUsers.php(50): App\Models\ModelKuesioner->detail('plugins')
#6 C:\xampp\htdocs\tcunnur\system\CodeIgniter.php(825): App\Controllers\KuesionerUsers->form_kuesioner('plugins', 'fontawesome-fre...', 'css', 'all.min.css')
#7 C:\xampp\htdocs\tcunnur\system\CodeIgniter.php(412): CodeIgniter\CodeIgniter->runController(Object(App\Controllers\KuesionerUsers))
#8 C:\xampp\htdocs\tcunnur\system\CodeIgniter.php(320): CodeIgniter\CodeIgniter->handleRequest(NULL, Object(Config\Cache), false)
#9 C:\xampp\htdocs\tcunnur\public\index.php(37): CodeIgniter\CodeIgniter->run()
#10 C:\xampp\htdocs\tcunnur\system\Commands\Server\rewrite.php(43): require_once('C:\\xampp\\htdocs...')
#11 {main}
ERROR - 2022-07-23 22:25:28 --> Unknown column 'plugins' in 'where clause'
CRITICAL - 2022-07-23 22:25:28 --> Unknown column 'plugins' in 'where clause'
#0 C:\xampp\htdocs\tcunnur\system\Database\MySQLi\Connection.php(292): mysqli->query('SELECT *\nFROM `...', 0)
#1 C:\xampp\htdocs\tcunnur\system\Database\BaseConnection.php(670): CodeIgniter\Database\MySQLi\Connection->execute('SELECT *\nFROM `...')
#2 C:\xampp\htdocs\tcunnur\system\Database\BaseConnection.php(598): CodeIgniter\Database\BaseConnection->simpleQuery('SELECT *\nFROM `...')
#3 C:\xampp\htdocs\tcunnur\system\Database\BaseBuilder.php(1455): CodeIgniter\Database\BaseConnection->query('SELECT *\nFROM `...', Array, false)
#4 C:\xampp\htdocs\tcunnur\app\Models\ModelKuesioner.php(36): CodeIgniter\Database\BaseBuilder->get()
#5 C:\xampp\htdocs\tcunnur\app\Controllers\KuesionerUsers.php(50): App\Models\ModelKuesioner->detail('plugins')
#6 C:\xampp\htdocs\tcunnur\system\CodeIgniter.php(825): App\Controllers\KuesionerUsers->form_kuesioner('plugins', 'fontawesome-fre...', 'css', 'all.min.css')
#7 C:\xampp\htdocs\tcunnur\system\CodeIgniter.php(412): CodeIgniter\CodeIgniter->runController(Object(App\Controllers\KuesionerUsers))
#8 C:\xampp\htdocs\tcunnur\system\CodeIgniter.php(320): CodeIgniter\CodeIgniter->handleRequest(NULL, Object(Config\Cache), false)
#9 C:\xampp\htdocs\tcunnur\public\index.php(37): CodeIgniter\CodeIgniter->run()
#10 C:\xampp\htdocs\tcunnur\system\Commands\Server\rewrite.php(43): require_once('C:\\xampp\\htdocs...')
#11 {main}
ERROR - 2022-07-23 22:25:59 --> Unknown column 'plugins' in 'where clause'
CRITICAL - 2022-07-23 22:26:00 --> Unknown column 'plugins' in 'where clause'
#0 C:\xampp\htdocs\tcunnur\system\Database\MySQLi\Connection.php(292): mysqli->query('SELECT *\nFROM `...', 0)
#1 C:\xampp\htdocs\tcunnur\system\Database\BaseConnection.php(670): CodeIgniter\Database\MySQLi\Connection->execute('SELECT *\nFROM `...')
#2 C:\xampp\htdocs\tcunnur\system\Database\BaseConnection.php(598): CodeIgniter\Database\BaseConnection->simpleQuery('SELECT *\nFROM `...')
#3 C:\xampp\htdocs\tcunnur\system\Database\BaseBuilder.php(1455): CodeIgniter\Database\BaseConnection->query('SELECT *\nFROM `...', Array, false)
#4 C:\xampp\htdocs\tcunnur\app\Models\ModelKuesioner.php(36): CodeIgniter\Database\BaseBuilder->get()
#5 C:\xampp\htdocs\tcunnur\app\Controllers\KuesionerUsers.php(50): App\Models\ModelKuesioner->detail('plugins')
#6 C:\xampp\htdocs\tcunnur\system\CodeIgniter.php(825): App\Controllers\KuesionerUsers->form_kuesioner('plugins', 'fontawesome-fre...', 'css', 'all.min.css')
#7 C:\xampp\htdocs\tcunnur\system\CodeIgniter.php(412): CodeIgniter\CodeIgniter->runController(Object(App\Controllers\KuesionerUsers))
#8 C:\xampp\htdocs\tcunnur\system\CodeIgniter.php(320): CodeIgniter\CodeIgniter->handleRequest(NULL, Object(Config\Cache), false)
#9 C:\xampp\htdocs\tcunnur\public\index.php(37): CodeIgniter\CodeIgniter->run()
#10 C:\xampp\htdocs\tcunnur\system\Commands\Server\rewrite.php(43): require_once('C:\\xampp\\htdocs...')
#11 {main}
ERROR - 2022-07-23 22:27:31 --> Unknown column 'plugins' in 'where clause'
CRITICAL - 2022-07-23 22:27:32 --> Unknown column 'plugins' in 'where clause'
#0 C:\xampp\htdocs\tcunnur\system\Database\MySQLi\Connection.php(292): mysqli->query('SELECT *\nFROM `...', 0)
#1 C:\xampp\htdocs\tcunnur\system\Database\BaseConnection.php(670): CodeIgniter\Database\MySQLi\Connection->execute('SELECT *\nFROM `...')
#2 C:\xampp\htdocs\tcunnur\system\Database\BaseConnection.php(598): CodeIgniter\Database\BaseConnection->simpleQuery('SELECT *\nFROM `...')
#3 C:\xampp\htdocs\tcunnur\system\Database\BaseBuilder.php(1455): CodeIgniter\Database\BaseConnection->query('SELECT *\nFROM `...', Array, false)
#4 C:\xampp\htdocs\tcunnur\app\Models\ModelKuesioner.php(36): CodeIgniter\Database\BaseBuilder->get()
#5 C:\xampp\htdocs\tcunnur\app\Controllers\KuesionerUsers.php(50): App\Models\ModelKuesioner->detail('plugins')
#6 C:\xampp\htdocs\tcunnur\system\CodeIgniter.php(825): App\Controllers\KuesionerUsers->form_kuesioner('plugins', 'fontawesome-fre...', 'css', 'all.min.css')
#7 C:\xampp\htdocs\tcunnur\system\CodeIgniter.php(412): CodeIgniter\CodeIgniter->runController(Object(App\Controllers\KuesionerUsers))
#8 C:\xampp\htdocs\tcunnur\system\CodeIgniter.php(320): CodeIgniter\CodeIgniter->handleRequest(NULL, Object(Config\Cache), false)
#9 C:\xampp\htdocs\tcunnur\public\index.php(37): CodeIgniter\CodeIgniter->run()
#10 C:\xampp\htdocs\tcunnur\system\Commands\Server\rewrite.php(43): require_once('C:\\xampp\\htdocs...')
#11 {main}
ERROR - 2022-07-23 22:28:28 --> Unknown column 'plugins' in 'where clause'
CRITICAL - 2022-07-23 22:28:28 --> Unknown column 'plugins' in 'where clause'
#0 C:\xampp\htdocs\tcunnur\system\Database\MySQLi\Connection.php(292): mysqli->query('SELECT *\nFROM `...', 0)
#1 C:\xampp\htdocs\tcunnur\system\Database\BaseConnection.php(670): CodeIgniter\Database\MySQLi\Connection->execute('SELECT *\nFROM `...')
#2 C:\xampp\htdocs\tcunnur\system\Database\BaseConnection.php(598): CodeIgniter\Database\BaseConnection->simpleQuery('SELECT *\nFROM `...')
#3 C:\xampp\htdocs\tcunnur\system\Database\BaseBuilder.php(1455): CodeIgniter\Database\BaseConnection->query('SELECT *\nFROM `...', Array, false)
#4 C:\xampp\htdocs\tcunnur\app\Models\ModelKuesioner.php(36): CodeIgniter\Database\BaseBuilder->get()
#5 C:\xampp\htdocs\tcunnur\app\Controllers\KuesionerUsers.php(50): App\Models\ModelKuesioner->detail('plugins')
#6 C:\xampp\htdocs\tcunnur\system\CodeIgniter.php(825): App\Controllers\KuesionerUsers->form_kuesioner('plugins', 'fontawesome-fre...', 'css', 'all.min.css')
#7 C:\xampp\htdocs\tcunnur\system\CodeIgniter.php(412): CodeIgniter\CodeIgniter->runController(Object(App\Controllers\KuesionerUsers))
#8 C:\xampp\htdocs\tcunnur\system\CodeIgniter.php(320): CodeIgniter\CodeIgniter->handleRequest(NULL, Object(Config\Cache), false)
#9 C:\xampp\htdocs\tcunnur\public\index.php(37): CodeIgniter\CodeIgniter->run()
#10 C:\xampp\htdocs\tcunnur\system\Commands\Server\rewrite.php(43): require_once('C:\\xampp\\htdocs...')
#11 {main}
