ERROR - 2022-10-17 02:30:36 --> Email: sendWithSmtp throwed fsockopen(): SSL: Handshake timed out
CRITICAL - 2022-10-17 22:20:20 --> Undefined variable: tampilfakultas
#0 D:\Teknik Informatika\SKRIPSI\tcunnur\app\Views\login\register.php(88): CodeIgniter\Debug\Exceptions->errorHandler(8, 'Undefined varia...', 'D:\\Teknik Infor...', 88, Array)
#1 D:\Teknik Informatika\SKRIPSI\tcunnur\system\View\View.php(210): include('D:\\Teknik Infor...')
#2 D:\Teknik Informatika\SKRIPSI\tcunnur\system\View\View.php(213): CodeIgniter\View\View->CodeIgniter\View\{closure}()
#3 D:\Teknik Informatika\SKRIPSI\tcunnur\system\Common.php(1089): CodeIgniter\View\View->render('login/register', Array, true)
#4 D:\Teknik Informatika\SKRIPSI\tcunnur\app\Controllers\Login.php(41): view('login/register', Array)
#5 D:\Teknik Informatika\SKRIPSI\tcunnur\system\CodeIgniter.php(825): App\Controllers\Login->verif_email()
#6 D:\Teknik Informatika\SKRIPSI\tcunnur\system\CodeIgniter.php(412): CodeIgniter\CodeIgniter->runController(Object(App\Controllers\Login))
#7 D:\Teknik Informatika\SKRIPSI\tcunnur\system\CodeIgniter.php(320): CodeIgniter\CodeIgniter->handleRequest(NULL, Object(Config\Cache), false)
#8 D:\Teknik Informatika\SKRIPSI\tcunnur\public\index.php(37): CodeIgniter\CodeIgniter->run()
#9 D:\Teknik Informatika\SKRIPSI\tcunnur\system\Commands\Server\rewrite.php(43): require_once('D:\\Teknik Infor...')
#10 {main}
CRITICAL - 2022-10-17 22:21:04 --> Undefined variable: tampilfakultas
#0 D:\Teknik Informatika\SKRIPSI\tcunnur\app\Views\login\register.php(88): CodeIgniter\Debug\Exceptions->errorHandler(8, 'Undefined varia...', 'D:\\Teknik Infor...', 88, Array)
#1 D:\Teknik Informatika\SKRIPSI\tcunnur\system\View\View.php(210): include('D:\\Teknik Infor...')
#2 D:\Teknik Informatika\SKRIPSI\tcunnur\system\View\View.php(213): CodeIgniter\View\View->CodeIgniter\View\{closure}()
#3 D:\Teknik Informatika\SKRIPSI\tcunnur\system\Common.php(1089): CodeIgniter\View\View->render('login/register', Array, true)
#4 D:\Teknik Informatika\SKRIPSI\tcunnur\app\Controllers\Login.php(41): view('login/register', Array)
#5 D:\Teknik Informatika\SKRIPSI\tcunnur\system\CodeIgniter.php(825): App\Controllers\Login->verif_email()
#6 D:\Teknik Informatika\SKRIPSI\tcunnur\system\CodeIgniter.php(412): CodeIgniter\CodeIgniter->runController(Object(App\Controllers\Login))
#7 D:\Teknik Informatika\SKRIPSI\tcunnur\system\CodeIgniter.php(320): CodeIgniter\CodeIgniter->handleRequest(NULL, Object(Config\Cache), false)
#8 D:\Teknik Informatika\SKRIPSI\tcunnur\public\index.php(37): CodeIgniter\CodeIgniter->run()
#9 D:\Teknik Informatika\SKRIPSI\tcunnur\system\Commands\Server\rewrite.php(43): require_once('D:\\Teknik Infor...')
#10 {main}
CRITICAL - 2022-10-17 22:51:11 --> Undefined variable: isInvalUsername
#0 D:\Teknik Informatika\SKRIPSI\tcunnur\app\Views\login\verif_email.php(34): CodeIgniter\Debug\Exceptions->errorHandler(8, 'Undefined varia...', 'D:\\Teknik Infor...', 34, Array)
#1 D:\Teknik Informatika\SKRIPSI\tcunnur\system\View\View.php(210): include('D:\\Teknik Infor...')
#2 D:\Teknik Informatika\SKRIPSI\tcunnur\system\View\View.php(213): CodeIgniter\View\View->CodeIgniter\View\{closure}()
#3 D:\Teknik Informatika\SKRIPSI\tcunnur\system\Common.php(1089): CodeIgniter\View\View->render('login/verif_ema...', Array, true)
#4 D:\Teknik Informatika\SKRIPSI\tcunnur\app\Controllers\Login.php(40): view('login/verif_ema...', Array)
#5 D:\Teknik Informatika\SKRIPSI\tcunnur\system\CodeIgniter.php(825): App\Controllers\Login->verif_email()
#6 D:\Teknik Informatika\SKRIPSI\tcunnur\system\CodeIgniter.php(412): CodeIgniter\CodeIgniter->runController(Object(App\Controllers\Login))
#7 D:\Teknik Informatika\SKRIPSI\tcunnur\system\CodeIgniter.php(320): CodeIgniter\CodeIgniter->handleRequest(NULL, Object(Config\Cache), false)
#8 D:\Teknik Informatika\SKRIPSI\tcunnur\public\index.php(37): CodeIgniter\CodeIgniter->run()
#9 D:\Teknik Informatika\SKRIPSI\tcunnur\system\Commands\Server\rewrite.php(43): require_once('D:\\Teknik Infor...')
#10 {main}
CRITICAL - 2022-10-17 22:53:14 --> strpos() expects parameter 1 to be string, object given
#0 [internal function]: CodeIgniter\Debug\Exceptions->errorHandler(2, 'strpos() expect...', 'D:\\Teknik Infor...', 728, Array)
#1 D:\Teknik Informatika\SKRIPSI\tcunnur\system\Email\Email.php(728): strpos(Object(CodeIgniter\Email\Email), ',')
#2 D:\Teknik Informatika\SKRIPSI\tcunnur\system\Email\Email.php(541): CodeIgniter\Email\Email->stringToArray(Object(CodeIgniter\Email\Email))
#3 D:\Teknik Informatika\SKRIPSI\tcunnur\app\Controllers\Login.php(82): CodeIgniter\Email\Email->setTo(Object(CodeIgniter\Email\Email))
#4 D:\Teknik Informatika\SKRIPSI\tcunnur\system\CodeIgniter.php(825): App\Controllers\Login->get_Password()
#5 D:\Teknik Informatika\SKRIPSI\tcunnur\system\CodeIgniter.php(412): CodeIgniter\CodeIgniter->runController(Object(App\Controllers\Login))
#6 D:\Teknik Informatika\SKRIPSI\tcunnur\system\CodeIgniter.php(320): CodeIgniter\CodeIgniter->handleRequest(NULL, Object(Config\Cache), false)
#7 D:\Teknik Informatika\SKRIPSI\tcunnur\public\index.php(37): CodeIgniter\CodeIgniter->run()
#8 D:\Teknik Informatika\SKRIPSI\tcunnur\system\Commands\Server\rewrite.php(43): require_once('D:\\Teknik Infor...')
#9 {main}
CRITICAL - 2022-10-17 22:57:16 --> strpos() expects parameter 1 to be string, object given
#0 [internal function]: CodeIgniter\Debug\Exceptions->errorHandler(2, 'strpos() expect...', 'D:\\Teknik Infor...', 728, Array)
#1 D:\Teknik Informatika\SKRIPSI\tcunnur\system\Email\Email.php(728): strpos(Object(CodeIgniter\Email\Email), ',')
#2 D:\Teknik Informatika\SKRIPSI\tcunnur\system\Email\Email.php(541): CodeIgniter\Email\Email->stringToArray(Object(CodeIgniter\Email\Email))
#3 D:\Teknik Informatika\SKRIPSI\tcunnur\app\Controllers\Login.php(82): CodeIgniter\Email\Email->setTo(Object(CodeIgniter\Email\Email))
#4 D:\Teknik Informatika\SKRIPSI\tcunnur\system\CodeIgniter.php(825): App\Controllers\Login->get_Password()
#5 D:\Teknik Informatika\SKRIPSI\tcunnur\system\CodeIgniter.php(412): CodeIgniter\CodeIgniter->runController(Object(App\Controllers\Login))
#6 D:\Teknik Informatika\SKRIPSI\tcunnur\system\CodeIgniter.php(320): CodeIgniter\CodeIgniter->handleRequest(NULL, Object(Config\Cache), false)
#7 D:\Teknik Informatika\SKRIPSI\tcunnur\public\index.php(37): CodeIgniter\CodeIgniter->run()
#8 D:\Teknik Informatika\SKRIPSI\tcunnur\system\Commands\Server\rewrite.php(43): require_once('D:\\Teknik Infor...')
#9 {main}
CRITICAL - 2022-10-17 22:57:37 --> strpos() expects parameter 1 to be string, object given
#0 [internal function]: CodeIgniter\Debug\Exceptions->errorHandler(2, 'strpos() expect...', 'D:\\Teknik Infor...', 728, Array)
#1 D:\Teknik Informatika\SKRIPSI\tcunnur\system\Email\Email.php(728): strpos(Object(CodeIgniter\Email\Email), ',')
#2 D:\Teknik Informatika\SKRIPSI\tcunnur\system\Email\Email.php(541): CodeIgniter\Email\Email->stringToArray(Object(CodeIgniter\Email\Email))
#3 D:\Teknik Informatika\SKRIPSI\tcunnur\app\Controllers\Login.php(82): CodeIgniter\Email\Email->setTo(Object(CodeIgniter\Email\Email))
#4 D:\Teknik Informatika\SKRIPSI\tcunnur\system\CodeIgniter.php(825): App\Controllers\Login->get_Password()
#5 D:\Teknik Informatika\SKRIPSI\tcunnur\system\CodeIgniter.php(412): CodeIgniter\CodeIgniter->runController(Object(App\Controllers\Login))
#6 D:\Teknik Informatika\SKRIPSI\tcunnur\system\CodeIgniter.php(320): CodeIgniter\CodeIgniter->handleRequest(NULL, Object(Config\Cache), false)
#7 D:\Teknik Informatika\SKRIPSI\tcunnur\public\index.php(37): CodeIgniter\CodeIgniter->run()
#8 D:\Teknik Informatika\SKRIPSI\tcunnur\system\Commands\Server\rewrite.php(43): require_once('D:\\Teknik Infor...')
#9 {main}
CRITICAL - 2022-10-17 22:59:43 --> Undefined index: email
#0 D:\Teknik Informatika\SKRIPSI\tcunnur\app\Controllers\Login.php(82): CodeIgniter\Debug\Exceptions->errorHandler(8, 'Undefined index...', 'D:\\Teknik Infor...', 82, Array)
#1 D:\Teknik Informatika\SKRIPSI\tcunnur\system\CodeIgniter.php(825): App\Controllers\Login->get_Password()
#2 D:\Teknik Informatika\SKRIPSI\tcunnur\system\CodeIgniter.php(412): CodeIgniter\CodeIgniter->runController(Object(App\Controllers\Login))
#3 D:\Teknik Informatika\SKRIPSI\tcunnur\system\CodeIgniter.php(320): CodeIgniter\CodeIgniter->handleRequest(NULL, Object(Config\Cache), false)
#4 D:\Teknik Informatika\SKRIPSI\tcunnur\public\index.php(37): CodeIgniter\CodeIgniter->run()
#5 D:\Teknik Informatika\SKRIPSI\tcunnur\system\Commands\Server\rewrite.php(43): require_once('D:\\Teknik Infor...')
#6 {main}
CRITICAL - 2022-10-17 23:00:11 --> preg_match() expects parameter 2 to be string, array given
#0 [internal function]: CodeIgniter\Debug\Exceptions->errorHandler(2, 'preg_match() ex...', 'D:\\Teknik Infor...', 954, Array)
#1 D:\Teknik Informatika\SKRIPSI\tcunnur\system\Email\Email.php(954): preg_match('/\\<(.*)\\>/', Array, NULL)
#2 D:\Teknik Informatika\SKRIPSI\tcunnur\system\Email\Email.php(542): CodeIgniter\Email\Email->cleanEmail(Array)
#3 D:\Teknik Informatika\SKRIPSI\tcunnur\app\Controllers\Login.php(82): CodeIgniter\Email\Email->setTo(Array)
#4 D:\Teknik Informatika\SKRIPSI\tcunnur\system\CodeIgniter.php(825): App\Controllers\Login->get_Password()
#5 D:\Teknik Informatika\SKRIPSI\tcunnur\system\CodeIgniter.php(412): CodeIgniter\CodeIgniter->runController(Object(App\Controllers\Login))
#6 D:\Teknik Informatika\SKRIPSI\tcunnur\system\CodeIgniter.php(320): CodeIgniter\CodeIgniter->handleRequest(NULL, Object(Config\Cache), false)
#7 D:\Teknik Informatika\SKRIPSI\tcunnur\public\index.php(37): CodeIgniter\CodeIgniter->run()
#8 D:\Teknik Informatika\SKRIPSI\tcunnur\system\Commands\Server\rewrite.php(43): require_once('D:\\Teknik Infor...')
#9 {main}
CRITICAL - 2022-10-17 23:00:19 --> preg_match() expects parameter 2 to be string, array given
#0 [internal function]: CodeIgniter\Debug\Exceptions->errorHandler(2, 'preg_match() ex...', 'D:\\Teknik Infor...', 954, Array)
#1 D:\Teknik Informatika\SKRIPSI\tcunnur\system\Email\Email.php(954): preg_match('/\\<(.*)\\>/', Array, NULL)
#2 D:\Teknik Informatika\SKRIPSI\tcunnur\system\Email\Email.php(542): CodeIgniter\Email\Email->cleanEmail(Array)
#3 D:\Teknik Informatika\SKRIPSI\tcunnur\app\Controllers\Login.php(82): CodeIgniter\Email\Email->setTo(Array)
#4 D:\Teknik Informatika\SKRIPSI\tcunnur\system\CodeIgniter.php(825): App\Controllers\Login->get_Password()
#5 D:\Teknik Informatika\SKRIPSI\tcunnur\system\CodeIgniter.php(412): CodeIgniter\CodeIgniter->runController(Object(App\Controllers\Login))
#6 D:\Teknik Informatika\SKRIPSI\tcunnur\system\CodeIgniter.php(320): CodeIgniter\CodeIgniter->handleRequest(NULL, Object(Config\Cache), false)
#7 D:\Teknik Informatika\SKRIPSI\tcunnur\public\index.php(37): CodeIgniter\CodeIgniter->run()
#8 D:\Teknik Informatika\SKRIPSI\tcunnur\system\Commands\Server\rewrite.php(43): require_once('D:\\Teknik Infor...')
#9 {main}
