CRITICAL - 2022-04-21 08:42:16 --> Invalid file: main/v_wrapper.php
#0 C:\xampp\htdocs\tracerunnur\system\View\View.php(198): CodeIgniter\Exceptions\FrameworkException::forInvalidFile('main/v_wrapper....')
#1 C:\xampp\htdocs\tracerunnur\system\Common.php(1089): CodeIgniter\View\View->render('main/v_wrapper', Array, true)
#2 C:\xampp\htdocs\tracerunnur\app\Controllers\Home.php(13): view('main/v_wrapper', Array)
#3 C:\xampp\htdocs\tracerunnur\system\CodeIgniter.php(825): App\Controllers\Home->index()
#4 C:\xampp\htdocs\tracerunnur\system\CodeIgniter.php(412): CodeIgniter\CodeIgniter->runController(Object(App\Controllers\Home))
#5 C:\xampp\htdocs\tracerunnur\system\CodeIgniter.php(320): CodeIgniter\CodeIgniter->handleRequest(NULL, Object(Config\Cache), false)
#6 C:\xampp\htdocs\tracerunnur\public\index.php(37): CodeIgniter\CodeIgniter->run()
#7 C:\xampp\htdocs\tracerunnur\system\Commands\Server\rewrite.php(43): require_once('C:\\xampp\\htdocs...')
#8 {main}
CRITICAL - 2022-04-21 08:42:39 --> Invalid file: main/v_wrapper.php
#0 C:\xampp\htdocs\tracerunnur\system\View\View.php(198): CodeIgniter\Exceptions\FrameworkException::forInvalidFile('main/v_wrapper....')
#1 C:\xampp\htdocs\tracerunnur\system\Common.php(1089): CodeIgniter\View\View->render('main/v_wrapper', Array, true)
#2 C:\xampp\htdocs\tracerunnur\app\Controllers\Home.php(13): view('main/v_wrapper', Array)
#3 C:\xampp\htdocs\tracerunnur\system\CodeIgniter.php(825): App\Controllers\Home->index()
#4 C:\xampp\htdocs\tracerunnur\system\CodeIgniter.php(412): CodeIgniter\CodeIgniter->runController(Object(App\Controllers\Home))
#5 C:\xampp\htdocs\tracerunnur\system\CodeIgniter.php(320): CodeIgniter\CodeIgniter->handleRequest(NULL, Object(Config\Cache), false)
#6 C:\xampp\htdocs\tracerunnur\public\index.php(37): CodeIgniter\CodeIgniter->run()
#7 C:\xampp\htdocs\tracerunnur\system\Commands\Server\rewrite.php(43): require_once('C:\\xampp\\htdocs...')
#8 {main}
CRITICAL - 2022-04-21 08:42:52 --> Invalid file: main/v_wrapper.php
#0 C:\xampp\htdocs\tracerunnur\system\View\View.php(198): CodeIgniter\Exceptions\FrameworkException::forInvalidFile('main/v_wrapper....')
#1 C:\xampp\htdocs\tracerunnur\system\Common.php(1089): CodeIgniter\View\View->render('main/v_wrapper', Array, true)
#2 C:\xampp\htdocs\tracerunnur\app\Controllers\Home.php(13): view('main/v_wrapper', Array)
#3 C:\xampp\htdocs\tracerunnur\system\CodeIgniter.php(825): App\Controllers\Home->index()
#4 C:\xampp\htdocs\tracerunnur\system\CodeIgniter.php(412): CodeIgniter\CodeIgniter->runController(Object(App\Controllers\Home))
#5 C:\xampp\htdocs\tracerunnur\system\CodeIgniter.php(320): CodeIgniter\CodeIgniter->handleRequest(NULL, Object(Config\Cache), false)
#6 C:\xampp\htdocs\tracerunnur\public\index.php(37): CodeIgniter\CodeIgniter->run()
#7 C:\xampp\htdocs\tracerunnur\system\Commands\Server\rewrite.php(43): require_once('C:\\xampp\\htdocs...')
#8 {main}
CRITICAL - 2022-04-21 08:44:33 --> Invalid file: main/v_wrapper.php
#0 C:\xampp\htdocs\tracerunnur\system\View\View.php(198): CodeIgniter\Exceptions\FrameworkException::forInvalidFile('main/v_wrapper....')
#1 C:\xampp\htdocs\tracerunnur\system\Common.php(1089): CodeIgniter\View\View->render('main/v_wrapper', Array, true)
#2 C:\xampp\htdocs\tracerunnur\app\Controllers\Home.php(13): view('main/v_wrapper', Array)
#3 C:\xampp\htdocs\tracerunnur\system\CodeIgniter.php(825): App\Controllers\Home->index()
#4 C:\xampp\htdocs\tracerunnur\system\CodeIgniter.php(412): CodeIgniter\CodeIgniter->runController(Object(App\Controllers\Home))
#5 C:\xampp\htdocs\tracerunnur\system\CodeIgniter.php(320): CodeIgniter\CodeIgniter->handleRequest(NULL, Object(Config\Cache), false)
#6 C:\xampp\htdocs\tracerunnur\public\index.php(37): CodeIgniter\CodeIgniter->run()
#7 C:\xampp\htdocs\tracerunnur\system\Commands\Server\rewrite.php(43): require_once('C:\\xampp\\htdocs...')
#8 {main}
CRITICAL - 2022-04-21 08:44:34 --> Invalid file: main/v_wrapper.php
#0 C:\xampp\htdocs\tracerunnur\system\View\View.php(198): CodeIgniter\Exceptions\FrameworkException::forInvalidFile('main/v_wrapper....')
#1 C:\xampp\htdocs\tracerunnur\system\Common.php(1089): CodeIgniter\View\View->render('main/v_wrapper', Array, true)
#2 C:\xampp\htdocs\tracerunnur\app\Controllers\Home.php(13): view('main/v_wrapper', Array)
#3 C:\xampp\htdocs\tracerunnur\system\CodeIgniter.php(825): App\Controllers\Home->index()
#4 C:\xampp\htdocs\tracerunnur\system\CodeIgniter.php(412): CodeIgniter\CodeIgniter->runController(Object(App\Controllers\Home))
#5 C:\xampp\htdocs\tracerunnur\system\CodeIgniter.php(320): CodeIgniter\CodeIgniter->handleRequest(NULL, Object(Config\Cache), false)
#6 C:\xampp\htdocs\tracerunnur\public\index.php(37): CodeIgniter\CodeIgniter->run()
#7 C:\xampp\htdocs\tracerunnur\system\Commands\Server\rewrite.php(43): require_once('C:\\xampp\\htdocs...')
#8 {main}
CRITICAL - 2022-04-21 08:44:35 --> Invalid file: main/v_wrapper.php
#0 C:\xampp\htdocs\tracerunnur\system\View\View.php(198): CodeIgniter\Exceptions\FrameworkException::forInvalidFile('main/v_wrapper....')
#1 C:\xampp\htdocs\tracerunnur\system\Common.php(1089): CodeIgniter\View\View->render('main/v_wrapper', Array, true)
#2 C:\xampp\htdocs\tracerunnur\app\Controllers\Home.php(13): view('main/v_wrapper', Array)
#3 C:\xampp\htdocs\tracerunnur\system\CodeIgniter.php(825): App\Controllers\Home->index()
#4 C:\xampp\htdocs\tracerunnur\system\CodeIgniter.php(412): CodeIgniter\CodeIgniter->runController(Object(App\Controllers\Home))
#5 C:\xampp\htdocs\tracerunnur\system\CodeIgniter.php(320): CodeIgniter\CodeIgniter->handleRequest(NULL, Object(Config\Cache), false)
#6 C:\xampp\htdocs\tracerunnur\public\index.php(37): CodeIgniter\CodeIgniter->run()
#7 C:\xampp\htdocs\tracerunnur\system\Commands\Server\rewrite.php(43): require_once('C:\\xampp\\htdocs...')
#8 {main}
CRITICAL - 2022-04-21 08:44:35 --> Invalid file: main/v_wrapper.php
#0 C:\xampp\htdocs\tracerunnur\system\View\View.php(198): CodeIgniter\Exceptions\FrameworkException::forInvalidFile('main/v_wrapper....')
#1 C:\xampp\htdocs\tracerunnur\system\Common.php(1089): CodeIgniter\View\View->render('main/v_wrapper', Array, true)
#2 C:\xampp\htdocs\tracerunnur\app\Controllers\Home.php(13): view('main/v_wrapper', Array)
#3 C:\xampp\htdocs\tracerunnur\system\CodeIgniter.php(825): App\Controllers\Home->index()
#4 C:\xampp\htdocs\tracerunnur\system\CodeIgniter.php(412): CodeIgniter\CodeIgniter->runController(Object(App\Controllers\Home))
#5 C:\xampp\htdocs\tracerunnur\system\CodeIgniter.php(320): CodeIgniter\CodeIgniter->handleRequest(NULL, Object(Config\Cache), false)
#6 C:\xampp\htdocs\tracerunnur\public\index.php(37): CodeIgniter\CodeIgniter->run()
#7 C:\xampp\htdocs\tracerunnur\system\Commands\Server\rewrite.php(43): require_once('C:\\xampp\\htdocs...')
#8 {main}
CRITICAL - 2022-04-21 08:49:55 --> Invalid file: main/v_wrapper.php
#0 C:\xampp\htdocs\tracerunnur\system\View\View.php(198): CodeIgniter\Exceptions\FrameworkException::forInvalidFile('main/v_wrapper....')
#1 C:\xampp\htdocs\tracerunnur\system\Common.php(1089): CodeIgniter\View\View->render('main/v_wrapper', Array, true)
#2 C:\xampp\htdocs\tracerunnur\app\Controllers\Home.php(13): view('main/v_wrapper', Array)
#3 C:\xampp\htdocs\tracerunnur\system\CodeIgniter.php(825): App\Controllers\Home->index()
#4 C:\xampp\htdocs\tracerunnur\system\CodeIgniter.php(412): CodeIgniter\CodeIgniter->runController(Object(App\Controllers\Home))
#5 C:\xampp\htdocs\tracerunnur\system\CodeIgniter.php(320): CodeIgniter\CodeIgniter->handleRequest(NULL, Object(Config\Cache), false)
#6 C:\xampp\htdocs\tracerunnur\public\index.php(37): CodeIgniter\CodeIgniter->run()
#7 {main}
CRITICAL - 2022-04-21 08:51:13 --> Invalid file: main/v_wrapper.php
#0 C:\xampp\htdocs\tracerunnur\system\View\View.php(198): CodeIgniter\Exceptions\FrameworkException::forInvalidFile('main/v_wrapper....')
#1 C:\xampp\htdocs\tracerunnur\system\Common.php(1089): CodeIgniter\View\View->render('main/v_wrapper', Array, true)
#2 C:\xampp\htdocs\tracerunnur\app\Controllers\Home.php(13): view('main/v_wrapper', Array)
#3 C:\xampp\htdocs\tracerunnur\system\CodeIgniter.php(825): App\Controllers\Home->index()
#4 C:\xampp\htdocs\tracerunnur\system\CodeIgniter.php(412): CodeIgniter\CodeIgniter->runController(Object(App\Controllers\Home))
#5 C:\xampp\htdocs\tracerunnur\system\CodeIgniter.php(320): CodeIgniter\CodeIgniter->handleRequest(NULL, Object(Config\Cache), false)
#6 C:\xampp\htdocs\tracerunnur\public\index.php(37): CodeIgniter\CodeIgniter->run()
#7 {main}
CRITICAL - 2022-04-21 08:51:14 --> Invalid file: main/v_wrapper.php
#0 C:\xampp\htdocs\tracerunnur\system\View\View.php(198): CodeIgniter\Exceptions\FrameworkException::forInvalidFile('main/v_wrapper....')
#1 C:\xampp\htdocs\tracerunnur\system\Common.php(1089): CodeIgniter\View\View->render('main/v_wrapper', Array, true)
#2 C:\xampp\htdocs\tracerunnur\app\Controllers\Home.php(13): view('main/v_wrapper', Array)
#3 C:\xampp\htdocs\tracerunnur\system\CodeIgniter.php(825): App\Controllers\Home->index()
#4 C:\xampp\htdocs\tracerunnur\system\CodeIgniter.php(412): CodeIgniter\CodeIgniter->runController(Object(App\Controllers\Home))
#5 C:\xampp\htdocs\tracerunnur\system\CodeIgniter.php(320): CodeIgniter\CodeIgniter->handleRequest(NULL, Object(Config\Cache), false)
#6 C:\xampp\htdocs\tracerunnur\public\index.php(37): CodeIgniter\CodeIgniter->run()
#7 {main}
CRITICAL - 2022-04-21 08:52:50 --> Invalid file: v_home.php
#0 C:\xampp\htdocs\tracerunnur\system\View\View.php(198): CodeIgniter\Exceptions\FrameworkException::forInvalidFile('v_home.php')
#1 C:\xampp\htdocs\tracerunnur\system\Common.php(1089): CodeIgniter\View\View->render('v_home', Array, true)
#2 C:\xampp\htdocs\tracerunnur\app\Views\layout\v_content.php(3): view('v_home')
#3 C:\xampp\htdocs\tracerunnur\system\View\View.php(210): include('C:\\xampp\\htdocs...')
#4 C:\xampp\htdocs\tracerunnur\system\View\View.php(213): CodeIgniter\View\View->CodeIgniter\View\{closure}()
#5 C:\xampp\htdocs\tracerunnur\system\Common.php(1089): CodeIgniter\View\View->render('layout/v_conten...', Array, true)
#6 C:\xampp\htdocs\tracerunnur\app\Views\layout\v_wrapper.php(5): view('layout/v_conten...')
#7 C:\xampp\htdocs\tracerunnur\system\View\View.php(210): include('C:\\xampp\\htdocs...')
#8 C:\xampp\htdocs\tracerunnur\system\View\View.php(213): CodeIgniter\View\View->CodeIgniter\View\{closure}()
#9 C:\xampp\htdocs\tracerunnur\system\Common.php(1089): CodeIgniter\View\View->render('layout/v_wrappe...', Array, true)
#10 C:\xampp\htdocs\tracerunnur\app\Controllers\Home.php(13): view('layout/v_wrappe...', Array)
#11 C:\xampp\htdocs\tracerunnur\system\CodeIgniter.php(825): App\Controllers\Home->index()
#12 C:\xampp\htdocs\tracerunnur\system\CodeIgniter.php(412): CodeIgniter\CodeIgniter->runController(Object(App\Controllers\Home))
#13 C:\xampp\htdocs\tracerunnur\system\CodeIgniter.php(320): CodeIgniter\CodeIgniter->handleRequest(NULL, Object(Config\Cache), false)
#14 C:\xampp\htdocs\tracerunnur\public\index.php(37): CodeIgniter\CodeIgniter->run()
#15 {main}
