CRITICAL - 2022-07-06 03:16:14 --> Undefined property: stdClass::$id_user
#0 C:\xampp\htdocs\tcunnur\app\Views\main\admin\kuesioner\kuesioner_detail.php(146): CodeIgniter\Debug\Exceptions->errorHandler(8, 'Undefined prope...', 'C:\\xampp\\htdocs...', 146, Array)
#1 C:\xampp\htdocs\tcunnur\system\View\View.php(210): include('C:\\xampp\\htdocs...')
#2 C:\xampp\htdocs\tcunnur\system\View\View.php(213): CodeIgniter\View\View->CodeIgniter\View\{closure}()
#3 C:\xampp\htdocs\tcunnur\system\Common.php(1089): CodeIgniter\View\View->render('main/admin/kues...', Array, true)
#4 C:\xampp\htdocs\tcunnur\app\Views\layout\admin\v_content.php(3): view('main/admin/kues...')
#5 C:\xampp\htdocs\tcunnur\system\View\View.php(210): include('C:\\xampp\\htdocs...')
#6 C:\xampp\htdocs\tcunnur\system\View\View.php(213): CodeIgniter\View\View->CodeIgniter\View\{closure}()
#7 C:\xampp\htdocs\tcunnur\system\Common.php(1089): CodeIgniter\View\View->render('layout/admin/v_...', Array, true)
#8 C:\xampp\htdocs\tcunnur\app\Views\layout\admin\v_wrapper.php(5): view('layout/admin/v_...')
#9 C:\xampp\htdocs\tcunnur\system\View\View.php(210): include('C:\\xampp\\htdocs...')
#10 C:\xampp\htdocs\tcunnur\system\View\View.php(213): CodeIgniter\View\View->CodeIgniter\View\{closure}()
#11 C:\xampp\htdocs\tcunnur\system\Common.php(1089): CodeIgniter\View\View->render('layout/admin/v_...', Array, true)
#12 C:\xampp\htdocs\tcunnur\app\Controllers\Kuesioner.php(46): view('layout/admin/v_...', Array)
#13 C:\xampp\htdocs\tcunnur\system\CodeIgniter.php(825): App\Controllers\Kuesioner->add_option('1')
#14 C:\xampp\htdocs\tcunnur\system\CodeIgniter.php(412): CodeIgniter\CodeIgniter->runController(Object(App\Controllers\Kuesioner))
#15 C:\xampp\htdocs\tcunnur\system\CodeIgniter.php(320): CodeIgniter\CodeIgniter->handleRequest(NULL, Object(Config\Cache), false)
#16 C:\xampp\htdocs\tcunnur\public\index.php(37): CodeIgniter\CodeIgniter->run()
#17 C:\xampp\htdocs\tcunnur\system\Commands\Server\rewrite.php(43): require_once('C:\\xampp\\htdocs...')
#18 {main}
CRITICAL - 2022-07-06 03:19:52 --> Invalid argument supplied for foreach()
#0 C:\xampp\htdocs\tcunnur\app\Views\main\admin\kuesioner\kuesioner_detail.php(100): CodeIgniter\Debug\Exceptions->errorHandler(2, 'Invalid argumen...', 'C:\\xampp\\htdocs...', 100, Array)
#1 C:\xampp\htdocs\tcunnur\system\View\View.php(210): include('C:\\xampp\\htdocs...')
#2 C:\xampp\htdocs\tcunnur\system\View\View.php(213): CodeIgniter\View\View->CodeIgniter\View\{closure}()
#3 C:\xampp\htdocs\tcunnur\system\Common.php(1089): CodeIgniter\View\View->render('main/admin/kues...', Array, true)
#4 C:\xampp\htdocs\tcunnur\app\Views\layout\admin\v_content.php(3): view('main/admin/kues...')
#5 C:\xampp\htdocs\tcunnur\system\View\View.php(210): include('C:\\xampp\\htdocs...')
#6 C:\xampp\htdocs\tcunnur\system\View\View.php(213): CodeIgniter\View\View->CodeIgniter\View\{closure}()
#7 C:\xampp\htdocs\tcunnur\system\Common.php(1089): CodeIgniter\View\View->render('layout/admin/v_...', Array, true)
#8 C:\xampp\htdocs\tcunnur\app\Views\layout\admin\v_wrapper.php(5): view('layout/admin/v_...')
#9 C:\xampp\htdocs\tcunnur\system\View\View.php(210): include('C:\\xampp\\htdocs...')
#10 C:\xampp\htdocs\tcunnur\system\View\View.php(213): CodeIgniter\View\View->CodeIgniter\View\{closure}()
#11 C:\xampp\htdocs\tcunnur\system\Common.php(1089): CodeIgniter\View\View->render('layout/admin/v_...', Array, true)
#12 C:\xampp\htdocs\tcunnur\app\Controllers\Kuesioner.php(46): view('layout/admin/v_...', Array)
#13 C:\xampp\htdocs\tcunnur\system\CodeIgniter.php(825): App\Controllers\Kuesioner->add_option('2')
#14 C:\xampp\htdocs\tcunnur\system\CodeIgniter.php(412): CodeIgniter\CodeIgniter->runController(Object(App\Controllers\Kuesioner))
#15 C:\xampp\htdocs\tcunnur\system\CodeIgniter.php(320): CodeIgniter\CodeIgniter->handleRequest(NULL, Object(Config\Cache), false)
#16 C:\xampp\htdocs\tcunnur\public\index.php(37): CodeIgniter\CodeIgniter->run()
#17 C:\xampp\htdocs\tcunnur\system\Commands\Server\rewrite.php(43): require_once('C:\\xampp\\htdocs...')
#18 {main}
ERROR - 2022-07-06 03:24:42 --> Unknown column 'kode_quest' in 'where clause'
CRITICAL - 2022-07-06 03:24:43 --> Unknown column 'kode_quest' in 'where clause'
#0 C:\xampp\htdocs\tcunnur\system\Database\MySQLi\Connection.php(292): mysqli->query('SELECT *\nFROM `...', 0)
#1 C:\xampp\htdocs\tcunnur\system\Database\BaseConnection.php(670): CodeIgniter\Database\MySQLi\Connection->execute('SELECT *\nFROM `...')
#2 C:\xampp\htdocs\tcunnur\system\Database\BaseConnection.php(598): CodeIgniter\Database\BaseConnection->simpleQuery('SELECT *\nFROM `...')
#3 C:\xampp\htdocs\tcunnur\system\Database\BaseBuilder.php(1455): CodeIgniter\Database\BaseConnection->query('SELECT *\nFROM `...', Array, false)
#4 C:\xampp\htdocs\tcunnur\app\Models\ModelKuesioner.php(40): CodeIgniter\Database\BaseBuilder->get()
#5 C:\xampp\htdocs\tcunnur\app\Controllers\Kuesioner.php(43): App\Models\ModelKuesioner->lists_option('1')
#6 C:\xampp\htdocs\tcunnur\system\CodeIgniter.php(825): App\Controllers\Kuesioner->add_option('1')
#7 C:\xampp\htdocs\tcunnur\system\CodeIgniter.php(412): CodeIgniter\CodeIgniter->runController(Object(App\Controllers\Kuesioner))
#8 C:\xampp\htdocs\tcunnur\system\CodeIgniter.php(320): CodeIgniter\CodeIgniter->handleRequest(NULL, Object(Config\Cache), false)
#9 C:\xampp\htdocs\tcunnur\public\index.php(37): CodeIgniter\CodeIgniter->run()
#10 C:\xampp\htdocs\tcunnur\system\Commands\Server\rewrite.php(43): require_once('C:\\xampp\\htdocs...')
#11 {main}
ERROR - 2022-07-06 03:27:38 --> Unknown column 'kode_quest' in 'where clause'
CRITICAL - 2022-07-06 03:27:39 --> Unknown column 'kode_quest' in 'where clause'
#0 C:\xampp\htdocs\tcunnur\system\Database\MySQLi\Connection.php(292): mysqli->query('SELECT *\nFROM `...', 0)
#1 C:\xampp\htdocs\tcunnur\system\Database\BaseConnection.php(670): CodeIgniter\Database\MySQLi\Connection->execute('SELECT *\nFROM `...')
#2 C:\xampp\htdocs\tcunnur\system\Database\BaseConnection.php(598): CodeIgniter\Database\BaseConnection->simpleQuery('SELECT *\nFROM `...')
#3 C:\xampp\htdocs\tcunnur\system\Database\BaseBuilder.php(1455): CodeIgniter\Database\BaseConnection->query('SELECT *\nFROM `...', Array, false)
#4 C:\xampp\htdocs\tcunnur\app\Models\ModelKuesioner.php(41): CodeIgniter\Database\BaseBuilder->get()
#5 C:\xampp\htdocs\tcunnur\app\Controllers\Kuesioner.php(43): App\Models\ModelKuesioner->lists_option('2')
#6 C:\xampp\htdocs\tcunnur\system\CodeIgniter.php(825): App\Controllers\Kuesioner->add_option('2')
#7 C:\xampp\htdocs\tcunnur\system\CodeIgniter.php(412): CodeIgniter\CodeIgniter->runController(Object(App\Controllers\Kuesioner))
#8 C:\xampp\htdocs\tcunnur\system\CodeIgniter.php(320): CodeIgniter\CodeIgniter->handleRequest(NULL, Object(Config\Cache), false)
#9 C:\xampp\htdocs\tcunnur\public\index.php(37): CodeIgniter\CodeIgniter->run()
#10 C:\xampp\htdocs\tcunnur\system\Commands\Server\rewrite.php(43): require_once('C:\\xampp\\htdocs...')
#11 {main}
CRITICAL - 2022-07-06 03:36:53 --> Too few arguments to function App\Controllers\Kuesioner::delete_option(), 1 passed in C:\xampp\htdocs\tcunnur\system\CodeIgniter.php on line 825 and exactly 2 expected
#0 C:\xampp\htdocs\tcunnur\system\CodeIgniter.php(825): App\Controllers\Kuesioner->delete_option('2')
#1 C:\xampp\htdocs\tcunnur\system\CodeIgniter.php(412): CodeIgniter\CodeIgniter->runController(Object(App\Controllers\Kuesioner))
#2 C:\xampp\htdocs\tcunnur\system\CodeIgniter.php(320): CodeIgniter\CodeIgniter->handleRequest(NULL, Object(Config\Cache), false)
#3 C:\xampp\htdocs\tcunnur\public\index.php(37): CodeIgniter\CodeIgniter->run()
#4 C:\xampp\htdocs\tcunnur\system\Commands\Server\rewrite.php(43): require_once('C:\\xampp\\htdocs...')
#5 {main}
CRITICAL - 2022-07-06 03:44:52 --> Undefined property: stdClass::$id_quest
#0 C:\xampp\htdocs\tcunnur\app\Views\main\admin\kuesioner\kuesioner_detail.php(109): CodeIgniter\Debug\Exceptions->errorHandler(8, 'Undefined prope...', 'C:\\xampp\\htdocs...', 109, Array)
#1 C:\xampp\htdocs\tcunnur\system\View\View.php(210): include('C:\\xampp\\htdocs...')
#2 C:\xampp\htdocs\tcunnur\system\View\View.php(213): CodeIgniter\View\View->CodeIgniter\View\{closure}()
#3 C:\xampp\htdocs\tcunnur\system\Common.php(1089): CodeIgniter\View\View->render('main/admin/kues...', Array, true)
#4 C:\xampp\htdocs\tcunnur\app\Views\layout\admin\v_content.php(3): view('main/admin/kues...')
#5 C:\xampp\htdocs\tcunnur\system\View\View.php(210): include('C:\\xampp\\htdocs...')
#6 C:\xampp\htdocs\tcunnur\system\View\View.php(213): CodeIgniter\View\View->CodeIgniter\View\{closure}()
#7 C:\xampp\htdocs\tcunnur\system\Common.php(1089): CodeIgniter\View\View->render('layout/admin/v_...', Array, true)
#8 C:\xampp\htdocs\tcunnur\app\Views\layout\admin\v_wrapper.php(5): view('layout/admin/v_...')
#9 C:\xampp\htdocs\tcunnur\system\View\View.php(210): include('C:\\xampp\\htdocs...')
#10 C:\xampp\htdocs\tcunnur\system\View\View.php(213): CodeIgniter\View\View->CodeIgniter\View\{closure}()
#11 C:\xampp\htdocs\tcunnur\system\Common.php(1089): CodeIgniter\View\View->render('layout/admin/v_...', Array, true)
#12 C:\xampp\htdocs\tcunnur\app\Controllers\Kuesioner.php(45): view('layout/admin/v_...', Array)
#13 C:\xampp\htdocs\tcunnur\system\CodeIgniter.php(825): App\Controllers\Kuesioner->add_option('2')
#14 C:\xampp\htdocs\tcunnur\system\CodeIgniter.php(412): CodeIgniter\CodeIgniter->runController(Object(App\Controllers\Kuesioner))
#15 C:\xampp\htdocs\tcunnur\system\CodeIgniter.php(320): CodeIgniter\CodeIgniter->handleRequest(NULL, Object(Config\Cache), false)
#16 C:\xampp\htdocs\tcunnur\public\index.php(37): CodeIgniter\CodeIgniter->run()
#17 C:\xampp\htdocs\tcunnur\system\Commands\Server\rewrite.php(43): require_once('C:\\xampp\\htdocs...')
#18 {main}
CRITICAL - 2022-07-06 03:46:32 --> Undefined property: App\Controllers\Kuesioner::$m_user
#0 C:\xampp\htdocs\tcunnur\app\Controllers\Kuesioner.php(64): CodeIgniter\Debug\Exceptions->errorHandler(8, 'Undefined prope...', 'C:\\xampp\\htdocs...', 64, Array)
#1 C:\xampp\htdocs\tcunnur\system\CodeIgniter.php(825): App\Controllers\Kuesioner->delete_option('2', '2')
#2 C:\xampp\htdocs\tcunnur\system\CodeIgniter.php(412): CodeIgniter\CodeIgniter->runController(Object(App\Controllers\Kuesioner))
#3 C:\xampp\htdocs\tcunnur\system\CodeIgniter.php(320): CodeIgniter\CodeIgniter->handleRequest(NULL, Object(Config\Cache), false)
#4 C:\xampp\htdocs\tcunnur\public\index.php(37): CodeIgniter\CodeIgniter->run()
#5 C:\xampp\htdocs\tcunnur\system\Commands\Server\rewrite.php(43): require_once('C:\\xampp\\htdocs...')
#6 {main}
CRITICAL - 2022-07-06 05:09:38 --> Too few arguments to function App\Controllers\Kuesioner::edit_option(), 1 passed in C:\xampp\htdocs\tcunnur\system\CodeIgniter.php on line 825 and exactly 2 expected
#0 C:\xampp\htdocs\tcunnur\system\CodeIgniter.php(825): App\Controllers\Kuesioner->edit_option('1')
#1 C:\xampp\htdocs\tcunnur\system\CodeIgniter.php(412): CodeIgniter\CodeIgniter->runController(Object(App\Controllers\Kuesioner))
#2 C:\xampp\htdocs\tcunnur\system\CodeIgniter.php(320): CodeIgniter\CodeIgniter->handleRequest(NULL, Object(Config\Cache), false)
#3 C:\xampp\htdocs\tcunnur\public\index.php(37): CodeIgniter\CodeIgniter->run()
#4 C:\xampp\htdocs\tcunnur\system\Commands\Server\rewrite.php(43): require_once('C:\\xampp\\htdocs...')
#5 {main}
CRITICAL - 2022-07-06 05:19:34 --> Undefined property: stdClass::$id_quest
#0 C:\xampp\htdocs\tcunnur\app\Views\main\admin\kuesioner\kuesioner_detail.php(144): CodeIgniter\Debug\Exceptions->errorHandler(8, 'Undefined prope...', 'C:\\xampp\\htdocs...', 144, Array)
#1 C:\xampp\htdocs\tcunnur\system\View\View.php(210): include('C:\\xampp\\htdocs...')
#2 C:\xampp\htdocs\tcunnur\system\View\View.php(213): CodeIgniter\View\View->CodeIgniter\View\{closure}()
#3 C:\xampp\htdocs\tcunnur\system\Common.php(1089): CodeIgniter\View\View->render('main/admin/kues...', Array, true)
#4 C:\xampp\htdocs\tcunnur\app\Views\layout\admin\v_content.php(3): view('main/admin/kues...')
#5 C:\xampp\htdocs\tcunnur\system\View\View.php(210): include('C:\\xampp\\htdocs...')
#6 C:\xampp\htdocs\tcunnur\system\View\View.php(213): CodeIgniter\View\View->CodeIgniter\View\{closure}()
#7 C:\xampp\htdocs\tcunnur\system\Common.php(1089): CodeIgniter\View\View->render('layout/admin/v_...', Array, true)
#8 C:\xampp\htdocs\tcunnur\app\Views\layout\admin\v_wrapper.php(5): view('layout/admin/v_...')
#9 C:\xampp\htdocs\tcunnur\system\View\View.php(210): include('C:\\xampp\\htdocs...')
#10 C:\xampp\htdocs\tcunnur\system\View\View.php(213): CodeIgniter\View\View->CodeIgniter\View\{closure}()
#11 C:\xampp\htdocs\tcunnur\system\Common.php(1089): CodeIgniter\View\View->render('layout/admin/v_...', Array, true)
#12 C:\xampp\htdocs\tcunnur\app\Controllers\Kuesioner.php(45): view('layout/admin/v_...', Array)
#13 C:\xampp\htdocs\tcunnur\system\CodeIgniter.php(825): App\Controllers\Kuesioner->add_option('2')
#14 C:\xampp\htdocs\tcunnur\system\CodeIgniter.php(412): CodeIgniter\CodeIgniter->runController(Object(App\Controllers\Kuesioner))
#15 C:\xampp\htdocs\tcunnur\system\CodeIgniter.php(320): CodeIgniter\CodeIgniter->handleRequest(NULL, Object(Config\Cache), false)
#16 C:\xampp\htdocs\tcunnur\public\index.php(37): CodeIgniter\CodeIgniter->run()
#17 C:\xampp\htdocs\tcunnur\system\Commands\Server\rewrite.php(43): require_once('C:\\xampp\\htdocs...')
#18 {main}
CRITICAL - 2022-07-06 05:25:13 --> Too few arguments to function App\Controllers\Kuesioner::edit_option(), 1 passed in C:\xampp\htdocs\tcunnur\system\CodeIgniter.php on line 825 and exactly 2 expected
#0 C:\xampp\htdocs\tcunnur\system\CodeIgniter.php(825): App\Controllers\Kuesioner->edit_option('2')
#1 C:\xampp\htdocs\tcunnur\system\CodeIgniter.php(412): CodeIgniter\CodeIgniter->runController(Object(App\Controllers\Kuesioner))
#2 C:\xampp\htdocs\tcunnur\system\CodeIgniter.php(320): CodeIgniter\CodeIgniter->handleRequest(NULL, Object(Config\Cache), false)
#3 C:\xampp\htdocs\tcunnur\public\index.php(37): CodeIgniter\CodeIgniter->run()
#4 C:\xampp\htdocs\tcunnur\system\Commands\Server\rewrite.php(43): require_once('C:\\xampp\\htdocs...')
#5 {main}
CRITICAL - 2022-07-06 05:26:22 --> Too few arguments to function App\Controllers\Kuesioner::edit_option(), 1 passed in C:\xampp\htdocs\tcunnur\system\CodeIgniter.php on line 825 and exactly 2 expected
#0 C:\xampp\htdocs\tcunnur\system\CodeIgniter.php(825): App\Controllers\Kuesioner->edit_option('2')
#1 C:\xampp\htdocs\tcunnur\system\CodeIgniter.php(412): CodeIgniter\CodeIgniter->runController(Object(App\Controllers\Kuesioner))
#2 C:\xampp\htdocs\tcunnur\system\CodeIgniter.php(320): CodeIgniter\CodeIgniter->handleRequest(NULL, Object(Config\Cache), false)
#3 C:\xampp\htdocs\tcunnur\public\index.php(37): CodeIgniter\CodeIgniter->run()
#4 C:\xampp\htdocs\tcunnur\system\Commands\Server\rewrite.php(43): require_once('C:\\xampp\\htdocs...')
#5 {main}
CRITICAL - 2022-07-06 05:28:10 --> Undefined property: stdClass::$id_quest
#0 C:\xampp\htdocs\tcunnur\app\Views\main\admin\kuesioner\kuesioner_detail.php(144): CodeIgniter\Debug\Exceptions->errorHandler(8, 'Undefined prope...', 'C:\\xampp\\htdocs...', 144, Array)
#1 C:\xampp\htdocs\tcunnur\system\View\View.php(210): include('C:\\xampp\\htdocs...')
#2 C:\xampp\htdocs\tcunnur\system\View\View.php(213): CodeIgniter\View\View->CodeIgniter\View\{closure}()
#3 C:\xampp\htdocs\tcunnur\system\Common.php(1089): CodeIgniter\View\View->render('main/admin/kues...', Array, true)
#4 C:\xampp\htdocs\tcunnur\app\Views\layout\admin\v_content.php(3): view('main/admin/kues...')
#5 C:\xampp\htdocs\tcunnur\system\View\View.php(210): include('C:\\xampp\\htdocs...')
#6 C:\xampp\htdocs\tcunnur\system\View\View.php(213): CodeIgniter\View\View->CodeIgniter\View\{closure}()
#7 C:\xampp\htdocs\tcunnur\system\Common.php(1089): CodeIgniter\View\View->render('layout/admin/v_...', Array, true)
#8 C:\xampp\htdocs\tcunnur\app\Views\layout\admin\v_wrapper.php(5): view('layout/admin/v_...')
#9 C:\xampp\htdocs\tcunnur\system\View\View.php(210): include('C:\\xampp\\htdocs...')
#10 C:\xampp\htdocs\tcunnur\system\View\View.php(213): CodeIgniter\View\View->CodeIgniter\View\{closure}()
#11 C:\xampp\htdocs\tcunnur\system\Common.php(1089): CodeIgniter\View\View->render('layout/admin/v_...', Array, true)
#12 C:\xampp\htdocs\tcunnur\app\Controllers\Kuesioner.php(45): view('layout/admin/v_...', Array)
#13 C:\xampp\htdocs\tcunnur\system\CodeIgniter.php(825): App\Controllers\Kuesioner->add_option('2')
#14 C:\xampp\htdocs\tcunnur\system\CodeIgniter.php(412): CodeIgniter\CodeIgniter->runController(Object(App\Controllers\Kuesioner))
#15 C:\xampp\htdocs\tcunnur\system\CodeIgniter.php(320): CodeIgniter\CodeIgniter->handleRequest(NULL, Object(Config\Cache), false)
#16 C:\xampp\htdocs\tcunnur\public\index.php(37): CodeIgniter\CodeIgniter->run()
#17 C:\xampp\htdocs\tcunnur\system\Commands\Server\rewrite.php(43): require_once('C:\\xampp\\htdocs...')
#18 {main}
CRITICAL - 2022-07-06 05:31:51 --> Too few arguments to function App\Controllers\Kuesioner::edit_option(), 1 passed in C:\xampp\htdocs\tcunnur\system\CodeIgniter.php on line 825 and exactly 2 expected
#0 C:\xampp\htdocs\tcunnur\system\CodeIgniter.php(825): App\Controllers\Kuesioner->edit_option('2')
#1 C:\xampp\htdocs\tcunnur\system\CodeIgniter.php(412): CodeIgniter\CodeIgniter->runController(Object(App\Controllers\Kuesioner))
#2 C:\xampp\htdocs\tcunnur\system\CodeIgniter.php(320): CodeIgniter\CodeIgniter->handleRequest(NULL, Object(Config\Cache), false)
#3 C:\xampp\htdocs\tcunnur\public\index.php(37): CodeIgniter\CodeIgniter->run()
#4 C:\xampp\htdocs\tcunnur\system\Commands\Server\rewrite.php(43): require_once('C:\\xampp\\htdocs...')
#5 {main}
CRITICAL - 2022-07-06 05:32:35 --> Too few arguments to function App\Controllers\Kuesioner::edit_option(), 1 passed in C:\xampp\htdocs\tcunnur\system\CodeIgniter.php on line 825 and exactly 2 expected
#0 C:\xampp\htdocs\tcunnur\system\CodeIgniter.php(825): App\Controllers\Kuesioner->edit_option('2')
#1 C:\xampp\htdocs\tcunnur\system\CodeIgniter.php(412): CodeIgniter\CodeIgniter->runController(Object(App\Controllers\Kuesioner))
#2 C:\xampp\htdocs\tcunnur\system\CodeIgniter.php(320): CodeIgniter\CodeIgniter->handleRequest(NULL, Object(Config\Cache), false)
#3 C:\xampp\htdocs\tcunnur\public\index.php(37): CodeIgniter\CodeIgniter->run()
#4 C:\xampp\htdocs\tcunnur\system\Commands\Server\rewrite.php(43): require_once('C:\\xampp\\htdocs...')
#5 {main}
CRITICAL - 2022-07-06 05:33:19 --> Too few arguments to function App\Controllers\Kuesioner::edit_option(), 1 passed in C:\xampp\htdocs\tcunnur\system\CodeIgniter.php on line 825 and exactly 2 expected
#0 C:\xampp\htdocs\tcunnur\system\CodeIgniter.php(825): App\Controllers\Kuesioner->edit_option('2')
#1 C:\xampp\htdocs\tcunnur\system\CodeIgniter.php(412): CodeIgniter\CodeIgniter->runController(Object(App\Controllers\Kuesioner))
#2 C:\xampp\htdocs\tcunnur\system\CodeIgniter.php(320): CodeIgniter\CodeIgniter->handleRequest(NULL, Object(Config\Cache), false)
#3 C:\xampp\htdocs\tcunnur\public\index.php(37): CodeIgniter\CodeIgniter->run()
#4 C:\xampp\htdocs\tcunnur\system\Commands\Server\rewrite.php(43): require_once('C:\\xampp\\htdocs...')
#5 {main}
CRITICAL - 2022-07-06 05:36:35 --> Too few arguments to function App\Controllers\Kuesioner::edit_option(), 1 passed in C:\xampp\htdocs\tcunnur\system\CodeIgniter.php on line 825 and exactly 2 expected
#0 C:\xampp\htdocs\tcunnur\system\CodeIgniter.php(825): App\Controllers\Kuesioner->edit_option('1')
#1 C:\xampp\htdocs\tcunnur\system\CodeIgniter.php(412): CodeIgniter\CodeIgniter->runController(Object(App\Controllers\Kuesioner))
#2 C:\xampp\htdocs\tcunnur\system\CodeIgniter.php(320): CodeIgniter\CodeIgniter->handleRequest(NULL, Object(Config\Cache), false)
#3 C:\xampp\htdocs\tcunnur\public\index.php(37): CodeIgniter\CodeIgniter->run()
#4 C:\xampp\htdocs\tcunnur\system\Commands\Server\rewrite.php(43): require_once('C:\\xampp\\htdocs...')
#5 {main}
CRITICAL - 2022-07-06 05:38:03 --> Too few arguments to function App\Controllers\Kuesioner::edit_option(), 1 passed in C:\xampp\htdocs\tcunnur\system\CodeIgniter.php on line 825 and exactly 2 expected
#0 C:\xampp\htdocs\tcunnur\system\CodeIgniter.php(825): App\Controllers\Kuesioner->edit_option('1')
#1 C:\xampp\htdocs\tcunnur\system\CodeIgniter.php(412): CodeIgniter\CodeIgniter->runController(Object(App\Controllers\Kuesioner))
#2 C:\xampp\htdocs\tcunnur\system\CodeIgniter.php(320): CodeIgniter\CodeIgniter->handleRequest(NULL, Object(Config\Cache), false)
#3 C:\xampp\htdocs\tcunnur\public\index.php(37): CodeIgniter\CodeIgniter->run()
#4 C:\xampp\htdocs\tcunnur\system\Commands\Server\rewrite.php(43): require_once('C:\\xampp\\htdocs...')
#5 {main}
CRITICAL - 2022-07-06 13:33:44 --> Invalid file: main/admin/question/question_view.php
#0 C:\xampp\htdocs\tcunnur\system\View\View.php(198): CodeIgniter\Exceptions\FrameworkException::forInvalidFile('main/admin/ques...')
#1 C:\xampp\htdocs\tcunnur\system\Common.php(1089): CodeIgniter\View\View->render('main/admin/ques...', Array, true)
#2 C:\xampp\htdocs\tcunnur\app\Views\layout\admin\v_content.php(3): view('main/admin/ques...')
#3 C:\xampp\htdocs\tcunnur\system\View\View.php(210): include('C:\\xampp\\htdocs...')
#4 C:\xampp\htdocs\tcunnur\system\View\View.php(213): CodeIgniter\View\View->CodeIgniter\View\{closure}()
#5 C:\xampp\htdocs\tcunnur\system\Common.php(1089): CodeIgniter\View\View->render('layout/admin/v_...', Array, true)
#6 C:\xampp\htdocs\tcunnur\app\Views\layout\admin\v_wrapper.php(5): view('layout/admin/v_...')
#7 C:\xampp\htdocs\tcunnur\system\View\View.php(210): include('C:\\xampp\\htdocs...')
#8 C:\xampp\htdocs\tcunnur\system\View\View.php(213): CodeIgniter\View\View->CodeIgniter\View\{closure}()
#9 C:\xampp\htdocs\tcunnur\system\Common.php(1089): CodeIgniter\View\View->render('layout/admin/v_...', Array, true)
#10 C:\xampp\htdocs\tcunnur\app\Controllers\Question.php(23): view('layout/admin/v_...', Array)
#11 C:\xampp\htdocs\tcunnur\system\CodeIgniter.php(825): App\Controllers\Question->index()
#12 C:\xampp\htdocs\tcunnur\system\CodeIgniter.php(412): CodeIgniter\CodeIgniter->runController(Object(App\Controllers\Question))
#13 C:\xampp\htdocs\tcunnur\system\CodeIgniter.php(320): CodeIgniter\CodeIgniter->handleRequest(NULL, Object(Config\Cache), false)
#14 C:\xampp\htdocs\tcunnur\public\index.php(37): CodeIgniter\CodeIgniter->run()
#15 C:\xampp\htdocs\tcunnur\system\Commands\Server\rewrite.php(43): require_once('C:\\xampp\\htdocs...')
#16 {main}
CRITICAL - 2022-07-06 13:35:30 --> Invalid file: main/admin/question/question_view.php
#0 C:\xampp\htdocs\tcunnur\system\View\View.php(198): CodeIgniter\Exceptions\FrameworkException::forInvalidFile('main/admin/ques...')
#1 C:\xampp\htdocs\tcunnur\system\Common.php(1089): CodeIgniter\View\View->render('main/admin/ques...', Array, true)
#2 C:\xampp\htdocs\tcunnur\app\Views\layout\admin\v_content.php(3): view('main/admin/ques...')
#3 C:\xampp\htdocs\tcunnur\system\View\View.php(210): include('C:\\xampp\\htdocs...')
#4 C:\xampp\htdocs\tcunnur\system\View\View.php(213): CodeIgniter\View\View->CodeIgniter\View\{closure}()
#5 C:\xampp\htdocs\tcunnur\system\Common.php(1089): CodeIgniter\View\View->render('layout/admin/v_...', Array, true)
#6 C:\xampp\htdocs\tcunnur\app\Views\layout\admin\v_wrapper.php(5): view('layout/admin/v_...')
#7 C:\xampp\htdocs\tcunnur\system\View\View.php(210): include('C:\\xampp\\htdocs...')
#8 C:\xampp\htdocs\tcunnur\system\View\View.php(213): CodeIgniter\View\View->CodeIgniter\View\{closure}()
#9 C:\xampp\htdocs\tcunnur\system\Common.php(1089): CodeIgniter\View\View->render('layout/admin/v_...', Array, true)
#10 C:\xampp\htdocs\tcunnur\app\Controllers\Question.php(23): view('layout/admin/v_...', Array)
#11 C:\xampp\htdocs\tcunnur\system\CodeIgniter.php(825): App\Controllers\Question->index()
#12 C:\xampp\htdocs\tcunnur\system\CodeIgniter.php(412): CodeIgniter\CodeIgniter->runController(Object(App\Controllers\Question))
#13 C:\xampp\htdocs\tcunnur\system\CodeIgniter.php(320): CodeIgniter\CodeIgniter->handleRequest(NULL, Object(Config\Cache), false)
#14 C:\xampp\htdocs\tcunnur\public\index.php(37): CodeIgniter\CodeIgniter->run()
#15 C:\xampp\htdocs\tcunnur\system\Commands\Server\rewrite.php(43): require_once('C:\\xampp\\htdocs...')
#16 {main}
CRITICAL - 2022-07-06 13:39:27 --> Invalid file: main/admin/question/question_view.php
#0 C:\xampp\htdocs\tcunnur\system\View\View.php(198): CodeIgniter\Exceptions\FrameworkException::forInvalidFile('main/admin/ques...')
#1 C:\xampp\htdocs\tcunnur\system\Common.php(1089): CodeIgniter\View\View->render('main/admin/ques...', Array, true)
#2 C:\xampp\htdocs\tcunnur\app\Views\layout\admin\v_content.php(3): view('main/admin/ques...')
#3 C:\xampp\htdocs\tcunnur\system\View\View.php(210): include('C:\\xampp\\htdocs...')
#4 C:\xampp\htdocs\tcunnur\system\View\View.php(213): CodeIgniter\View\View->CodeIgniter\View\{closure}()
#5 C:\xampp\htdocs\tcunnur\system\Common.php(1089): CodeIgniter\View\View->render('layout/admin/v_...', Array, true)
#6 C:\xampp\htdocs\tcunnur\app\Views\layout\admin\v_wrapper.php(5): view('layout/admin/v_...')
#7 C:\xampp\htdocs\tcunnur\system\View\View.php(210): include('C:\\xampp\\htdocs...')
#8 C:\xampp\htdocs\tcunnur\system\View\View.php(213): CodeIgniter\View\View->CodeIgniter\View\{closure}()
#9 C:\xampp\htdocs\tcunnur\system\Common.php(1089): CodeIgniter\View\View->render('layout/admin/v_...', Array, true)
#10 C:\xampp\htdocs\tcunnur\app\Controllers\Question.php(23): view('layout/admin/v_...', Array)
#11 C:\xampp\htdocs\tcunnur\system\CodeIgniter.php(825): App\Controllers\Question->index()
#12 C:\xampp\htdocs\tcunnur\system\CodeIgniter.php(412): CodeIgniter\CodeIgniter->runController(Object(App\Controllers\Question))
#13 C:\xampp\htdocs\tcunnur\system\CodeIgniter.php(320): CodeIgniter\CodeIgniter->handleRequest(NULL, Object(Config\Cache), false)
#14 C:\xampp\htdocs\tcunnur\public\index.php(37): CodeIgniter\CodeIgniter->run()
#15 C:\xampp\htdocs\tcunnur\system\Commands\Server\rewrite.php(43): require_once('C:\\xampp\\htdocs...')
#16 {main}
CRITICAL - 2022-07-06 13:53:42 --> Class 'App\Models\ModelKuesioner' not found
#0 C:\xampp\htdocs\tcunnur\system\CodeIgniter.php(802): App\Controllers\Kuesioner->__construct()
#1 C:\xampp\htdocs\tcunnur\system\CodeIgniter.php(403): CodeIgniter\CodeIgniter->createController()
#2 C:\xampp\htdocs\tcunnur\system\CodeIgniter.php(320): CodeIgniter\CodeIgniter->handleRequest(NULL, Object(Config\Cache), false)
#3 C:\xampp\htdocs\tcunnur\public\index.php(37): CodeIgniter\CodeIgniter->run()
#4 C:\xampp\htdocs\tcunnur\system\Commands\Server\rewrite.php(43): require_once('C:\\xampp\\htdocs...')
#5 {main}
CRITICAL - 2022-07-06 23:09:29 --> Class 'App\Models\ModelKuesioner' not found
#0 C:\xampp\htdocs\tcunnur\system\CodeIgniter.php(802): App\Controllers\Kuesioner->__construct()
#1 C:\xampp\htdocs\tcunnur\system\CodeIgniter.php(403): CodeIgniter\CodeIgniter->createController()
#2 C:\xampp\htdocs\tcunnur\system\CodeIgniter.php(320): CodeIgniter\CodeIgniter->handleRequest(NULL, Object(Config\Cache), false)
#3 C:\xampp\htdocs\tcunnur\public\index.php(37): CodeIgniter\CodeIgniter->run()
#4 C:\xampp\htdocs\tcunnur\system\Commands\Server\rewrite.php(43): require_once('C:\\xampp\\htdocs...')
#5 {main}
CRITICAL - 2022-07-06 23:10:30 --> Undefined variable: tampil_kuesioner
#0 C:\xampp\htdocs\tcunnur\app\Views\main\admin\kuesioner\kuesioner_view.php(49): CodeIgniter\Debug\Exceptions->errorHandler(8, 'Undefined varia...', 'C:\\xampp\\htdocs...', 49, Array)
#1 C:\xampp\htdocs\tcunnur\system\View\View.php(210): include('C:\\xampp\\htdocs...')
#2 C:\xampp\htdocs\tcunnur\system\View\View.php(213): CodeIgniter\View\View->CodeIgniter\View\{closure}()
#3 C:\xampp\htdocs\tcunnur\system\Common.php(1089): CodeIgniter\View\View->render('main/admin/kues...', Array, true)
#4 C:\xampp\htdocs\tcunnur\app\Views\layout\admin\v_content.php(3): view('main/admin/kues...')
#5 C:\xampp\htdocs\tcunnur\system\View\View.php(210): include('C:\\xampp\\htdocs...')
#6 C:\xampp\htdocs\tcunnur\system\View\View.php(213): CodeIgniter\View\View->CodeIgniter\View\{closure}()
#7 C:\xampp\htdocs\tcunnur\system\Common.php(1089): CodeIgniter\View\View->render('layout/admin/v_...', Array, true)
#8 C:\xampp\htdocs\tcunnur\app\Views\layout\admin\v_wrapper.php(5): view('layout/admin/v_...')
#9 C:\xampp\htdocs\tcunnur\system\View\View.php(210): include('C:\\xampp\\htdocs...')
#10 C:\xampp\htdocs\tcunnur\system\View\View.php(213): CodeIgniter\View\View->CodeIgniter\View\{closure}()
#11 C:\xampp\htdocs\tcunnur\system\Common.php(1089): CodeIgniter\View\View->render('layout/admin/v_...', Array, true)
#12 C:\xampp\htdocs\tcunnur\app\Controllers\Kuesioner.php(22): view('layout/admin/v_...', Array)
#13 C:\xampp\htdocs\tcunnur\system\CodeIgniter.php(825): App\Controllers\Kuesioner->index()
#14 C:\xampp\htdocs\tcunnur\system\CodeIgniter.php(412): CodeIgniter\CodeIgniter->runController(Object(App\Controllers\Kuesioner))
#15 C:\xampp\htdocs\tcunnur\system\CodeIgniter.php(320): CodeIgniter\CodeIgniter->handleRequest(NULL, Object(Config\Cache), false)
#16 C:\xampp\htdocs\tcunnur\public\index.php(37): CodeIgniter\CodeIgniter->run()
#17 C:\xampp\htdocs\tcunnur\system\Commands\Server\rewrite.php(43): require_once('C:\\xampp\\htdocs...')
#18 {main}
CRITICAL - 2022-07-06 23:29:11 --> Undefined variable: head
#0 C:\xampp\htdocs\tcunnur\app\Views\layout\admin\v_head.php(7): CodeIgniter\Debug\Exceptions->errorHandler(8, 'Undefined varia...', 'C:\\xampp\\htdocs...', 7, Array)
#1 C:\xampp\htdocs\tcunnur\system\View\View.php(210): include('C:\\xampp\\htdocs...')
#2 C:\xampp\htdocs\tcunnur\system\View\View.php(213): CodeIgniter\View\View->CodeIgniter\View\{closure}()
#3 C:\xampp\htdocs\tcunnur\system\Common.php(1089): CodeIgniter\View\View->render('layout/admin/v_...', Array, true)
#4 C:\xampp\htdocs\tcunnur\app\Views\layout\admin\v_wrapper.php(2): view('layout/admin/v_...')
#5 C:\xampp\htdocs\tcunnur\system\View\View.php(210): include('C:\\xampp\\htdocs...')
#6 C:\xampp\htdocs\tcunnur\system\View\View.php(213): CodeIgniter\View\View->CodeIgniter\View\{closure}()
#7 C:\xampp\htdocs\tcunnur\system\Common.php(1089): CodeIgniter\View\View->render('layout/admin/v_...', Array, true)
#8 C:\xampp\htdocs\tcunnur\app\Controllers\Hasil.php(13): view('layout/admin/v_...', Array)
#9 C:\xampp\htdocs\tcunnur\system\CodeIgniter.php(825): App\Controllers\Hasil->index()
#10 C:\xampp\htdocs\tcunnur\system\CodeIgniter.php(412): CodeIgniter\CodeIgniter->runController(Object(App\Controllers\Hasil))
#11 C:\xampp\htdocs\tcunnur\system\CodeIgniter.php(320): CodeIgniter\CodeIgniter->handleRequest(NULL, Object(Config\Cache), false)
#12 C:\xampp\htdocs\tcunnur\public\index.php(37): CodeIgniter\CodeIgniter->run()
#13 C:\xampp\htdocs\tcunnur\system\Commands\Server\rewrite.php(43): require_once('C:\\xampp\\htdocs...')
#14 {main}
