CRITICAL - 2022-05-03 21:30:58 --> Invalid file: layout/v_head.php
#0 C:\xampp\htdocs\tracerunnur\system\View\View.php(198): CodeIgniter\Exceptions\FrameworkException::forInvalidFile('layout/v_head.p...')
#1 C:\xampp\htdocs\tracerunnur\system\Common.php(1089): CodeIgniter\View\View->render('layout/v_head.p...', Array, true)
#2 C:\xampp\htdocs\tracerunnur\app\Views\layout\admin\v_wrapper.php(2): view('layout/v_head.p...')
#3 C:\xampp\htdocs\tracerunnur\system\View\View.php(210): include('C:\\xampp\\htdocs...')
#4 C:\xampp\htdocs\tracerunnur\system\View\View.php(213): CodeIgniter\View\View->CodeIgniter\View\{closure}()
#5 C:\xampp\htdocs\tracerunnur\system\Common.php(1089): CodeIgniter\View\View->render('layout/admin/v_...', Array, true)
#6 C:\xampp\htdocs\tracerunnur\app\Controllers\Home.php(13): view('layout/admin/v_...', Array)
#7 C:\xampp\htdocs\tracerunnur\system\CodeIgniter.php(825): App\Controllers\Home->index()
#8 C:\xampp\htdocs\tracerunnur\system\CodeIgniter.php(412): CodeIgniter\CodeIgniter->runController(Object(App\Controllers\Home))
#9 C:\xampp\htdocs\tracerunnur\system\CodeIgniter.php(320): CodeIgniter\CodeIgniter->handleRequest(NULL, Object(Config\Cache), false)
#10 C:\xampp\htdocs\tracerunnur\public\index.php(37): CodeIgniter\CodeIgniter->run()
#11 C:\xampp\htdocs\tracerunnur\system\Commands\Server\rewrite.php(43): require_once('C:\\xampp\\htdocs...')
#12 {main}
CRITICAL - 2022-05-03 21:31:14 --> Invalid file: layout/v_head.php
#0 C:\xampp\htdocs\tracerunnur\system\View\View.php(198): CodeIgniter\Exceptions\FrameworkException::forInvalidFile('layout/v_head.p...')
#1 C:\xampp\htdocs\tracerunnur\system\Common.php(1089): CodeIgniter\View\View->render('layout/v_head.p...', Array, true)
#2 C:\xampp\htdocs\tracerunnur\app\Views\layout\admin\v_wrapper.php(2): view('layout/v_head.p...')
#3 C:\xampp\htdocs\tracerunnur\system\View\View.php(210): include('C:\\xampp\\htdocs...')
#4 C:\xampp\htdocs\tracerunnur\system\View\View.php(213): CodeIgniter\View\View->CodeIgniter\View\{closure}()
#5 C:\xampp\htdocs\tracerunnur\system\Common.php(1089): CodeIgniter\View\View->render('layout/admin/v_...', Array, true)
#6 C:\xampp\htdocs\tracerunnur\app\Controllers\Home.php(13): view('layout/admin/v_...', Array)
#7 C:\xampp\htdocs\tracerunnur\system\CodeIgniter.php(825): App\Controllers\Home->index()
#8 C:\xampp\htdocs\tracerunnur\system\CodeIgniter.php(412): CodeIgniter\CodeIgniter->runController(Object(App\Controllers\Home))
#9 C:\xampp\htdocs\tracerunnur\system\CodeIgniter.php(320): CodeIgniter\CodeIgniter->handleRequest(NULL, Object(Config\Cache), false)
#10 C:\xampp\htdocs\tracerunnur\public\index.php(37): CodeIgniter\CodeIgniter->run()
#11 C:\xampp\htdocs\tracerunnur\system\Commands\Server\rewrite.php(43): require_once('C:\\xampp\\htdocs...')
#12 {main}
