CRITICAL - 2022-06-17 02:01:30 --> Call to undefined method CodeIgniter\Database\MySQLi\Connection::select()
#0 C:\xampp\htdocs\tcunnur\app\Controllers\Users.php(16): App\Models\ModelUsers->tampildata()
#1 C:\xampp\htdocs\tcunnur\system\CodeIgniter.php(825): App\Controllers\Users->index()
#2 C:\xampp\htdocs\tcunnur\system\CodeIgniter.php(412): CodeIgniter\CodeIgniter->runController(Object(App\Controllers\Users))
#3 C:\xampp\htdocs\tcunnur\system\CodeIgniter.php(320): CodeIgniter\CodeIgniter->handleRequest(NULL, Object(Config\Cache), false)
#4 C:\xampp\htdocs\tcunnur\public\index.php(37): CodeIgniter\CodeIgniter->run()
#5 C:\xampp\htdocs\tcunnur\system\Commands\Server\rewrite.php(43): require_once('C:\\xampp\\htdocs...')
#6 {main}
CRITICAL - 2022-06-17 02:10:41 --> Call to a member function join() on null
#0 C:\xampp\htdocs\tcunnur\app\Controllers\Users.php(16): App\Models\ModelUsers->tampildata()
#1 C:\xampp\htdocs\tcunnur\system\CodeIgniter.php(825): App\Controllers\Users->index()
#2 C:\xampp\htdocs\tcunnur\system\CodeIgniter.php(412): CodeIgniter\CodeIgniter->runController(Object(App\Controllers\Users))
#3 C:\xampp\htdocs\tcunnur\system\CodeIgniter.php(320): CodeIgniter\CodeIgniter->handleRequest(NULL, Object(Config\Cache), false)
#4 C:\xampp\htdocs\tcunnur\public\index.php(37): CodeIgniter\CodeIgniter->run()
#5 C:\xampp\htdocs\tcunnur\system\Commands\Server\rewrite.php(43): require_once('C:\\xampp\\htdocs...')
#6 {main}
CRITICAL - 2022-06-17 02:10:50 --> Call to a member function join() on null
#0 C:\xampp\htdocs\tcunnur\app\Controllers\Users.php(16): App\Models\ModelUsers->tampildata()
#1 C:\xampp\htdocs\tcunnur\system\CodeIgniter.php(825): App\Controllers\Users->index()
#2 C:\xampp\htdocs\tcunnur\system\CodeIgniter.php(412): CodeIgniter\CodeIgniter->runController(Object(App\Controllers\Users))
#3 C:\xampp\htdocs\tcunnur\system\CodeIgniter.php(320): CodeIgniter\CodeIgniter->handleRequest(NULL, Object(Config\Cache), false)
#4 C:\xampp\htdocs\tcunnur\public\index.php(37): CodeIgniter\CodeIgniter->run()
#5 C:\xampp\htdocs\tcunnur\system\Commands\Server\rewrite.php(43): require_once('C:\\xampp\\htdocs...')
#6 {main}
ERROR - 2022-06-17 02:15:52 --> Not unique table/alias: 'tbl_alumni'
CRITICAL - 2022-06-17 02:15:52 --> Not unique table/alias: 'tbl_alumni'
#0 C:\xampp\htdocs\tcunnur\system\Database\MySQLi\Connection.php(292): mysqli->query('SELECT *\nFROM `...', 0)
#1 C:\xampp\htdocs\tcunnur\system\Database\BaseConnection.php(670): CodeIgniter\Database\MySQLi\Connection->execute('SELECT *\nFROM `...')
#2 C:\xampp\htdocs\tcunnur\system\Database\BaseConnection.php(598): CodeIgniter\Database\BaseConnection->simpleQuery('SELECT *\nFROM `...')
#3 C:\xampp\htdocs\tcunnur\system\Database\BaseBuilder.php(1455): CodeIgniter\Database\BaseConnection->query('SELECT *\nFROM `...', Array, false)
#4 C:\xampp\htdocs\tcunnur\app\Models\ModelUsers.php(15): CodeIgniter\Database\BaseBuilder->get()
#5 C:\xampp\htdocs\tcunnur\app\Controllers\Users.php(16): App\Models\ModelUsers->tampildata()
#6 C:\xampp\htdocs\tcunnur\system\CodeIgniter.php(825): App\Controllers\Users->index()
#7 C:\xampp\htdocs\tcunnur\system\CodeIgniter.php(412): CodeIgniter\CodeIgniter->runController(Object(App\Controllers\Users))
#8 C:\xampp\htdocs\tcunnur\system\CodeIgniter.php(320): CodeIgniter\CodeIgniter->handleRequest(NULL, Object(Config\Cache), false)
#9 C:\xampp\htdocs\tcunnur\public\index.php(37): CodeIgniter\CodeIgniter->run()
#10 C:\xampp\htdocs\tcunnur\system\Commands\Server\rewrite.php(43): require_once('C:\\xampp\\htdocs...')
#11 {main}
CRITICAL - 2022-06-17 02:16:48 --> Call to undefined method CodeIgniter\Database\MySQLi\Result::result()
#0 C:\xampp\htdocs\tcunnur\system\CodeIgniter.php(825): App\Controllers\Users->index()
#1 C:\xampp\htdocs\tcunnur\system\CodeIgniter.php(412): CodeIgniter\CodeIgniter->runController(Object(App\Controllers\Users))
#2 C:\xampp\htdocs\tcunnur\system\CodeIgniter.php(320): CodeIgniter\CodeIgniter->handleRequest(NULL, Object(Config\Cache), false)
#3 C:\xampp\htdocs\tcunnur\public\index.php(37): CodeIgniter\CodeIgniter->run()
#4 C:\xampp\htdocs\tcunnur\system\Commands\Server\rewrite.php(43): require_once('C:\\xampp\\htdocs...')
#5 {main}
CRITICAL - 2022-06-17 02:16:49 --> Call to undefined method CodeIgniter\Database\MySQLi\Result::result()
#0 C:\xampp\htdocs\tcunnur\system\CodeIgniter.php(825): App\Controllers\Users->index()
#1 C:\xampp\htdocs\tcunnur\system\CodeIgniter.php(412): CodeIgniter\CodeIgniter->runController(Object(App\Controllers\Users))
#2 C:\xampp\htdocs\tcunnur\system\CodeIgniter.php(320): CodeIgniter\CodeIgniter->handleRequest(NULL, Object(Config\Cache), false)
#3 C:\xampp\htdocs\tcunnur\public\index.php(37): CodeIgniter\CodeIgniter->run()
#4 C:\xampp\htdocs\tcunnur\system\Commands\Server\rewrite.php(43): require_once('C:\\xampp\\htdocs...')
#5 {main}
CRITICAL - 2022-06-17 02:16:50 --> Call to undefined method CodeIgniter\Database\MySQLi\Result::result()
#0 C:\xampp\htdocs\tcunnur\system\CodeIgniter.php(825): App\Controllers\Users->index()
#1 C:\xampp\htdocs\tcunnur\system\CodeIgniter.php(412): CodeIgniter\CodeIgniter->runController(Object(App\Controllers\Users))
#2 C:\xampp\htdocs\tcunnur\system\CodeIgniter.php(320): CodeIgniter\CodeIgniter->handleRequest(NULL, Object(Config\Cache), false)
#3 C:\xampp\htdocs\tcunnur\public\index.php(37): CodeIgniter\CodeIgniter->run()
#4 C:\xampp\htdocs\tcunnur\system\Commands\Server\rewrite.php(43): require_once('C:\\xampp\\htdocs...')
#5 {main}
CRITICAL - 2022-06-17 02:46:42 --> Undefined property: CodeIgniter\View\View::$ModelUsers
#0 C:\xampp\htdocs\tcunnur\app\Views\main\admin\users_detail.php(2): CodeIgniter\Debug\Exceptions->errorHandler(8, 'Undefined prope...', 'C:\\xampp\\htdocs...', 2, Array)
#1 C:\xampp\htdocs\tcunnur\system\View\View.php(210): include('C:\\xampp\\htdocs...')
#2 C:\xampp\htdocs\tcunnur\system\View\View.php(213): CodeIgniter\View\View->CodeIgniter\View\{closure}()
#3 C:\xampp\htdocs\tcunnur\system\Common.php(1089): CodeIgniter\View\View->render('main/admin/user...', Array, true)
#4 C:\xampp\htdocs\tcunnur\app\Views\layout\admin\v_content.php(3): view('main/admin/user...')
#5 C:\xampp\htdocs\tcunnur\system\View\View.php(210): include('C:\\xampp\\htdocs...')
#6 C:\xampp\htdocs\tcunnur\system\View\View.php(213): CodeIgniter\View\View->CodeIgniter\View\{closure}()
#7 C:\xampp\htdocs\tcunnur\system\Common.php(1089): CodeIgniter\View\View->render('layout/admin/v_...', Array, true)
#8 C:\xampp\htdocs\tcunnur\app\Views\layout\admin\v_wrapper.php(5): view('layout/admin/v_...')
#9 C:\xampp\htdocs\tcunnur\system\View\View.php(210): include('C:\\xampp\\htdocs...')
#10 C:\xampp\htdocs\tcunnur\system\View\View.php(213): CodeIgniter\View\View->CodeIgniter\View\{closure}()
#11 C:\xampp\htdocs\tcunnur\system\Common.php(1089): CodeIgniter\View\View->render('layout/admin/v_...', Array, true)
#12 C:\xampp\htdocs\tcunnur\app\Controllers\Users.php(35): view('layout/admin/v_...', Array)
#13 C:\xampp\htdocs\tcunnur\system\CodeIgniter.php(825): App\Controllers\Users->detail()
#14 C:\xampp\htdocs\tcunnur\system\CodeIgniter.php(412): CodeIgniter\CodeIgniter->runController(Object(App\Controllers\Users))
#15 C:\xampp\htdocs\tcunnur\system\CodeIgniter.php(320): CodeIgniter\CodeIgniter->handleRequest(NULL, Object(Config\Cache), false)
#16 C:\xampp\htdocs\tcunnur\public\index.php(37): CodeIgniter\CodeIgniter->run()
#17 C:\xampp\htdocs\tcunnur\system\Commands\Server\rewrite.php(43): require_once('C:\\xampp\\htdocs...')
#18 {main}
CRITICAL - 2022-06-17 02:47:15 --> Undefined property: CodeIgniter\View\View::$ModelUsers
#0 C:\xampp\htdocs\tcunnur\app\Views\main\admin\users_detail.php(2): CodeIgniter\Debug\Exceptions->errorHandler(8, 'Undefined prope...', 'C:\\xampp\\htdocs...', 2, Array)
#1 C:\xampp\htdocs\tcunnur\system\View\View.php(210): include('C:\\xampp\\htdocs...')
#2 C:\xampp\htdocs\tcunnur\system\View\View.php(213): CodeIgniter\View\View->CodeIgniter\View\{closure}()
#3 C:\xampp\htdocs\tcunnur\system\Common.php(1089): CodeIgniter\View\View->render('main/admin/user...', Array, true)
#4 C:\xampp\htdocs\tcunnur\app\Views\layout\admin\v_content.php(3): view('main/admin/user...')
#5 C:\xampp\htdocs\tcunnur\system\View\View.php(210): include('C:\\xampp\\htdocs...')
#6 C:\xampp\htdocs\tcunnur\system\View\View.php(213): CodeIgniter\View\View->CodeIgniter\View\{closure}()
#7 C:\xampp\htdocs\tcunnur\system\Common.php(1089): CodeIgniter\View\View->render('layout/admin/v_...', Array, true)
#8 C:\xampp\htdocs\tcunnur\app\Views\layout\admin\v_wrapper.php(5): view('layout/admin/v_...')
#9 C:\xampp\htdocs\tcunnur\system\View\View.php(210): include('C:\\xampp\\htdocs...')
#10 C:\xampp\htdocs\tcunnur\system\View\View.php(213): CodeIgniter\View\View->CodeIgniter\View\{closure}()
#11 C:\xampp\htdocs\tcunnur\system\Common.php(1089): CodeIgniter\View\View->render('layout/admin/v_...', Array, true)
#12 C:\xampp\htdocs\tcunnur\app\Controllers\Users.php(35): view('layout/admin/v_...', Array)
#13 C:\xampp\htdocs\tcunnur\system\CodeIgniter.php(825): App\Controllers\Users->detail()
#14 C:\xampp\htdocs\tcunnur\system\CodeIgniter.php(412): CodeIgniter\CodeIgniter->runController(Object(App\Controllers\Users))
#15 C:\xampp\htdocs\tcunnur\system\CodeIgniter.php(320): CodeIgniter\CodeIgniter->handleRequest(NULL, Object(Config\Cache), false)
#16 C:\xampp\htdocs\tcunnur\public\index.php(37): CodeIgniter\CodeIgniter->run()
#17 C:\xampp\htdocs\tcunnur\system\Commands\Server\rewrite.php(43): require_once('C:\\xampp\\htdocs...')
#18 {main}
CRITICAL - 2022-06-17 03:09:23 --> Undefined variable: dt
#0 C:\xampp\htdocs\tcunnur\app\Views\main\admin\users_detail.php(41): CodeIgniter\Debug\Exceptions->errorHandler(8, 'Undefined varia...', 'C:\\xampp\\htdocs...', 41, Array)
#1 C:\xampp\htdocs\tcunnur\system\View\View.php(210): include('C:\\xampp\\htdocs...')
#2 C:\xampp\htdocs\tcunnur\system\View\View.php(213): CodeIgniter\View\View->CodeIgniter\View\{closure}()
#3 C:\xampp\htdocs\tcunnur\system\Common.php(1089): CodeIgniter\View\View->render('main/admin/user...', Array, true)
#4 C:\xampp\htdocs\tcunnur\app\Views\layout\admin\v_content.php(3): view('main/admin/user...')
#5 C:\xampp\htdocs\tcunnur\system\View\View.php(210): include('C:\\xampp\\htdocs...')
#6 C:\xampp\htdocs\tcunnur\system\View\View.php(213): CodeIgniter\View\View->CodeIgniter\View\{closure}()
#7 C:\xampp\htdocs\tcunnur\system\Common.php(1089): CodeIgniter\View\View->render('layout/admin/v_...', Array, true)
#8 C:\xampp\htdocs\tcunnur\app\Views\layout\admin\v_wrapper.php(5): view('layout/admin/v_...')
#9 C:\xampp\htdocs\tcunnur\system\View\View.php(210): include('C:\\xampp\\htdocs...')
#10 C:\xampp\htdocs\tcunnur\system\View\View.php(213): CodeIgniter\View\View->CodeIgniter\View\{closure}()
#11 C:\xampp\htdocs\tcunnur\system\Common.php(1089): CodeIgniter\View\View->render('layout/admin/v_...', Array, true)
#12 C:\xampp\htdocs\tcunnur\app\Controllers\Users.php(37): view('layout/admin/v_...', Array)
#13 C:\xampp\htdocs\tcunnur\system\CodeIgniter.php(825): App\Controllers\Users->detail('&id_user=2')
#14 C:\xampp\htdocs\tcunnur\system\CodeIgniter.php(412): CodeIgniter\CodeIgniter->runController(Object(App\Controllers\Users))
#15 C:\xampp\htdocs\tcunnur\system\CodeIgniter.php(320): CodeIgniter\CodeIgniter->handleRequest(NULL, Object(Config\Cache), false)
#16 C:\xampp\htdocs\tcunnur\public\index.php(37): CodeIgniter\CodeIgniter->run()
#17 C:\xampp\htdocs\tcunnur\system\Commands\Server\rewrite.php(43): require_once('C:\\xampp\\htdocs...')
#18 {main}
CRITICAL - 2022-06-17 03:09:43 --> Undefined property: CodeIgniter\View\View::$ModelUsers
#0 C:\xampp\htdocs\tcunnur\app\Views\main\admin\users_detail.php(2): CodeIgniter\Debug\Exceptions->errorHandler(8, 'Undefined prope...', 'C:\\xampp\\htdocs...', 2, Array)
#1 C:\xampp\htdocs\tcunnur\system\View\View.php(210): include('C:\\xampp\\htdocs...')
#2 C:\xampp\htdocs\tcunnur\system\View\View.php(213): CodeIgniter\View\View->CodeIgniter\View\{closure}()
#3 C:\xampp\htdocs\tcunnur\system\Common.php(1089): CodeIgniter\View\View->render('main/admin/user...', Array, true)
#4 C:\xampp\htdocs\tcunnur\app\Views\layout\admin\v_content.php(3): view('main/admin/user...')
#5 C:\xampp\htdocs\tcunnur\system\View\View.php(210): include('C:\\xampp\\htdocs...')
#6 C:\xampp\htdocs\tcunnur\system\View\View.php(213): CodeIgniter\View\View->CodeIgniter\View\{closure}()
#7 C:\xampp\htdocs\tcunnur\system\Common.php(1089): CodeIgniter\View\View->render('layout/admin/v_...', Array, true)
#8 C:\xampp\htdocs\tcunnur\app\Views\layout\admin\v_wrapper.php(5): view('layout/admin/v_...')
#9 C:\xampp\htdocs\tcunnur\system\View\View.php(210): include('C:\\xampp\\htdocs...')
#10 C:\xampp\htdocs\tcunnur\system\View\View.php(213): CodeIgniter\View\View->CodeIgniter\View\{closure}()
#11 C:\xampp\htdocs\tcunnur\system\Common.php(1089): CodeIgniter\View\View->render('layout/admin/v_...', Array, true)
#12 C:\xampp\htdocs\tcunnur\app\Controllers\Users.php(37): view('layout/admin/v_...', Array)
#13 C:\xampp\htdocs\tcunnur\system\CodeIgniter.php(825): App\Controllers\Users->detail('&id_user=2')
#14 C:\xampp\htdocs\tcunnur\system\CodeIgniter.php(412): CodeIgniter\CodeIgniter->runController(Object(App\Controllers\Users))
#15 C:\xampp\htdocs\tcunnur\system\CodeIgniter.php(320): CodeIgniter\CodeIgniter->handleRequest(NULL, Object(Config\Cache), false)
#16 C:\xampp\htdocs\tcunnur\public\index.php(37): CodeIgniter\CodeIgniter->run()
#17 C:\xampp\htdocs\tcunnur\system\Commands\Server\rewrite.php(43): require_once('C:\\xampp\\htdocs...')
#18 {main}
CRITICAL - 2022-06-17 03:10:41 --> Undefined property: CodeIgniter\View\View::$ModelUsers
#0 C:\xampp\htdocs\tcunnur\app\Views\main\admin\users_detail.php(2): CodeIgniter\Debug\Exceptions->errorHandler(8, 'Undefined prope...', 'C:\\xampp\\htdocs...', 2, Array)
#1 C:\xampp\htdocs\tcunnur\system\View\View.php(210): include('C:\\xampp\\htdocs...')
#2 C:\xampp\htdocs\tcunnur\system\View\View.php(213): CodeIgniter\View\View->CodeIgniter\View\{closure}()
#3 C:\xampp\htdocs\tcunnur\system\Common.php(1089): CodeIgniter\View\View->render('main/admin/user...', Array, true)
#4 C:\xampp\htdocs\tcunnur\app\Views\layout\admin\v_content.php(3): view('main/admin/user...')
#5 C:\xampp\htdocs\tcunnur\system\View\View.php(210): include('C:\\xampp\\htdocs...')
#6 C:\xampp\htdocs\tcunnur\system\View\View.php(213): CodeIgniter\View\View->CodeIgniter\View\{closure}()
#7 C:\xampp\htdocs\tcunnur\system\Common.php(1089): CodeIgniter\View\View->render('layout/admin/v_...', Array, true)
#8 C:\xampp\htdocs\tcunnur\app\Views\layout\admin\v_wrapper.php(5): view('layout/admin/v_...')
#9 C:\xampp\htdocs\tcunnur\system\View\View.php(210): include('C:\\xampp\\htdocs...')
#10 C:\xampp\htdocs\tcunnur\system\View\View.php(213): CodeIgniter\View\View->CodeIgniter\View\{closure}()
#11 C:\xampp\htdocs\tcunnur\system\Common.php(1089): CodeIgniter\View\View->render('layout/admin/v_...', Array, true)
#12 C:\xampp\htdocs\tcunnur\app\Controllers\Users.php(37): view('layout/admin/v_...', Array)
#13 C:\xampp\htdocs\tcunnur\system\CodeIgniter.php(825): App\Controllers\Users->detail('&id_user=2')
#14 C:\xampp\htdocs\tcunnur\system\CodeIgniter.php(412): CodeIgniter\CodeIgniter->runController(Object(App\Controllers\Users))
#15 C:\xampp\htdocs\tcunnur\system\CodeIgniter.php(320): CodeIgniter\CodeIgniter->handleRequest(NULL, Object(Config\Cache), false)
#16 C:\xampp\htdocs\tcunnur\public\index.php(37): CodeIgniter\CodeIgniter->run()
#17 C:\xampp\htdocs\tcunnur\system\Commands\Server\rewrite.php(43): require_once('C:\\xampp\\htdocs...')
#18 {main}
CRITICAL - 2022-06-17 08:10:22 --> Undefined property: App\Controllers\Users::$uri
#0 C:\xampp\htdocs\tcunnur\app\Controllers\Users.php(32): CodeIgniter\Debug\Exceptions->errorHandler(8, 'Undefined prope...', 'C:\\xampp\\htdocs...', 32, Array)
#1 C:\xampp\htdocs\tcunnur\system\CodeIgniter.php(825): App\Controllers\Users->detail('&id_user=2')
#2 C:\xampp\htdocs\tcunnur\system\CodeIgniter.php(412): CodeIgniter\CodeIgniter->runController(Object(App\Controllers\Users))
#3 C:\xampp\htdocs\tcunnur\system\CodeIgniter.php(320): CodeIgniter\CodeIgniter->handleRequest(NULL, Object(Config\Cache), false)
#4 C:\xampp\htdocs\tcunnur\public\index.php(37): CodeIgniter\CodeIgniter->run()
#5 C:\xampp\htdocs\tcunnur\system\Commands\Server\rewrite.php(43): require_once('C:\\xampp\\htdocs...')
#6 {main}
