CRITICAL - 2022-06-15 08:23:05 --> The framework needs the following extension(s) installed and loaded: intl.
#0 C:\xampp\htdocs\tracerunnur\system\CodeIgniter.php(219): CodeIgniter\Exceptions\FrameworkException::forMissingExtension('intl')
#1 C:\xampp\htdocs\tracerunnur\system\CodeIgniter.php(177): CodeIgniter\CodeIgniter->resolvePlatformExtensions()
#2 C:\xampp\htdocs\tracerunnur\system\bootstrap.php(146): CodeIgniter\CodeIgniter->initialize()
#3 C:\xampp\htdocs\tracerunnur\spark(45): require('C:\\xampp\\htdocs...')
#4 {main}
ERROR - 2022-06-15 03:07:53 --> Unknown column 'status' in 'field list'
CRITICAL - 2022-06-15 03:07:53 --> Unknown column 'status' in 'field list'
#0 C:\xampp\htdocs\tracerunnur\system\Database\MySQLi\Connection.php(292): mysqli->query('INSERT INTO `us...', 0)
#1 C:\xampp\htdocs\tracerunnur\system\Database\BaseConnection.php(670): CodeIgniter\Database\MySQLi\Connection->execute('INSERT INTO `us...')
#2 C:\xampp\htdocs\tracerunnur\system\Database\BaseConnection.php(598): CodeIgniter\Database\BaseConnection->simpleQuery('INSERT INTO `us...')
#3 C:\xampp\htdocs\tracerunnur\system\Database\BaseBuilder.php(1771): CodeIgniter\Database\BaseConnection->query('INSERT INTO `us...', Array, false)
#4 C:\xampp\htdocs\tracerunnur\app\Models\ModelLogin.php(12): CodeIgniter\Database\BaseBuilder->insert(Array)
#5 C:\xampp\htdocs\tracerunnur\app\Controllers\Login.php(78): App\Models\ModelLogin->save_register(Array)
#6 C:\xampp\htdocs\tracerunnur\system\CodeIgniter.php(825): App\Controllers\Login->save_register()
#7 C:\xampp\htdocs\tracerunnur\system\CodeIgniter.php(412): CodeIgniter\CodeIgniter->runController(Object(App\Controllers\Login))
#8 C:\xampp\htdocs\tracerunnur\system\CodeIgniter.php(320): CodeIgniter\CodeIgniter->handleRequest(NULL, Object(Config\Cache), false)
#9 C:\xampp\htdocs\tracerunnur\public\index.php(37): CodeIgniter\CodeIgniter->run()
#10 C:\xampp\htdocs\tracerunnur\system\Commands\Server\rewrite.php(43): require_once('C:\\xampp\\htdocs...')
#11 {main}
ERROR - 2022-06-15 03:08:43 --> Unknown column 'status' in 'field list'
CRITICAL - 2022-06-15 03:08:43 --> Unknown column 'status' in 'field list'
#0 C:\xampp\htdocs\tracerunnur\system\Database\MySQLi\Connection.php(292): mysqli->query('INSERT INTO `us...', 0)
#1 C:\xampp\htdocs\tracerunnur\system\Database\BaseConnection.php(670): CodeIgniter\Database\MySQLi\Connection->execute('INSERT INTO `us...')
#2 C:\xampp\htdocs\tracerunnur\system\Database\BaseConnection.php(598): CodeIgniter\Database\BaseConnection->simpleQuery('INSERT INTO `us...')
#3 C:\xampp\htdocs\tracerunnur\system\Database\BaseBuilder.php(1771): CodeIgniter\Database\BaseConnection->query('INSERT INTO `us...', Array, false)
#4 C:\xampp\htdocs\tracerunnur\app\Models\ModelLogin.php(12): CodeIgniter\Database\BaseBuilder->insert(Array)
#5 C:\xampp\htdocs\tracerunnur\app\Controllers\Login.php(78): App\Models\ModelLogin->save_register(Array)
#6 C:\xampp\htdocs\tracerunnur\system\CodeIgniter.php(825): App\Controllers\Login->save_register()
#7 C:\xampp\htdocs\tracerunnur\system\CodeIgniter.php(412): CodeIgniter\CodeIgniter->runController(Object(App\Controllers\Login))
#8 C:\xampp\htdocs\tracerunnur\system\CodeIgniter.php(320): CodeIgniter\CodeIgniter->handleRequest(NULL, Object(Config\Cache), false)
#9 C:\xampp\htdocs\tracerunnur\public\index.php(37): CodeIgniter\CodeIgniter->run()
#10 C:\xampp\htdocs\tracerunnur\system\Commands\Server\rewrite.php(43): require_once('C:\\xampp\\htdocs...')
#11 {main}
