CRITICAL - 2022-04-22 10:58:47 --> Call to undefined function form_open()
#0 C:\xampp\htdocs\tracerunnur\system\View\View.php(210): include()
#1 C:\xampp\htdocs\tracerunnur\system\View\View.php(213): CodeIgniter\View\View->CodeIgniter\View\{closure}()
#2 C:\xampp\htdocs\tracerunnur\system\Common.php(1089): CodeIgniter\View\View->render('login/index', Array, true)
#3 C:\xampp\htdocs\tracerunnur\app\Controllers\Login.php(11): view('login/index')
#4 C:\xampp\htdocs\tracerunnur\system\CodeIgniter.php(825): App\Controllers\Login->index()
#5 C:\xampp\htdocs\tracerunnur\system\CodeIgniter.php(412): CodeIgniter\CodeIgniter->runController(Object(App\Controllers\Login))
#6 C:\xampp\htdocs\tracerunnur\system\CodeIgniter.php(320): CodeIgniter\CodeIgniter->handleRequest(NULL, Object(Config\Cache), false)
#7 C:\xampp\htdocs\tracerunnur\public\index.php(37): CodeIgniter\CodeIgniter->run()
#8 C:\xampp\htdocs\tracerunnur\system\Commands\Server\rewrite.php(43): require_once('C:\\xampp\\htdocs...')
#9 {main}
CRITICAL - 2022-04-22 10:58:56 --> Call to undefined function form_open()
#0 C:\xampp\htdocs\tracerunnur\system\View\View.php(210): include()
#1 C:\xampp\htdocs\tracerunnur\system\View\View.php(213): CodeIgniter\View\View->CodeIgniter\View\{closure}()
#2 C:\xampp\htdocs\tracerunnur\system\Common.php(1089): CodeIgniter\View\View->render('login/index', Array, true)
#3 C:\xampp\htdocs\tracerunnur\app\Controllers\Login.php(11): view('login/index')
#4 C:\xampp\htdocs\tracerunnur\system\CodeIgniter.php(825): App\Controllers\Login->index()
#5 C:\xampp\htdocs\tracerunnur\system\CodeIgniter.php(412): CodeIgniter\CodeIgniter->runController(Object(App\Controllers\Login))
#6 C:\xampp\htdocs\tracerunnur\system\CodeIgniter.php(320): CodeIgniter\CodeIgniter->handleRequest(NULL, Object(Config\Cache), false)
#7 C:\xampp\htdocs\tracerunnur\public\index.php(37): CodeIgniter\CodeIgniter->run()
#8 C:\xampp\htdocs\tracerunnur\system\Commands\Server\rewrite.php(43): require_once('C:\\xampp\\htdocs...')
#9 {main}
CRITICAL - 2022-04-22 10:59:33 --> Call to undefined function form_open()
#0 C:\xampp\htdocs\tracerunnur\system\View\View.php(210): include()
#1 C:\xampp\htdocs\tracerunnur\system\View\View.php(213): CodeIgniter\View\View->CodeIgniter\View\{closure}()
#2 C:\xampp\htdocs\tracerunnur\system\Common.php(1089): CodeIgniter\View\View->render('login/index', Array, true)
#3 C:\xampp\htdocs\tracerunnur\app\Controllers\Login.php(11): view('login/index')
#4 C:\xampp\htdocs\tracerunnur\system\CodeIgniter.php(825): App\Controllers\Login->index()
#5 C:\xampp\htdocs\tracerunnur\system\CodeIgniter.php(412): CodeIgniter\CodeIgniter->runController(Object(App\Controllers\Login))
#6 C:\xampp\htdocs\tracerunnur\system\CodeIgniter.php(320): CodeIgniter\CodeIgniter->handleRequest(NULL, Object(Config\Cache), false)
#7 C:\xampp\htdocs\tracerunnur\public\index.php(37): CodeIgniter\CodeIgniter->run()
#8 C:\xampp\htdocs\tracerunnur\system\Commands\Server\rewrite.php(43): require_once('C:\\xampp\\htdocs...')
#9 {main}
CRITICAL - 2022-04-22 11:06:57 --> Call to undefined function form_open()
#0 C:\xampp\htdocs\tracerunnur\system\View\View.php(210): include()
#1 C:\xampp\htdocs\tracerunnur\system\View\View.php(213): CodeIgniter\View\View->CodeIgniter\View\{closure}()
#2 C:\xampp\htdocs\tracerunnur\system\Common.php(1089): CodeIgniter\View\View->render('login/index', Array, true)
#3 C:\xampp\htdocs\tracerunnur\app\Controllers\Login.php(11): view('login/index')
#4 C:\xampp\htdocs\tracerunnur\system\CodeIgniter.php(825): App\Controllers\Login->index()
#5 C:\xampp\htdocs\tracerunnur\system\CodeIgniter.php(412): CodeIgniter\CodeIgniter->runController(Object(App\Controllers\Login))
#6 C:\xampp\htdocs\tracerunnur\system\CodeIgniter.php(320): CodeIgniter\CodeIgniter->handleRequest(NULL, Object(Config\Cache), false)
#7 C:\xampp\htdocs\tracerunnur\public\index.php(37): CodeIgniter\CodeIgniter->run()
#8 C:\xampp\htdocs\tracerunnur\system\Commands\Server\rewrite.php(43): require_once('C:\\xampp\\htdocs...')
#9 {main}
CRITICAL - 2022-04-22 11:12:54 --> Call to undefined function form_open()
#0 C:\xampp\htdocs\tracerunnur\system\View\View.php(210): include()
#1 C:\xampp\htdocs\tracerunnur\system\View\View.php(213): CodeIgniter\View\View->CodeIgniter\View\{closure}()
#2 C:\xampp\htdocs\tracerunnur\system\Common.php(1089): CodeIgniter\View\View->render('login/index', Array, true)
#3 C:\xampp\htdocs\tracerunnur\app\Controllers\Login.php(11): view('login/index')
#4 C:\xampp\htdocs\tracerunnur\system\CodeIgniter.php(825): App\Controllers\Login->index()
#5 C:\xampp\htdocs\tracerunnur\system\CodeIgniter.php(412): CodeIgniter\CodeIgniter->runController(Object(App\Controllers\Login))
#6 C:\xampp\htdocs\tracerunnur\system\CodeIgniter.php(320): CodeIgniter\CodeIgniter->handleRequest(NULL, Object(Config\Cache), false)
#7 C:\xampp\htdocs\tracerunnur\public\index.php(37): CodeIgniter\CodeIgniter->run()
#8 C:\xampp\htdocs\tracerunnur\system\Commands\Server\rewrite.php(43): require_once('C:\\xampp\\htdocs...')
#9 {main}
CRITICAL - 2022-04-22 11:13:56 --> Call to undefined function form_open_multipart()
#0 C:\xampp\htdocs\tracerunnur\system\View\View.php(210): include()
#1 C:\xampp\htdocs\tracerunnur\system\View\View.php(213): CodeIgniter\View\View->CodeIgniter\View\{closure}()
#2 C:\xampp\htdocs\tracerunnur\system\Common.php(1089): CodeIgniter\View\View->render('login/index', Array, true)
#3 C:\xampp\htdocs\tracerunnur\app\Controllers\Login.php(11): view('login/index')
#4 C:\xampp\htdocs\tracerunnur\system\CodeIgniter.php(825): App\Controllers\Login->index()
#5 C:\xampp\htdocs\tracerunnur\system\CodeIgniter.php(412): CodeIgniter\CodeIgniter->runController(Object(App\Controllers\Login))
#6 C:\xampp\htdocs\tracerunnur\system\CodeIgniter.php(320): CodeIgniter\CodeIgniter->handleRequest(NULL, Object(Config\Cache), false)
#7 C:\xampp\htdocs\tracerunnur\public\index.php(37): CodeIgniter\CodeIgniter->run()
#8 C:\xampp\htdocs\tracerunnur\system\Commands\Server\rewrite.php(43): require_once('C:\\xampp\\htdocs...')
#9 {main}
CRITICAL - 2022-04-22 11:13:57 --> Call to undefined function form_open_multipart()
#0 C:\xampp\htdocs\tracerunnur\system\View\View.php(210): include()
#1 C:\xampp\htdocs\tracerunnur\system\View\View.php(213): CodeIgniter\View\View->CodeIgniter\View\{closure}()
#2 C:\xampp\htdocs\tracerunnur\system\Common.php(1089): CodeIgniter\View\View->render('login/index', Array, true)
#3 C:\xampp\htdocs\tracerunnur\app\Controllers\Login.php(11): view('login/index')
#4 C:\xampp\htdocs\tracerunnur\system\CodeIgniter.php(825): App\Controllers\Login->index()
#5 C:\xampp\htdocs\tracerunnur\system\CodeIgniter.php(412): CodeIgniter\CodeIgniter->runController(Object(App\Controllers\Login))
#6 C:\xampp\htdocs\tracerunnur\system\CodeIgniter.php(320): CodeIgniter\CodeIgniter->handleRequest(NULL, Object(Config\Cache), false)
#7 C:\xampp\htdocs\tracerunnur\public\index.php(37): CodeIgniter\CodeIgniter->run()
#8 C:\xampp\htdocs\tracerunnur\system\Commands\Server\rewrite.php(43): require_once('C:\\xampp\\htdocs...')
#9 {main}
CRITICAL - 2022-04-22 11:14:03 --> Call to undefined function form_open()
#0 C:\xampp\htdocs\tracerunnur\system\View\View.php(210): include()
#1 C:\xampp\htdocs\tracerunnur\system\View\View.php(213): CodeIgniter\View\View->CodeIgniter\View\{closure}()
#2 C:\xampp\htdocs\tracerunnur\system\Common.php(1089): CodeIgniter\View\View->render('login/index', Array, true)
#3 C:\xampp\htdocs\tracerunnur\app\Controllers\Login.php(11): view('login/index')
#4 C:\xampp\htdocs\tracerunnur\system\CodeIgniter.php(825): App\Controllers\Login->index()
#5 C:\xampp\htdocs\tracerunnur\system\CodeIgniter.php(412): CodeIgniter\CodeIgniter->runController(Object(App\Controllers\Login))
#6 C:\xampp\htdocs\tracerunnur\system\CodeIgniter.php(320): CodeIgniter\CodeIgniter->handleRequest(NULL, Object(Config\Cache), false)
#7 C:\xampp\htdocs\tracerunnur\public\index.php(37): CodeIgniter\CodeIgniter->run()
#8 C:\xampp\htdocs\tracerunnur\system\Commands\Server\rewrite.php(43): require_once('C:\\xampp\\htdocs...')
#9 {main}
