CRITICAL - 2022-04-24 09:49:57 --> password_hash(): Argument #2 ($algo) must be a valid password hashing algorithm
#0 C:\xampp\htdocs\tracerunnur\app\Controllers\Login.php(61): password_hash('admin', 'deis')
#1 C:\xampp\htdocs\tracerunnur\system\CodeIgniter.php(825): App\Controllers\Login->cekUser()
#2 C:\xampp\htdocs\tracerunnur\system\CodeIgniter.php(412): CodeIgniter\CodeIgniter->runController(Object(App\Controllers\Login))
#3 C:\xampp\htdocs\tracerunnur\system\CodeIgniter.php(320): CodeIgniter\CodeIgniter->handleRequest(NULL, Object(Config\Cache), false)
#4 C:\xampp\htdocs\tracerunnur\public\index.php(37): CodeIgniter\CodeIgniter->run()
#5 C:\xampp\htdocs\tracerunnur\system\Commands\Server\rewrite.php(43): require_once('C:\\xampp\\htdocs...')
#6 {main}
CRITICAL - 2022-04-24 09:50:23 --> password_hash(): Argument #2 ($algo) must be a valid password hashing algorithm
#0 C:\xampp\htdocs\tracerunnur\app\Controllers\Login.php(61): password_hash('deis', 'deis')
#1 C:\xampp\htdocs\tracerunnur\system\CodeIgniter.php(825): App\Controllers\Login->cekUser()
#2 C:\xampp\htdocs\tracerunnur\system\CodeIgniter.php(412): CodeIgniter\CodeIgniter->runController(Object(App\Controllers\Login))
#3 C:\xampp\htdocs\tracerunnur\system\CodeIgniter.php(320): CodeIgniter\CodeIgniter->handleRequest(NULL, Object(Config\Cache), false)
#4 C:\xampp\htdocs\tracerunnur\public\index.php(37): CodeIgniter\CodeIgniter->run()
#5 C:\xampp\htdocs\tracerunnur\system\Commands\Server\rewrite.php(43): require_once('C:\\xampp\\htdocs...')
#6 {main}
CRITICAL - 2022-04-24 09:51:30 --> password_algos() expects exactly 0 arguments, 2 given
#0 C:\xampp\htdocs\tracerunnur\app\Controllers\Login.php(61): password_algos('user', '$2y$10$leTIxfvs...')
#1 C:\xampp\htdocs\tracerunnur\system\CodeIgniter.php(825): App\Controllers\Login->cekUser()
#2 C:\xampp\htdocs\tracerunnur\system\CodeIgniter.php(412): CodeIgniter\CodeIgniter->runController(Object(App\Controllers\Login))
#3 C:\xampp\htdocs\tracerunnur\system\CodeIgniter.php(320): CodeIgniter\CodeIgniter->handleRequest(NULL, Object(Config\Cache), false)
#4 C:\xampp\htdocs\tracerunnur\public\index.php(37): CodeIgniter\CodeIgniter->run()
#5 C:\xampp\htdocs\tracerunnur\system\Commands\Server\rewrite.php(43): require_once('C:\\xampp\\htdocs...')
#6 {main}
